[2016.02.16-21.16.00:424][  0]Log file open, 02/16/16 16:16:00
[2016.02.16-21.16.00:424][  0]LogInit:Display: Running engine for game: Cardinal_Kings
[2016.02.16-21.16.00:424][  0]LogInit:Display: RandInit(1012559099) SRandInit(1012559101).
[2016.02.16-21.16.00:424][  0]LogTaskGraph: Started task graph with 4 named threads and 7 total threads.
[2016.02.16-21.16.00:424][  0]LogStats: Stats thread started at 0.203994
[2016.02.16-21.16.00:424][  0]LogInit: Version: 4.9.2-2707645+++depot+UE4-Releases+4.9
[2016.02.16-21.16.00:424][  0]LogInit: API Version: 2672455
[2016.02.16-21.16.00:424][  0]LogInit: Compiled (64-bit): Sep 28 2015 10:25:44
[2016.02.16-21.16.00:424][  0]LogInit: Compiled with Visual C++: 18.00.21005.01
[2016.02.16-21.16.00:424][  0]LogInit: Build Configuration: Development
[2016.02.16-21.16.00:425][  0]LogInit: Branch Name: ++depot+UE4-Releases+4.9
[2016.02.16-21.16.00:425][  0]LogInit: Command line: 
[2016.02.16-21.16.00:425][  0]LogInit: Base directory: C:/Program Files (x86)/Epic Games/4.9/Engine/Binaries/Win64/
[2016.02.16-21.16.00:425][  0]LogInit: Rocket: 1
[2016.02.16-21.16.00:482][  0]LogInit: Using libcurl 7.41.0
[2016.02.16-21.16.00:482][  0]LogInit:  - built for x86_64-pc-win32
[2016.02.16-21.16.00:482][  0]LogInit:  - supports SSL with WinSSL
[2016.02.16-21.16.00:482][  0]LogInit:  - other features:
[2016.02.16-21.16.00:482][  0]LogInit:      CURL_VERSION_SSL
[2016.02.16-21.16.00:482][  0]LogInit:      CURL_VERSION_IPV6
[2016.02.16-21.16.00:482][  0]LogInit:      CURL_VERSION_ASYNCHDNS
[2016.02.16-21.16.00:482][  0]LogInit:      CURL_VERSION_LARGEFILE
[2016.02.16-21.16.00:482][  0]LogInit:      CURL_VERSION_IDN
[2016.02.16-21.16.00:482][  0]LogInit:  CurlRequestOptions (configurable via config and command line):
[2016.02.16-21.16.00:482][  0]LogInit:  - bVerifyPeer = true  - Libcurl will verify peer certificate
[2016.02.16-21.16.00:482][  0]LogInit:  - bUseHttpProxy = false  - Libcurl will NOT use HTTP proxy
[2016.02.16-21.16.00:482][  0]LogInit:  - bDontReuseConnections = false  - Libcurl will reuse connections
[2016.02.16-21.16.00:482][  0]LogInit:  - CertBundlePath = nullptr  - Libcurl will use whatever was configured at build time.
[2016.02.16-21.16.00:524][  0]LogInit: Presizing for 0 objects not considered by GC, pre-allocating 0 bytes.
[2016.02.16-21.16.00:557][  0]LogInit: Object subsystem initialized
[2016.02.16-21.16.00:563][  0]LogInit: Selected Device Profile: [Windows]
[2016.02.16-21.16.00:563][  0]LogInit: Applying CVar settings loaded from the selected device profile: [Windows]
[2016.02.16-21.16.00:694][  0]LogInit: Computer: ENVY-DA-NKP
[2016.02.16-21.16.00:694][  0]LogInit: User: dank
[2016.02.16-21.16.00:694][  0]LogInit: CPU Page size=4096, Cores=4
[2016.02.16-21.16.00:694][  0]LogInit: High frequency timer resolution =2.143475 MHz
[2016.02.16-21.16.00:694][  0]LogMemory: Memory total: Physical=11.9GB (12GB approx)
[2016.02.16-21.16.00:694][  0]LogMemory: Platform Memory Stats for Windows
[2016.02.16-21.16.00:694][  0]LogMemory: Process Physical Memory: 54.11 MB used, 54.11 MB peak
[2016.02.16-21.16.00:694][  0]LogMemory: Process Virtual Memory: 55.40 MB used, 55.40 MB peak
[2016.02.16-21.16.00:695][  0]LogMemory: Physical Memory: 4963.66 MB used, 12220.02 MB total
[2016.02.16-21.16.00:695][  0]LogMemory: Virtual Memory: 365.57 MB used, 134217728.00 MB total
[2016.02.16-21.16.00:818][  0]LogTextLocalizationManager: No specific translations for ('en-US') exist, so ('en') translations will be used.
[2016.02.16-21.16.04:146][  0]LogD3D11RHI: Found D3D11 adapter 0: NVIDIA GeForce GT 750M   (Feature Level 11_0)
[2016.02.16-21.16.04:146][  0]LogD3D11RHI: Adapter has 4028MB of dedicated video memory, 0MB of dedicated system memory, and 6110MB of shared system memory, 1 output[s]
[2016.02.16-21.16.04:169][  0]LogD3D11RHI: Found D3D11 adapter 1: Intel(R) HD Graphics 4600 (Feature Level 11_0)
[2016.02.16-21.16.04:169][  0]LogD3D11RHI: Adapter has 112MB of dedicated video memory, 0MB of dedicated system memory, and 6110MB of shared system memory, 0 output[s]
[2016.02.16-21.16.04:174][  0]LogD3D11RHI: Found D3D11 adapter 2: Microsoft Basic Render Driver (Feature Level 11_0)
[2016.02.16-21.16.04:174][  0]LogD3D11RHI: Adapter has 0MB of dedicated video memory, 0MB of dedicated system memory, and 6110MB of shared system memory, 0 output[s]
[2016.02.16-21.16.04:174][  0]LogD3D11RHI: Chosen D3D11 Adapter Id = 0
[2016.02.16-21.16.04:192][  0]LogD3D11RHI: !Direct3DDevice
[2016.02.16-21.16.04:192][  0]LogRHI: Texture pool is 1361 MB (70% of 1945 MB)
[2016.02.16-21.16.04:240][  0]LogD3D11RHI: Async texture creation enabled
[2016.02.16-21.16.04:271][  0]LogShaderCompilers: Guid format shader working directory is 14 characters bigger than the processId version (../../../../../../Users/da_nk/Documents/GitHub/CGT445CardinalKings/Cardinal_Kings1/Intermediate/Shaders/WorkingDirectory/10392/).
[2016.02.16-21.16.04:272][  0]LogShaderCompilers: Cleaned the shader compiler working directory '../../../../../../Users/da_nk/Documents/GitHub/CGT445CardinalKings/Cardinal_Kings1/Intermediate/Shaders/tmp/70B4223C4258FD378981FF9165E1605C/'.
[2016.02.16-21.16.04:272][  0]LogShaderCompilers:Display: Using Local Shader Compiler.
[2016.02.16-21.16.08:640][  0]LogTemp:Display: Loaded TP AllDesktopTargetPlatform
[2016.02.16-21.16.08:662][  0]LogTemp:Display: Loaded TP WindowsClientTargetPlatform
[2016.02.16-21.16.08:685][  0]LogTemp:Display: Loaded TP WindowsNoEditorTargetPlatform
[2016.02.16-21.16.08:708][  0]LogTemp:Display: Loaded TP WindowsServerTargetPlatform
[2016.02.16-21.16.08:729][  0]LogTemp:Display: Loaded TP WindowsTargetPlatform
[2016.02.16-21.16.08:743][  0]LogTemp:Display: Loaded TP AndroidTargetPlatform
[2016.02.16-21.16.08:757][  0]LogTemp:Display: Loaded TP Android_ASTCTargetPlatform
[2016.02.16-21.16.08:771][  0]LogTemp:Display: Loaded TP Android_ATCTargetPlatform
[2016.02.16-21.16.08:784][  0]LogTemp:Display: Loaded TP Android_DXTTargetPlatform
[2016.02.16-21.16.08:797][  0]LogTemp:Display: Loaded TP Android_ETC1TargetPlatform
[2016.02.16-21.16.08:811][  0]LogTemp:Display: Loaded TP Android_ETC2TargetPlatform
[2016.02.16-21.16.08:825][  0]LogTemp:Display: Loaded TP Android_PVRTCTargetPlatform
[2016.02.16-21.16.08:827][  0]LogTemp:Display: Loaded TP HTML5TargetPlatform
[2016.02.16-21.16.08:866][  0]LogTemp:Display: Loaded TP IOSTargetPlatform
[2016.02.16-21.16.08:881][  0]LogTemp:Display: Loaded TP LinuxNoEditorTargetPlatform
[2016.02.16-21.16.08:896][  0]LogTemp:Display: Loaded TP LinuxServerTargetPlatform
[2016.02.16-21.16.08:917][  0]LogTemp:Display: Loaded TP LinuxTargetPlatform
[2016.02.16-21.16.08:917][  0]LogTargetPlatformManager:Display: Building Assets For Windows
[2016.02.16-21.16.09:266][  0]LogDerivedDataCache:Display: Max Cache Size: 512 MB
[2016.02.16-21.16.09:445][  0]LogDerivedDataCache: Loaded boot cache 0.17s 41MB C:/Users/da_nk/AppData/Local/UnrealEngine/4.9/DerivedDataCache/Boot.ddc.
[2016.02.16-21.16.13:552][  0]LogDerivedDataCache:Display: Loaded Boot cache: C:/Users/da_nk/AppData/Local/UnrealEngine/4.9/DerivedDataCache/Boot.ddc
[2016.02.16-21.16.13:553][  0]LogDerivedDataCache: FDerivedDataBackendGraph:  Pak pak cache file ../../../../../../Users/da_nk/Documents/GitHub/CGT445CardinalKings/Cardinal_Kings1/DerivedDataCache/DDC.ddp not found, will not use a pak cache.
[2016.02.16-21.16.13:553][  0]LogDerivedDataCache: Unable to find inner node Pak for hierarchical cache Hierarchy.
[2016.02.16-21.16.13:553][  0]LogDerivedDataCache: FDerivedDataBackendGraph:  CompressedPak pak cache file ../../../../../../Users/da_nk/Documents/GitHub/CGT445CardinalKings/Cardinal_Kings1/DerivedDataCache/Compressed.ddp not found, will not use a pak cache.
[2016.02.16-21.16.13:553][  0]LogDerivedDataCache: Unable to find inner node CompressedPak for hierarchical cache Hierarchy.
[2016.02.16-21.16.14:210][  0]LogDerivedDataCache:Display: Pak cache opened for reading ../../../Engine/DerivedDataCache/Compressed.ddp.
[2016.02.16-21.16.14:225][  0]LogDerivedDataCache: Using Local data cache path C:/Users/da_nk/AppData/Local/UnrealEngine/Common/DerivedDataCache: Writable
[2016.02.16-21.16.15:005][  0]LogInit: Selected Device Profile: [Windows]
[2016.02.16-21.16.15:016][  0]LogContentStreaming: Texture pool size is 0.000000MB
[2016.02.16-21.16.15:571][  0]LogMeshUtilities: No automatic mesh reduction module available
[2016.02.16-21.16.15:571][  0]LogMeshUtilities: No automatic mesh merging module available
[2016.02.16-21.16.16:616][  0]LogInit: WinSock: version 1.1 (2.2), MaxSocks=32767, MaxUdp=65467
[2016.02.16-21.16.19:557][  0]UdpMessaging: Initializing bridge on interface 0.0.0.0:0 to multicast group 230.0.0.1:6666.
[2016.02.16-21.16.19:751][  0]LogAssetRegistry: FAssetRegistry took 0.0112 seconds to start up
[2016.02.16-21.16.20:457][  0]SourceControl: Info Source control is disabled
[2016.02.16-21.16.20:459][  0]SourceControl: Info Source control is disabled
[2016.02.16-21.16.20:504][  0]SourceControl: Info Source control is disabled
[2016.02.16-21.16.20:557][  0]SourceControl: Info Source control is disabled
[2016.02.16-21.16.21:202][  0]LogLinker:Warning: Asset '../../../Engine/Plugins/Runtime/LeapMotionController/Content/LM_PassthroughMaterial.uasset' has been saved with empty engine version. The asset will be loaded but may be incompatible.
[2016.02.16-21.16.21:556][  0]LogObj: 28361 objects as part of root set at end of initial load.
[2016.02.16-21.16.21:556][  0]LogUObjectAllocator: 6038864 out of 0 bytes used by permanent object pool.
[2016.02.16-21.16.21:751][  0]LogEngine: Initializing Engine...
[2016.02.16-21.16.21:762][  0]LogHMD: Can't find Oculus library dev build: is proper Runtime installed? Version: 0.7.0.0
[2016.02.16-21.16.21:790][  0]LogHMD: SteamVR failed to initialize.  Err: 108
[2016.02.16-21.16.22:346][  0]LogAIModule: Creating AISystem for world NewWorld
[2016.02.16-21.16.22:368][  0]LogInit: XAudio2 using 'Internal Beats (IDT High Definition Audio CODEC)' : 2 channels at 48 kHz using 32 bits per sample (channel mask 0x3)
[2016.02.16-21.16.22:421][  0]LogInit: FAudioDevice initialized.
[2016.02.16-21.16.22:502][  0]LogDerivedDataCache: Saved boot cache 0.08s 41MB C:/Users/da_nk/AppData/Local/UnrealEngine/4.9/DerivedDataCache/Boot.ddc.
[2016.02.16-21.16.22:568][  0]LogInit: Texture streaming: Enabled
[2016.02.16-21.16.22:593][  0]LogAnalytics: Creating configured Analytics provider AnalyticsET
[2016.02.16-21.16.22:593][  0]LogAnalytics: [UEEditor.Rocket.Release] APIServer = http://et2.epicgames.com/ET2/. AppVersion = 4.9.2-2707645+++depot+UE4-Releases+4.9
[2016.02.16-21.16.22:594][  0]LogAnalytics: [UEEditor.Rocket.Release] SetUserId bcb5fc284573fa34de59aeaa59de4c11|1dd88c8be95e4c1b8948bc530a86ccc7|82899c02-ea48-4518-80f7-d3483919a8f2
[2016.02.16-21.16.22:594][  0]LogAnalytics: [UEEditor.Rocket.Release] AnalyticsET::StartSession
[2016.02.16-21.16.22:717][  0]LogInit: Transaction tracking system initialized
[2016.02.16-21.16.22:844][  0]BlueprintLog: New page: Editor Load
[2016.02.16-21.16.23:618][  0]LocalizationService: Info Localization service is disabled
[2016.02.16-21.16.23:995][  0]LogConsoleResponse:Display: 
[2016.02.16-21.16.24:713][  0]LogFileCache: Scanning file cache for directory 'C:/Users/da_nk/Documents/GitHub/CGT445CardinalKings/Cardinal_Kings1/Content/' took 0.04s
[2016.02.16-21.16.24:713][  0]LogCook:Display: Done creating registry. It took  0.00s.
[2016.02.16-21.16.25:003][  0]SourceControl: Info Source control is disabled
[2016.02.16-21.16.25:003][  0]Cmd: MAP LOAD FILE="../../../../../../Users/da_nk/Documents/GitHub/CGT445CardinalKings/Cardinal_Kings1/Content/Cardinal_Kings1.umap" TEMPLATE=0 SHOWPROGRESS=1 FEATURELEVEL=3
[2016.02.16-21.16.25:005][  0]LightingResults: New page: Lighting Build
[2016.02.16-21.16.25:024][  0]MapCheck: New page: Map Check
[2016.02.16-21.16.25:024][  0]LightingResults: New page: Lighting Build
[2016.02.16-21.16.25:081][  0]LogParticles: Destroying 0 GPU particle simulations for FXSystem 0x0000001B51796160
[2016.02.16-21.16.27:191][  0]LogTexture:Display: Building textures: PrototypeTexture (AutoDXT)
[2016.02.16-21.16.27:599][  0]LogMaterial: Missing cached shader map for material LevelPrototype, compiling. 
[2016.02.16-21.16.27:745][  0]LogTexture:Display: Building textures: CharFemale1_IdleFrame2 (BGRA8)
[2016.02.16-21.16.27:751][  0]LogTexture:Display: Building textures: CharFemale1_IdleFrame1 (BGRA8)
[2016.02.16-21.16.27:765][  0]LogTexture:Display: Building textures: CharacterJumping (AutoDXT)
[2016.02.16-21.16.28:185][  0]LogTexture:Display: Building textures: 2DCharacter_RunAnimAtlas (AutoDXT)
[2016.02.16-21.16.29:402][  0]LogTexture:Display: Building textures: 2DBackgroundBlockAtlas (AutoDXT)
[2016.02.16-21.16.30:076][  0]LogTexture:Display: Building textures: 2DBackground (AutoDXT)
[2016.02.16-21.16.30:510][  0]LogAIModule: Creating AISystem for world Cardinal_Kings1
[2016.02.16-21.16.30:703][  0]LogEditorServer: Finished looking for orphan Actors (0.000 secs)
[2016.02.16-21.16.30:705][  0]Cmd: MAP CHECKDEP NOCLEARLOG
[2016.02.16-21.16.30:839][  0]MapCheck: Info Map check complete: 0 Error(s), 0 Warning(s), took 134.5ms to complete.
[2016.02.16-21.16.30:839][  0]LogFileHelpers: Loading map 'Cardinal_Kings1' took 5.836
[2016.02.16-21.16.33:352][  0]LogCollectionManager: Loaded 0 collections in 0.013148 seconds
[2016.02.16-21.16.34:293][  0]LogFileCache: Scanning file cache for directory 'C:/Users/da_nk/Documents/GitHub/CGT445CardinalKings/Cardinal_Kings1/Saved/Collections/' took 0.01s
[2016.02.16-21.16.34:293][  0]LogFileCache: Scanning file cache for directory 'C:/Users/da_nk/Documents/GitHub/CGT445CardinalKings/Cardinal_Kings1/Content/Developers/dank/Collections/' took 0.01s
[2016.02.16-21.16.34:293][  0]LogFileCache: Scanning file cache for directory 'C:/Users/da_nk/Documents/GitHub/CGT445CardinalKings/Cardinal_Kings1/Content/Collections/' took 0.01s
[2016.02.16-21.16.34:293][  0]LogContentBrowser: Native class hierarchy populated in 0.1404 seconds. Added 1867 classes and 333 folders.
[2016.02.16-21.16.34:911][  0]LogCollectionManager: Rebuilt the GUID cache for 0 collections in 0.000011 seconds
[2016.02.16-21.16.35:456][  0]LogContentBrowser: Native class hierarchy updated for 'WidgetCarousel' in 0.0018 seconds. Added 0 classes and 0 folders.
[2016.02.16-21.16.37:621][  0]LogContentBrowser: Native class hierarchy updated for 'AddContentDialog' in 0.0015 seconds. Added 0 classes and 0 folders.
[2016.02.16-21.16.37:921][  0]LogContentBrowser: Native class hierarchy updated for 'SceneOutliner' in 0.0015 seconds. Added 1 classes and 2 folders.
[2016.02.16-21.16.40:464][  0]LogCrashTracker: Crashtracker disabled due to settings.
[2016.02.16-21.16.40:700][  0]LogUObjectGlobals:Warning: Failed to find object 'Class None.'
[2016.02.16-21.16.40:776][  0]LogLoad: Full Startup: 42.91 seconds (BP compile: 0.50 seconds)
[2016.02.16-21.16.41:389][  0]LogContentStreaming: Texture pool size now 1000 MB
[2016.02.16-21.16.42:295][  0]LogRenderer: Reallocating scene render targets to support 752x416 (Frame:2).
[2016.02.16-21.16.48:535][189]LogAssetRegistry: Asset discovery search completed in 28.7947 seconds
[2016.02.16-21.16.48:535][189]LogCollectionManager: Rebuilt the object cache for 0 collections in 0.000001 seconds (found 0 objects)
[2016.02.16-21.16.48:535][189]LogCollectionManager: Fixed up redirectors for 0 collections in 0.000070 seconds (updated 0 objects)
[2016.02.16-21.18.22:524][372]LogRenderer: Reallocating scene render targets to support 1208x576 (Frame:10).
[2016.02.16-21.18.26:961][568]LogAIModule: Creating AISystem for world Stream_Level_Up
[2016.02.16-21.18.27:205][568]Cmd: MAP LOAD FILE="../../../../../../Users/da_nk/Documents/GitHub/CGT445CardinalKings/Cardinal_Kings1/Content/Maps/Stream_Level_Up.umap" TEMPLATE=0 SHOWPROGRESS=1 FEATURELEVEL=3
[2016.02.16-21.18.27:206][568]LightingResults: New page: Lighting Build
[2016.02.16-21.18.27:283][568]LoadErrors: New page: Loading map: Stream_Level_Up.umap
[2016.02.16-21.18.27:292][568]MapCheck: New page: Map Check
[2016.02.16-21.18.27:292][568]LightingResults: New page: Lighting Build
[2016.02.16-21.18.27:338][568]LogParticles: Destroying 0 GPU particle simulations for FXSystem 0x0000001B58F345E0
[2016.02.16-21.18.27:460][568]LogEditorServer: Finished looking for orphan Actors (0.000 secs)
[2016.02.16-21.18.34:167][568]Cmd: MAP CHECKDEP NOCLEARLOG
[2016.02.16-21.18.34:386][568]MapCheck: Info Map check complete: 0 Error(s), 0 Warning(s), took 218.319ms to complete.
[2016.02.16-21.18.34:403][568]LogFileHelpers: Loading map 'Stream_Level_Up' took 7.201
[2016.02.16-21.18.48:032][246]LogPlayLevel: PlayLevel: No blueprints needed recompiling
[2016.02.16-21.18.48:100][246]PIE: New page: PIE session: Stream_Level_Up (Feb 16, 2016, 11:18:48 AM)
[2016.02.16-21.18.48:100][246]LogPlayLevel: Creating play world package: /Game/Maps/UEDPIE_0_Stream_Level_Up
[2016.02.16-21.18.48:103][246]LogPlayLevel: PIE: StaticDuplicateObject took: (0.002720s)
[2016.02.16-21.18.48:105][246]LogAIModule: Creating AISystem for world Stream_Level_Up
[2016.02.16-21.18.48:105][246]LogPlayLevel: PIE: World Init took: (0.002141s)
[2016.02.16-21.18.48:106][246]LogPlayLevel: PIE: Created PIE world by copying editor world from /Game/Maps/Stream_Level_Up.Stream_Level_Up to /Game/Maps/UEDPIE_0_Stream_Level_Up.Stream_Level_Up (0.005395s)
[2016.02.16-21.18.48:160][246]LogInit: XAudio2 using 'Internal Beats (IDT High Definition Audio CODEC)' : 2 channels at 48 kHz using 32 bits per sample (channel mask 0x3)
[2016.02.16-21.18.48:211][246]LogInit: FAudioDevice initialized.
[2016.02.16-21.18.48:463][246]LogWorld: Game class is 'PaperGameMode_C'
[2016.02.16-21.18.48:593][246]LogWorld: Bringing World /Game/Maps/UEDPIE_0_Stream_Level_Up.Stream_Level_Up up for play (max tick rate 0) at 2016.02.16-16.18.48
[2016.02.16-21.18.48:594][246]LogActor:Warning: GameSession /Game/Maps/UEDPIE_0_Stream_Level_Up.Stream_Level_Up:PersistentLevel.GameSession_0 has natively added scene component(s), but none of them were set as the actor's RootComponent - picking one arbitrarily
[2016.02.16-21.18.48:594][246]LogActor:Warning: GameNetworkManager /Game/Maps/UEDPIE_0_Stream_Level_Up.Stream_Level_Up:PersistentLevel.GameNetworkManager_0 has natively added scene component(s), but none of them were set as the actor's RootComponent - picking one arbitrarily
[2016.02.16-21.18.48:696][246]LogWorld: Bringing up level for play took: 0.105848
[2016.02.16-21.18.49:677][246]PIE: Info Play in editor start time for /Game/Maps/UEDPIE_0_Stream_Level_Up 1.374
[2016.02.16-21.19.22:024][527]LogParticles: Destroying 0 GPU particle simulations for FXSystem 0x0000001B4DF4E160
[2016.02.16-21.19.53:817][617]LogPlayLevel: PlayLevel: No blueprints needed recompiling
[2016.02.16-21.19.53:818][617]PIE: New page: PIE session: Stream_Level_Up (Feb 16, 2016, 11:19:53 AM)
[2016.02.16-21.19.53:818][617]LogPlayLevel: Creating play world package: /Game/Maps/UEDPIE_0_Stream_Level_Up
[2016.02.16-21.19.53:822][617]LogPlayLevel: PIE: StaticDuplicateObject took: (0.003813s)
[2016.02.16-21.19.53:825][617]LogAIModule: Creating AISystem for world Stream_Level_Up
[2016.02.16-21.19.53:826][617]LogPlayLevel: PIE: World Init took: (0.003234s)
[2016.02.16-21.19.53:826][617]LogPlayLevel: PIE: Created PIE world by copying editor world from /Game/Maps/Stream_Level_Up.Stream_Level_Up to /Game/Maps/UEDPIE_0_Stream_Level_Up.Stream_Level_Up (0.007706s)
[2016.02.16-21.19.53:906][617]LogInit: XAudio2 using 'Internal Beats (IDT High Definition Audio CODEC)' : 2 channels at 48 kHz using 32 bits per sample (channel mask 0x3)
[2016.02.16-21.19.53:952][617]LogInit: FAudioDevice initialized.
[2016.02.16-21.19.54:011][617]LogWorld: Game class is 'PaperGameMode_C'
[2016.02.16-21.19.54:021][617]LogWorld: Bringing World /Game/Maps/UEDPIE_0_Stream_Level_Up.Stream_Level_Up up for play (max tick rate 0) at 2016.02.16-16.19.54
[2016.02.16-21.19.54:021][617]LogActor:Warning: GameSession /Game/Maps/UEDPIE_0_Stream_Level_Up.Stream_Level_Up:PersistentLevel.GameSession_1 has natively added scene component(s), but none of them were set as the actor's RootComponent - picking one arbitrarily
[2016.02.16-21.19.54:022][617]LogActor:Warning: GameNetworkManager /Game/Maps/UEDPIE_0_Stream_Level_Up.Stream_Level_Up:PersistentLevel.GameNetworkManager_1 has natively added scene component(s), but none of them were set as the actor's RootComponent - picking one arbitrarily
[2016.02.16-21.19.54:023][617]LogWorld: Bringing up level for play took: 0.006830
[2016.02.16-21.19.54:033][617]PIE: Info Play in editor start time for /Game/Maps/UEDPIE_0_Stream_Level_Up -0.271
[2016.02.16-21.19.59:647][838]LogParticles: Destroying 0 GPU particle simulations for FXSystem 0x0000001B3F747600
[2016.02.16-21.20.00:683][871]LogPlayLevel: PlayLevel: No blueprints needed recompiling
[2016.02.16-21.20.00:683][871]PIE: New page: PIE session: Stream_Level_Up (Feb 16, 2016, 11:20:00 AM)
[2016.02.16-21.20.00:684][871]LogPlayLevel: Creating play world package: /Game/Maps/UEDPIE_0_Stream_Level_Up
[2016.02.16-21.20.00:688][871]LogPlayLevel: PIE: StaticDuplicateObject took: (0.004454s)
[2016.02.16-21.20.00:690][871]LogAIModule: Creating AISystem for world Stream_Level_Up
[2016.02.16-21.20.00:690][871]LogPlayLevel: PIE: World Init took: (0.002006s)
[2016.02.16-21.20.00:691][871]LogPlayLevel: PIE: Created PIE world by copying editor world from /Game/Maps/Stream_Level_Up.Stream_Level_Up to /Game/Maps/UEDPIE_0_Stream_Level_Up.Stream_Level_Up (0.007062s)
[2016.02.16-21.20.00:748][871]LogInit: XAudio2 using 'Internal Beats (IDT High Definition Audio CODEC)' : 2 channels at 48 kHz using 32 bits per sample (channel mask 0x3)
[2016.02.16-21.20.00:804][871]LogInit: FAudioDevice initialized.
[2016.02.16-21.20.00:878][871]LogWorld: Game class is 'PaperGameMode_C'
[2016.02.16-21.20.00:887][871]LogWorld: Bringing World /Game/Maps/UEDPIE_0_Stream_Level_Up.Stream_Level_Up up for play (max tick rate 0) at 2016.02.16-16.20.00
[2016.02.16-21.20.00:887][871]LogActor:Warning: GameSession /Game/Maps/UEDPIE_0_Stream_Level_Up.Stream_Level_Up:PersistentLevel.GameSession_2 has natively added scene component(s), but none of them were set as the actor's RootComponent - picking one arbitrarily
[2016.02.16-21.20.00:888][871]LogActor:Warning: GameNetworkManager /Game/Maps/UEDPIE_0_Stream_Level_Up.Stream_Level_Up:PersistentLevel.GameNetworkManager_2 has natively added scene component(s), but none of them were set as the actor's RootComponent - picking one arbitrarily
[2016.02.16-21.20.00:889][871]LogWorld: Bringing up level for play took: 0.006209
[2016.02.16-21.20.00:896][871]PIE: Info Play in editor start time for /Game/Maps/UEDPIE_0_Stream_Level_Up 0.592
[2016.02.16-21.21.02:235][307]LogParticles: Destroying 0 GPU particle simulations for FXSystem 0x0000001B354687C0
[2016.02.16-21.21.16:122][830]LogEditorViewport: Clicking on Actor (LMB): 2DLift_C (2DLift4)
[2016.02.16-21.21.22:900][ 48]LogPlayLevel: PlayLevel: No blueprints needed recompiling
[2016.02.16-21.21.22:900][ 48]PIE: New page: PIE session: Stream_Level_Up (Feb 16, 2016, 11:21:22 AM)
[2016.02.16-21.21.22:901][ 48]LogPlayLevel: Creating play world package: /Game/Maps/UEDPIE_0_Stream_Level_Up
[2016.02.16-21.21.22:906][ 48]LogPlayLevel: PIE: StaticDuplicateObject took: (0.005648s)
[2016.02.16-21.21.22:909][ 48]LogAIModule: Creating AISystem for world Stream_Level_Up
[2016.02.16-21.21.22:910][ 48]LogPlayLevel: PIE: World Init took: (0.003228s)
[2016.02.16-21.21.22:910][ 48]LogPlayLevel: PIE: Created PIE world by copying editor world from /Game/Maps/Stream_Level_Up.Stream_Level_Up to /Game/Maps/UEDPIE_0_Stream_Level_Up.Stream_Level_Up (0.009549s)
[2016.02.16-21.21.22:988][ 48]LogInit: XAudio2 using 'Internal Beats (IDT High Definition Audio CODEC)' : 2 channels at 48 kHz using 32 bits per sample (channel mask 0x3)
[2016.02.16-21.21.23:044][ 48]LogInit: FAudioDevice initialized.
[2016.02.16-21.21.23:111][ 48]LogWorld: Game class is 'PaperGameMode_C'
[2016.02.16-21.21.23:125][ 48]LogWorld: Bringing World /Game/Maps/UEDPIE_0_Stream_Level_Up.Stream_Level_Up up for play (max tick rate 0) at 2016.02.16-16.21.23
[2016.02.16-21.21.23:125][ 48]LogActor:Warning: GameSession /Game/Maps/UEDPIE_0_Stream_Level_Up.Stream_Level_Up:PersistentLevel.GameSession_3 has natively added scene component(s), but none of them were set as the actor's RootComponent - picking one arbitrarily
[2016.02.16-21.21.23:127][ 48]LogActor:Warning: GameNetworkManager /Game/Maps/UEDPIE_0_Stream_Level_Up.Stream_Level_Up:PersistentLevel.GameNetworkManager_3 has natively added scene component(s), but none of them were set as the actor's RootComponent - picking one arbitrarily
[2016.02.16-21.21.23:129][ 48]LogWorld: Bringing up level for play took: 0.012151
[2016.02.16-21.21.23:135][ 48]PIE: Info Play in editor start time for /Game/Maps/UEDPIE_0_Stream_Level_Up 0.832
[2016.02.16-21.21.51:811][355]LogParticles: Destroying 0 GPU particle simulations for FXSystem 0x0000001B3F747CE0
[2016.02.16-21.21.54:493][461]LogEditorViewport: Clicking Background
[2016.02.16-21.21.57:999][605]LogSavePackage: Save=70.902626ms
[2016.02.16-21.21.57:999][605]LogSavePackage: Moving '../../../../../../Users/da_nk/Documents/GitHub/CGT445CardinalKings/Cardinal_Kings1/Saved/Stream_Level_UpD16FA1DD4DB6625CE388A6A39E7559EF.tmp' to '../../../../../../Users/da_nk/Documents/GitHub/CGT445CardinalKings/Cardinal_Kings1/Content/Maps/Stream_Level_Up.umap'
[2016.02.16-21.21.58:035][605]LogSavePackage: Total save time: 225.981645ms
[2016.02.16-21.21.58:035][605]LogSavePackage:Warning: Finished SavePackage ../../../../../../Users/da_nk/Documents/GitHub/CGT445CardinalKings/Cardinal_Kings1/Content/Maps/Stream_Level_Up.umap
[2016.02.16-21.21.58:219][605]LogFileHelpers: Saving map 'Stream_Level_Up' took 0.714
[2016.02.16-21.22.09:096][169]LogEditorViewport: Clicking on Actor (context menu): 2DLift_C (2DLift)
[2016.02.16-21.22.46:307][308]LogWindowsTextInputMethodSystem:Display: IME system now deactivated.
[2016.02.16-21.22.47:182][309]Cmd: QUIT_EDITOR
[2016.02.16-21.22.48:699][309]LogExit: Preparing to exit.
[2016.02.16-21.22.48:933][309]LogExit: Editor shut down
[2016.02.16-21.22.48:935][309]LogExit: Transaction tracking system shut down
[2016.02.16-21.22.48:939][309]LogParticles: Destroying 0 GPU particle simulations for FXSystem 0x0000001B3FAB53A0
[2016.02.16-21.22.48:939][309]LogParticles: Destroying 0 GPU particle simulations for FXSystem 0x0000001B3FC7DEE0
[2016.02.16-21.22.48:940][309]LogParticles: Destroying 0 GPU particle simulations for FXSystem 0x0000001B6B7DB060
[2016.02.16-21.22.48:943][309]LogParticles: Destroying 0 GPU particle simulations for FXSystem 0x0000001B3DC4FA60
[2016.02.16-21.22.49:559][309]LogExit: Object subsystem successfully closed.
[2016.02.16-21.22.49:590][309]LogD3D11RHI: Shutdown
[2016.02.16-21.22.49:590][309]LogD3D11RHI: CleanupD3DDevice
[2016.02.16-21.22.50:117][309]LogD3D11RHI: ~FD3D11DynamicRHI
[2016.02.16-21.22.50:345][309]LogModuleManager: Shutting down and abandoning module CrashTracker (197)
[2016.02.16-21.22.50:345][309]LogModuleManager: Shutting down and abandoning module SceneOutliner (196)
[2016.02.16-21.22.50:345][309]LogModuleManager: Shutting down and abandoning module SuperSearch (195)
[2016.02.16-21.22.50:345][309]LogModuleManager: Shutting down and abandoning module WidgetCarousel (194)
[2016.02.16-21.22.50:345][309]LogModuleManager: Shutting down and abandoning module AddContentDialog (193)
[2016.02.16-21.22.50:391][309]LogModuleManager: Shutting down and abandoning module EditorWidgets (192)
[2016.02.16-21.22.50:391][309]LogModuleManager: Shutting down and abandoning module CollectionManager (191)
[2016.02.16-21.22.50:392][309]LogModuleManager: Shutting down and abandoning module StatsViewer (190)
[2016.02.16-21.22.50:392][309]LogModuleManager: Shutting down and abandoning module FoliageEdit (189)
[2016.02.16-21.22.50:392][309]LogModuleManager: Shutting down and abandoning module LandscapeEditor (188)
[2016.02.16-21.22.50:393][309]LogModuleManager: Shutting down and abandoning module ActorPickerMode (187)
[2016.02.16-21.22.50:393][309]LogModuleManager: Shutting down and abandoning module GeometryMode (186)
[2016.02.16-21.22.50:393][309]LogModuleManager: Shutting down and abandoning module TextureAlignMode (185)
[2016.02.16-21.22.50:393][309]LogModuleManager: Shutting down and abandoning module BspMode (184)
[2016.02.16-21.22.50:393][309]LogModuleManager: Shutting down and abandoning module PlacementMode (183)
[2016.02.16-21.22.50:393][309]LogModuleManager: Shutting down and abandoning module AutomationWorker (182)
[2016.02.16-21.22.50:393][309]LogModuleManager: Shutting down and abandoning module CharacterAI (181)
[2016.02.16-21.22.50:393][309]LogModuleManager: Shutting down and abandoning module SmartSnapping (180)
[2016.02.16-21.22.50:393][309]LogModuleManager: Shutting down and abandoning module ViewportSnapping (179)
[2016.02.16-21.22.50:393][309]LogModuleManager: Shutting down and abandoning module LogVisualizer (178)
[2016.02.16-21.22.50:394][309]LogModuleManager: Shutting down and abandoning module GameProjectGeneration (177)
[2016.02.16-21.22.50:394][309]LogModuleManager: Shutting down and abandoning module IntroTutorials (176)
[2016.02.16-21.22.50:394][309]LogModuleManager: Shutting down and abandoning module EditorLiveStreaming (175)
[2016.02.16-21.22.50:394][309]LogModuleManager: Shutting down and abandoning module IOSPlatformEditor (174)
[2016.02.16-21.22.50:394][309]LogModuleManager: Shutting down and abandoning module HTML5PlatformEditor (173)
[2016.02.16-21.22.50:394][309]LogModuleManager: Shutting down and abandoning module AndroidDeviceDetection (172)
[2016.02.16-21.22.50:970][309]LogModuleManager: Shutting down and abandoning module AndroidPlatformEditor (171)
[2016.02.16-21.22.50:971][309]LogModuleManager: Shutting down and abandoning module IOSRuntimeSettings (170)
[2016.02.16-21.22.50:971][309]LogModuleManager: Shutting down and abandoning module AndroidRuntimeSettings (169)
[2016.02.16-21.22.50:971][309]LogModuleManager: Shutting down and abandoning module MergeActors (168)
[2016.02.16-21.22.50:971][309]LogModuleManager: Shutting down and abandoning module SizeMap (167)
[2016.02.16-21.22.50:971][309]LogModuleManager: Shutting down and abandoning module TreeMap (166)
[2016.02.16-21.22.50:971][309]LogModuleManager: Shutting down and abandoning module ReferenceViewer (165)
[2016.02.16-21.22.50:971][309]LogModuleManager: Shutting down and abandoning module LocalizationService (164)
[2016.02.16-21.22.50:971][309]LogModuleManager: Shutting down and abandoning module LocalizationDashboard (163)
[2016.02.16-21.22.50:971][309]LogModuleManager: Shutting down and abandoning module HardwareTargeting (162)
[2016.02.16-21.22.50:971][309]LogModuleManager: Shutting down and abandoning module DeviceProfileEditor (161)
[2016.02.16-21.22.50:971][309]LogModuleManager: Shutting down and abandoning module UndoHistory (160)
[2016.02.16-21.22.50:971][309]LogModuleManager: Shutting down and abandoning module GameplayTagsEditor (159)
[2016.02.16-21.22.50:971][309]LogModuleManager: Shutting down and abandoning module UserFeedback (158)
[2016.02.16-21.22.50:971][309]LogModuleManager: Shutting down and abandoning module XmlParser (157)
[2016.02.16-21.22.50:971][309]LogModuleManager: Shutting down and abandoning module Blutility (156)
[2016.02.16-21.22.50:971][309]LogModuleManager: Shutting down and abandoning module ProjectTargetPlatformEditor (155)
[2016.02.16-21.22.50:971][309]LogModuleManager: Shutting down and abandoning module ProjectSettingsViewer (154)
[2016.02.16-21.22.50:972][309]LogModuleManager: Shutting down and abandoning module InputBindingEditor (153)
[2016.02.16-21.22.50:972][309]LogModuleManager: Shutting down and abandoning module EditorSettingsViewer (152)
[2016.02.16-21.22.50:972][309]LogModuleManager: Shutting down and abandoning module SettingsEditor (151)
[2016.02.16-21.22.50:972][309]LogModuleManager: Shutting down and abandoning module ProjectLauncher (150)
[2016.02.16-21.22.50:972][309]LogModuleManager: Shutting down and abandoning module SessionFrontend (149)
[2016.02.16-21.22.50:972][309]LogModuleManager: Shutting down and abandoning module ProfilerClient (148)
[2016.02.16-21.22.50:972][309]LogModuleManager: Shutting down and abandoning module TargetDeviceServices (147)
[2016.02.16-21.22.50:972][309]LogModuleManager: Shutting down and abandoning module DeviceManager (146)
[2016.02.16-21.22.50:973][309]LogModuleManager: Shutting down and abandoning module AutomationController (145)
[2016.02.16-21.22.50:973][309]LogModuleManager: Shutting down and abandoning module AutomationWindow (144)
[2016.02.16-21.22.50:973][309]LogModuleManager: Shutting down and abandoning module Layers (143)
[2016.02.16-21.22.50:973][309]LogModuleManager: Shutting down and abandoning module ComponentVisualizers (142)
[2016.02.16-21.22.50:973][309]LogModuleManager: Shutting down and abandoning module DetailCustomizations (141)
[2016.02.16-21.22.50:973][309]LogModuleManager: Shutting down and abandoning module PackagesDialog (140)
[2016.02.16-21.22.50:974][309]LogModuleManager: Shutting down and abandoning module Persona (139)
[2016.02.16-21.22.50:974][309]LogModuleManager: Shutting down and abandoning module Kismet (138)
[2016.02.16-21.22.50:974][309]LogModuleManager: Shutting down and abandoning module GraphEditor (137)
[2016.02.16-21.22.50:974][309]LogModuleManager: Shutting down and abandoning module ClassViewer (136)
[2016.02.16-21.22.50:974][309]LogModuleManager: Shutting down and abandoning module Toolbox (135)
[2016.02.16-21.22.50:974][309]LogModuleManager: Shutting down and abandoning module ModuleUI (134)
[2016.02.16-21.22.50:974][309]LogModuleManager: Shutting down and abandoning module MovieSceneTools (133)
[2016.02.16-21.22.50:974][309]LogModuleManager: Shutting down and abandoning module OutputLog (132)
[2016.02.16-21.22.50:974][309]LogModuleManager: Shutting down and abandoning module GammaUI (131)
[2016.02.16-21.22.50:974][309]LogModuleManager: Shutting down and abandoning module Documentation (130)
[2016.02.16-21.22.50:974][309]LogModuleManager: Shutting down and abandoning module GameLiveStreaming (129)
[2016.02.16-21.22.50:974][309]LogModuleManager: Shutting down and abandoning module StreamingPauseRendering (128)
[2016.02.16-21.22.50:974][309]LogModuleManager: Shutting down and abandoning module AnalyticsET (127)
[2016.02.16-21.22.50:974][309]LogModuleManager: Shutting down and abandoning module Analytics (126)
[2016.02.16-21.22.50:974][309]LogModuleManager: Shutting down and abandoning module AITestSuite (125)
[2016.02.16-21.22.50:974][309]LogModuleManager: Shutting down and abandoning module GameplayDebugger (124)
[2016.02.16-21.22.50:974][309]LogModuleManager: Shutting down and abandoning module AIModule (123)
[2016.02.16-21.22.50:975][309]LogModuleManager: Shutting down and abandoning module ProfilerService (122)
[2016.02.16-21.22.51:084][309]LogModuleManager: Shutting down and abandoning module TaskGraph (121)
[2016.02.16-21.22.51:084][309]LogModuleManager: Shutting down and abandoning module SlateRemote (120)
[2016.02.16-21.22.51:084][309]LogModuleManager: Shutting down and abandoning module SteamVRController (119)
[2016.02.16-21.22.51:084][309]LogModuleManager: Shutting down and abandoning module SteamVR (118)
[2016.02.16-21.22.51:084][309]LogModuleManager: Shutting down and abandoning module ProceduralMeshComponent (117)
[2016.02.16-21.22.51:084][309]LogModuleManager: Shutting down and abandoning module OculusRift (116)
[2016.02.16-21.22.51:085][309]LogModuleManager: Shutting down and abandoning module OculusLibrary (115)
[2016.02.16-21.22.51:085][309]LogModuleManager: Shutting down and abandoning module LeapMotionController (114)
[2016.02.16-21.22.51:150][309]LogModuleManager: Shutting down and abandoning module CustomMeshComponent (113)
[2016.02.16-21.22.51:151][309]LogModuleManager: Shutting down and abandoning module CableComponent (112)
[2016.02.16-21.22.51:151][309]LogModuleManager: Shutting down and abandoning module ArchVisCharacter (111)
[2016.02.16-21.22.51:151][309]LogModuleManager: Shutting down and abandoning module MessagingDebugger (110)
[2016.02.16-21.22.51:151][309]LogModuleManager: Shutting down and abandoning module MediaPlayerEditor (109)
[2016.02.16-21.22.51:151][309]LogModuleManager: Shutting down and abandoning module HTML5Networking (108)
[2016.02.16-21.22.51:151][309]LogModuleManager: Shutting down and abandoning module SpeedTreeImporter (107)
[2016.02.16-21.22.51:151][309]LogModuleManager: Shutting down and abandoning module PluginBrowser (106)
[2016.02.16-21.22.51:151][309]LogModuleManager: Shutting down and abandoning module EpicSurvey (105)
[2016.02.16-21.22.51:151][309]LogModuleManager: Shutting down and abandoning module DesktopPlatform (104)
[2016.02.16-21.22.51:151][309]LogModuleManager: Shutting down and abandoning module VisualStudioSourceCodeAccess (103)
[2016.02.16-21.22.51:152][309]LogModuleManager: Shutting down and abandoning module UObjectPlugin (102)
[2016.02.16-21.22.51:152][309]LogModuleManager: Shutting down and abandoning module SubversionSourceControl (101)
[2016.02.16-21.22.51:152][309]LogModuleManager: Shutting down and abandoning module PerforceSourceControl (100)
[2016.02.16-21.22.51:152][309]LogModuleManager: Shutting down and abandoning module SourceControl (99)
[2016.02.16-21.22.51:152][309]LogModuleManager: Shutting down and abandoning module GitSourceControl (98)
[2016.02.16-21.22.51:152][309]LogModuleManager: Shutting down and abandoning module LightPropagationVolumeEditor (97)
[2016.02.16-21.22.51:152][309]LogModuleManager: Shutting down and abandoning module PaperTiledImporter (96)
[2016.02.16-21.22.51:152][309]LogModuleManager: Shutting down and abandoning module PaperSpriteSheetImporter (95)
[2016.02.16-21.22.51:152][309]LogModuleManager: Shutting down and abandoning module MeshPaint (94)
[2016.02.16-21.22.51:152][309]LogModuleManager: Shutting down and abandoning module SlateReflector (93)
[2016.02.16-21.22.51:152][309]LogModuleManager: Shutting down and abandoning module HotReload (92)
[2016.02.16-21.22.51:152][309]LogModuleManager: Shutting down and abandoning module MainFrame (91)
[2016.02.16-21.22.51:153][309]LogModuleManager: Shutting down and abandoning module LevelEditor (90)
[2016.02.16-21.22.51:156][309]LogModuleManager: Shutting down and abandoning module DirectoryWatcher (89)
[2016.02.16-21.22.51:158][309]LogModuleManager: Shutting down and abandoning module AssetRegistry (88)
[2016.02.16-21.22.51:306][309]LogModuleManager: Shutting down and abandoning module ContentBrowser (87)
[2016.02.16-21.22.51:308][309]LogModuleManager: Shutting down and abandoning module Paper2DEditor (86)
[2016.02.16-21.22.51:308][309]LogModuleManager: Shutting down and abandoning module UdpMessaging (85)
[2016.02.16-21.22.51:409][309]LogModuleManager: Shutting down and abandoning module LightPropagationVolumeRuntime (84)
[2016.02.16-21.22.51:409][309]LogModuleManager: Shutting down and abandoning module Paper2D (83)
[2016.02.16-21.22.51:409][309]LogModuleManager: Shutting down and abandoning module WindowsMoviePlayer (82)
[2016.02.16-21.22.51:418][309]LogModuleManager: Shutting down and abandoning module Media (81)
[2016.02.16-21.22.51:419][309]LogModuleManager: Shutting down and abandoning module WmfMedia (80)
[2016.02.16-21.22.51:419][309]LogModuleManager: Shutting down and abandoning module OnlineBlueprintSupport (79)
[2016.02.16-21.22.51:419][309]LogModuleManager: Shutting down and abandoning module GameplayTasksEditor (78)
[2016.02.16-21.22.51:419][309]LogModuleManager: Shutting down and abandoning module PropertyEditor (77)
[2016.02.16-21.22.51:419][309]LogModuleManager: Shutting down and abandoning module BehaviorTreeEditor (76)
[2016.02.16-21.22.51:420][309]LogModuleManager: Shutting down and abandoning module FunctionalTesting (75)
[2016.02.16-21.22.51:420][309]LogModuleManager: Shutting down and abandoning module CollisionAnalyzer (74)
[2016.02.16-21.22.51:420][309]LogModuleManager: Shutting down and abandoning module WorkspaceMenuStructure (73)
[2016.02.16-21.22.51:420][309]LogModuleManager: Shutting down and abandoning module MessageLog (72)
[2016.02.16-21.22.51:420][309]LogModuleManager: Shutting down and abandoning module Sequencer (71)
[2016.02.16-21.22.51:420][309]LogModuleManager: Shutting down and abandoning module AssetTools (70)
[2016.02.16-21.22.51:420][309]LogModuleManager: Shutting down and abandoning module UMGEditor (69)
[2016.02.16-21.22.51:420][309]LogModuleManager: Shutting down and abandoning module UMG (68)
[2016.02.16-21.22.51:420][309]LogModuleManager: Shutting down and abandoning module Slate (67)
[2016.02.16-21.22.51:420][309]LogModuleManager: Shutting down and abandoning module EditorStyle (66)
[2016.02.16-21.22.51:430][309]LogModuleManager: Shutting down and abandoning module SessionServices (65)
[2016.02.16-21.22.51:431][309]LogModuleManager: Shutting down and abandoning module SourceCodeAccess (64)
[2016.02.16-21.22.51:431][309]LogModuleManager: Shutting down and abandoning module HeadMountedDisplay (63)
[2016.02.16-21.22.51:431][309]LogModuleManager: Shutting down and abandoning module XAudio2 (62)
[2016.02.16-21.22.51:431][309]LogModuleManager: Shutting down and abandoning module Networking (60)
[2016.02.16-21.22.51:431][309]LogModuleManager: Shutting down and abandoning module Core (59)
[2016.02.16-21.22.51:431][309]LogModuleManager: Shutting down and abandoning module KismetCompiler (58)
[2016.02.16-21.22.51:431][309]LogModuleManager: Shutting down and abandoning module PhysXFormats (57)
[2016.02.16-21.22.51:431][309]LogModuleManager: Shutting down and abandoning module MeshUtilities (56)
[2016.02.16-21.22.51:431][309]LogModuleManager: Shutting down and abandoning module CookingStats (55)
[2016.02.16-21.22.51:433][309]LogModuleManager: Shutting down and abandoning module DerivedDataCache (54)
[2016.02.16-21.22.51:508][309]LogDerivedDataCache: Shutdown
[2016.02.16-21.22.51:508][309]LogModuleManager: Shutting down and abandoning module ShaderFormatOpenGL (53)
[2016.02.16-21.22.51:508][309]LogModuleManager: Shutting down and abandoning module ShaderFormatD3D (52)
[2016.02.16-21.22.51:508][309]LogModuleManager: Shutting down and abandoning module MetalShaderFormat (51)
[2016.02.16-21.22.51:508][309]LogModuleManager: Shutting down and abandoning module TextureFormatUncompressed (50)
[2016.02.16-21.22.51:508][309]LogModuleManager: Shutting down and abandoning module TextureFormatPVR (49)
[2016.02.16-21.22.51:508][309]LogModuleManager: Shutting down and abandoning module TextureFormatIntelISPCTexComp (48)
[2016.02.16-21.22.51:508][309]LogModuleManager: Shutting down and abandoning module TextureFormatDXT (47)
[2016.02.16-21.22.51:508][309]LogModuleManager: Shutting down and abandoning module ImageWrapper (46)
[2016.02.16-21.22.51:508][309]LogModuleManager: Shutting down and abandoning module TextureFormatASTC (45)
[2016.02.16-21.22.51:508][309]LogModuleManager: Shutting down and abandoning module TextureFormatAndroid (44)
[2016.02.16-21.22.51:509][309]LogModuleManager: Shutting down and abandoning module AudioFormatOpus (43)
[2016.02.16-21.22.51:509][309]LogModuleManager: Shutting down and abandoning module AudioFormatOgg (42)
[2016.02.16-21.22.51:509][309]LogModuleManager: Shutting down and abandoning module AudioFormatADPCM (41)
[2016.02.16-21.22.51:509][309]LogModuleManager: Shutting down and abandoning module LinuxTargetPlatform (40)
[2016.02.16-21.22.51:509][309]LogModuleManager: Shutting down and abandoning module LinuxServerTargetPlatform (39)
[2016.02.16-21.22.51:509][309]LogModuleManager: Shutting down and abandoning module LinuxNoEditorTargetPlatform (38)
[2016.02.16-21.22.51:509][309]LogModuleManager: Shutting down and abandoning module Messaging (37)
[2016.02.16-21.22.51:509][309]LogModuleManager: Shutting down and abandoning module IOSTargetPlatform (36)
[2016.02.16-21.22.51:509][309]LogModuleManager: Shutting down and abandoning module HTML5TargetPlatform (35)
[2016.02.16-21.22.51:509][309]LogModuleManager: Shutting down and abandoning module Android_PVRTCTargetPlatform (34)
[2016.02.16-21.22.51:509][309]LogModuleManager: Shutting down and abandoning module Android_ETC2TargetPlatform (33)
[2016.02.16-21.22.51:509][309]LogModuleManager: Shutting down and abandoning module Android_ETC1TargetPlatform (32)
[2016.02.16-21.22.51:509][309]LogModuleManager: Shutting down and abandoning module Android_DXTTargetPlatform (31)
[2016.02.16-21.22.51:509][309]LogModuleManager: Shutting down and abandoning module Android_ATCTargetPlatform (30)
[2016.02.16-21.22.51:509][309]LogModuleManager: Shutting down and abandoning module Android_ASTCTargetPlatform (29)
[2016.02.16-21.22.51:509][309]LogModuleManager: Shutting down and abandoning module AndroidTargetPlatform (28)
[2016.02.16-21.22.51:509][309]LogModuleManager: Shutting down and abandoning module WindowsTargetPlatform (27)
[2016.02.16-21.22.51:509][309]LogModuleManager: Shutting down and abandoning module WindowsServerTargetPlatform (26)
[2016.02.16-21.22.51:509][309]LogModuleManager: Shutting down and abandoning module WindowsNoEditorTargetPlatform (25)
[2016.02.16-21.22.51:509][309]LogModuleManager: Shutting down and abandoning module WindowsClientTargetPlatform (24)
[2016.02.16-21.22.51:509][309]LogModuleManager: Shutting down and abandoning module AllDesktopTargetPlatform (23)
[2016.02.16-21.22.51:509][309]LogModuleManager: Shutting down and abandoning module TargetPlatform (22)
[2016.02.16-21.22.51:509][309]LogModuleManager: Shutting down and abandoning module InputCore (21)
[2016.02.16-21.22.51:510][309]LogModuleManager: Shutting down and abandoning module Settings (20)
[2016.02.16-21.22.51:510][309]LogModuleManager: Shutting down and abandoning module OnlineSubsystem (18)
[2016.02.16-21.22.51:510][309]LogModuleManager: Shutting down and abandoning module HTTP (17)
[2016.02.16-21.22.52:511][309]LogModuleManager: Shutting down and abandoning module XMPP (16)
[2016.02.16-21.22.52:511][309]LogModuleManager: Shutting down and abandoning module ExampleDeviceProfileSelector (15)
[2016.02.16-21.22.52:511][309]LogModuleManager: Shutting down and abandoning module TextureCompressor (14)
[2016.02.16-21.22.52:511][309]LogModuleManager: Shutting down and abandoning module ShaderCore (13)
[2016.02.16-21.22.52:511][309]LogModuleManager: Shutting down and abandoning module Landscape (12)
[2016.02.16-21.22.52:512][309]LogModuleManager: Shutting down and abandoning module SlateRHIRenderer (11)
[2016.02.16-21.22.52:514][309]LogModuleManager: Shutting down and abandoning module OpenGLDrv (10)
[2016.02.16-21.22.52:514][309]LogModuleManager: Shutting down and abandoning module D3D11RHI (9)
[2016.02.16-21.22.52:514][309]LogModuleManager: Shutting down and abandoning module AnimGraphRuntime (8)
[2016.02.16-21.22.52:514][309]LogModuleManager: Shutting down and abandoning module Renderer (7)
[2016.02.16-21.22.52:514][309]LogModuleManager: Shutting down and abandoning module Engine (6)
[2016.02.16-21.22.52:514][309]LogModuleManager: Shutting down and abandoning module CoreUObject (5)
[2016.02.16-21.22.52:514][309]LogModuleManager: Shutting down and abandoning module NetworkFile (4)
[2016.02.16-21.22.52:514][309]LogModuleManager: Shutting down and abandoning module StreamingFile (3)
[2016.02.16-21.22.52:514][309]LogModuleManager: Shutting down and abandoning module SandboxFile (2)
[2016.02.16-21.22.52:514][309]LogModuleManager: Shutting down and abandoning module PakFile (1)
[2016.02.16-21.22.52:518][309]LogExit: Exiting.
[2016.02.16-21.22.52:611][309]Log file closed, 02/16/16 16:22:52
