[2016.02.14-02.01.19:318][  0]Log file open, 02/13/16 21:01:19
[2016.02.14-02.01.19:318][  0]LogInit:Display: Running engine for game: Cardinal_Kings
[2016.02.14-02.01.19:318][  0]LogInit:Display: RandInit(-888508526) SRandInit(-888508525).
[2016.02.14-02.01.19:318][  0]LogTaskGraph: Started task graph with 4 named threads and 5 total threads.
[2016.02.14-02.01.19:318][  0]LogStats: Stats thread started at 0.128122
[2016.02.14-02.01.19:318][  0]LogInit: Version: 4.9.2-2707645+++depot+UE4-Releases+4.9
[2016.02.14-02.01.19:318][  0]LogInit: API Version: 2672455
[2016.02.14-02.01.19:318][  0]LogInit: Compiled (64-bit): Sep 28 2015 10:25:44
[2016.02.14-02.01.19:318][  0]LogInit: Compiled with Visual C++: 18.00.21005.01
[2016.02.14-02.01.19:318][  0]LogInit: Build Configuration: Development
[2016.02.14-02.01.19:318][  0]LogInit: Branch Name: ++depot+UE4-Releases+4.9
[2016.02.14-02.01.19:318][  0]LogInit: Command line:  /Temp/Autosaves/Game/UEDPCCardinal_Kings1 -game -PIEVIACONSOLE -ResX=1280 -ResY=720  -Multiprocess 
[2016.02.14-02.01.19:318][  0]LogInit: Base directory: C:/Program Files (x86)/Epic Games/4.9/Engine/Binaries/Win64/
[2016.02.14-02.01.19:318][  0]LogInit: Rocket: 1
[2016.02.14-02.01.19:381][  0]LogInit: Using libcurl 7.41.0
[2016.02.14-02.01.19:381][  0]LogInit:  - built for x86_64-pc-win32
[2016.02.14-02.01.19:381][  0]LogInit:  - supports SSL with WinSSL
[2016.02.14-02.01.19:381][  0]LogInit:  - other features:
[2016.02.14-02.01.19:382][  0]LogInit:      CURL_VERSION_SSL
[2016.02.14-02.01.19:382][  0]LogInit:      CURL_VERSION_IPV6
[2016.02.14-02.01.19:382][  0]LogInit:      CURL_VERSION_ASYNCHDNS
[2016.02.14-02.01.19:382][  0]LogInit:      CURL_VERSION_LARGEFILE
[2016.02.14-02.01.19:382][  0]LogInit:      CURL_VERSION_IDN
[2016.02.14-02.01.19:382][  0]LogInit:  CurlRequestOptions (configurable via config and command line):
[2016.02.14-02.01.19:382][  0]LogInit:  - bVerifyPeer = true  - Libcurl will verify peer certificate
[2016.02.14-02.01.19:382][  0]LogInit:  - bUseHttpProxy = false  - Libcurl will NOT use HTTP proxy
[2016.02.14-02.01.19:382][  0]LogInit:  - bDontReuseConnections = false  - Libcurl will reuse connections
[2016.02.14-02.01.19:382][  0]LogInit:  - CertBundlePath = nullptr  - Libcurl will use whatever was configured at build time.
[2016.02.14-02.01.19:405][  0]LogInit: Presizing for 0 objects not considered by GC, pre-allocating 0 bytes.
[2016.02.14-02.01.19:434][  0]LogInit: Object subsystem initialized
[2016.02.14-02.01.19:438][  0]LogInit: Selected Device Profile: [Windows]
[2016.02.14-02.01.19:438][  0]LogInit: Applying CVar settings loaded from the selected device profile: [Windows]
[2016.02.14-02.01.19:449][  0]LogInit: Computer: DESKTOP-T22LC7G
[2016.02.14-02.01.19:449][  0]LogInit: User: Shaun
[2016.02.14-02.01.19:449][  0]LogInit: CPU Page size=4096, Cores=2
[2016.02.14-02.01.19:449][  0]LogInit: High frequency timer resolution =2.343749 MHz
[2016.02.14-02.01.19:450][  0]LogMemory: Memory total: Physical=7.8GB (8GB approx)
[2016.02.14-02.01.19:450][  0]LogMemory: Platform Memory Stats for Windows
[2016.02.14-02.01.19:450][  0]LogMemory: Process Physical Memory: 53.41 MB used, 53.41 MB peak
[2016.02.14-02.01.19:450][  0]LogMemory: Process Virtual Memory: 57.19 MB used, 57.19 MB peak
[2016.02.14-02.01.19:450][  0]LogMemory: Physical Memory: 5003.61 MB used, 7986.05 MB total
[2016.02.14-02.01.19:450][  0]LogMemory: Virtual Memory: 365.38 MB used, 134217728.00 MB total
[2016.02.14-02.01.19:536][  0]LogTextLocalizationManager: No specific translations for ('en-US') exist, so ('en') translations will be used.
[2016.02.14-02.01.21:032][  0]LogD3D11RHI: Found D3D11 adapter 0: Intel(R) HD Graphics 520 (Feature Level 11_0)
[2016.02.14-02.01.21:032][  0]LogD3D11RHI: Adapter has 128MB of dedicated video memory, 0MB of dedicated system memory, and 3993MB of shared system memory, 1 output[s]
[2016.02.14-02.01.21:033][  0]LogD3D11RHI: Found D3D11 adapter 1: Microsoft Basic Render Driver (Feature Level 11_0)
[2016.02.14-02.01.21:034][  0]LogD3D11RHI: Adapter has 0MB of dedicated video memory, 0MB of dedicated system memory, and 3993MB of shared system memory, 0 output[s]
[2016.02.14-02.01.21:034][  0]LogD3D11RHI: Chosen D3D11 Adapter Id = 0
[2016.02.14-02.01.21:039][  0]LogD3D11RHI: !Direct3DDevice
[2016.02.14-02.01.21:039][  0]LogRHI: Texture pool is 1361 MB (70% of 1945 MB)
[2016.02.14-02.01.21:046][  0]LogD3D11RHI: Async texture creation enabled
[2016.02.14-02.01.21:052][  0]LogShaderCompilers: Guid format shader working directory is 15 characters bigger than the processId version (../../../../../../Users/Shaun/Desktop/Unreal Files/CGT445CardinalKings/Cardinal_Kings1/Intermediate/Shaders/WorkingDirectory/8356/).
[2016.02.14-02.01.21:053][  0]LogShaderCompilers: Cleaned the shader compiler working directory '../../../../../../Users/Shaun/Desktop/Unreal Files/CGT445CardinalKings/Cardinal_Kings1/Intermediate/Shaders/tmp/A90117FD47A2083C389EB2B0CE77EFCB/'.
[2016.02.14-02.01.21:053][  0]LogShaderCompilers:Display: Using Local Shader Compiler.
[2016.02.14-02.01.22:303][  0]LogTemp:Display: Loaded TP AllDesktopTargetPlatform
[2016.02.14-02.01.22:315][  0]LogTemp:Display: Loaded TP WindowsClientTargetPlatform
[2016.02.14-02.01.22:323][  0]LogTemp:Display: Loaded TP WindowsNoEditorTargetPlatform
[2016.02.14-02.01.22:330][  0]LogTemp:Display: Loaded TP WindowsServerTargetPlatform
[2016.02.14-02.01.22:336][  0]LogTemp:Display: Loaded TP WindowsTargetPlatform
[2016.02.14-02.01.22:341][  0]LogTemp:Display: Loaded TP AndroidTargetPlatform
[2016.02.14-02.01.22:345][  0]LogTemp:Display: Loaded TP Android_ASTCTargetPlatform
[2016.02.14-02.01.22:349][  0]LogTemp:Display: Loaded TP Android_ATCTargetPlatform
[2016.02.14-02.01.22:354][  0]LogTemp:Display: Loaded TP Android_DXTTargetPlatform
[2016.02.14-02.01.22:358][  0]LogTemp:Display: Loaded TP Android_ETC1TargetPlatform
[2016.02.14-02.01.22:362][  0]LogTemp:Display: Loaded TP Android_ETC2TargetPlatform
[2016.02.14-02.01.22:366][  0]LogTemp:Display: Loaded TP Android_PVRTCTargetPlatform
[2016.02.14-02.01.22:367][  0]LogTemp:Display: Loaded TP HTML5TargetPlatform
[2016.02.14-02.01.22:387][  0]LogTemp:Display: Loaded TP IOSTargetPlatform
[2016.02.14-02.01.22:390][  0]LogTemp:Display: Loaded TP LinuxNoEditorTargetPlatform
[2016.02.14-02.01.22:394][  0]LogTemp:Display: Loaded TP LinuxServerTargetPlatform
[2016.02.14-02.01.22:399][  0]LogTemp:Display: Loaded TP LinuxTargetPlatform
[2016.02.14-02.01.22:399][  0]LogTargetPlatformManager:Display: Building Assets For Windows
[2016.02.14-02.01.22:508][  0]LogDerivedDataCache:Display: Max Cache Size: 512 MB
[2016.02.14-02.01.22:569][  0]LogDerivedDataCache: Loaded boot cache 0.06s 41MB C:/Users/Shaun/AppData/Local/UnrealEngine/4.9/DerivedDataCache/Boot.ddc.
[2016.02.14-02.01.22:569][  0]LogDerivedDataCache:Display: Loaded Boot cache: C:/Users/Shaun/AppData/Local/UnrealEngine/4.9/DerivedDataCache/Boot.ddc
[2016.02.14-02.01.22:569][  0]LogDerivedDataCache: FDerivedDataBackendGraph:  Pak pak cache file ../../../../../../Users/Shaun/Desktop/Unreal Files/CGT445CardinalKings/Cardinal_Kings1/DerivedDataCache/DDC.ddp not found, will not use a pak cache.
[2016.02.14-02.01.22:569][  0]LogDerivedDataCache: Unable to find inner node Pak for hierarchical cache Hierarchy.
[2016.02.14-02.01.22:569][  0]LogDerivedDataCache: FDerivedDataBackendGraph:  CompressedPak pak cache file ../../../../../../Users/Shaun/Desktop/Unreal Files/CGT445CardinalKings/Cardinal_Kings1/DerivedDataCache/Compressed.ddp not found, will not use a pak cache.
[2016.02.14-02.01.22:569][  0]LogDerivedDataCache: Unable to find inner node CompressedPak for hierarchical cache Hierarchy.
[2016.02.14-02.01.22:724][  0]LogDerivedDataCache:Display: Pak cache opened for reading ../../../Engine/DerivedDataCache/Compressed.ddp.
[2016.02.14-02.01.22:737][  0]LogDerivedDataCache: Using Local data cache path C:/Users/Shaun/AppData/Local/UnrealEngine/Common/DerivedDataCache: Writable
[2016.02.14-02.01.22:932][  0]LogInit: Selected Device Profile: [Windows]
[2016.02.14-02.01.22:936][  0]LogContentStreaming: Texture pool size is 1000.000000MB
[2016.02.14-02.01.23:078][  0]LogMeshUtilities: No automatic mesh reduction module available
[2016.02.14-02.01.23:078][  0]LogMeshUtilities: No automatic mesh merging module available
[2016.02.14-02.01.23:476][  0]LogInit: WinSock: version 1.1 (2.2), MaxSocks=32767, MaxUdp=65467
[2016.02.14-02.01.23:938][  0]LogWindowsMoviePlayer: Unable to load movie: ../../../../../../Users/Shaun/Desktop/Unreal Files/CGT445CardinalKings/Cardinal_Kings1/Content/Movies/Default_Startup.mp4
[2016.02.14-02.01.24:157][  0]SourceControl: Info Source control is disabled
[2016.02.14-02.01.24:157][  0]SourceControl: Info Source control is disabled
[2016.02.14-02.01.24:185][  0]SourceControl: Info Source control is disabled
[2016.02.14-02.01.24:320][  0]LogLinker:Warning: Asset '../../../Engine/Plugins/Runtime/LeapMotionController/Content/LM_PassthroughMaterial.uasset' has been saved with empty engine version. The asset will be loaded but may be incompatible.
[2016.02.14-02.01.24:441][  0]LogObj: 27669 objects as part of root set at end of initial load.
[2016.02.14-02.01.24:441][  0]LogUObjectAllocator: 5775704 out of 0 bytes used by permanent object pool.
[2016.02.14-02.01.24:515][  0]LogEngine: Initializing Engine...
[2016.02.14-02.01.24:517][  0]LogHMD: Can't find Oculus library dev build: is proper Runtime installed? Version: 0.7.0.0
[2016.02.14-02.01.24:518][  0]LogHMD: SteamVR failed to initialize.  Err: 110
[2016.02.14-02.01.24:697][  0]LogInit: XAudio2 using 'Speakers (Realtek High Definition Audio)' : 2 channels at 48 kHz using 32 bits per sample (channel mask 0x3)
[2016.02.14-02.01.24:726][  0]LogInit: FAudioDevice initialized.
[2016.02.14-02.01.24:735][  0]LogInit: Texture streaming: Enabled
[2016.02.14-02.01.24:834][  0]LogNet: Browse: /Temp/Autosaves/Game/UEDPCCardinal_Kings1?Name=Player
[2016.02.14-02.01.24:835][  0]LogLoad: LoadMap: /Temp/Autosaves/Game/UEDPCCardinal_Kings1?Name=Player
[2016.02.14-02.01.24:857][  0]LogParticles: Destroying 0 GPU particle simulations for FXSystem 0x000000F3B115F560
[2016.02.14-02.01.24:875][  0]LogMemory: Platform Memory Stats for Windows
[2016.02.14-02.01.24:875][  0]LogMemory: Process Physical Memory: 393.17 MB used, 393.17 MB peak
[2016.02.14-02.01.24:875][  0]LogMemory: Process Virtual Memory: 420.01 MB used, 420.01 MB peak
[2016.02.14-02.01.24:875][  0]LogMemory: Physical Memory: 5293.41 MB used, 7986.05 MB total
[2016.02.14-02.01.24:875][  0]LogMemory: Virtual Memory: 998.74 MB used, 134217728.00 MB total
[2016.02.14-02.01.24:875][  0]LogMemory: 
[2016.02.14-02.01.24:875][  0]Allocator Stats for TBB: (not implemented)
[2016.02.14-02.01.25:176][  0]LogAIModule: Creating AISystem for world Cardinal_Kings1
[2016.02.14-02.01.25:183][  0]LogWorld: Game class is 'PaperGameMode_C'
[2016.02.14-02.01.25:221][  0]LogWorld: Bringing World /Temp/Autosaves/Game/UEDPCCardinal_Kings1.Cardinal_Kings1 up for play (max tick rate 0) at 2016.02.13-21.01.25
[2016.02.14-02.01.25:225][  0]LogWorld: Bringing up level for play took: 0.041657
[2016.02.14-02.01.25:228][  0]LogInit:Display: Game Engine Initialized.
[2016.02.14-02.01.25:472][  0]LogLoad: Full Startup: 6.97 seconds (BP compile: 0.05 seconds)
[2016.02.14-02.01.25:490][  0]LogWindowsTextInputMethodSystem:Display: IME system now deactivated.
[2016.02.14-02.01.25:490][  0]LogWindowsTextInputMethodSystem:Display: IME system now deactivated.
[2016.02.14-02.01.25:702][  2]LogRenderer: Reallocating scene render targets to support 1280x720 (Frame:2).
[2016.02.14-02.01.33:536][190]LogPackageName: SearchForPackageOnDisk took   0.147s to resolve Cardinal_Kings1.umap.
[2016.02.14-02.01.33:670][191]LogPackageName: SearchForPackageOnDisk took   0.132s to resolve Cardinal_Kings1.umap.
[2016.02.14-02.01.33:670][191]LogNet: Browse: /Game/Cardinal_Kings1
[2016.02.14-02.01.33:671][191]LogLoad: LoadMap: /Game/Cardinal_Kings1
[2016.02.14-02.01.33:728][191]LogParticles: Destroying 0 GPU particle simulations for FXSystem 0x000000F3B17B20C0
[2016.02.14-02.01.33:748][191]LogMemory: Platform Memory Stats for Windows
[2016.02.14-02.01.33:748][191]LogMemory: Process Physical Memory: 567.69 MB used, 569.28 MB peak
[2016.02.14-02.01.33:748][191]LogMemory: Process Virtual Memory: 606.22 MB used, 608.32 MB peak
[2016.02.14-02.01.33:748][191]LogMemory: Physical Memory: 5443.01 MB used, 7986.05 MB total
[2016.02.14-02.01.33:748][191]LogMemory: Virtual Memory: 1268.24 MB used, 134217728.00 MB total
[2016.02.14-02.01.33:748][191]LogMemory: 
[2016.02.14-02.01.33:748][191]Allocator Stats for TBB: (not implemented)
[2016.02.14-02.01.33:985][191]LogAIModule: Creating AISystem for world Cardinal_Kings1
[2016.02.14-02.01.33:991][191]LogWorld: Game class is 'PaperGameMode_C'
[2016.02.14-02.01.34:039][191]LogWorld: Bringing World /Game/Cardinal_Kings1.Cardinal_Kings1 up for play (max tick rate 0) at 2016.02.13-21.01.34
[2016.02.14-02.01.34:042][191]LogWorld: Bringing up level for play took: 0.050122
[2016.02.14-02.02.03:790][975]LogWindowsTextInputMethodSystem:Display: IME system now deactivated.
[2016.02.14-02.02.03:790][975]LogWindowsTextInputMethodSystem:Display: IME system now deactivated.
[2016.02.14-02.02.03:795][975]LogEngine: All Windows Closed
[2016.02.14-02.02.03:795][975]LogWindows: FPlatformMisc::RequestExit(0)
[2016.02.14-02.02.04:548][976]LogExit: Preparing to exit.
[2016.02.14-02.02.04:685][976]LogExit: Game engine shut down
[2016.02.14-02.02.04:693][976]LogParticles: Destroying 0 GPU particle simulations for FXSystem 0x000000F3B1672340
[2016.02.14-02.02.04:968][976]LogExit: Object subsystem successfully closed.
[2016.02.14-02.02.05:009][976]LogD3D11RHI: Shutdown
[2016.02.14-02.02.05:009][976]LogD3D11RHI: CleanupD3DDevice
[2016.02.14-02.02.05:380][976]LogD3D11RHI: ~FD3D11DynamicRHI
[2016.02.14-02.02.05:430][976]LogModuleManager: Shutting down and abandoning module AndroidDeviceDetection (115)
[2016.02.14-02.02.05:583][976]LogModuleManager: Shutting down and abandoning module AutomationController (114)
[2016.02.14-02.02.05:584][976]LogModuleManager: Shutting down and abandoning module AutomationWorker (113)
[2016.02.14-02.02.05:584][976]LogModuleManager: Shutting down and abandoning module CharacterAI (112)
[2016.02.14-02.02.05:584][976]LogModuleManager: Shutting down and abandoning module AITestSuite (111)
[2016.02.14-02.02.05:584][976]LogModuleManager: Shutting down and abandoning module GameplayDebugger (110)
[2016.02.14-02.02.05:584][976]LogModuleManager: Shutting down and abandoning module AIModule (109)
[2016.02.14-02.02.05:584][976]LogModuleManager: Shutting down and abandoning module GameLiveStreaming (108)
[2016.02.14-02.02.05:584][976]LogModuleManager: Shutting down and abandoning module StreamingPauseRendering (107)
[2016.02.14-02.02.05:584][976]LogModuleManager: Shutting down and abandoning module ProfilerService (106)
[2016.02.14-02.02.05:613][976]LogModuleManager: Shutting down and abandoning module TaskGraph (105)
[2016.02.14-02.02.05:613][976]LogModuleManager: Shutting down and abandoning module SlateRemote (104)
[2016.02.14-02.02.05:614][976]LogModuleManager: Shutting down and abandoning module SteamVRController (103)
[2016.02.14-02.02.05:614][976]LogModuleManager: Shutting down and abandoning module SteamVR (102)
[2016.02.14-02.02.05:614][976]LogModuleManager: Shutting down and abandoning module ProceduralMeshComponent (101)
[2016.02.14-02.02.05:614][976]LogModuleManager: Shutting down and abandoning module OculusRift (100)
[2016.02.14-02.02.05:614][976]LogModuleManager: Shutting down and abandoning module OculusLibrary (99)
[2016.02.14-02.02.05:614][976]LogModuleManager: Shutting down and abandoning module LeapMotionController (98)
[2016.02.14-02.02.05:679][976]LogModuleManager: Shutting down and abandoning module CustomMeshComponent (97)
[2016.02.14-02.02.05:679][976]LogModuleManager: Shutting down and abandoning module CableComponent (96)
[2016.02.14-02.02.05:679][976]LogModuleManager: Shutting down and abandoning module ArchVisCharacter (95)
[2016.02.14-02.02.05:680][976]LogModuleManager: Shutting down and abandoning module HTML5Networking (94)
[2016.02.14-02.02.05:680][976]LogModuleManager: Shutting down and abandoning module DesktopPlatform (93)
[2016.02.14-02.02.05:680][976]LogModuleManager: Shutting down and abandoning module DirectoryWatcher (92)
[2016.02.14-02.02.05:680][976]LogModuleManager: Shutting down and abandoning module HotReload (91)
[2016.02.14-02.02.05:680][976]LogModuleManager: Shutting down and abandoning module VisualStudioSourceCodeAccess (90)
[2016.02.14-02.02.05:680][976]LogModuleManager: Shutting down and abandoning module UObjectPlugin (89)
[2016.02.14-02.02.05:680][976]LogModuleManager: Shutting down and abandoning module SubversionSourceControl (88)
[2016.02.14-02.02.05:680][976]LogModuleManager: Shutting down and abandoning module SourceControl (87)
[2016.02.14-02.02.05:680][976]LogModuleManager: Shutting down and abandoning module PerforceSourceControl (86)
[2016.02.14-02.02.05:680][976]LogModuleManager: Shutting down and abandoning module UdpMessaging (85)
[2016.02.14-02.02.05:680][976]LogModuleManager: Shutting down and abandoning module LightPropagationVolumeRuntime (84)
[2016.02.14-02.02.05:680][976]LogModuleManager: Shutting down and abandoning module Paper2D (83)
[2016.02.14-02.02.05:680][976]LogModuleManager: Shutting down and abandoning module WindowsMoviePlayer (82)
[2016.02.14-02.02.05:689][976]LogModuleManager: Shutting down and abandoning module Media (81)
[2016.02.14-02.02.05:689][976]LogModuleManager: Shutting down and abandoning module WmfMedia (80)
[2016.02.14-02.02.05:689][976]LogModuleManager: Shutting down and abandoning module OnlineBlueprintSupport (79)
[2016.02.14-02.02.05:689][976]LogModuleManager: Shutting down and abandoning module GameplayTasksEditor (78)
[2016.02.14-02.02.05:689][976]LogModuleManager: Shutting down and abandoning module PropertyEditor (77)
[2016.02.14-02.02.05:689][976]LogModuleManager: Shutting down and abandoning module BehaviorTreeEditor (76)
[2016.02.14-02.02.05:689][976]LogModuleManager: Shutting down and abandoning module FunctionalTesting (75)
[2016.02.14-02.02.05:689][976]LogModuleManager: Shutting down and abandoning module CollisionAnalyzer (74)
[2016.02.14-02.02.05:690][976]LogModuleManager: Shutting down and abandoning module WorkspaceMenuStructure (73)
[2016.02.14-02.02.05:690][976]LogModuleManager: Shutting down and abandoning module MessageLog (72)
[2016.02.14-02.02.05:690][976]LogModuleManager: Shutting down and abandoning module Sequencer (71)
[2016.02.14-02.02.05:690][976]LogModuleManager: Shutting down and abandoning module AssetTools (70)
[2016.02.14-02.02.05:690][976]LogModuleManager: Shutting down and abandoning module UMGEditor (69)
[2016.02.14-02.02.05:690][976]LogModuleManager: Shutting down and abandoning module UMG (68)
[2016.02.14-02.02.05:690][976]LogModuleManager: Shutting down and abandoning module Slate (67)
[2016.02.14-02.02.05:690][976]LogModuleManager: Shutting down and abandoning module EditorStyle (66)
[2016.02.14-02.02.05:694][976]LogModuleManager: Shutting down and abandoning module SessionServices (65)
[2016.02.14-02.02.05:694][976]LogModuleManager: Shutting down and abandoning module SourceCodeAccess (64)
[2016.02.14-02.02.05:694][976]LogModuleManager: Shutting down and abandoning module HeadMountedDisplay (63)
[2016.02.14-02.02.05:694][976]LogModuleManager: Shutting down and abandoning module XAudio2 (62)
[2016.02.14-02.02.05:694][976]LogModuleManager: Shutting down and abandoning module Networking (60)
[2016.02.14-02.02.05:694][976]LogModuleManager: Shutting down and abandoning module Core (59)
[2016.02.14-02.02.05:694][976]LogModuleManager: Shutting down and abandoning module KismetCompiler (58)
[2016.02.14-02.02.05:694][976]LogModuleManager: Shutting down and abandoning module PhysXFormats (57)
[2016.02.14-02.02.05:694][976]LogModuleManager: Shutting down and abandoning module MeshUtilities (56)
[2016.02.14-02.02.05:694][976]LogModuleManager: Shutting down and abandoning module CookingStats (55)
[2016.02.14-02.02.05:694][976]LogModuleManager: Shutting down and abandoning module DerivedDataCache (54)
[2016.02.14-02.02.05:864][976]LogDerivedDataCache: Shutdown
[2016.02.14-02.02.05:865][976]LogModuleManager: Shutting down and abandoning module ShaderFormatOpenGL (53)
[2016.02.14-02.02.05:865][976]LogModuleManager: Shutting down and abandoning module ShaderFormatD3D (52)
[2016.02.14-02.02.05:865][976]LogModuleManager: Shutting down and abandoning module MetalShaderFormat (51)
[2016.02.14-02.02.05:866][976]LogModuleManager: Shutting down and abandoning module TextureFormatUncompressed (50)
[2016.02.14-02.02.05:866][976]LogModuleManager: Shutting down and abandoning module TextureFormatPVR (49)
[2016.02.14-02.02.05:866][976]LogModuleManager: Shutting down and abandoning module TextureFormatIntelISPCTexComp (48)
[2016.02.14-02.02.05:866][976]LogModuleManager: Shutting down and abandoning module TextureFormatDXT (47)
[2016.02.14-02.02.05:866][976]LogModuleManager: Shutting down and abandoning module ImageWrapper (46)
[2016.02.14-02.02.05:866][976]LogModuleManager: Shutting down and abandoning module TextureFormatASTC (45)
[2016.02.14-02.02.05:866][976]LogModuleManager: Shutting down and abandoning module TextureFormatAndroid (44)
[2016.02.14-02.02.05:866][976]LogModuleManager: Shutting down and abandoning module AudioFormatOpus (43)
[2016.02.14-02.02.05:866][976]LogModuleManager: Shutting down and abandoning module AudioFormatOgg (42)
[2016.02.14-02.02.05:866][976]LogModuleManager: Shutting down and abandoning module AudioFormatADPCM (41)
[2016.02.14-02.02.05:866][976]LogModuleManager: Shutting down and abandoning module LinuxTargetPlatform (40)
[2016.02.14-02.02.05:866][976]LogModuleManager: Shutting down and abandoning module LinuxServerTargetPlatform (39)
[2016.02.14-02.02.05:866][976]LogModuleManager: Shutting down and abandoning module LinuxNoEditorTargetPlatform (38)
[2016.02.14-02.02.05:866][976]LogModuleManager: Shutting down and abandoning module Messaging (37)
[2016.02.14-02.02.05:866][976]LogModuleManager: Shutting down and abandoning module IOSTargetPlatform (36)
[2016.02.14-02.02.05:866][976]LogModuleManager: Shutting down and abandoning module HTML5TargetPlatform (35)
[2016.02.14-02.02.05:866][976]LogModuleManager: Shutting down and abandoning module Android_PVRTCTargetPlatform (34)
[2016.02.14-02.02.05:866][976]LogModuleManager: Shutting down and abandoning module Android_ETC2TargetPlatform (33)
[2016.02.14-02.02.05:866][976]LogModuleManager: Shutting down and abandoning module Android_ETC1TargetPlatform (32)
[2016.02.14-02.02.05:866][976]LogModuleManager: Shutting down and abandoning module Android_DXTTargetPlatform (31)
[2016.02.14-02.02.05:866][976]LogModuleManager: Shutting down and abandoning module Android_ATCTargetPlatform (30)
[2016.02.14-02.02.05:866][976]LogModuleManager: Shutting down and abandoning module Android_ASTCTargetPlatform (29)
[2016.02.14-02.02.05:866][976]LogModuleManager: Shutting down and abandoning module AndroidTargetPlatform (28)
[2016.02.14-02.02.05:866][976]LogModuleManager: Shutting down and abandoning module WindowsTargetPlatform (27)
[2016.02.14-02.02.05:866][976]LogModuleManager: Shutting down and abandoning module WindowsServerTargetPlatform (26)
[2016.02.14-02.02.05:866][976]LogModuleManager: Shutting down and abandoning module WindowsNoEditorTargetPlatform (25)
[2016.02.14-02.02.05:866][976]LogModuleManager: Shutting down and abandoning module WindowsClientTargetPlatform (24)
[2016.02.14-02.02.05:866][976]LogModuleManager: Shutting down and abandoning module AllDesktopTargetPlatform (23)
[2016.02.14-02.02.05:866][976]LogModuleManager: Shutting down and abandoning module TargetPlatform (22)
[2016.02.14-02.02.05:866][976]LogModuleManager: Shutting down and abandoning module InputCore (21)
[2016.02.14-02.02.05:866][976]LogModuleManager: Shutting down and abandoning module Settings (20)
[2016.02.14-02.02.05:866][976]LogModuleManager: Shutting down and abandoning module OnlineSubsystem (18)
[2016.02.14-02.02.05:866][976]LogModuleManager: Shutting down and abandoning module HTTP (17)
[2016.02.14-02.02.05:867][976]LogModuleManager: Shutting down and abandoning module XMPP (16)
[2016.02.14-02.02.05:867][976]LogModuleManager: Shutting down and abandoning module ExampleDeviceProfileSelector (15)
[2016.02.14-02.02.05:867][976]LogModuleManager: Shutting down and abandoning module TextureCompressor (14)
[2016.02.14-02.02.05:867][976]LogModuleManager: Shutting down and abandoning module ShaderCore (13)
[2016.02.14-02.02.05:867][976]LogModuleManager: Shutting down and abandoning module Landscape (12)
[2016.02.14-02.02.05:867][976]LogModuleManager: Shutting down and abandoning module SlateRHIRenderer (11)
[2016.02.14-02.02.05:868][976]LogModuleManager: Shutting down and abandoning module OpenGLDrv (10)
[2016.02.14-02.02.05:868][976]LogModuleManager: Shutting down and abandoning module D3D11RHI (9)
[2016.02.14-02.02.05:868][976]LogModuleManager: Shutting down and abandoning module AnimGraphRuntime (8)
[2016.02.14-02.02.05:868][976]LogModuleManager: Shutting down and abandoning module Renderer (7)
[2016.02.14-02.02.05:868][976]LogModuleManager: Shutting down and abandoning module Engine (6)
[2016.02.14-02.02.05:868][976]LogModuleManager: Shutting down and abandoning module CoreUObject (5)
[2016.02.14-02.02.05:868][976]LogModuleManager: Shutting down and abandoning module NetworkFile (4)
[2016.02.14-02.02.05:868][976]LogModuleManager: Shutting down and abandoning module StreamingFile (3)
[2016.02.14-02.02.05:868][976]LogModuleManager: Shutting down and abandoning module SandboxFile (2)
[2016.02.14-02.02.05:868][976]LogModuleManager: Shutting down and abandoning module PakFile (1)
[2016.02.14-02.02.05:870][976]LogExit: Exiting.
[2016.02.14-02.02.05:875][976]Log file closed, 02/13/16 21:02:05
