[2016.02.11-20.34.37:917][  0]Log file open, 02/11/16 15:34:37
[2016.02.11-20.34.37:917][  0]LogInit:Display: Running engine for game: Cardinal_Kings
[2016.02.11-20.34.37:917][  0]LogInit:Display: RandInit(385379733) SRandInit(385379733).
[2016.02.11-20.34.37:917][  0]LogTaskGraph: Started task graph with 4 named threads and 5 total threads.
[2016.02.11-20.34.37:917][  0]LogStats: Stats thread started at 1.088790
[2016.02.11-20.34.37:917][  0]LogInit: Version: 4.9.2-2707645+++depot+UE4-Releases+4.9
[2016.02.11-20.34.37:917][  0]LogInit: API Version: 2672455
[2016.02.11-20.34.37:917][  0]LogInit: Compiled (64-bit): Sep 28 2015 10:25:44
[2016.02.11-20.34.37:917][  0]LogInit: Compiled with Visual C++: 18.00.21005.01
[2016.02.11-20.34.37:917][  0]LogInit: Build Configuration: Development
[2016.02.11-20.34.37:917][  0]LogInit: Branch Name: ++depot+UE4-Releases+4.9
[2016.02.11-20.34.37:917][  0]LogInit: Command line:  
[2016.02.11-20.34.37:917][  0]LogInit: Base directory: C:/Program Files/Epic Games/4.9/Engine/Binaries/Win64/
[2016.02.11-20.34.37:917][  0]LogInit: Rocket: 1
[2016.02.11-20.34.37:995][  0]LogInit: Using libcurl 7.41.0
[2016.02.11-20.34.37:995][  0]LogInit:  - built for x86_64-pc-win32
[2016.02.11-20.34.37:995][  0]LogInit:  - supports SSL with WinSSL
[2016.02.11-20.34.37:995][  0]LogInit:  - other features:
[2016.02.11-20.34.37:995][  0]LogInit:      CURL_VERSION_SSL
[2016.02.11-20.34.37:995][  0]LogInit:      CURL_VERSION_IPV6
[2016.02.11-20.34.37:995][  0]LogInit:      CURL_VERSION_ASYNCHDNS
[2016.02.11-20.34.37:995][  0]LogInit:      CURL_VERSION_LARGEFILE
[2016.02.11-20.34.37:995][  0]LogInit:      CURL_VERSION_IDN
[2016.02.11-20.34.37:995][  0]LogInit:  CurlRequestOptions (configurable via config and command line):
[2016.02.11-20.34.37:995][  0]LogInit:  - bVerifyPeer = true  - Libcurl will verify peer certificate
[2016.02.11-20.34.37:995][  0]LogInit:  - bUseHttpProxy = false  - Libcurl will NOT use HTTP proxy
[2016.02.11-20.34.37:995][  0]LogInit:  - bDontReuseConnections = false  - Libcurl will reuse connections
[2016.02.11-20.34.37:995][  0]LogInit:  - CertBundlePath = nullptr  - Libcurl will use whatever was configured at build time.
[2016.02.11-20.34.38:017][  0]LogInit: Presizing for 0 objects not considered by GC, pre-allocating 0 bytes.
[2016.02.11-20.34.38:017][  0]LogInit: Object subsystem initialized
[2016.02.11-20.34.38:033][  0]LogInit: Selected Device Profile: [Windows]
[2016.02.11-20.34.38:033][  0]LogInit: Applying CVar settings loaded from the selected device profile: [Windows]
[2016.02.11-20.34.38:095][  0]LogInit: Computer: FOU
[2016.02.11-20.34.38:095][  0]LogInit: User: stupid
[2016.02.11-20.34.38:095][  0]LogInit: CPU Page size=4096, Cores=2
[2016.02.11-20.34.38:095][  0]LogInit: High frequency timer resolution =2.338452 MHz
[2016.02.11-20.34.38:095][  0]LogMemory: Memory total: Physical=7.9GB (8GB approx)
[2016.02.11-20.34.38:095][  0]LogMemory: Platform Memory Stats for Windows
[2016.02.11-20.34.38:095][  0]LogMemory: Process Physical Memory: 53.96 MB used, 53.96 MB peak
[2016.02.11-20.34.38:095][  0]LogMemory: Process Virtual Memory: 55.24 MB used, 55.24 MB peak
[2016.02.11-20.34.38:095][  0]LogMemory: Physical Memory: 2904.32 MB used, 8039.41 MB total
[2016.02.11-20.34.38:095][  0]LogMemory: Virtual Memory: 367.62 MB used, 134217728.00 MB total
[2016.02.11-20.34.38:143][  0]LogTextLocalizationManager: No specific translations for ('en-US') exist, so ('en') translations will be used.
[2016.02.11-20.34.39:188][  0]LogD3D11RHI: Found D3D11 adapter 0: Intel(R) HD Graphics 4000 (Feature Level 11_0)
[2016.02.11-20.34.39:188][  0]LogD3D11RHI: Adapter has 32MB of dedicated video memory, 0MB of dedicated system memory, and 1760MB of shared system memory, 1 output[s]
[2016.02.11-20.34.39:190][  0]LogD3D11RHI: Found D3D11 adapter 1: Microsoft Basic Render Driver (Feature Level 11_0)
[2016.02.11-20.34.39:190][  0]LogD3D11RHI: Adapter has 0MB of dedicated video memory, 0MB of dedicated system memory, and 4019MB of shared system memory, 0 output[s]
[2016.02.11-20.34.39:190][  0]LogD3D11RHI: Chosen D3D11 Adapter Id = 0
[2016.02.11-20.34.39:196][  0]LogD3D11RHI: !Direct3DDevice
[2016.02.11-20.34.39:196][  0]LogRHI: Texture pool is 638 MB (70% of 912 MB)
[2016.02.11-20.34.39:200][  0]LogD3D11RHI: Async texture creation enabled
[2016.02.11-20.34.39:205][  0]LogShaderCompilers: Guid format shader working directory is 15 characters bigger than the processId version (../../../../../../Users/stupid/Perforce/somalle_Fou_8865/Individual/somalle/Cardinal_Kings/Intermediate/Shaders/WorkingDirectory/4712/).
[2016.02.11-20.34.39:205][  0]LogShaderCompilers: Cleaned the shader compiler working directory '../../../../../../Users/stupid/Perforce/somalle_Fou_8865/Individual/somalle/Cardinal_Kings/Intermediate/Shaders/tmp/BBB1EF4246A5128E3A5FECB053F2AF18/'.
[2016.02.11-20.34.39:205][  0]LogShaderCompilers:Display: Using Local Shader Compiler.
[2016.02.11-20.34.45:862][  0]LogTemp:Display: Loaded TP AllDesktopTargetPlatform
[2016.02.11-20.34.45:871][  0]LogTemp:Display: Loaded TP WindowsClientTargetPlatform
[2016.02.11-20.34.45:879][  0]LogTemp:Display: Loaded TP WindowsNoEditorTargetPlatform
[2016.02.11-20.34.45:887][  0]LogTemp:Display: Loaded TP WindowsServerTargetPlatform
[2016.02.11-20.34.45:895][  0]LogTemp:Display: Loaded TP WindowsTargetPlatform
[2016.02.11-20.34.45:901][  0]LogTemp:Display: Loaded TP AndroidTargetPlatform
[2016.02.11-20.34.45:906][  0]LogTemp:Display: Loaded TP Android_ASTCTargetPlatform
[2016.02.11-20.34.45:911][  0]LogTemp:Display: Loaded TP Android_ATCTargetPlatform
[2016.02.11-20.34.45:917][  0]LogTemp:Display: Loaded TP Android_DXTTargetPlatform
[2016.02.11-20.34.45:922][  0]LogTemp:Display: Loaded TP Android_ETC1TargetPlatform
[2016.02.11-20.34.45:928][  0]LogTemp:Display: Loaded TP Android_ETC2TargetPlatform
[2016.02.11-20.34.45:934][  0]LogTemp:Display: Loaded TP Android_PVRTCTargetPlatform
[2016.02.11-20.34.45:935][  0]LogTemp:Display: Loaded TP HTML5TargetPlatform
[2016.02.11-20.34.45:956][  0]LogTemp:Display: Loaded TP IOSTargetPlatform
[2016.02.11-20.34.45:961][  0]LogTemp:Display: Loaded TP LinuxNoEditorTargetPlatform
[2016.02.11-20.34.45:966][  0]LogTemp:Display: Loaded TP LinuxServerTargetPlatform
[2016.02.11-20.34.45:972][  0]LogTemp:Display: Loaded TP LinuxTargetPlatform
[2016.02.11-20.34.45:972][  0]LogTargetPlatformManager:Display: Building Assets For Windows
[2016.02.11-20.34.46:109][  0]LogDerivedDataCache:Display: Max Cache Size: 512 MB
[2016.02.11-20.34.46:987][  0]LogDerivedDataCache: Loaded boot cache 0.88s 41MB C:/Users/stupid/AppData/Local/UnrealEngine/4.9/DerivedDataCache/Boot.ddc.
[2016.02.11-20.34.46:987][  0]LogDerivedDataCache:Display: Loaded Boot cache: C:/Users/stupid/AppData/Local/UnrealEngine/4.9/DerivedDataCache/Boot.ddc
[2016.02.11-20.34.46:987][  0]LogDerivedDataCache: FDerivedDataBackendGraph:  Pak pak cache file ../../../../../../Users/stupid/Perforce/somalle_Fou_8865/Individual/somalle/Cardinal_Kings/DerivedDataCache/DDC.ddp not found, will not use a pak cache.
[2016.02.11-20.34.46:987][  0]LogDerivedDataCache: Unable to find inner node Pak for hierarchical cache Hierarchy.
[2016.02.11-20.34.46:987][  0]LogDerivedDataCache: FDerivedDataBackendGraph:  CompressedPak pak cache file ../../../../../../Users/stupid/Perforce/somalle_Fou_8865/Individual/somalle/Cardinal_Kings/DerivedDataCache/Compressed.ddp not found, will not use a pak cache.
[2016.02.11-20.34.46:987][  0]LogDerivedDataCache: Unable to find inner node CompressedPak for hierarchical cache Hierarchy.
[2016.02.11-20.34.47:256][  0]LogDerivedDataCache:Display: Pak cache opened for reading ../../../Engine/DerivedDataCache/Compressed.ddp.
[2016.02.11-20.34.47:293][  0]LogDerivedDataCache: Using Local data cache path C:/Users/stupid/AppData/Local/UnrealEngine/Common/DerivedDataCache: Writable
[2016.02.11-20.34.57:880][  0]LogInit: Selected Device Profile: [Windows]
[2016.02.11-20.34.58:111][  0]LogContentStreaming: Texture pool size is 0.000000MB
[2016.02.11-20.35.01:384][  0]LogMeshUtilities: No automatic mesh reduction module available
[2016.02.11-20.35.01:384][  0]LogMeshUtilities: No automatic mesh merging module available
[2016.02.11-20.35.08:375][  0]LogInit: WinSock: version 1.1 (2.2), MaxSocks=32767, MaxUdp=65467
[2016.02.11-20.35.49:881][  0]UdpMessaging: Initializing bridge on interface 0.0.0.0:0 to multicast group 230.0.0.1:6666.
[2016.02.11-20.35.50:659][  0]LogAssetRegistry: FAssetRegistry took 0.0117 seconds to start up
[2016.02.11-20.35.55:054][  0]SourceControl: Info Source control is disabled
[2016.02.11-20.35.55:114][  0]SourceControl: Info Source control is disabled
[2016.02.11-20.35.55:144][  0]SourceControl: Info Source control is disabled
[2016.02.11-20.35.55:227][  0]SourceControl: Info Source control is disabled
[2016.02.11-20.35.56:369][  0]LogLinker:Warning: Asset '../../../Engine/Plugins/Runtime/LeapMotionController/Content/LM_PassthroughMaterial.uasset' has been saved with empty engine version. The asset will be loaded but may be incompatible.
[2016.02.11-20.35.56:722][  0]LogObj: 28361 objects as part of root set at end of initial load.
[2016.02.11-20.35.56:722][  0]LogUObjectAllocator: 6038864 out of 0 bytes used by permanent object pool.
[2016.02.11-20.35.57:640][  0]LogEngine: Initializing Engine...
[2016.02.11-20.35.57:661][  0]LogHMD: Can't find Oculus library dev build: is proper Runtime installed? Version: 0.7.0.0
[2016.02.11-20.35.57:758][  0]LogHMD: SteamVR failed to initialize.  Err: 110
[2016.02.11-20.35.59:189][  0]LogAIModule: Creating AISystem for world NewWorld
[2016.02.11-20.35.59:481][  0]LogInit: XAudio2 using 'Speakers (High Definition Audio Device)' : 2 channels at 44.1 kHz using 16 bits per sample (channel mask 0x3)
[2016.02.11-20.35.59:561][  0]LogInit: FAudioDevice initialized.
[2016.02.11-20.35.59:592][  0]LogDerivedDataCache: Saved boot cache 0.03s 41MB C:/Users/stupid/AppData/Local/UnrealEngine/4.9/DerivedDataCache/Boot.ddc.
[2016.02.11-20.35.59:597][  0]LogInit: Texture streaming: Enabled
[2016.02.11-20.36.00:058][  0]LogAnalytics: Creating configured Analytics provider AnalyticsET
[2016.02.11-20.36.00:058][  0]LogAnalytics: [UEEditor.Rocket.Release] APIServer = http://et2.epicgames.com/ET2/. AppVersion = 4.9.2-2707645+++depot+UE4-Releases+4.9
[2016.02.11-20.36.00:058][  0]LogAnalytics: [UEEditor.Rocket.Release] SetUserId 5346a6b841e607caf762ab8537e3c84f|0c7ed39155914bdd9dfaebe7213c2bfb|f36b3f47-aa57-414e-ae7a-1d74e7e7136f
[2016.02.11-20.36.00:058][  0]LogAnalytics: [UEEditor.Rocket.Release] AnalyticsET::StartSession
[2016.02.11-20.36.00:466][  0]LogInit: Transaction tracking system initialized
[2016.02.11-20.36.01:571][  0]BlueprintLog: New page: Editor Load
[2016.02.11-20.36.10:148][  0]LocalizationService: Info Localization service is disabled
[2016.02.11-20.36.10:791][  0]LogConsoleResponse:Display: 
[2016.02.11-20.36.19:517][  0]LogFileCache: Scanning file cache for directory 'C:/Users/stupid/Perforce/somalle_Fou_8865/Individual/somalle/Cardinal_Kings/Content/' took 0.02s
[2016.02.11-20.36.19:517][  0]LogCook:Display: Done creating registry. It took  0.00s.
[2016.02.11-20.36.21:386][  0]SourceControl: Info Source control is disabled
[2016.02.11-20.36.21:422][  0]Cmd: MAP LOAD FILE="../../../../../../Users/stupid/Perforce/somalle_Fou_8865/Individual/somalle/Cardinal_Kings/Content/Cardinal_Kings1.umap" TEMPLATE=0 SHOWPROGRESS=1 FEATURELEVEL=3
[2016.02.11-20.36.21:877][  0]LightingResults: New page: Lighting Build
[2016.02.11-20.36.22:008][  0]MapCheck: New page: Map Check
[2016.02.11-20.36.22:008][  0]LightingResults: New page: Lighting Build
[2016.02.11-20.36.22:197][  0]LogParticles: Destroying 0 GPU particle simulations for FXSystem 0x0000023A5E0D6160
[2016.02.11-20.36.34:595][  0]LogAIModule: Creating AISystem for world Cardinal_Kings1
[2016.02.11-20.36.35:361][  0]LogEditorServer: Finished looking for orphan Actors (0.000 secs)
[2016.02.11-20.36.35:532][  0]Cmd: MAP CHECKDEP NOCLEARLOG
[2016.02.11-20.36.35:793][  0]MapCheck: Info Map check complete: 0 Error(s), 0 Warning(s), took 261.341ms to complete.
[2016.02.11-20.36.35:805][  0]LogFileHelpers: Loading map 'Cardinal_Kings1' took 14.407
[2016.02.11-20.36.39:074][  0]LogCollectionManager: Loaded 0 collections in 0.006539 seconds
[2016.02.11-20.36.39:510][  0]LogFileCache: Scanning file cache for directory 'C:/Users/stupid/Perforce/somalle_Fou_8865/Individual/somalle/Cardinal_Kings/Saved/Collections/' took 0.01s
[2016.02.11-20.36.39:510][  0]LogFileCache: Scanning file cache for directory 'C:/Users/stupid/Perforce/somalle_Fou_8865/Individual/somalle/Cardinal_Kings/Content/Developers/stupid/Collections/' took 0.01s
[2016.02.11-20.36.39:511][  0]LogFileCache: Scanning file cache for directory 'C:/Users/stupid/Perforce/somalle_Fou_8865/Individual/somalle/Cardinal_Kings/Content/Collections/' took 0.01s
[2016.02.11-20.36.39:511][  0]LogContentBrowser: Native class hierarchy populated in 0.0727 seconds. Added 1867 classes and 333 folders.
[2016.02.11-20.36.39:963][  0]LogCollectionManager: Rebuilt the GUID cache for 0 collections in 0.000018 seconds
[2016.02.11-20.36.40:059][  0]LogContentBrowser: Native class hierarchy updated for 'WidgetCarousel' in 0.0008 seconds. Added 0 classes and 0 folders.
[2016.02.11-20.36.43:799][  0]LogContentBrowser: Native class hierarchy updated for 'AddContentDialog' in 0.0014 seconds. Added 0 classes and 0 folders.
[2016.02.11-20.36.44:007][  0]LogContentBrowser: Native class hierarchy updated for 'SceneOutliner' in 0.0011 seconds. Added 1 classes and 2 folders.
[2016.02.11-20.36.45:727][  0]LogCrashTracker: Crashtracker disabled due to settings.
[2016.02.11-20.36.46:157][  0]LogUObjectGlobals:Warning: Failed to find object 'Class None.'
[2016.02.11-20.36.46:240][  0]LogLoad: Full Startup: 132.39 seconds (BP compile: 2.92 seconds)
[2016.02.11-20.36.47:442][  0]LogContentStreaming: Texture pool size now 700 MB
[2016.02.11-20.36.47:877][  0]LogRenderer: Reallocating scene render targets to support 828x308 (Frame:2).
[2016.02.11-20.36.49:575][  5]LogAssetRegistry: Asset discovery search completed in 58.9274 seconds
[2016.02.11-20.36.49:575][  5]LogCollectionManager: Rebuilt the object cache for 0 collections in 0.000001 seconds (found 0 objects)
[2016.02.11-20.36.49:575][  5]LogCollectionManager: Fixed up redirectors for 0 collections in 0.000062 seconds (updated 0 objects)
[2016.02.11-20.36.52:479][134]LogLinker:Warning: Asset '../../../Engine/Content/ArtTools/RenderToTexture/Macros/RenderToTextureMacros.uasset' has been saved with empty engine version. The asset will be loaded but may be incompatible.
[2016.02.11-20.36.54:278][134]LogContentBrowser: Native class hierarchy updated for 'BlueprintGraph' in 0.0028 seconds. Added 107 classes and 0 folders.
[2016.02.11-20.37.52:185][106]LogPlayLevel: PlayLevel: No blueprints needed recompiling
[2016.02.11-20.37.52:205][106]PIE: New page: PIE session: Cardinal_Kings1 (Feb 11, 2016, 10:37:52 AM)
[2016.02.11-20.37.52:205][106]LogPlayLevel: Creating play world package: /Game/UEDPIE_0_Cardinal_Kings1
[2016.02.11-20.37.52:243][106]LogPlayLevel: PIE: StaticDuplicateObject took: (0.037762s)
[2016.02.11-20.37.52:244][106]LogAIModule: Creating AISystem for world Cardinal_Kings1
[2016.02.11-20.37.52:244][106]LogPlayLevel: PIE: World Init took: (0.001243s)
[2016.02.11-20.37.52:245][106]LogPlayLevel: PIE: Created PIE world by copying editor world from /Game/Cardinal_Kings1.Cardinal_Kings1 to /Game/UEDPIE_0_Cardinal_Kings1.Cardinal_Kings1 (0.039391s)
[2016.02.11-20.37.52:420][106]LogInit: XAudio2 using 'Speakers (High Definition Audio Device)' : 2 channels at 44.1 kHz using 16 bits per sample (channel mask 0x3)
[2016.02.11-20.37.52:438][106]LogInit: FAudioDevice initialized.
[2016.02.11-20.37.52:699][106]LogWorld: Game class is 'PaperGameMode_C'
[2016.02.11-20.37.52:866][106]LogWorld: Bringing World /Game/UEDPIE_0_Cardinal_Kings1.Cardinal_Kings1 up for play (max tick rate 60) at 2016.02.11-15.37.52
[2016.02.11-20.37.52:866][106]LogActor:Warning: GameSession /Game/UEDPIE_0_Cardinal_Kings1.Cardinal_Kings1:PersistentLevel.GameSession_0 has natively added scene component(s), but none of them were set as the actor's RootComponent - picking one arbitrarily
[2016.02.11-20.37.52:867][106]LogActor:Warning: GameNetworkManager /Game/UEDPIE_0_Cardinal_Kings1.Cardinal_Kings1:PersistentLevel.GameNetworkManager_0 has natively added scene component(s), but none of them were set as the actor's RootComponent - picking one arbitrarily
[2016.02.11-20.37.52:971][106]LogWorld: Bringing up level for play took: 0.213646
[2016.02.11-20.37.53:251][106]PIE: Info Play in editor start time for /Game/UEDPIE_0_Cardinal_Kings1 1.152
[2016.02.11-20.38.19:424][257]LogParticles: Destroying 0 GPU particle simulations for FXSystem 0x0000023A68115260
[2016.02.11-20.38.24:396][523]LogRenderer: Reallocating scene render targets to support 828x416 (Frame:1163).
[2016.02.11-20.38.36:286][883]LogEditorTransaction: Undo Set actor scale
[2016.02.11-20.38.49:369][282]LogWindowsTextInputMethodSystem:Display: IME system now deactivated.
[2016.02.11-20.38.49:736][283]Cmd: QUIT_EDITOR
[2016.02.11-20.38.50:738][283]LogExit: Preparing to exit.
[2016.02.11-20.38.51:354][283]LogExit: Editor shut down
[2016.02.11-20.38.51:354][283]LogExit: Transaction tracking system shut down
[2016.02.11-20.38.51:357][283]LogParticles: Destroying 0 GPU particle simulations for FXSystem 0x0000023A5118A520
[2016.02.11-20.38.51:357][283]LogParticles: Destroying 0 GPU particle simulations for FXSystem 0x0000023A679B1080
[2016.02.11-20.38.51:357][283]LogParticles: Destroying 0 GPU particle simulations for FXSystem 0x0000023A67F0E660
[2016.02.11-20.38.51:357][283]LogParticles: Destroying 0 GPU particle simulations for FXSystem 0x0000023A722647C0
[2016.02.11-20.38.51:358][283]LogParticles: Destroying 0 GPU particle simulations for FXSystem 0x0000023A72079D00
[2016.02.11-20.38.51:363][283]LogParticles: Destroying 0 GPU particle simulations for FXSystem 0x0000023A4CF42A20
[2016.02.11-20.38.52:661][283]LogExit: Object subsystem successfully closed.
[2016.02.11-20.38.52:813][283]LogD3D11RHI: Shutdown
[2016.02.11-20.38.52:813][283]LogD3D11RHI: CleanupD3DDevice
[2016.02.11-20.38.52:922][283]LogD3D11RHI: ~FD3D11DynamicRHI
[2016.02.11-20.38.53:049][283]LogModuleManager: Shutting down and abandoning module BlueprintGraph (198)
[2016.02.11-20.38.53:049][283]LogModuleManager: Shutting down and abandoning module CrashTracker (197)
[2016.02.11-20.38.53:049][283]LogModuleManager: Shutting down and abandoning module SceneOutliner (196)
[2016.02.11-20.38.53:049][283]LogModuleManager: Shutting down and abandoning module SuperSearch (195)
[2016.02.11-20.38.53:049][283]LogModuleManager: Shutting down and abandoning module WidgetCarousel (194)
[2016.02.11-20.38.53:049][283]LogModuleManager: Shutting down and abandoning module AddContentDialog (193)
[2016.02.11-20.38.53:054][283]LogModuleManager: Shutting down and abandoning module EditorWidgets (192)
[2016.02.11-20.38.53:054][283]LogModuleManager: Shutting down and abandoning module CollectionManager (191)
[2016.02.11-20.38.53:054][283]LogModuleManager: Shutting down and abandoning module StatsViewer (190)
[2016.02.11-20.38.53:055][283]LogModuleManager: Shutting down and abandoning module FoliageEdit (189)
[2016.02.11-20.38.53:055][283]LogModuleManager: Shutting down and abandoning module LandscapeEditor (188)
[2016.02.11-20.38.53:055][283]LogModuleManager: Shutting down and abandoning module ActorPickerMode (187)
[2016.02.11-20.38.53:055][283]LogModuleManager: Shutting down and abandoning module GeometryMode (186)
[2016.02.11-20.38.53:055][283]LogModuleManager: Shutting down and abandoning module TextureAlignMode (185)
[2016.02.11-20.38.53:055][283]LogModuleManager: Shutting down and abandoning module BspMode (184)
[2016.02.11-20.38.53:055][283]LogModuleManager: Shutting down and abandoning module PlacementMode (183)
[2016.02.11-20.38.53:055][283]LogModuleManager: Shutting down and abandoning module AutomationWorker (182)
[2016.02.11-20.38.53:055][283]LogModuleManager: Shutting down and abandoning module CharacterAI (181)
[2016.02.11-20.38.53:055][283]LogModuleManager: Shutting down and abandoning module SmartSnapping (180)
[2016.02.11-20.38.53:055][283]LogModuleManager: Shutting down and abandoning module ViewportSnapping (179)
[2016.02.11-20.38.53:055][283]LogModuleManager: Shutting down and abandoning module LogVisualizer (178)
[2016.02.11-20.38.53:056][283]LogModuleManager: Shutting down and abandoning module GameProjectGeneration (177)
[2016.02.11-20.38.53:056][283]LogModuleManager: Shutting down and abandoning module IntroTutorials (176)
[2016.02.11-20.38.53:056][283]LogModuleManager: Shutting down and abandoning module EditorLiveStreaming (175)
[2016.02.11-20.38.53:056][283]LogModuleManager: Shutting down and abandoning module IOSPlatformEditor (174)
[2016.02.11-20.38.53:056][283]LogModuleManager: Shutting down and abandoning module HTML5PlatformEditor (173)
[2016.02.11-20.38.53:056][283]LogModuleManager: Shutting down and abandoning module AndroidDeviceDetection (172)
[2016.02.11-20.38.53:291][283]LogModuleManager: Shutting down and abandoning module AndroidPlatformEditor (171)
[2016.02.11-20.38.53:291][283]LogModuleManager: Shutting down and abandoning module IOSRuntimeSettings (170)
[2016.02.11-20.38.53:291][283]LogModuleManager: Shutting down and abandoning module AndroidRuntimeSettings (169)
[2016.02.11-20.38.53:291][283]LogModuleManager: Shutting down and abandoning module MergeActors (168)
[2016.02.11-20.38.53:291][283]LogModuleManager: Shutting down and abandoning module SizeMap (167)
[2016.02.11-20.38.53:291][283]LogModuleManager: Shutting down and abandoning module TreeMap (166)
[2016.02.11-20.38.53:291][283]LogModuleManager: Shutting down and abandoning module ReferenceViewer (165)
[2016.02.11-20.38.53:291][283]LogModuleManager: Shutting down and abandoning module LocalizationService (164)
[2016.02.11-20.38.53:291][283]LogModuleManager: Shutting down and abandoning module LocalizationDashboard (163)
[2016.02.11-20.38.53:291][283]LogModuleManager: Shutting down and abandoning module HardwareTargeting (162)
[2016.02.11-20.38.53:291][283]LogModuleManager: Shutting down and abandoning module DeviceProfileEditor (161)
[2016.02.11-20.38.53:291][283]LogModuleManager: Shutting down and abandoning module UndoHistory (160)
[2016.02.11-20.38.53:291][283]LogModuleManager: Shutting down and abandoning module GameplayTagsEditor (159)
[2016.02.11-20.38.53:291][283]LogModuleManager: Shutting down and abandoning module UserFeedback (158)
[2016.02.11-20.38.53:291][283]LogModuleManager: Shutting down and abandoning module XmlParser (157)
[2016.02.11-20.38.53:291][283]LogModuleManager: Shutting down and abandoning module Blutility (156)
[2016.02.11-20.38.53:291][283]LogModuleManager: Shutting down and abandoning module ProjectTargetPlatformEditor (155)
[2016.02.11-20.38.53:292][283]LogModuleManager: Shutting down and abandoning module ProjectSettingsViewer (154)
[2016.02.11-20.38.53:292][283]LogModuleManager: Shutting down and abandoning module InputBindingEditor (153)
[2016.02.11-20.38.53:292][283]LogModuleManager: Shutting down and abandoning module EditorSettingsViewer (152)
[2016.02.11-20.38.53:292][283]LogModuleManager: Shutting down and abandoning module SettingsEditor (151)
[2016.02.11-20.38.53:292][283]LogModuleManager: Shutting down and abandoning module ProjectLauncher (150)
[2016.02.11-20.38.53:292][283]LogModuleManager: Shutting down and abandoning module SessionFrontend (149)
[2016.02.11-20.38.53:292][283]LogModuleManager: Shutting down and abandoning module ProfilerClient (148)
[2016.02.11-20.38.53:292][283]LogModuleManager: Shutting down and abandoning module TargetDeviceServices (147)
[2016.02.11-20.38.53:292][283]LogModuleManager: Shutting down and abandoning module DeviceManager (146)
[2016.02.11-20.38.53:293][283]LogModuleManager: Shutting down and abandoning module AutomationController (145)
[2016.02.11-20.38.53:293][283]LogModuleManager: Shutting down and abandoning module AutomationWindow (144)
[2016.02.11-20.38.53:293][283]LogModuleManager: Shutting down and abandoning module Layers (143)
[2016.02.11-20.38.53:310][283]LogModuleManager: Shutting down and abandoning module ComponentVisualizers (142)
[2016.02.11-20.38.53:310][283]LogModuleManager: Shutting down and abandoning module DetailCustomizations (141)
[2016.02.11-20.38.53:310][283]LogModuleManager: Shutting down and abandoning module PackagesDialog (140)
[2016.02.11-20.38.53:311][283]LogModuleManager: Shutting down and abandoning module Persona (139)
[2016.02.11-20.38.53:320][283]LogModuleManager: Shutting down and abandoning module Kismet (138)
[2016.02.11-20.38.53:320][283]LogModuleManager: Shutting down and abandoning module GraphEditor (137)
[2016.02.11-20.38.53:320][283]LogModuleManager: Shutting down and abandoning module ClassViewer (136)
[2016.02.11-20.38.53:320][283]LogModuleManager: Shutting down and abandoning module Toolbox (135)
[2016.02.11-20.38.53:320][283]LogModuleManager: Shutting down and abandoning module ModuleUI (134)
[2016.02.11-20.38.53:320][283]LogModuleManager: Shutting down and abandoning module MovieSceneTools (133)
[2016.02.11-20.38.53:320][283]LogModuleManager: Shutting down and abandoning module OutputLog (132)
[2016.02.11-20.38.53:320][283]LogModuleManager: Shutting down and abandoning module GammaUI (131)
[2016.02.11-20.38.53:320][283]LogModuleManager: Shutting down and abandoning module Documentation (130)
[2016.02.11-20.38.53:320][283]LogModuleManager: Shutting down and abandoning module GameLiveStreaming (129)
[2016.02.11-20.38.53:320][283]LogModuleManager: Shutting down and abandoning module StreamingPauseRendering (128)
[2016.02.11-20.38.53:320][283]LogModuleManager: Shutting down and abandoning module AnalyticsET (127)
[2016.02.11-20.38.53:320][283]LogModuleManager: Shutting down and abandoning module Analytics (126)
[2016.02.11-20.38.53:320][283]LogModuleManager: Shutting down and abandoning module AITestSuite (125)
[2016.02.11-20.38.53:321][283]LogModuleManager: Shutting down and abandoning module GameplayDebugger (124)
[2016.02.11-20.38.53:321][283]LogModuleManager: Shutting down and abandoning module AIModule (123)
[2016.02.11-20.38.53:321][283]LogModuleManager: Shutting down and abandoning module ProfilerService (122)
[2016.02.11-20.38.53:571][283]LogModuleManager: Shutting down and abandoning module TaskGraph (121)
[2016.02.11-20.38.53:571][283]LogModuleManager: Shutting down and abandoning module SlateRemote (120)
[2016.02.11-20.38.53:571][283]LogModuleManager: Shutting down and abandoning module SteamVRController (119)
[2016.02.11-20.38.53:571][283]LogModuleManager: Shutting down and abandoning module SteamVR (118)
[2016.02.11-20.38.53:571][283]LogModuleManager: Shutting down and abandoning module ProceduralMeshComponent (117)
[2016.02.11-20.38.53:571][283]LogModuleManager: Shutting down and abandoning module OculusRift (116)
[2016.02.11-20.38.53:571][283]LogModuleManager: Shutting down and abandoning module OculusLibrary (115)
[2016.02.11-20.38.53:571][283]LogModuleManager: Shutting down and abandoning module LeapMotionController (114)
[2016.02.11-20.38.53:616][283]LogModuleManager: Shutting down and abandoning module CustomMeshComponent (113)
[2016.02.11-20.38.53:616][283]LogModuleManager: Shutting down and abandoning module CableComponent (112)
[2016.02.11-20.38.53:616][283]LogModuleManager: Shutting down and abandoning module ArchVisCharacter (111)
[2016.02.11-20.38.53:616][283]LogModuleManager: Shutting down and abandoning module MessagingDebugger (110)
[2016.02.11-20.38.53:616][283]LogModuleManager: Shutting down and abandoning module MediaPlayerEditor (109)
[2016.02.11-20.38.53:616][283]LogModuleManager: Shutting down and abandoning module HTML5Networking (108)
[2016.02.11-20.38.53:616][283]LogModuleManager: Shutting down and abandoning module SpeedTreeImporter (107)
[2016.02.11-20.38.53:616][283]LogModuleManager: Shutting down and abandoning module PluginBrowser (106)
[2016.02.11-20.38.53:616][283]LogModuleManager: Shutting down and abandoning module EpicSurvey (105)
[2016.02.11-20.38.53:616][283]LogModuleManager: Shutting down and abandoning module DesktopPlatform (104)
[2016.02.11-20.38.53:616][283]LogModuleManager: Shutting down and abandoning module VisualStudioSourceCodeAccess (103)
[2016.02.11-20.38.53:616][283]LogModuleManager: Shutting down and abandoning module UObjectPlugin (102)
[2016.02.11-20.38.53:616][283]LogModuleManager: Shutting down and abandoning module SubversionSourceControl (101)
[2016.02.11-20.38.53:616][283]LogModuleManager: Shutting down and abandoning module PerforceSourceControl (100)
[2016.02.11-20.38.53:616][283]LogModuleManager: Shutting down and abandoning module SourceControl (99)
[2016.02.11-20.38.53:616][283]LogModuleManager: Shutting down and abandoning module GitSourceControl (98)
[2016.02.11-20.38.53:616][283]LogModuleManager: Shutting down and abandoning module LightPropagationVolumeEditor (97)
[2016.02.11-20.38.53:616][283]LogModuleManager: Shutting down and abandoning module PaperTiledImporter (96)
[2016.02.11-20.38.53:616][283]LogModuleManager: Shutting down and abandoning module PaperSpriteSheetImporter (95)
[2016.02.11-20.38.53:616][283]LogModuleManager: Shutting down and abandoning module MeshPaint (94)
[2016.02.11-20.38.53:616][283]LogModuleManager: Shutting down and abandoning module SlateReflector (93)
[2016.02.11-20.38.53:617][283]LogModuleManager: Shutting down and abandoning module HotReload (92)
[2016.02.11-20.38.53:617][283]LogModuleManager: Shutting down and abandoning module MainFrame (91)
[2016.02.11-20.38.53:617][283]LogModuleManager: Shutting down and abandoning module LevelEditor (90)
[2016.02.11-20.38.53:618][283]LogModuleManager: Shutting down and abandoning module DirectoryWatcher (89)
[2016.02.11-20.38.53:620][283]LogModuleManager: Shutting down and abandoning module AssetRegistry (88)
[2016.02.11-20.38.53:754][283]LogModuleManager: Shutting down and abandoning module ContentBrowser (87)
[2016.02.11-20.38.53:755][283]LogModuleManager: Shutting down and abandoning module Paper2DEditor (86)
[2016.02.11-20.38.53:755][283]LogModuleManager: Shutting down and abandoning module UdpMessaging (85)
[2016.02.11-20.38.53:880][283]LogModuleManager: Shutting down and abandoning module LightPropagationVolumeRuntime (84)
[2016.02.11-20.38.53:880][283]LogModuleManager: Shutting down and abandoning module Paper2D (83)
[2016.02.11-20.38.53:880][283]LogModuleManager: Shutting down and abandoning module WindowsMoviePlayer (82)
[2016.02.11-20.38.53:886][283]LogModuleManager: Shutting down and abandoning module Media (81)
[2016.02.11-20.38.53:886][283]LogModuleManager: Shutting down and abandoning module WmfMedia (80)
[2016.02.11-20.38.53:886][283]LogModuleManager: Shutting down and abandoning module OnlineBlueprintSupport (79)
[2016.02.11-20.38.53:886][283]LogModuleManager: Shutting down and abandoning module GameplayTasksEditor (78)
[2016.02.11-20.38.53:886][283]LogModuleManager: Shutting down and abandoning module PropertyEditor (77)
[2016.02.11-20.38.53:886][283]LogModuleManager: Shutting down and abandoning module BehaviorTreeEditor (76)
[2016.02.11-20.38.53:886][283]LogModuleManager: Shutting down and abandoning module FunctionalTesting (75)
[2016.02.11-20.38.53:886][283]LogModuleManager: Shutting down and abandoning module CollisionAnalyzer (74)
[2016.02.11-20.38.53:886][283]LogModuleManager: Shutting down and abandoning module WorkspaceMenuStructure (73)
[2016.02.11-20.38.53:886][283]LogModuleManager: Shutting down and abandoning module MessageLog (72)
[2016.02.11-20.38.53:886][283]LogModuleManager: Shutting down and abandoning module Sequencer (71)
[2016.02.11-20.38.53:886][283]LogModuleManager: Shutting down and abandoning module AssetTools (70)
[2016.02.11-20.38.53:886][283]LogModuleManager: Shutting down and abandoning module UMGEditor (69)
[2016.02.11-20.38.53:887][283]LogModuleManager: Shutting down and abandoning module UMG (68)
[2016.02.11-20.38.53:887][283]LogModuleManager: Shutting down and abandoning module Slate (67)
[2016.02.11-20.38.53:887][283]LogModuleManager: Shutting down and abandoning module EditorStyle (66)
[2016.02.11-20.38.53:890][283]LogModuleManager: Shutting down and abandoning module SessionServices (65)
[2016.02.11-20.38.53:890][283]LogModuleManager: Shutting down and abandoning module SourceCodeAccess (64)
[2016.02.11-20.38.53:890][283]LogModuleManager: Shutting down and abandoning module HeadMountedDisplay (63)
[2016.02.11-20.38.53:890][283]LogModuleManager: Shutting down and abandoning module XAudio2 (62)
[2016.02.11-20.38.53:890][283]LogModuleManager: Shutting down and abandoning module Networking (60)
[2016.02.11-20.38.53:890][283]LogModuleManager: Shutting down and abandoning module Core (59)
[2016.02.11-20.38.53:890][283]LogModuleManager: Shutting down and abandoning module KismetCompiler (58)
[2016.02.11-20.38.53:890][283]LogModuleManager: Shutting down and abandoning module PhysXFormats (57)
[2016.02.11-20.38.53:890][283]LogModuleManager: Shutting down and abandoning module MeshUtilities (56)
[2016.02.11-20.38.53:890][283]LogModuleManager: Shutting down and abandoning module CookingStats (55)
[2016.02.11-20.38.53:890][283]LogModuleManager: Shutting down and abandoning module DerivedDataCache (54)
[2016.02.11-20.38.53:918][283]LogDerivedDataCache: Shutdown
[2016.02.11-20.38.53:918][283]LogModuleManager: Shutting down and abandoning module ShaderFormatOpenGL (53)
[2016.02.11-20.38.53:918][283]LogModuleManager: Shutting down and abandoning module ShaderFormatD3D (52)
[2016.02.11-20.38.53:918][283]LogModuleManager: Shutting down and abandoning module MetalShaderFormat (51)
[2016.02.11-20.38.53:918][283]LogModuleManager: Shutting down and abandoning module TextureFormatUncompressed (50)
[2016.02.11-20.38.53:918][283]LogModuleManager: Shutting down and abandoning module TextureFormatPVR (49)
[2016.02.11-20.38.53:918][283]LogModuleManager: Shutting down and abandoning module TextureFormatIntelISPCTexComp (48)
[2016.02.11-20.38.53:918][283]LogModuleManager: Shutting down and abandoning module TextureFormatDXT (47)
[2016.02.11-20.38.53:918][283]LogModuleManager: Shutting down and abandoning module ImageWrapper (46)
[2016.02.11-20.38.53:918][283]LogModuleManager: Shutting down and abandoning module TextureFormatASTC (45)
[2016.02.11-20.38.53:918][283]LogModuleManager: Shutting down and abandoning module TextureFormatAndroid (44)
[2016.02.11-20.38.53:918][283]LogModuleManager: Shutting down and abandoning module AudioFormatOpus (43)
[2016.02.11-20.38.53:918][283]LogModuleManager: Shutting down and abandoning module AudioFormatOgg (42)
[2016.02.11-20.38.53:918][283]LogModuleManager: Shutting down and abandoning module AudioFormatADPCM (41)
[2016.02.11-20.38.53:918][283]LogModuleManager: Shutting down and abandoning module LinuxTargetPlatform (40)
[2016.02.11-20.38.53:918][283]LogModuleManager: Shutting down and abandoning module LinuxServerTargetPlatform (39)
[2016.02.11-20.38.53:918][283]LogModuleManager: Shutting down and abandoning module LinuxNoEditorTargetPlatform (38)
[2016.02.11-20.38.53:918][283]LogModuleManager: Shutting down and abandoning module Messaging (37)
[2016.02.11-20.38.53:918][283]LogModuleManager: Shutting down and abandoning module IOSTargetPlatform (36)
[2016.02.11-20.38.53:918][283]LogModuleManager: Shutting down and abandoning module HTML5TargetPlatform (35)
[2016.02.11-20.38.53:918][283]LogModuleManager: Shutting down and abandoning module Android_PVRTCTargetPlatform (34)
[2016.02.11-20.38.53:918][283]LogModuleManager: Shutting down and abandoning module Android_ETC2TargetPlatform (33)
[2016.02.11-20.38.53:918][283]LogModuleManager: Shutting down and abandoning module Android_ETC1TargetPlatform (32)
[2016.02.11-20.38.53:918][283]LogModuleManager: Shutting down and abandoning module Android_DXTTargetPlatform (31)
[2016.02.11-20.38.53:918][283]LogModuleManager: Shutting down and abandoning module Android_ATCTargetPlatform (30)
[2016.02.11-20.38.53:918][283]LogModuleManager: Shutting down and abandoning module Android_ASTCTargetPlatform (29)
[2016.02.11-20.38.53:918][283]LogModuleManager: Shutting down and abandoning module AndroidTargetPlatform (28)
[2016.02.11-20.38.53:918][283]LogModuleManager: Shutting down and abandoning module WindowsTargetPlatform (27)
[2016.02.11-20.38.53:918][283]LogModuleManager: Shutting down and abandoning module WindowsServerTargetPlatform (26)
[2016.02.11-20.38.53:944][283]LogModuleManager: Shutting down and abandoning module WindowsNoEditorTargetPlatform (25)
[2016.02.11-20.38.53:955][283]LogModuleManager: Shutting down and abandoning module WindowsClientTargetPlatform (24)
[2016.02.11-20.38.53:955][283]LogModuleManager: Shutting down and abandoning module AllDesktopTargetPlatform (23)
[2016.02.11-20.38.53:955][283]LogModuleManager: Shutting down and abandoning module TargetPlatform (22)
[2016.02.11-20.38.53:955][283]LogModuleManager: Shutting down and abandoning module InputCore (21)
[2016.02.11-20.38.53:955][283]LogModuleManager: Shutting down and abandoning module Settings (20)
[2016.02.11-20.38.53:955][283]LogModuleManager: Shutting down and abandoning module OnlineSubsystem (18)
[2016.02.11-20.38.53:955][283]LogModuleManager: Shutting down and abandoning module HTTP (17)
[2016.02.11-20.38.55:959][283]LogModuleManager: Shutting down and abandoning module XMPP (16)
[2016.02.11-20.38.55:959][283]LogModuleManager: Shutting down and abandoning module ExampleDeviceProfileSelector (15)
[2016.02.11-20.38.55:959][283]LogModuleManager: Shutting down and abandoning module TextureCompressor (14)
[2016.02.11-20.38.55:977][283]LogModuleManager: Shutting down and abandoning module ShaderCore (13)
[2016.02.11-20.38.55:977][283]LogModuleManager: Shutting down and abandoning module Landscape (12)
[2016.02.11-20.38.55:977][283]LogModuleManager: Shutting down and abandoning module SlateRHIRenderer (11)
[2016.02.11-20.38.55:991][283]LogModuleManager: Shutting down and abandoning module OpenGLDrv (10)
[2016.02.11-20.38.56:003][283]LogModuleManager: Shutting down and abandoning module D3D11RHI (9)
[2016.02.11-20.38.56:003][283]LogModuleManager: Shutting down and abandoning module AnimGraphRuntime (8)
[2016.02.11-20.38.56:003][283]LogModuleManager: Shutting down and abandoning module Renderer (7)
[2016.02.11-20.38.56:003][283]LogModuleManager: Shutting down and abandoning module Engine (6)
[2016.02.11-20.38.56:003][283]LogModuleManager: Shutting down and abandoning module CoreUObject (5)
[2016.02.11-20.38.56:003][283]LogModuleManager: Shutting down and abandoning module NetworkFile (4)
[2016.02.11-20.38.56:003][283]LogModuleManager: Shutting down and abandoning module StreamingFile (3)
[2016.02.11-20.38.56:003][283]LogModuleManager: Shutting down and abandoning module SandboxFile (2)
[2016.02.11-20.38.56:003][283]LogModuleManager: Shutting down and abandoning module PakFile (1)
[2016.02.11-20.38.56:027][283]LogExit: Exiting.
[2016.02.11-20.38.56:029][283]Log file closed, 02/11/16 15:38:56
