[2016.02.16-20.08.38:771][  0]Log file open, 02/16/16 15:08:38
[2016.02.16-20.08.38:771][  0]LogInit:Display: Running engine for game: Cardinal_Kings
[2016.02.16-20.08.38:771][  0]LogInit:Display: RandInit(826862708) SRandInit(826862708).
[2016.02.16-20.08.38:771][  0]LogTaskGraph: Started task graph with 4 named threads and 5 total threads.
[2016.02.16-20.08.38:771][  0]LogStats: Stats thread started at 0.717538
[2016.02.16-20.08.38:771][  0]LogInit: Version: 4.9.2-2707645+++depot+UE4-Releases+4.9
[2016.02.16-20.08.38:771][  0]LogInit: API Version: 2672455
[2016.02.16-20.08.38:771][  0]LogInit: Compiled (64-bit): Sep 28 2015 10:25:44
[2016.02.16-20.08.38:771][  0]LogInit: Compiled with Visual C++: 18.00.21005.01
[2016.02.16-20.08.38:771][  0]LogInit: Build Configuration: Development
[2016.02.16-20.08.38:771][  0]LogInit: Branch Name: ++depot+UE4-Releases+4.9
[2016.02.16-20.08.38:771][  0]LogInit: Command line:  
[2016.02.16-20.08.38:771][  0]LogInit: Base directory: C:/Program Files (x86)/Epic Games/4.9/Engine/Binaries/Win64/
[2016.02.16-20.08.38:771][  0]LogInit: Rocket: 1
[2016.02.16-20.08.39:053][  0]LogInit: Using libcurl 7.41.0
[2016.02.16-20.08.39:053][  0]LogInit:  - built for x86_64-pc-win32
[2016.02.16-20.08.39:053][  0]LogInit:  - supports SSL with WinSSL
[2016.02.16-20.08.39:053][  0]LogInit:  - other features:
[2016.02.16-20.08.39:053][  0]LogInit:      CURL_VERSION_SSL
[2016.02.16-20.08.39:053][  0]LogInit:      CURL_VERSION_IPV6
[2016.02.16-20.08.39:053][  0]LogInit:      CURL_VERSION_ASYNCHDNS
[2016.02.16-20.08.39:053][  0]LogInit:      CURL_VERSION_LARGEFILE
[2016.02.16-20.08.39:053][  0]LogInit:      CURL_VERSION_IDN
[2016.02.16-20.08.39:053][  0]LogInit:  CurlRequestOptions (configurable via config and command line):
[2016.02.16-20.08.39:053][  0]LogInit:  - bVerifyPeer = true  - Libcurl will verify peer certificate
[2016.02.16-20.08.39:053][  0]LogInit:  - bUseHttpProxy = false  - Libcurl will NOT use HTTP proxy
[2016.02.16-20.08.39:053][  0]LogInit:  - bDontReuseConnections = false  - Libcurl will reuse connections
[2016.02.16-20.08.39:053][  0]LogInit:  - CertBundlePath = nullptr  - Libcurl will use whatever was configured at build time.
[2016.02.16-20.08.39:081][  0]LogInit: Presizing for 0 objects not considered by GC, pre-allocating 0 bytes.
[2016.02.16-20.08.39:108][  0]LogInit: Object subsystem initialized
[2016.02.16-20.08.39:111][  0]LogInit: Selected Device Profile: [Windows]
[2016.02.16-20.08.39:111][  0]LogInit: Applying CVar settings loaded from the selected device profile: [Windows]
[2016.02.16-20.08.39:181][  0]LogInit: Computer: DESKTOP-T22LC7G
[2016.02.16-20.08.39:181][  0]LogInit: User: Shaun
[2016.02.16-20.08.39:181][  0]LogInit: CPU Page size=4096, Cores=2
[2016.02.16-20.08.39:181][  0]LogInit: High frequency timer resolution =2.343749 MHz
[2016.02.16-20.08.39:181][  0]LogMemory: Memory total: Physical=7.8GB (8GB approx)
[2016.02.16-20.08.39:181][  0]LogMemory: Platform Memory Stats for Windows
[2016.02.16-20.08.39:181][  0]LogMemory: Process Physical Memory: 53.55 MB used, 53.55 MB peak
[2016.02.16-20.08.39:181][  0]LogMemory: Process Virtual Memory: 56.98 MB used, 56.98 MB peak
[2016.02.16-20.08.39:181][  0]LogMemory: Physical Memory: 3376.86 MB used, 7986.05 MB total
[2016.02.16-20.08.39:181][  0]LogMemory: Virtual Memory: 365.38 MB used, 134217728.00 MB total
[2016.02.16-20.08.39:240][  0]LogTextLocalizationManager: No specific translations for ('en-US') exist, so ('en') translations will be used.
[2016.02.16-20.08.40:461][  0]LogD3D11RHI: Found D3D11 adapter 0: Intel(R) HD Graphics 520 (Feature Level 11_0)
[2016.02.16-20.08.40:461][  0]LogD3D11RHI: Adapter has 128MB of dedicated video memory, 0MB of dedicated system memory, and 3993MB of shared system memory, 1 output[s]
[2016.02.16-20.08.40:463][  0]LogD3D11RHI: Found D3D11 adapter 1: Microsoft Basic Render Driver (Feature Level 11_0)
[2016.02.16-20.08.40:463][  0]LogD3D11RHI: Adapter has 0MB of dedicated video memory, 0MB of dedicated system memory, and 3993MB of shared system memory, 0 output[s]
[2016.02.16-20.08.40:463][  0]LogD3D11RHI: Chosen D3D11 Adapter Id = 0
[2016.02.16-20.08.40:473][  0]LogD3D11RHI: !Direct3DDevice
[2016.02.16-20.08.40:473][  0]LogRHI: Texture pool is 1361 MB (70% of 1945 MB)
[2016.02.16-20.08.40:479][  0]LogD3D11RHI: Async texture creation enabled
[2016.02.16-20.08.40:487][  0]LogShaderCompilers: Guid format shader working directory is 15 characters bigger than the processId version (../../../../../../Users/Shaun/Desktop/Unreal Files/CGT445CardinalKings/Cardinal_Kings1/Intermediate/Shaders/WorkingDirectory/7848/).
[2016.02.16-20.08.40:488][  0]LogShaderCompilers: Cleaned the shader compiler working directory '../../../../../../Users/Shaun/Desktop/Unreal Files/CGT445CardinalKings/Cardinal_Kings1/Intermediate/Shaders/tmp/BF5714F749F58559EFD852AC9FD54FD7/'.
[2016.02.16-20.08.40:488][  0]LogShaderCompilers:Display: Using Local Shader Compiler.
[2016.02.16-20.08.43:395][  0]LogTemp:Display: Loaded TP AllDesktopTargetPlatform
[2016.02.16-20.08.43:409][  0]LogTemp:Display: Loaded TP WindowsClientTargetPlatform
[2016.02.16-20.08.43:421][  0]LogTemp:Display: Loaded TP WindowsNoEditorTargetPlatform
[2016.02.16-20.08.43:433][  0]LogTemp:Display: Loaded TP WindowsServerTargetPlatform
[2016.02.16-20.08.43:444][  0]LogTemp:Display: Loaded TP WindowsTargetPlatform
[2016.02.16-20.08.43:452][  0]LogTemp:Display: Loaded TP AndroidTargetPlatform
[2016.02.16-20.08.43:463][  0]LogTemp:Display: Loaded TP Android_ASTCTargetPlatform
[2016.02.16-20.08.43:474][  0]LogTemp:Display: Loaded TP Android_ATCTargetPlatform
[2016.02.16-20.08.43:480][  0]LogTemp:Display: Loaded TP Android_DXTTargetPlatform
[2016.02.16-20.08.43:493][  0]LogTemp:Display: Loaded TP Android_ETC1TargetPlatform
[2016.02.16-20.08.43:502][  0]LogTemp:Display: Loaded TP Android_ETC2TargetPlatform
[2016.02.16-20.08.43:510][  0]LogTemp:Display: Loaded TP Android_PVRTCTargetPlatform
[2016.02.16-20.08.43:512][  0]LogTemp:Display: Loaded TP HTML5TargetPlatform
[2016.02.16-20.08.43:543][  0]LogTemp:Display: Loaded TP IOSTargetPlatform
[2016.02.16-20.08.43:549][  0]LogTemp:Display: Loaded TP LinuxNoEditorTargetPlatform
[2016.02.16-20.08.43:560][  0]LogTemp:Display: Loaded TP LinuxServerTargetPlatform
[2016.02.16-20.08.43:569][  0]LogTemp:Display: Loaded TP LinuxTargetPlatform
[2016.02.16-20.08.43:569][  0]LogTargetPlatformManager:Display: Building Assets For Windows
[2016.02.16-20.08.43:792][  0]LogDerivedDataCache:Display: Max Cache Size: 512 MB
[2016.02.16-20.08.44:411][  0]LogDerivedDataCache: Loaded boot cache 0.62s 41MB C:/Users/Shaun/AppData/Local/UnrealEngine/4.9/DerivedDataCache/Boot.ddc.
[2016.02.16-20.08.44:411][  0]LogDerivedDataCache:Display: Loaded Boot cache: C:/Users/Shaun/AppData/Local/UnrealEngine/4.9/DerivedDataCache/Boot.ddc
[2016.02.16-20.08.44:425][  0]LogDerivedDataCache: FDerivedDataBackendGraph:  Pak pak cache file ../../../../../../Users/Shaun/Desktop/Unreal Files/CGT445CardinalKings/Cardinal_Kings1/DerivedDataCache/DDC.ddp not found, will not use a pak cache.
[2016.02.16-20.08.44:425][  0]LogDerivedDataCache: Unable to find inner node Pak for hierarchical cache Hierarchy.
[2016.02.16-20.08.44:426][  0]LogDerivedDataCache: FDerivedDataBackendGraph:  CompressedPak pak cache file ../../../../../../Users/Shaun/Desktop/Unreal Files/CGT445CardinalKings/Cardinal_Kings1/DerivedDataCache/Compressed.ddp not found, will not use a pak cache.
[2016.02.16-20.08.44:426][  0]LogDerivedDataCache: Unable to find inner node CompressedPak for hierarchical cache Hierarchy.
[2016.02.16-20.08.44:746][  0]LogDerivedDataCache:Display: Pak cache opened for reading ../../../Engine/DerivedDataCache/Compressed.ddp.
[2016.02.16-20.08.44:799][  0]LogDerivedDataCache: Using Local data cache path C:/Users/Shaun/AppData/Local/UnrealEngine/Common/DerivedDataCache: Writable
[2016.02.16-20.08.55:830][  0]LogInit: Selected Device Profile: [Windows]
[2016.02.16-20.08.56:036][  0]LogContentStreaming: Texture pool size is 0.000000MB
[2016.02.16-20.08.58:751][  0]LogMeshUtilities: No automatic mesh reduction module available
[2016.02.16-20.08.58:751][  0]LogMeshUtilities: No automatic mesh merging module available
[2016.02.16-20.09.05:024][  0]LogInit: WinSock: version 1.1 (2.2), MaxSocks=32767, MaxUdp=65467
[2016.02.16-20.09.39:139][  0]UdpMessaging: Initializing bridge on interface 0.0.0.0:0 to multicast group 230.0.0.1:6666.
[2016.02.16-20.09.40:248][  0]LogAssetRegistry: FAssetRegistry took 0.0150 seconds to start up
[2016.02.16-20.09.47:573][  0]SourceControl: Info Source control is disabled
[2016.02.16-20.09.47:646][  0]SourceControl: Info Source control is disabled
[2016.02.16-20.09.47:742][  0]SourceControl: Info Source control is disabled
[2016.02.16-20.09.47:822][  0]SourceControl: Info Source control is disabled
[2016.02.16-20.09.49:086][  0]LogLinker:Warning: Asset '../../../Engine/Plugins/Runtime/LeapMotionController/Content/LM_PassthroughMaterial.uasset' has been saved with empty engine version. The asset will be loaded but may be incompatible.
[2016.02.16-20.09.50:718][  0]LogObj: 28361 objects as part of root set at end of initial load.
[2016.02.16-20.09.50:718][  0]LogUObjectAllocator: 6038864 out of 0 bytes used by permanent object pool.
[2016.02.16-20.09.52:570][  0]LogEngine: Initializing Engine...
[2016.02.16-20.09.52:662][  0]LogHMD: Can't find Oculus library dev build: is proper Runtime installed? Version: 0.7.0.0
[2016.02.16-20.09.52:734][  0]LogHMD: SteamVR failed to initialize.  Err: 110
[2016.02.16-20.09.54:441][  0]LogAIModule: Creating AISystem for world NewWorld
[2016.02.16-20.09.55:103][  0]LogInit: XAudio2 using 'Speakers (Realtek High Definition Audio)' : 2 channels at 48 kHz using 32 bits per sample (channel mask 0x3)
[2016.02.16-20.09.55:205][  0]LogInit: FAudioDevice initialized.
[2016.02.16-20.09.55:211][  0]LogDerivedDataCache:Error: Could not save memory cache C:/Users/Shaun/AppData/Local/UnrealEngine/4.9/DerivedDataCache/Boot.ddc.
[2016.02.16-20.09.55:544][  0]LogInit: Texture streaming: Enabled
[2016.02.16-20.09.55:755][  0]LogAnalytics: Creating configured Analytics provider AnalyticsET
[2016.02.16-20.09.55:773][  0]LogAnalytics: [UEEditor.Rocket.Release] APIServer = http://et2.epicgames.com/ET2/. AppVersion = 4.9.2-2707645+++depot+UE4-Releases+4.9
[2016.02.16-20.09.55:774][  0]LogAnalytics: [UEEditor.Rocket.Release] SetUserId f6705783460c350a5f8c7aa2db56437e|0c7ed39155914bdd9dfaebe7213c2bfb|bf442abf-a0db-466a-a220-ac4ca1b74ed3
[2016.02.16-20.09.55:779][  0]LogAnalytics: [UEEditor.Rocket.Release] AnalyticsET::StartSession
[2016.02.16-20.09.56:452][  0]LogInit: Transaction tracking system initialized
[2016.02.16-20.09.58:202][  0]BlueprintLog: New page: Editor Load
[2016.02.16-20.10.07:368][  0]LocalizationService: Info Localization service is disabled
[2016.02.16-20.10.08:501][  0]LogConsoleResponse:Display: 
[2016.02.16-20.10.14:872][  0]LogFileCache: Scanning file cache for directory 'C:/Users/Shaun/Desktop/Unreal Files/CGT445CardinalKings/Cardinal_Kings1/Content/' took 0.06s
[2016.02.16-20.10.14:872][  0]LogCook:Display: Done creating registry. It took  0.00s.
[2016.02.16-20.10.21:018][  0]SourceControl: Info Source control is disabled
[2016.02.16-20.10.21:286][  0]Cmd: MAP LOAD FILE="../../../../../../Users/Shaun/Desktop/Unreal Files/CGT445CardinalKings/Cardinal_Kings1/Content/Cardinal_Kings1.umap" TEMPLATE=0 SHOWPROGRESS=1 FEATURELEVEL=3
[2016.02.16-20.10.21:511][  0]LightingResults: New page: Lighting Build
[2016.02.16-20.10.22:122][  0]MapCheck: New page: Map Check
[2016.02.16-20.10.22:123][  0]LightingResults: New page: Lighting Build
[2016.02.16-20.10.23:379][  0]LogParticles: Destroying 0 GPU particle simulations for FXSystem 0x000000F7DAF6E160
[2016.02.16-20.10.30:345][  0]LogAIModule: Creating AISystem for world Cardinal_Kings1
[2016.02.16-20.10.31:656][  0]LogEditorServer: Finished looking for orphan Actors (0.000 secs)
[2016.02.16-20.10.31:834][  0]Cmd: MAP CHECKDEP NOCLEARLOG
[2016.02.16-20.10.32:200][  0]MapCheck: Info Map check complete: 0 Error(s), 0 Warning(s), took 364.714ms to complete.
[2016.02.16-20.10.32:222][  0]LogFileHelpers: Loading map 'Cardinal_Kings1' took 11.057
[2016.02.16-20.10.37:589][  0]LogCollectionManager: Loaded 0 collections in 0.024129 seconds
[2016.02.16-20.10.37:846][  0]LogFileCache: Scanning file cache for directory 'C:/Users/Shaun/Desktop/Unreal Files/CGT445CardinalKings/Cardinal_Kings1/Saved/Collections/' took 0.01s
[2016.02.16-20.10.37:846][  0]LogFileCache: Scanning file cache for directory 'C:/Users/Shaun/Desktop/Unreal Files/CGT445CardinalKings/Cardinal_Kings1/Content/Developers/Shaun/Collections/' took 0.01s
[2016.02.16-20.10.37:846][  0]LogFileCache: Scanning file cache for directory 'C:/Users/Shaun/Desktop/Unreal Files/CGT445CardinalKings/Cardinal_Kings1/Content/Collections/' took 0.01s
[2016.02.16-20.10.37:846][  0]LogContentBrowser: Native class hierarchy populated in 0.0827 seconds. Added 1867 classes and 333 folders.
[2016.02.16-20.10.38:067][  0]LogCollectionManager: Rebuilt the GUID cache for 0 collections in 0.000010 seconds
[2016.02.16-20.10.38:245][  0]LogContentBrowser: Native class hierarchy updated for 'WidgetCarousel' in 0.0019 seconds. Added 0 classes and 0 folders.
[2016.02.16-20.10.42:866][  0]LogContentBrowser: Native class hierarchy updated for 'AddContentDialog' in 0.0013 seconds. Added 0 classes and 0 folders.
[2016.02.16-20.10.43:092][  0]LogContentBrowser: Native class hierarchy updated for 'SceneOutliner' in 0.0035 seconds. Added 1 classes and 2 folders.
[2016.02.16-20.10.45:471][  0]LogCrashTracker: Crashtracker disabled due to settings.
[2016.02.16-20.10.45:646][  0]LogUObjectGlobals:Warning: Failed to find object 'Class None.'
[2016.02.16-20.10.45:809][  0]LogLoad: Full Startup: 129.77 seconds (BP compile: 1.36 seconds)
[2016.02.16-20.10.47:646][  0]LogContentStreaming: Texture pool size now 1000 MB
[2016.02.16-20.10.49:334][  0]LogRenderer: Reallocating scene render targets to support 896x488 (Frame:2).
[2016.02.16-20.10.55:622][ 10]LogAssetRegistry: Asset discovery search completed in 75.3874 seconds
[2016.02.16-20.10.55:623][ 10]LogCollectionManager: Rebuilt the object cache for 0 collections in 0.000004 seconds (found 0 objects)
[2016.02.16-20.10.55:623][ 10]LogCollectionManager: Fixed up redirectors for 0 collections in 0.000129 seconds (updated 0 objects)
[2016.02.16-20.11.26:148][989]LogEditorViewport: Clicking on Actor (context menu): PaperSpriteActor (2DBackground_Sprite3)
[2016.02.16-20.11.42:665][765]LogEditorViewport: Clicking on Actor (LMB): PlayerStart (PlayerStart)
[2016.02.16-20.11.46:641][959]LogNavigationPoint: PostEditMove Clear paths rebuilt
[2016.02.16-20.11.49:946][129]LogNavigationPoint: PostEditMove Clear paths rebuilt
[2016.02.16-20.11.51:584][193]LogNavigationPoint: PostEditMove Clear paths rebuilt
[2016.02.16-20.11.53:010][252]LogNavigationPoint: PostEditMove Clear paths rebuilt
[2016.02.16-20.11.54:641][338]LogEditorViewport: Clicking Background
[2016.02.16-20.11.56:282][428]LogEditorViewport: Clicking on Actor (LMB): PlayerStart (PlayerStart)
[2016.02.16-20.12.02:370][621]LogNavigationPoint: PostEditMove Clear paths rebuilt
[2016.02.16-20.12.08:475][916]LogNavigationPoint: PostEditMove Clear paths rebuilt
[2016.02.16-20.12.10:363][ 18]LogBlueprintUserMessages: Early PlayInEditor Detection: Level '/Game/Cardinal_Kings1.Cardinal_Kings1:PersistentLevel' has LevelScriptBlueprint '/Game/Cardinal_Kings1.Cardinal_Kings1:PersistentLevel.Cardinal_Kings1' with GeneratedClass '/Game/Cardinal_Kings1.Cardinal_Kings1_C' with ClassGeneratedBy '/Game/Cardinal_Kings1.Cardinal_Kings1:PersistentLevel.Cardinal_Kings1'
[2016.02.16-20.12.10:363][ 18]LogPlayLevel: PlayLevel: No blueprints needed recompiling
[2016.02.16-20.12.10:364][ 18]PIE: New page: PIE session: Cardinal_Kings1 (Feb 16, 2016, 10:12:10 AM)
[2016.02.16-20.12.10:364][ 18]LogPlayLevel: Creating play world package: /Game/UEDPIE_0_Cardinal_Kings1
[2016.02.16-20.12.10:394][ 18]LogPlayLevel: PIE: StaticDuplicateObject took: (0.030585s)
[2016.02.16-20.12.10:395][ 18]LogAIModule: Creating AISystem for world Cardinal_Kings1
[2016.02.16-20.12.10:395][ 18]LogPlayLevel: PIE: World Init took: (0.000963s)
[2016.02.16-20.12.10:396][ 18]LogPlayLevel: PIE: Created PIE world by copying editor world from /Game/Cardinal_Kings1.Cardinal_Kings1 to /Game/UEDPIE_0_Cardinal_Kings1.Cardinal_Kings1 (0.032061s)
[2016.02.16-20.12.10:431][ 18]LogInit: XAudio2 using 'Speakers (Realtek High Definition Audio)' : 2 channels at 48 kHz using 32 bits per sample (channel mask 0x3)
[2016.02.16-20.12.10:441][ 18]LogInit: FAudioDevice initialized.
[2016.02.16-20.12.10:688][ 18]LogWorld: Game class is 'PaperGameMode_C'
[2016.02.16-20.12.11:016][ 18]LogWorld: Bringing World /Game/UEDPIE_0_Cardinal_Kings1.Cardinal_Kings1 up for play (max tick rate 60) at 2016.02.16-15.12.11
[2016.02.16-20.12.11:016][ 18]LogActor:Warning: GameSession /Game/UEDPIE_0_Cardinal_Kings1.Cardinal_Kings1:PersistentLevel.GameSession_0 has natively added scene component(s), but none of them were set as the actor's RootComponent - picking one arbitrarily
[2016.02.16-20.12.11:018][ 18]LogActor:Warning: GameNetworkManager /Game/UEDPIE_0_Cardinal_Kings1.Cardinal_Kings1:PersistentLevel.GameNetworkManager_0 has natively added scene component(s), but none of them were set as the actor's RootComponent - picking one arbitrarily
[2016.02.16-20.12.11:032][ 18]LogWorld: Bringing up level for play took: 0.337119
[2016.02.16-20.12.11:074][ 18]PIE: Info Play in editor start time for /Game/UEDPIE_0_Cardinal_Kings1 1.133
[2016.02.16-20.12.11:075][ 18]LogBlueprintUserMessages: Late PlayInEditor Detection: Level '/Game/Cardinal_Kings1.Cardinal_Kings1:PersistentLevel' has LevelScriptBlueprint '/Game/Cardinal_Kings1.Cardinal_Kings1:PersistentLevel.Cardinal_Kings1' with GeneratedClass '/Game/Cardinal_Kings1.Cardinal_Kings1_C' with ClassGeneratedBy '/Game/Cardinal_Kings1.Cardinal_Kings1:PersistentLevel.Cardinal_Kings1'
[2016.02.16-20.12.25:962][510]LogBlueprintUserMessages: Early EndPlayMap Detection: Level '/Game/Cardinal_Kings1.Cardinal_Kings1:PersistentLevel' has LevelScriptBlueprint '/Game/Cardinal_Kings1.Cardinal_Kings1:PersistentLevel.Cardinal_Kings1' with GeneratedClass '/Game/Cardinal_Kings1.Cardinal_Kings1_C' with ClassGeneratedBy '/Game/Cardinal_Kings1.Cardinal_Kings1:PersistentLevel.Cardinal_Kings1'
[2016.02.16-20.12.26:144][510]LogBlueprintUserMessages: Late EndPlayMap Detection: Level '/Game/Cardinal_Kings1.Cardinal_Kings1:PersistentLevel' has LevelScriptBlueprint '/Game/Cardinal_Kings1.Cardinal_Kings1:PersistentLevel.Cardinal_Kings1' with GeneratedClass '/Game/Cardinal_Kings1.Cardinal_Kings1_C' with ClassGeneratedBy '/Game/Cardinal_Kings1.Cardinal_Kings1:PersistentLevel.Cardinal_Kings1'
[2016.02.16-20.12.26:178][510]LogParticles: Destroying 0 GPU particle simulations for FXSystem 0x000000F7F7F72520
[2016.02.16-20.12.36:742][985]LogEditorViewport: Clicking on Actor (LMB): PaperSpriteActor (Bottom_Border3)
[2016.02.16-20.12.40:324][175]LogEditorViewport: Clicking Background
[2016.02.16-20.12.43:999][356]LogEditorViewport: Clicking Background
[2016.02.16-20.12.46:862][505]LogEditorViewport: Clicking on Actor (LMB): PaperSpriteActor (Bottom_Border4)
[2016.02.16-20.13.16:572][522]LogEditorViewport: Clicking on Actor (LMB): PaperSpriteActor (Bottom_Border5)
[2016.02.16-20.13.26:761][888]LogEditorViewport: Clicking on Actor (LMB): PaperSpriteActor (Bottom_Border6)
[2016.02.16-20.13.32:077][ 25]LogEditorViewport: Clicking Background
[2016.02.16-20.13.32:882][ 71]LogEditorViewport: Clicking Background
[2016.02.16-20.13.35:884][206]LogEditorViewport: Clicking on Actor (double click): PaperSpriteActor (Bottom_Border7)
[2016.02.16-20.13.43:650][586]LogEditorViewport: Clicking Background
[2016.02.16-20.13.55:237][142]LogEditorViewport: Clicking on Actor (LMB): PaperSpriteActor (Top_Border59)
[2016.02.16-20.14.02:076][327]LogEditorViewport: Clicking Background
[2016.02.16-20.14.05:502][494]LogEditorViewport: Clicking on Actor (LMB): PaperSpriteActor (Top_Border5)
[2016.02.16-20.14.12:404][860]LogEditorViewport: Clicking Background
[2016.02.16-20.14.15:429][  5]LogEditorViewport: Clicking Background
[2016.02.16-20.14.15:486][  5]LogEditorViewport: Clicking Background
[2016.02.16-20.14.19:306][189]LogBlueprintUserMessages: Early PlayInEditor Detection: Level '/Game/Cardinal_Kings1.Cardinal_Kings1:PersistentLevel' has LevelScriptBlueprint '/Game/Cardinal_Kings1.Cardinal_Kings1:PersistentLevel.Cardinal_Kings1' with GeneratedClass '/Game/Cardinal_Kings1.Cardinal_Kings1_C' with ClassGeneratedBy '/Game/Cardinal_Kings1.Cardinal_Kings1:PersistentLevel.Cardinal_Kings1'
[2016.02.16-20.14.19:306][189]LogPlayLevel: PlayLevel: No blueprints needed recompiling
[2016.02.16-20.14.19:306][189]PIE: New page: PIE session: Cardinal_Kings1 (Feb 16, 2016, 10:14:19 AM)
[2016.02.16-20.14.19:306][189]LogPlayLevel: Creating play world package: /Game/UEDPIE_0_Cardinal_Kings1
[2016.02.16-20.14.19:335][189]LogPlayLevel: PIE: StaticDuplicateObject took: (0.028954s)
[2016.02.16-20.14.19:336][189]LogAIModule: Creating AISystem for world Cardinal_Kings1
[2016.02.16-20.14.19:336][189]LogPlayLevel: PIE: World Init took: (0.001028s)
[2016.02.16-20.14.19:337][189]LogPlayLevel: PIE: Created PIE world by copying editor world from /Game/Cardinal_Kings1.Cardinal_Kings1 to /Game/UEDPIE_0_Cardinal_Kings1.Cardinal_Kings1 (0.030377s)
[2016.02.16-20.14.19:365][189]LogInit: XAudio2 using 'Speakers (Realtek High Definition Audio)' : 2 channels at 48 kHz using 32 bits per sample (channel mask 0x3)
[2016.02.16-20.14.19:375][189]LogInit: FAudioDevice initialized.
[2016.02.16-20.14.19:412][189]LogWorld: Game class is 'PaperGameMode_C'
[2016.02.16-20.14.19:495][189]LogWorld: Bringing World /Game/UEDPIE_0_Cardinal_Kings1.Cardinal_Kings1 up for play (max tick rate 60) at 2016.02.16-15.14.19
[2016.02.16-20.14.19:495][189]LogActor:Warning: GameSession /Game/UEDPIE_0_Cardinal_Kings1.Cardinal_Kings1:PersistentLevel.GameSession_1 has natively added scene component(s), but none of them were set as the actor's RootComponent - picking one arbitrarily
[2016.02.16-20.14.19:496][189]LogActor:Warning: GameNetworkManager /Game/UEDPIE_0_Cardinal_Kings1.Cardinal_Kings1:PersistentLevel.GameNetworkManager_1 has natively added scene component(s), but none of them were set as the actor's RootComponent - picking one arbitrarily
[2016.02.16-20.14.19:500][189]LogWorld: Bringing up level for play took: 0.085841
[2016.02.16-20.14.19:504][189]PIE: Info Play in editor start time for /Game/UEDPIE_0_Cardinal_Kings1 -0.437
[2016.02.16-20.14.19:504][189]LogBlueprintUserMessages: Late PlayInEditor Detection: Level '/Game/Cardinal_Kings1.Cardinal_Kings1:PersistentLevel' has LevelScriptBlueprint '/Game/Cardinal_Kings1.Cardinal_Kings1:PersistentLevel.Cardinal_Kings1' with GeneratedClass '/Game/Cardinal_Kings1.Cardinal_Kings1_C' with ClassGeneratedBy '/Game/Cardinal_Kings1.Cardinal_Kings1:PersistentLevel.Cardinal_Kings1'
[2016.02.16-20.15.23:108][486]LogBlueprintUserMessages: Early EndPlayMap Detection: Level '/Game/Cardinal_Kings1.Cardinal_Kings1:PersistentLevel' has LevelScriptBlueprint '/Game/Cardinal_Kings1.Cardinal_Kings1:PersistentLevel.Cardinal_Kings1' with GeneratedClass '/Game/Cardinal_Kings1.Cardinal_Kings1_C' with ClassGeneratedBy '/Game/Cardinal_Kings1.Cardinal_Kings1:PersistentLevel.Cardinal_Kings1'
[2016.02.16-20.15.23:159][486]LogBlueprintUserMessages: Late EndPlayMap Detection: Level '/Game/Cardinal_Kings1.Cardinal_Kings1:PersistentLevel' has LevelScriptBlueprint '/Game/Cardinal_Kings1.Cardinal_Kings1:PersistentLevel.Cardinal_Kings1' with GeneratedClass '/Game/Cardinal_Kings1.Cardinal_Kings1_C' with ClassGeneratedBy '/Game/Cardinal_Kings1.Cardinal_Kings1:PersistentLevel.Cardinal_Kings1'
[2016.02.16-20.15.23:220][486]LogParticles: Destroying 0 GPU particle simulations for FXSystem 0x000000F7CA44EAC0
[2016.02.16-20.15.25:615][566]LogSavePackage: Save=698.311096ms
[2016.02.16-20.15.25:615][566]LogSavePackage: Moving '../../../../../../Users/Shaun/Desktop/Unreal Files/CGT445CardinalKings/Cardinal_Kings1/Saved/Cardinal_Kings146851B6241007D52FB6E22897D887B0E.tmp' to '../../../../../../Users/Shaun/Desktop/Unreal Files/CGT445CardinalKings/Cardinal_Kings1/Content/Cardinal_Kings1.umap'
[2016.02.16-20.15.25:623][566]LogSavePackage: Tot