[2016.02.10-22.40.43:601][  0]Log file open, 02/10/16 17:40:43
[2016.02.10-22.40.43:601][  0]LogInit:Display: Running engine for game: Cardinal_Kings
[2016.02.10-22.40.43:601][  0]LogInit:Display: RandInit(-217623141) SRandInit(-217623141).
[2016.02.10-22.40.43:601][  0]LogTaskGraph: Started task graph with 4 named threads and 5 total threads.
[2016.02.10-22.40.43:601][  0]LogStats: Stats thread started at 2.819413
[2016.02.10-22.40.43:601][  0]LogInit: Version: 4.9.2-2707645+++depot+UE4-Releases+4.9
[2016.02.10-22.40.43:601][  0]LogInit: API Version: 2672455
[2016.02.10-22.40.43:601][  0]LogInit: Compiled (64-bit): Sep 28 2015 10:25:44
[2016.02.10-22.40.43:601][  0]LogInit: Compiled with Visual C++: 18.00.21005.01
[2016.02.10-22.40.43:601][  0]LogInit: Build Configuration: Development
[2016.02.10-22.40.43:601][  0]LogInit: Branch Name: ++depot+UE4-Releases+4.9
[2016.02.10-22.40.43:601][  0]LogInit: Command line:  
[2016.02.10-22.40.43:601][  0]LogInit: Base directory: C:/Program Files/Epic Games/4.9/Engine/Binaries/Win64/
[2016.02.10-22.40.43:601][  0]LogInit: Rocket: 1
[2016.02.10-22.40.43:745][  0]LogInit: Using libcurl 7.41.0
[2016.02.10-22.40.43:745][  0]LogInit:  - built for x86_64-pc-win32
[2016.02.10-22.40.43:745][  0]LogInit:  - supports SSL with WinSSL
[2016.02.10-22.40.43:745][  0]LogInit:  - other features:
[2016.02.10-22.40.43:745][  0]LogInit:      CURL_VERSION_SSL
[2016.02.10-22.40.43:745][  0]LogInit:      CURL_VERSION_IPV6
[2016.02.10-22.40.43:745][  0]LogInit:      CURL_VERSION_ASYNCHDNS
[2016.02.10-22.40.43:745][  0]LogInit:      CURL_VERSION_LARGEFILE
[2016.02.10-22.40.43:745][  0]LogInit:      CURL_VERSION_IDN
[2016.02.10-22.40.43:745][  0]LogInit:  CurlRequestOptions (configurable via config and command line):
[2016.02.10-22.40.43:745][  0]LogInit:  - bVerifyPeer = true  - Libcurl will verify peer certificate
[2016.02.10-22.40.43:745][  0]LogInit:  - bUseHttpProxy = false  - Libcurl will NOT use HTTP proxy
[2016.02.10-22.40.43:745][  0]LogInit:  - bDontReuseConnections = false  - Libcurl will reuse connections
[2016.02.10-22.40.43:746][  0]LogInit:  - CertBundlePath = nullptr  - Libcurl will use whatever was configured at build time.
[2016.02.10-22.40.43:873][  0]LogInit: Presizing for 0 objects not considered by GC, pre-allocating 0 bytes.
[2016.02.10-22.40.44:399][  0]LogInit: Object subsystem initialized
[2016.02.10-22.40.45:252][  0]LogInit: Selected Device Profile: [Windows]
[2016.02.10-22.40.45:252][  0]LogInit: Applying CVar settings loaded from the selected device profile: [Windows]
[2016.02.10-22.40.45:488][  0]LogInit: Computer: FOU
[2016.02.10-22.40.45:489][  0]LogInit: User: stupid
[2016.02.10-22.40.45:489][  0]LogInit: CPU Page size=4096, Cores=2
[2016.02.10-22.40.45:520][  0]LogInit: High frequency timer resolution =2.338447 MHz
[2016.02.10-22.40.45:539][  0]LogMemory: Memory total: Physical=7.9GB (8GB approx)
[2016.02.10-22.40.45:539][  0]LogMemory: Platform Memory Stats for Windows
[2016.02.10-22.40.45:539][  0]LogMemory: Process Physical Memory: 54.02 MB used, 54.02 MB peak
[2016.02.10-22.40.45:539][  0]LogMemory: Process Virtual Memory: 57.13 MB used, 57.13 MB peak
[2016.02.10-22.40.45:539][  0]LogMemory: Physical Memory: 4473.85 MB used, 8039.41 MB total
[2016.02.10-22.40.45:539][  0]LogMemory: Virtual Memory: 369.48 MB used, 134217728.00 MB total
[2016.02.10-22.40.46:946][  0]LogTextLocalizationManager: No specific translations for ('en-US') exist, so ('en') translations will be used.
[2016.02.10-22.40.49:117][  0]LogD3D11RHI: Found D3D11 adapter 0: Intel(R) HD Graphics 4000 (Feature Level 11_0)
[2016.02.10-22.40.49:117][  0]LogD3D11RHI: Adapter has 32MB of dedicated video memory, 0MB of dedicated system memory, and 1760MB of shared system memory, 1 output[s]
[2016.02.10-22.40.49:120][  0]LogD3D11RHI: Found D3D11 adapter 1: Microsoft Basic Render Driver (Feature Level 11_0)
[2016.02.10-22.40.49:120][  0]LogD3D11RHI: Adapter has 0MB of dedicated video memory, 0MB of dedicated system memory, and 4019MB of shared system memory, 0 output[s]
[2016.02.10-22.40.49:120][  0]LogD3D11RHI: Chosen D3D11 Adapter Id = 0
[2016.02.10-22.40.49:129][  0]LogD3D11RHI: !Direct3DDevice
[2016.02.10-22.40.49:152][  0]LogRHI: Texture pool is 638 MB (70% of 912 MB)
[2016.02.10-22.40.49:157][  0]LogD3D11RHI: Async texture creation enabled
[2016.02.10-22.40.50:219][  0]LogShaderCompilers: Guid format shader working directory is 15 characters bigger than the processId version (../../../../../../Users/stupid/Desktop/CGT445CardinalKings/Cardinal_Kings1/Intermediate/Shaders/WorkingDirectory/4416/).
[2016.02.10-22.40.50:219][  0]LogShaderCompilers: Cleaned the shader compiler working directory '../../../../../../Users/stupid/Desktop/CGT445CardinalKings/Cardinal_Kings1/Intermediate/Shaders/tmp/51D2762841875257D2D9F19D9BB208D6/'.
[2016.02.10-22.40.50:230][  0]LogShaderCompilers:Display: Using Local Shader Compiler.
[2016.02.10-22.40.55:803][  0]LogTemp:Display: Loaded TP AllDesktopTargetPlatform
[2016.02.10-22.40.55:815][  0]LogTemp:Display: Loaded TP WindowsClientTargetPlatform
[2016.02.10-22.40.55:825][  0]LogTemp:Display: Loaded TP WindowsNoEditorTargetPlatform
[2016.02.10-22.40.55:835][  0]LogTemp:Display: Loaded TP WindowsServerTargetPlatform
[2016.02.10-22.40.55:844][  0]LogTemp:Display: Loaded TP WindowsTargetPlatform
[2016.02.10-22.40.55:851][  0]LogTemp:Display: Loaded TP AndroidTargetPlatform
[2016.02.10-22.40.55:857][  0]LogTemp:Display: Loaded TP Android_ASTCTargetPlatform
[2016.02.10-22.40.55:863][  0]LogTemp:Display: Loaded TP Android_ATCTargetPlatform
[2016.02.10-22.40.55:870][  0]LogTemp:Display: Loaded TP Android_DXTTargetPlatform
[2016.02.10-22.40.55:876][  0]LogTemp:Display: Loaded TP Android_ETC1TargetPlatform
[2016.02.10-22.40.55:881][  0]LogTemp:Display: Loaded TP Android_ETC2TargetPlatform
[2016.02.10-22.40.55:889][  0]LogTemp:Display: Loaded TP Android_PVRTCTargetPlatform
[2016.02.10-22.40.55:891][  0]LogTemp:Display: Loaded TP HTML5TargetPlatform
[2016.02.10-22.40.55:928][  0]LogTemp:Display: Loaded TP IOSTargetPlatform
[2016.02.10-22.40.55:934][  0]LogTemp:Display: Loaded TP LinuxNoEditorTargetPlatform
[2016.02.10-22.40.55:941][  0]LogTemp:Display: Loaded TP LinuxServerTargetPlatform
[2016.02.10-22.40.55:948][  0]LogTemp:Display: Loaded TP LinuxTargetPlatform
[2016.02.10-22.40.55:948][  0]LogTargetPlatformManager:Display: Building Assets For Windows
[2016.02.10-22.40.56:710][  0]LogDerivedDataCache:Display: Max Cache Size: 512 MB
[2016.02.10-22.40.59:765][  0]LogDerivedDataCache: Loaded boot cache 3.06s 41MB C:/Users/stupid/AppData/Local/UnrealEngine/4.9/DerivedDataCache/Boot.ddc.
[2016.02.10-22.40.59:765][  0]LogDerivedDataCache:Display: Loaded Boot cache: C:/Users/stupid/AppData/Local/UnrealEngine/4.9/DerivedDataCache/Boot.ddc
[2016.02.10-22.40.59:766][  0]LogDerivedDataCache: FDerivedDataBackendGraph:  Pak pak cache file ../../../../../../Users/stupid/Desktop/CGT445CardinalKings/Cardinal_Kings1/DerivedDataCache/DDC.ddp not found, will not use a pak cache.
[2016.02.10-22.40.59:766][  0]LogDerivedDataCache: Unable to find inner node Pak for hierarchical cache Hierarchy.
[2016.02.10-22.40.59:766][  0]LogDerivedDataCache: FDerivedDataBackendGraph:  CompressedPak pak cache file ../../../../../../Users/stupid/Desktop/CGT445CardinalKings/Cardinal_Kings1/DerivedDataCache/Compressed.ddp not found, will not use a pak cache.
[2016.02.10-22.40.59:766][  0]LogDerivedDataCache: Unable to find inner node CompressedPak for hierarchical cache Hierarchy.
[2016.02.10-22.41.00:199][  0]LogDerivedDataCache:Display: Pak cache opened for reading ../../../Engine/DerivedDataCache/Compressed.ddp.
[2016.02.10-22.41.00:211][  0]LogDerivedDataCache: Using Local data cache path C:/Users/stupid/AppData/Local/UnrealEngine/Common/DerivedDataCache: Writable
[2016.02.10-22.41.20:208][  0]LogInit: Selected Device Profile: [Windows]
[2016.02.10-22.41.21:000][  0]LogContentStreaming: Texture pool size is 0.000000MB
[2016.02.10-22.41.25:828][  0]LogMeshUtilities: No automatic mesh reduction module available
[2016.02.10-22.41.25:828][  0]LogMeshUtilities: No automatic mesh merging module available
[2016.02.10-22.41.37:643][  0]LogInit: WinSock: version 1.1 (2.2), MaxSocks=32767, MaxUdp=65467
[2016.02.10-22.42.18:095][  0]UdpMessaging: Initializing bridge on interface 0.0.0.0:0 to multicast group 230.0.0.1:6666.
[2016.02.10-22.42.19:652][  0]LogAssetRegistry: FAssetRegistry took 0.0130 seconds to start up
[2016.02.10-22.42.22:988][  0]SourceControl: Info Source control is disabled
[2016.02.10-22.42.23:084][  0]SourceControl: Info Source control is disabled
[2016.02.10-22.42.23:252][  0]SourceControl: Info Source control is disabled
[2016.02.10-22.42.23:291][  0]SourceControl: Info Source control is disabled
[2016.02.10-22.42.24:258][  0]LogLinker:Warning: Asset '../../../Engine/Plugins/Runtime/LeapMotionController/Content/LM_PassthroughMaterial.uasset' has been saved with empty engine version. The asset will be loaded but may be incompatible.
[2016.02.10-22.42.24:771][  0]LogObj: 28361 objects as part of root set at end of initial load.
[2016.02.10-22.42.24:771][  0]LogUObjectAllocator: 6038872 out of 0 bytes used by permanent object pool.
[2016.02.10-22.42.27:941][  0]LogAutomationTest:Warning: Smoke tests took > 1s to run: 1.72s
[2016.02.10-22.42.28:145][  0]LogEngine: Initializing Engine...
[2016.02.10-22.42.28:208][  0]LogHMD: Can't find Oculus library dev build: is proper Runtime installed? Version: 0.7.0.0
[2016.02.10-22.42.28:347][  0]LogHMD: SteamVR failed to initialize.  Err: 110
[2016.02.10-22.42.30:223][  0]LogAIModule: Creating AISystem for world NewWorld
[2016.02.10-22.42.31:108][  0]LogInit: XAudio2 using 'Speakers (High Definition Audio Device)' : 2 channels at 44.1 kHz using 16 bits per sample (channel mask 0x3)
[2016.02.10-22.42.31:175][  0]LogInit: FAudioDevice initialized.
[2016.02.10-22.42.31:212][  0]LogDerivedDataCache: Saved boot cache 0.04s 41MB C:/Users/stupid/AppData/Local/UnrealEngine/4.9/DerivedDataCache/Boot.ddc.
[2016.02.10-22.42.31:658][  0]LogInit: Texture streaming: Enabled
[2016.02.10-22.42.31:834][  0]LogAnalytics: Creating configured Analytics provider AnalyticsET
[2016.02.10-22.42.31:834][  0]LogAnalytics: [UEEditor.Rocket.Release] APIServer = http://et2.epicgames.com/ET2/. AppVersion = 4.9.2-2707645+++depot+UE4-Releases+4.9
[2016.02.10-22.42.31:834][  0]LogAnalytics: [UEEditor.Rocket.Release] SetUserId 5346a6b841e607caf762ab8537e3c84f|0c7ed39155914bdd9dfaebe7213c2bfb|f36b3f47-aa57-414e-ae7a-1d74e7e7136f
[2016.02.10-22.42.31:835][  0]LogAnalytics: [UEEditor.Rocket.Release] AnalyticsET::StartSession
[2016.02.10-22.42.33:989][  0]LogInit: Transaction tracking system initialized
[2016.02.10-22.42.45:242][  0]BlueprintLog: New page: Editor Load
[2016.02.10-22.43.00:530][  0]LocalizationService: Info Localization service is disabled
[2016.02.10-22.43.08:941][  0]LogConsoleResponse:Display: 
[2016.02.10-22.43.23:967][  0]LogFileCache: Scanning file cache for directory 'C:/Users/stupid/Desktop/CGT445CardinalKings/Cardinal_Kings1/Content/' took 0.02s
[2016.02.10-22.43.23:967][  0]LogCook:Display: Done creating registry. It took  0.00s.
[2016.02.10-22.43.28:356][  0]SourceControl: Info Source control is disabled
[2016.02.10-22.43.28:935][  0]Cmd: MAP LOAD FILE="../../../../../../Users/stupid/Desktop/CGT445CardinalKings/Cardinal_Kings1/Content/Cardinal_Kings1.umap" TEMPLATE=0 SHOWPROGRESS=1 FEATURELEVEL=3
[2016.02.10-22.43.29:653][  0]LightingResults: New page: Lighting Build
[2016.02.10-22.43.31:431][  0]MapCheck: New page: Map Check
[2016.02.10-22.43.31:431][  0]LightingResults: New page: Lighting Build
[2016.02.10-22.43.37:453][  0]LogParticles: Destroying 0 GPU particle simulations for FXSystem 0x0000019743146160
[2016.02.10-22.43.58:254][  0]LogAIModule: Creating AISystem for world Cardinal_Kings1
[2016.02.10-22.44.02:041][  0]LogEditorServer: Finished looking for orphan Actors (0.037 secs)
[2016.02.10-22.44.02:467][  0]Cmd: MAP CHECKDEP NOCLEARLOG
[2016.02.10-22.44.03:101][  0]MapCheck: Info Map check complete: 0 Error(s), 0 Warning(s), took 403.583ms to complete.
[2016.02.10-22.44.03:119][  0]LogFileHelpers: Loading map 'Cardinal_Kings1' took 34.694
[2016.02.10-22.44.13:567][  0]LogCollectionManager: Loaded 0 collections in 0.006943 seconds
[2016.02.10-22.44.13:923][  0]LogFileCache: Scanning file cache for directory 'C:/Users/stupid/Desktop/CGT445CardinalKings/Cardinal_Kings1/Saved/Collections/' took 0.01s
[2016.02.10-22.44.13:923][  0]LogFileCache: Scanning file cache for directory 'C:/Users/stupid/Desktop/CGT445CardinalKings/Cardinal_Kings1/Content/Developers/stupid/Collections/' took 0.01s
[2016.02.10-22.44.13:923][  0]LogFileCache: Scanning file cache for directory 'C:/Users/stupid/Desktop/CGT445CardinalKings/Cardinal_Kings1/Content/Collections/' took 0.01s
[2016.02.10-22.44.13:924][  0]LogContentBrowser: Native class hierarchy populated in 0.0588 seconds. Added 1867 classes and 333 folders.
[2016.02.10-22.44.14:286][  0]LogCollectionManager: Rebuilt the GUID cache for 0 collections in 0.000028 seconds
[2016.02.10-22.44.15:061][  0]LogContentBrowser: Native class hierarchy updated for 'WidgetCarousel' in 0.0009 seconds. Added 0 classes and 0 folders.
[2016.02.10-22.44.18:022][  0]LogContentBrowser: Native class hierarchy updated for 'AddContentDialog' in 0.0005 seconds. Added 0 classes and 0 folders.
[2016.02.10-22.44.18:352][  0]LogContentBrowser: Native class hierarchy updated for 'SceneOutliner' in 0.0005 seconds. Added 1 classes and 2 folders.
[2016.02.10-22.44.21:633][  0]LogCrashTracker: Crashtracker disabled due to settings.
[2016.02.10-22.44.22:393][  0]LogUObjectGlobals:Warning: Failed to find object 'Class None.'
[2016.02.10-22.44.22:627][  0]LogLoad: Full Startup: 225.53 seconds (BP compile: 6.47 seconds)
[2016.02.10-22.44.24:740][  0]LogContentStreaming: Texture pool size now 700 MB
[2016.02.10-22.44.27:798][  0]LogRenderer: Reallocating scene render targets to support 1228x564 (Frame:2).
[2016.02.10-22.44.36:173][ 11]LogAssetRegistry: Asset discovery search completed in 136.5320 seconds
[2016.02.10-22.44.36:273][ 11]LogCollectionManager: Rebuilt the object cache for 0 collections in 0.000002 seconds (found 0 objects)
[2016.02.10-22.44.36:340][ 11]LogCollectionManager: Fixed up redirectors for 0 collections in 0.099595 seconds (updated 0 objects)
[2016.02.10-22.44.53:551][ 59]LogSynthBenchmark:Display: FSynthBenchmark (V0.95):  requested WorkScale=1.00
[2016.02.10-22.44.53:551][ 59]LogSynthBenchmark:Display: ===============
[2016.02.10-22.44.53:551][ 59]LogSynthBenchmark:Display: Main Processor:
[2016.02.10-22.44.53:628][ 59]LogSynthBenchmark:Display:          ... 0.036824 s/Run 'RayIntersect'
[2016.02.10-22.44.53:628][ 59]LogSynthBenchmark:Display:          ... 0.040551 s/Run 'Fractal'
[2016.02.10-22.44.53:628][ 59]LogSynthBenchmark:Display: 
[2016.02.10-22.44.53:628][ 59]LogSynthBenchmark:Display:   CompiledTarget_x_Bits: 64
[2016.02.10-22.44.53:628][ 59]LogSynthBenchmark:Display:   UE_BUILD_SHIPPING: 0
[2016.02.10-22.44.53:628][ 59]LogSynthBenchmark:Display:   UE_BUILD_TEST: 0
[2016.02.10-22.44.53:628][ 59]LogSynthBenchmark:Display:   UE_BUILD_DEBUG: 0
[2016.02.10-22.44.53:628][ 59]LogSynthBenchmark:Display:   TotalPhysicalGBRam: 8
[2016.02.10-22.44.53:628][ 59]LogSynthBenchmark:Display:   NumberOfCores (physical): 2
[2016.02.10-22.44.53:628][ 59]LogSynthBenchmark:Display:   NumberOfCores (logical): 4
[2016.02.10-22.44.53:628][ 59]LogSynthBenchmark:Display:   CPU Perf Index 0: 69.5
[2016.02.10-22.44.53:628][ 59]LogSynthBenchmark:Display:   CPU Perf Index 1: 70.5
[2016.02.10-22.44.53:628][ 59]LogSynthBenchmark:Display:  
[2016.02.10-22.44.53:628][ 59]LogSynthBenchmark:Display: Graphics:
[2016.02.10-22.44.53:628][ 59]LogSynthBenchmark:Display:   Adapter Name: 'Intel(R) HD Graphics 4000'
[2016.02.10-22.44.53:628][ 59]LogSynthBenchmark:Display:   (On Optimus the name might be wrong, memory should be ok)
[2016.02.10-22.44.53:629][ 59]LogSynthBenchmark:Display:   Vendor Id: 0x8086
[2016.02.10-22.44.53:629][ 59]LogSynthBenchmark:Display:   GPU Memory: 32/0/1760 MB
[2016.02.10-22.44.53:629][ 59]LogSynthBenchmark:Display:   CPUIndex: 69.5
[2016.02.10-22.44.53:629][