[2016.02.11-14.04.44:175][  0]Log file open, 02/11/16 09:04:44
[2016.02.11-14.04.44:175][  0]LogInit:Display: Running engine for game: Cardinal_Kings
[2016.02.11-14.04.44:175][  0]LogInit:Display: RandInit(-1204042796) SRandInit(-1204042795).
[2016.02.11-14.04.44:175][  0]LogTaskGraph: Started task graph with 4 named threads and 5 total threads.
[2016.02.11-14.04.44:175][  0]LogStats: Stats thread started at 0.626226
[2016.02.11-14.04.44:175][  0]LogInit: Version: 4.9.2-2707645+++depot+UE4-Releases+4.9
[2016.02.11-14.04.44:175][  0]LogInit: API Version: 2672455
[2016.02.11-14.04.44:175][  0]LogInit: Compiled (64-bit): Sep 28 2015 10:25:44
[2016.02.11-14.04.44:175][  0]LogInit: Compiled with Visual C++: 18.00.21005.01
[2016.02.11-14.04.44:175][  0]LogInit: Build Configuration: Development
[2016.02.11-14.04.44:175][  0]LogInit: Branch Name: ++depot+UE4-Releases+4.9
[2016.02.11-14.04.44:175][  0]LogInit: Command line:  
[2016.02.11-14.04.44:175][  0]LogInit: Base directory: C:/Program Files/Epic Games/4.9/Engine/Binaries/Win64/
[2016.02.11-14.04.44:175][  0]LogInit: Rocket: 1
[2016.02.11-14.04.44:263][  0]LogInit: Using libcurl 7.41.0
[2016.02.11-14.04.44:263][  0]LogInit:  - built for x86_64-pc-win32
[2016.02.11-14.04.44:263][  0]LogInit:  - supports SSL with WinSSL
[2016.02.11-14.04.44:263][  0]LogInit:  - other features:
[2016.02.11-14.04.44:263][  0]LogInit:      CURL_VERSION_SSL
[2016.02.11-14.04.44:263][  0]LogInit:      CURL_VERSION_IPV6
[2016.02.11-14.04.44:263][  0]LogInit:      CURL_VERSION_ASYNCHDNS
[2016.02.11-14.04.44:263][  0]LogInit:      CURL_VERSION_LARGEFILE
[2016.02.11-14.04.44:263][  0]LogInit:      CURL_VERSION_IDN
[2016.02.11-14.04.44:264][  0]LogInit:  CurlRequestOptions (configurable via config and command line):
[2016.02.11-14.04.44:264][  0]LogInit:  - bVerifyPeer = true  - Libcurl will verify peer certificate
[2016.02.11-14.04.44:264][  0]LogInit:  - bUseHttpProxy = false  - Libcurl will NOT use HTTP proxy
[2016.02.11-14.04.44:264][  0]LogInit:  - bDontReuseConnections = false  - Libcurl will reuse connections
[2016.02.11-14.04.44:264][  0]LogInit:  - CertBundlePath = nullptr  - Libcurl will use whatever was configured at build time.
[2016.02.11-14.04.44:280][  0]LogInit: Presizing for 0 objects not considered by GC, pre-allocating 0 bytes.
[2016.02.11-14.04.44:295][  0]LogInit: Object subsystem initialized
[2016.02.11-14.04.44:298][  0]LogInit: Selected Device Profile: [Windows]
[2016.02.11-14.04.44:298][  0]LogInit: Applying CVar settings loaded from the selected device profile: [Windows]
[2016.02.11-14.04.44:311][  0]LogInit: Computer: FOU
[2016.02.11-14.04.44:311][  0]LogInit: User: stupid
[2016.02.11-14.04.44:311][  0]LogInit: CPU Page size=4096, Cores=2
[2016.02.11-14.04.44:311][  0]LogInit: High frequency timer resolution =2.338447 MHz
[2016.02.11-14.04.44:311][  0]LogMemory: Memory total: Physical=7.9GB (8GB approx)
[2016.02.11-14.04.44:311][  0]LogMemory: Platform Memory Stats for Windows
[2016.02.11-14.04.44:311][  0]LogMemory: Process Physical Memory: 53.89 MB used, 53.89 MB peak
[2016.02.11-14.04.44:311][  0]LogMemory: Process Virtual Memory: 55.07 MB used, 55.07 MB peak
[2016.02.11-14.04.44:312][  0]LogMemory: Physical Memory: 3806.18 MB used, 8039.41 MB total
[2016.02.11-14.04.44:312][  0]LogMemory: Virtual Memory: 367.62 MB used, 134217728.00 MB total
[2016.02.11-14.04.44:366][  0]LogTextLocalizationManager: No specific translations for ('en-US') exist, so ('en') translations will be used.
[2016.02.11-14.04.45:671][  0]LogD3D11RHI: Found D3D11 adapter 0: Intel(R) HD Graphics 4000 (Feature Level 11_0)
[2016.02.11-14.04.45:671][  0]LogD3D11RHI: Adapter has 32MB of dedicated video memory, 0MB of dedicated system memory, and 1760MB of shared system memory, 1 output[s]
[2016.02.11-14.04.45:673][  0]LogD3D11RHI: Found D3D11 adapter 1: Microsoft Basic Render Driver (Feature Level 11_0)
[2016.02.11-14.04.45:674][  0]LogD3D11RHI: Adapter has 0MB of dedicated video memory, 0MB of dedicated system memory, and 4019MB of shared system memory, 0 output[s]
[2016.02.11-14.04.45:674][  0]LogD3D11RHI: Chosen D3D11 Adapter Id = 0
[2016.02.11-14.04.45:681][  0]LogD3D11RHI: !Direct3DDevice
[2016.02.11-14.04.45:681][  0]LogRHI: Texture pool is 638 MB (70% of 912 MB)
[2016.02.11-14.04.45:687][  0]LogD3D11RHI: Async texture creation enabled
[2016.02.11-14.04.45:691][  0]LogShaderCompilers: Guid format shader working directory is 14 characters bigger than the processId version (../../../../../../Users/stupid/Perforce/somalle_Fou_8865/Individual/somalle/Cardinal_Kings/Intermediate/Shaders/WorkingDirectory/10740/).
[2016.02.11-14.04.45:691][  0]LogShaderCompilers: Cleaned the shader compiler working directory '../../../../../../Users/stupid/Perforce/somalle_Fou_8865/Individual/somalle/Cardinal_Kings/Intermediate/Shaders/tmp/D198D64D462323F3FFE1B3937CB495C7/'.
[2016.02.11-14.04.45:691][  0]LogShaderCompilers:Display: Using Local Shader Compiler.
[2016.02.11-14.04.53:823][  0]LogTemp:Display: Loaded TP AllDesktopTargetPlatform
[2016.02.11-14.04.53:831][  0]LogTemp:Display: Loaded TP WindowsClientTargetPlatform
[2016.02.11-14.04.53:841][  0]LogTemp:Display: Loaded TP WindowsNoEditorTargetPlatform
[2016.02.11-14.04.53:849][  0]LogTemp:Display: Loaded TP WindowsServerTargetPlatform
[2016.02.11-14.04.53:857][  0]LogTemp:Display: Loaded TP WindowsTargetPlatform
[2016.02.11-14.04.53:863][  0]LogTemp:Display: Loaded TP AndroidTargetPlatform
[2016.02.11-14.04.53:868][  0]LogTemp:Display: Loaded TP Android_ASTCTargetPlatform
[2016.02.11-14.04.53:874][  0]LogTemp:Display: Loaded TP Android_ATCTargetPlatform
[2016.02.11-14.04.53:880][  0]LogTemp:Display: Loaded TP Android_DXTTargetPlatform
[2016.02.11-14.04.53:886][  0]LogTemp:Display: Loaded TP Android_ETC1TargetPlatform
[2016.02.11-14.04.53:892][  0]LogTemp:Display: Loaded TP Android_ETC2TargetPlatform
[2016.02.11-14.04.53:898][  0]LogTemp:Display: Loaded TP Android_PVRTCTargetPlatform
[2016.02.11-14.04.53:899][  0]LogTemp:Display: Loaded TP HTML5TargetPlatform
[2016.02.11-14.04.53:921][  0]LogTemp:Display: Loaded TP IOSTargetPlatform
[2016.02.11-14.04.53:926][  0]LogTemp:Display: Loaded TP LinuxNoEditorTargetPlatform
[2016.02.11-14.04.53:932][  0]LogTemp:Display: Loaded TP LinuxServerTargetPlatform
[2016.02.11-14.04.53:941][  0]LogTemp:Display: Loaded TP LinuxTargetPlatform
[2016.02.11-14.04.53:941][  0]LogTargetPlatformManager:Display: Building Assets For Windows
[2016.02.11-14.04.54:086][  0]LogDerivedDataCache:Display: Max Cache Size: 512 MB
[2016.02.11-14.04.55:025][  0]LogDerivedDataCache: Loaded boot cache 0.94s 41MB C:/Users/stupid/AppData/Local/UnrealEngine/4.9/DerivedDataCache/Boot.ddc.
[2016.02.11-14.04.55:025][  0]LogDerivedDataCache:Display: Loaded Boot cache: C:/Users/stupid/AppData/Local/UnrealEngine/4.9/DerivedDataCache/Boot.ddc
[2016.02.11-14.04.55:025][  0]LogDerivedDataCache: FDerivedDataBackendGraph:  Pak pak cache file ../../../../../../Users/stupid/Perforce/somalle_Fou_8865/Individual/somalle/Cardinal_Kings/DerivedDataCache/DDC.ddp not found, will not use a pak cache.
[2016.02.11-14.04.55:025][  0]LogDerivedDataCache: Unable to find inner node Pak for hierarchical cache Hierarchy.
[2016.02.11-14.04.55:025][  0]LogDerivedDataCache: FDerivedDataBackendGraph:  CompressedPak pak cache file ../../../../../../Users/stupid/Perforce/somalle_Fou_8865/Individual/somalle/Cardinal_Kings/DerivedDataCache/Compressed.ddp not found, will not use a pak cache.
[2016.02.11-14.04.55:025][  0]LogDerivedDataCache: Unable to find inner node CompressedPak for hierarchical cache Hierarchy.
[2016.02.11-14.04.55:354][  0]LogDerivedDataCache:Display: Pak cache opened for reading ../../../Engine/DerivedDataCache/Compressed.ddp.
[2016.02.11-14.04.55:377][  0]LogDerivedDataCache: Using Local data cache path C:/Users/stupid/AppData/Local/UnrealEngine/Common/DerivedDataCache: Writable
[2016.02.11-14.05.01:781][  0]LogInit: Selected Device Profile: [Windows]
[2016.02.11-14.05.01:790][  0]LogContentStreaming: Texture pool size is 0.000000MB
[2016.02.11-14.05.02:544][  0]LogMeshUtilities: No automatic mesh reduction module available
[2016.02.11-14.05.02:544][  0]LogMeshUtilities: No automatic mesh merging module available
[2016.02.11-14.05.08:951][  0]LogInit: WinSock: version 1.1 (2.2), MaxSocks=32767, MaxUdp=65467
[2016.02.11-14.05.52:091][  0]UdpMessaging: Initializing bridge on interface 0.0.0.0:0 to multicast group 230.0.0.1:6666.
[2016.02.11-14.05.52:818][  0]LogAssetRegistry: FAssetRegistry took 0.0113 seconds to start up
[2016.02.11-14.05.54:918][  0]SourceControl: Info Source control is disabled
[2016.02.11-14.05.55:019][  0]SourceControl: Info Source control is disabled
[2016.02.11-14.05.55:056][  0]SourceControl: Info Source control is disabled
[2016.02.11-14.05.55:178][  0]SourceControl: Info Source control is disabled
[2016.02.11-14.05.56:664][  0]LogLinker:Warning: Asset '../../../Engine/Plugins/Runtime/LeapMotionController/Content/LM_PassthroughMaterial.uasset' has been saved with empty engine version. The asset will be loaded but may be incompatible.
[2016.02.11-14.05.57:363][  0]LogObj: 28361 objects as part of root set at end of initial load.
[2016.02.11-14.05.57:363][  0]LogUObjectAllocator: 6038864 out of 0 bytes used by permanent object pool.
[2016.02.11-14.05.57:592][  0]LogEngine: Initializing Engine...
[2016.02.11-14.05.57:599][  0]LogHMD: Can't find Oculus library dev build: is proper Runtime installed? Version: 0.7.0.0
[2016.02.11-14.05.57:697][  0]LogHMD: SteamVR failed to initialize.  Err: 110
[2016.02.11-14.05.59:393][  0]LogAIModule: Creating AISystem for world NewWorld
[2016.02.11-14.05.59:464][  0]LogInit: XAudio2 using 'Speakers (High Definition Audio Device)' : 2 channels at 44.1 kHz using 16 bits per sample (channel mask 0x3)
[2016.02.11-14.05.59:571][  0]LogInit: FAudioDevice initialized.
[2016.02.11-14.05.59:611][  0]LogDerivedDataCache: Saved boot cache 0.04s 41MB C:/Users/stupid/AppData/Local/UnrealEngine/4.9/DerivedDataCache/Boot.ddc.
[2016.02.11-14.05.59:616][  0]LogInit: Texture streaming: Enabled
[2016.02.11-14.05.59:625][  0]LogAnalytics: Creating configured Analytics provider AnalyticsET
[2016.02.11-14.05.59:625][  0]LogAnalytics: [UEEditor.Rocket.Release] APIServer = http://et2.epicgames.com/ET2/. AppVersion = 4.9.2-2707645+++depot+UE4-Releases+4.9
[2016.02.11-14.05.59:625][  0]LogAnalytics: [UEEditor.Rocket.Release] SetUserId 5346a6b841e607caf762ab8537e3c84f|0c7ed39155914bdd9dfaebe7213c2bfb|f36b3f47-aa57-414e-ae7a-1d74e7e7136f
[2016.02.11-14.05.59:625][  0]LogAnalytics: [UEEditor.Rocket.Release] AnalyticsET::StartSession
[2016.02.11-14.06.00:613][  0]LogInit: Transaction tracking system initialized
[2016.02.11-14.06.00:857][  0]BlueprintLog: New page: Editor Load
[2016.02.11-14.06.05:030][  0]LocalizationService: Info Localization service is disabled
[2016.02.11-14.06.11:200][  0]LogConsoleResponse:Display: 
[2016.02.11-14.06.19:244][  0]LogCook:Display: Done creating registry. It took  0.00s.
[2016.02.11-14.06.20:213][  0]LogFileCache: Scanning file cache for directory 'C:/Users/stupid/Perforce/somalle_Fou_8865/Individual/somalle/Cardinal_Kings/Content/' took 0.02s
[2016.02.11-14.06.20:514][  0]SourceControl: Info Source control is disabled
[2016.02.11-14.06.20:514][  0]Cmd: MAP LOAD FILE="../../../../../../Users/stupid/Perforce/somalle_Fou_8865/Individual/somalle/Cardinal_Kings/Content/Cardinal_Kings1.umap" TEMPLATE=0 SHOWPROGRESS=1 FEATURELEVEL=3
[2016.02.11-14.06.20:648][  0]LightingResults: New page: Lighting Build
[2016.02.11-14.06.20:656][  0]MapCheck: New page: Map Check
[2016.02.11-14.06.20:656][  0]LightingResults: New page: Lighting Build
[2016.02.11-14.06.20:692][  0]LogParticles: Destroying 0 GPU particle simulations for FXSystem 0x00000133B5606160
[2016.02.11-14.06.36:041][  0]LogAIModule: Creating AISystem for world Cardinal_Kings1
[2016.02.11-14.06.36:166][  0]LogEditorServer: Finished looking for orphan Actors (0.000 secs)
[2016.02.11-14.06.36:167][  0]Cmd: MAP CHECKDEP NOCLEARLOG
[2016.02.11-14.06.36:256][  0]MapCheck: Info Map check complete: 0 Error(s), 0 Warning(s), took 89.407ms to complete.
[2016.02.11-14.06.36:257][  0]LogFileHelpers: Loading map 'Cardinal_Kings1' took 15.743
[2016.02.11-14.06.37:242][  0]LogCollectionManager: Loaded 0 collections in 0.003356 seconds
[2016.02.11-14.06.37:287][  0]LogFileCache: Scanning file cache for directory 'C:/Users/stupid/Perforce/somalle_Fou_8865/Individual/somalle/Cardinal_Kings/Saved/Collections/' took 0.01s
[2016.02.11-14.06.37:287][  0]LogFileCache: Scanning file cache for directory 'C:/Users/stupid/Perforce/somalle_Fou_8865/Individual/somalle/Cardinal_Kings/Content/Developers/stupid/Collections/' took 0.01s
[2016.02.11-14.06.37:287][  0]LogFileCache: Scanning file cache for directory 'C:/Users/stupid/Perforce/somalle_Fou_8865/Individual/somalle/Cardinal_Kings/Content/Collections/' took 0.01s
[2016.02.11-14.06.37:287][  0]LogContentBrowser: Native class hierarchy populated in 0.0109 seconds. Added 1867 classes and 333 folders.
[2016.02.11-14.06.37:294][  0]LogCollectionManager: Rebuilt the GUID cache for 0 collections in 0.000003 seconds
[2016.02.11-14.06.37:305][  0]LogContentBrowser: Native class hierarchy updated for 'WidgetCarousel' in 0.0004 seconds. Added 0 classes and 0 folders.
[2016.02.11-14.06.40:893][  0]LogContentBrowser: Native class hierarchy updated for 'AddContentDialog' in 0.0010 seconds. Added 0 classes and 0 folders.
[2016.02.11-14.06.40:905][  0]LogContentBrowser: Native class hierarchy updated for 'SceneOutliner' in 0.0010 seconds. Added 1 classes and 2 folders.
[2016.02.11-14.06.41:303][  0]LogCrashTracker: Crashtracker disabled due to settings.
[2016.02.11-14.06.41:309][  0]LogUObjectGlobals:Warning: Failed to find object 'Class None.'
[2016.02.11-14.06.41:332][  0]LogLoad: Full Startup: 118.90 seconds (BP compile: 1.27 seconds)
[2016.02.11-14.06.43:696][  0]LogContentStreaming: Texture pool size now 700 MB
[2016.02.11-14.06.44:011][  0]LogRenderer: Reallocating scene render targets to support 828x308 (Frame:2).
[2016.02.11-14.06.46:245][  5]LogAssetRegistry: Asset discovery search completed in 53.4373 seconds
[2016.02.11-14.06.46:245][  5]LogCollectionManager: Rebuilt the object cache for 0 collections in 0.000001 seconds (found 0 objects)
[2016.02.11-14.06.46:245][  5]LogCollectionManager: Fixed up redirectors for 0 collections in 0.000044 seconds (updated 0 objects)
[2016.02.11-14.06.53:159][ 17]LogLinker:Warning: Asset '../../../Engine/Content/ArtTools/RenderToTexture/Macros/RenderToTextureMacros.uasset' has been saved with empty engine version. The asset will be loaded but may be incompatible.
[2016.02.11-14.06.55:339][ 17]LogContentBrowser: Native class hierarchy updated for 'BlueprintGraph' in 0.0020 seconds. Added 107 classes and 0 folders.
[2016.02.11-14.07.16:853][831]LogPlayLevel: PlayLevel: No blueprints needed recompiling
[2016.02.11-14.07.16:928][831]PIE: New page: SIE session: Cardinal_Kings1 (Feb 11, 2016, 4:07:16 AM)
[2016.02.11-14.07.16:958][831]LogPlayLevel: Creating play world package: /Game/UEDPIE_0_Cardinal_Kings1
[2016.02.11-14.07.17:095][831]LogPlayLevel: PIE: StaticDuplicateObject took: (0.136317s)
[2016.02.11-14.07.17:095][831]LogAIModule: Creating AISystem for world Cardinal_Kings1
[2016.02.11-14.07.17:095][831]LogPlayLevel: PIE: World Init took: (0.000806s)
[2016.02.11-14.07.17:159][831]LogPlayLevel: PIE: Created PIE world by copying editor world from /Game/Cardinal_Kings1.Cardinal_Kings1 to /Game/UEDPIE_0_Cardinal_Kings1.Cardinal_Kings1 (0.200636s)
[2016.02.11-14.07.17:837][831]LogInit: XAudio2 using 'Speakers (High Definition Audio Device)' : 2 channels at 44.1 kHz using 16 bits per sample (channel mask 0x3)
[2016.02.11-14.07.17:855][831]LogInit: FAudioDevice initialized.
[2016.02.11-14.07.19:138][831]LogWorld: Game class is 'PaperGameMode_C'
[2016.02.11-14.07.19:480][831]LogWorld: Bringing World /Game/UEDPIE_0_Cardinal_Kings1.Cardinal_Kings1 up for play (max tick rate 60) at 2016.02.11-09.07.19
[2016.02.11-14.07.19:480][831]LogActor:Warning: GameSession /Game/UEDPIE_0_Cardinal_Kings1.Cardinal_Kings1:PersistentLevel.GameSession_0 has natively added scene component(s), but none of them were set as the actor's RootComponent - picking one arbitrarily
[2016.02.11-14.07.19:525][831]LogActor:Warning: GameNetworkManager /Game/UEDPIE_0_Cardinal_Kings1.Cardinal_Kings1:PersistentLevel.GameNetworkManager_0 has natively added scene component(s), but none of them were set as the actor's RootComponent - picking one arbitrarily
[2016.02.11-14.07.19:652][831]LogWorld: Bringing up level for play took: 0.306216
[2016.02.11-14.07.21:079][831]PIE: Info Play in editor start time for /Game/UEDPIE_0_Cardinal_Kings1 3.957
[2016.02.11-14.07.29:162][996]LogParticles: Destroying 0 GPU particle simulations for FXSystem 0x00000133D9F77060
[2016.02.11-14.07.40:580][590]LogRenderer: Reallocating scene render targets to support 828x416 (Frame:373).
[2016.02.11-14.08.00:707][186]BlueprintLog: New page: Compile MyCharacter
[2016.02.11-14.08.01:553][186]BlueprintEditorCompileResults: Info [0199.12] Compile of MyCharacter successful! [in 845 ms]
[2016.02.11-14.08.05:570][385]LogPlayLevel: PlayLevel: No blueprints needed recompiling
[2016.02.11-14.08.05:571][385]PIE: New page: PIE session: Cardinal_Kings1 (Feb 11, 2016, 4:08:05 AM)
[2016.02.11-14.08.05:571][385]LogPlayLevel: Creating play world package: /Game/UEDPIE_0_Cardinal_Kings1
[2016.02.11-14.08.05:598][385]LogPlayLevel: PIE: StaticDuplicateObject took: (0.027393s)
[2016.02.11-14.08.05:599][385]LogAIModule: Creating AISystem for world Cardinal_Kings1
[2016.02.11-14.08.05:599][385]LogPlayLevel: PIE: World Init took: (0.000899s)
[2016.02.11-14.08.05:599][385]LogPlayLevel: PIE: Created PIE world by copying editor world from /Game/Cardinal_Kings1.Cardinal_Kings1 to /Game/UEDPIE_0_Cardinal_Kings1.Cardinal_Kings1 (0.028640s)
[2016.02.11-14.08.05:694][385]LogInit: XAudio2 using 'Speakers (High Definition Audio Device)' : 2 channels at 44.1 kHz using 16 bits per sample (channel mask 0x3)
[2016.02.11-14.08.05:703][385]LogInit: FAudioDevice initialized.
[2016.02.11-14.08.05:741][385]LogWorld: Game class is 'PaperGameMode_C'
[2016.02.11-14.08.05:808][385]LogWorld: Bringing World /Game/UEDPIE_0_Cardinal_Kings1.Cardinal_Kings1 up for play (max tick rate 60) at 2016.02.11-09.08.05
[2016.02.11-14.08.05:808][385]LogActor:Warning: GameSession /Game/UEDPIE_0_Cardinal_Kings1.Cardinal_Kings1:PersistentLevel.GameSession_1 has natively added scene component(s), but none of them were set as the actor's RootComponent - picking one arbitrarily
[2016.02.11-14.08.05:808][385]LogActor:Warning: GameNetworkManager /Game/UEDPIE_0_Cardinal_Kings1.Cardinal_Kings1:PersistentLevel.GameNetworkManager_1 has natively added scene component(s), but none of them were set as the actor's RootComponent - picking one arbitrarily
[2016.02.11-14.08.05:812][385]LogWorld: Bringing up level for play took: 0.069692
[2016.02.11-14.08.05:929][385]PIE: Info Play in editor start time for /Game/UEDPIE_0_Cardinal_Kings1 0.852
[2016.02.11-14.08.12:187][628]LogParticles: Destroying 0 GPU particle simulations for FXSystem 0x00000133D94B4220
[2016.02.11-14.08.30:093][274]BlueprintLog: New page: Compile MyCharacter
[2016.02.11-14.08.30:391][274]BlueprintEditorCompileResults: Info [0227.96] Compile of MyCharacter successful! [in 298 ms]
[2016.02.11-14.08.32:614][373]LogPlayLevel: PlayLevel: No blueprints needed recompiling
[2016.02.11-14.08.32:614][373]PIE: New page: PIE session: Cardinal_Kings1 (Feb 11, 2016, 4:08:32 AM)
[2016.02.11-14.08.32:614][373]LogPlayLevel: Creating play world package: /Game/UEDPIE_0_Cardinal_Kings1
[2016.02.11-14.08.32:640][373]LogPlayLevel: PIE: StaticDuplicateObject took: (0.026051s)
[2016.02.11-14.08.32:641][373]LogAIModule: Creating AISystem for world Cardinal_Kings1
[2016.02.11-14.08.32:641][373]LogPlayLevel: PIE: World Init took: (0.000934s)
[2016.02.11-14.08.32:642][373]LogPlayLevel: PIE: Created PIE world by copying editor world from /Game/Cardinal_Kings1.Cardinal_Kings1 to /Game/UEDPIE_0_Cardinal_Kings1.Cardinal_Kings1 (0.027411s)
[2016.02.11-14.08.32:697][373]LogInit: XAudio2 using 'Speakers (High Definition Audio Device)' : 2 channels at 44.1 kHz using 16 bits per sample (channel mask 0x3)
[2016.02.11-14.08.32:707][373]LogInit: FAudioDevice initialized.
[2016.02.11-14.08.32:741][373]LogWorld: Game class is 'PaperGameMode_C'
[2016.02.11-14.08.32:810][373]LogWorld: Bringing World /Game/UEDPIE_0_Cardinal_Kings1.Cardinal_Kings1 up for play (max tick rate 60) at 2016.02.11-09.08.32
[2016.02.11-14.08.32:810][373]LogActor:Warning: GameSession /Game/UEDPIE_0_Cardinal_Kings1.Cardinal_Kings1:PersistentLevel.GameSession_2 has natively added scene component(s), but none of them were set as the actor's RootComponent - picking one arbitrarily
[2016.02.11-14.08.32:810][373]LogActor:Warning: GameNetworkManager /Game/UEDPIE_0_Cardinal_Kings1.Cardinal_Kings1:PersistentLevel.GameNetworkManager_2 has natively added scene component(s), but none of them were set as the actor's RootComponent - picking one arbitrarily
[2016.02.11-14.08.32:815][373]LogWorld: Bringing up level for play took: 0.073031
[2016.02.11-14.08.32:819][373]PIE: Info Play in editor start time for /Game/UEDPIE_0_Cardinal_Kings1 -0.258
[2016.02.11-14.08.45:964][969]LogParticles: Destroying 0 GPU particle simulations for FXSystem 0x00000133A6B7B560
[2016.02.11-14.09.35:999][849]LogBlueprintUserMessages: CustomizeDetails for Blueprint 'MyCharacter', cached variable property's owner is '/Game/Game/Blueprints/MyCharacter.SKEL_MyCharacter_C'
[2016.02.11-14.09.51:378][756]BlueprintLog: New page: Compile MyCharacter
[2016.02.11-14.09.51:604][756]BlueprintEditorCompileResults: Info [0309.17] Compile of MyCharacter successful! [in 225 ms]
[2016.02.11-14.09.53:342][857]LogPlayLevel: PlayLevel: No blueprints needed recompiling
[2016.02.11-14.09.53:342][857]PIE: New page: PIE session: Cardinal_Kings1 (Feb 11, 2016, 4:09:53 AM)
[2016.02.11-14.09.53:343][857]LogPlayLevel: Creating play world package: /Game/UEDPIE_0_Cardinal_Kings1
[2016.02.11-14.09.53:379][857]LogPlayLevel: PIE: StaticDuplicateObject took: (0.036406s)
[2016.02.11-14.09.53:380][857]LogAIModule: Creating AISystem for world Cardinal_Kings1
[2016.02.11-14.09.53:380][857]LogPlayLevel: PIE: World Init took: (0.001055s)
[2016.02.11-14.09.53:380][857]LogPlayLevel: PIE: Created PIE world by copying editor world from /Game/Cardinal_Kings1.Cardinal_Kings1 to /Game/UEDPIE_0_Cardinal_Kings1.Cardinal_Kings1 (0.037885s)
[2016.02.11-14.09.53:438][857]LogInit: XAudio2 using 'Speakers (High Definition Audio Device)' : 2 channels at 44.1 kHz using 16 bits per sample (channel mask 0x3)
[2016.02.11-14.09.53:448][857]LogInit: FAudioDevice initialized.
[2016.02.11-14.09.53:484][857]LogWorld: Game class is 'PaperGameMode_C'
[2016.02.11-14.09.53:549][857]LogWorld: Bringing World /Game/UEDPIE_0_Cardinal_Kings1.Cardinal_Kings1 up for play (max tick rate 60) at 2016.02.11-09.09.53
[2016.02.11-14.09.53:549][857]LogActor:Warning: GameSession /Game/UEDPIE_0_Cardinal_Kings1.Cardinal_Kings1:PersistentLevel.GameSession_3 has natively added scene component(s), but none of them were set as the actor's RootComponent - picking one arbitrarily
[2016.02.11-14.09.53:550][857]LogActor:Warning: GameNetworkManager /Game/UEDPIE_0_Cardinal_Kings1.Cardinal_Kings1:PersistentLevel.GameNetworkManager_3 has natively added scene component(s), but none of them were set as the actor's RootComponent - picking one arbitrarily
[2016.02.11-14.09.53:554][857]LogWorld: Bringing up level for play took: 0.068568
[2016.02.11-14.09.53:558][857]PIE: Info Play in editor start time for /Game/UEDPIE_0_Cardinal_Kings1 0.481
[2016.02.11-14.10.08:550][561]LogParticles: Destroying 0 GPU particle simulations for FXSystem 0x00000133D7367100
[2016.02.11-14.10.12:460][744]LogSavePackage: Save=220.459137ms
[2016.02.11-14.10.12:460][744]LogSavePackage: Moving '../../../../../../Users/stupid/Perforce/somalle_Fou_8865/Individual/somalle/Cardinal_Kings/Saved/MyCharacter919E8DFA4A958FBF1A9163BF9BF78B47.tmp' to '../../../../../../Users/stupid/Perforce/somalle_Fou_8865/Individual/somalle/Cardinal_Kings/Content/Game/Blueprints/MyCharacter.uasset'
[2016.02.11-14.10.12:464][744]LogSavePackage: Total save time: 490.165908ms
[2016.02.11-14.10.12:464][744]LogSavePackage:Warning: Finished SavePackage ../../../../../../Users/stupid/Perforce/somalle_Fou_8865/Individual/somalle/Cardinal_Kings/Content/Game/Blueprints/MyCharacter.uasset
[2016.02.11-14.10.17:921][ 34]LogWindowsTextInputMethodSystem:Display: IME system now deactivated.
[2016.02.11-14.10.18:359][ 35]Cmd: QUIT_EDITOR
[2016.02.11-14.10.19:899][ 35]LogExit: Preparing to exit.
[2016.02.11-14.10.20:941][ 35]LogExit: Editor shut down
[2016.02.11-14.10.20:942][ 35]LogExit: Transaction tracking system shut down
[2016.02.11-14.10.20:946][ 35]LogParticles: Destroying 0 GPU particle simulations for FXSystem 0x00000133A36CDD00
[2016.02.11-14.10.20:947][ 35]LogParticles: Destroying 0 GPU particle simulations for FXSystem 0x00000133B383F880
[2016.02.11-14.10.20:947][ 35]LogParticles: Destroying 0 GPU particle simulations for FXSystem 0x00000133A38D28E0
[2016.02.11-14.10.20:948][ 35]LogParticles: Destroying 0 GPU particle simulations for FXSystem 0x00000133C8183C40
[2016.02.11-14.10.20:949][ 35]LogParticles: Destroying 0 GPU particle simulations for FXSystem 0x00000133C98428E0
[2016.02.11-14.10.20:959][ 35]LogParticles: Destroying 0 GPU particle simulations for FXSystem 0x00000133D9F26C00
[2016.02.11-14.10.21:966][ 35]LogExit: Object subsystem successfully closed.
[2016.02.11-14.10.22:187][ 35]LogD3D11RHI: Shutdown
[2016.02.11-14.10.22:187][ 35]LogD3D11RHI: CleanupD3DDevice
[2016.02.11-14.10.22:363][ 35]LogD3D11RHI: ~FD3D11DynamicRHI
[2016.02.11-14.10.22:587][ 35]LogModuleManager: Shutting down and abandoning module BlueprintGraph (198)
[2016.02.11-14.10.22:587][ 35]LogModuleManager: Shutting down and abandoning module CrashTracker (197)
[2016.02.11-14.10.22:587][ 35]LogModuleManager: Shutting down and abandoning module SceneOutliner (196)
[2016.02.11-14.10.22:587][ 35]LogModuleManager: Shutting down and abandoning module SuperSearch (195)
[2016.02.11-14.10.22:587][ 35]LogModuleManager: Shutting down and abandoning module WidgetCarousel (194)
[2016.02.11-14.10.22:587][ 35]LogModuleManager: Shutting down and abandoning module AddContentDialog (193)
[2016.02.11-14.10.22:601][ 35]LogModuleManager: Shutting down and abandoning module EditorWidgets (192)
[2016.02.11-14.10.22:601][ 35]LogModuleManager: Shutting down and abandoning module CollectionManager (191)
[2016.02.11-14.10.22:609][ 35]LogModuleManager: Shutting down and abandoning module StatsViewer (190)
[2016.02.11-14.10.22:609][ 35]LogModuleManager: Shutting down and abandoning module FoliageEdit (189)
[2016.02.11-14.10.22:609][ 35]LogModuleManager: Shutting down and abandoning module LandscapeEditor (188)
[2016.02.11-14.10.22:647][ 35]LogModuleManager: Shutting down and abandoning module ActorPickerMode (187)
[2016.02.11-14.10.22:647][ 35]LogModuleManager: Shutting down and abandoning module GeometryMode (186)
[2016.02.11-14.10.22:647][ 35]LogModuleManager: Shutting down and abandoning module TextureAlignMode (185)
[2016.02.11-14.10.22:647][ 35]LogModuleManager: Shutting down and abandoning module BspMode (184)
[2016.02.11-14.10.22:647][ 35]LogModuleManager: Shutting down and abandoning module PlacementMode (183)
[2016.02.11-14.10.22:647][ 35]LogModuleManager: Shutting down and abandoning module AutomationWorker (182)
[2016.02.11-14.10.22:647][ 35]LogModuleManager: Shutting down and abandoning module CharacterAI (181)
[2016.02.11-14.10.22:647][ 35]LogModuleManager: Shutting down and abandoning module SmartSnapping (180)
[2016.02.11-14.10.22:647][ 35]LogModuleManager: Shutting down and abandoning module ViewportSnapping (179)
[2016.02.11-14.10.22:647][ 35]LogModuleManager: Shutting down and abandoning module LogVisualizer (178)
[2016.02.11-14.10.22:648][ 35]LogModuleManager: Shutting down and abandoning module GameProjectGeneration (177)
[2016.02.11-14.10.22:648][ 35]LogModuleManager: Shutting down and abandoning module IntroTutorials (176)
[2016.02.11-14.10.22:648][ 35]LogModuleManager: Shutting down and abandoning module EditorLiveStreaming (175)
[2016.02.11-14.10.22:648][ 35]LogModuleManager: Shutting down and abandoning module IOSPlatformEditor (174)
[2016.02.11-14.10.22:648][ 35]LogModuleManager: Shutting down and abandoning module HTML5PlatformEditor (173)
[2016.02.11-14.10.22:648][ 35]LogModuleManager: Shutting down and abandoning module AndroidDeviceDetection (172)
[2016.02.11-14.10.23:031][ 35]LogModuleManager: Shutting down and abandoning module AndroidPlatformEditor (171)
[2016.02.11-14.10.23:031][ 35]LogModuleManager: Shutting down and abandoning module IOSRuntimeSettings (170)
[2016.02.11-14.10.23:031][ 35]LogModuleManager: Shutting down and abandoning module AndroidRuntimeSettings (169)
[2016.02.11-14.10.23:031][ 35]LogModuleManager: Shutting down and abandoning module MergeActors (168)
[2016.02.11-14.10.23:031][ 35]LogModuleManager: Shutting down and abandoning module SizeMap (167)
[2016.02.11-14.10.23:031][ 35]LogModuleManager: Shutting down and abandoning module TreeMap (166)
[2016.02.11-14.10.23:031][ 35]LogModuleManager: Shutting down and abandoning module ReferenceViewer (165)
[2016.02.11-14.10.23:031][ 35]LogModuleManager: Shutting down and abandoning module LocalizationService (164)
[2016.02.11-14.10.23:031][ 35]LogModuleManager: Shutting down and abandoning module LocalizationDashboard (163)
[2016.02.11-14.10.23:031][ 35]LogModuleManager: Shutting down and abandoning module HardwareTargeting (162)
[2016.02.11-14.10.23:031][ 35]LogModuleManager: Shutting down and abandoning module DeviceProfileEditor (161)
[2016.02.11-14.10.23:031][ 35]LogModuleManager: Shutting down and abandoning module UndoHistory (160)
[2016.02.11-14.10.23:031][ 35]LogModuleManager: Shutting down and abandoning module GameplayTagsEditor (159)
[2016.02.11-14.10.23:031][ 35]LogModuleManager: Shutting down and abandoning module UserFeedback (158)
[2016.02.11-14.10.23:031][ 35]LogModuleManager: Shutting down and abandoning module XmlParser (157)
[2016.02.11-14.10.23:031][ 35]LogModuleManager: Shutting down and abandoning module Blutility (156)
[2016.02.11-14.10.23:032][ 35]LogModuleManager: Shutting down and abandoning module ProjectTargetPlatformEditor (155)
[2016.02.11-14.10.23:032][ 35]LogModuleManager: Shutting down and abandoning module ProjectSettingsViewer (154)
[2016.02.11-14.10.23:032][ 35]LogModuleManager: Shutting down and abandoning module InputBindingEditor (153)
[2016.02.11-14.10.23:059][ 35]LogModuleManager: Shutting down and abandoning module EditorSettingsViewer (152)
[2016.02.11-14.10.23:059][ 35]LogModuleManager: Shutting down and abandoning module SettingsEditor (151)
[2016.02.11-14.10.23:059][ 35]LogModuleManager: Shutting down and abandoning module ProjectLauncher (150)
[2016.02.11-14.10.23:059][ 35]LogModuleManager: Shutting down and abandoning module SessionFrontend (149)
[2016.02.11-14.10.23:059][ 35]LogModuleManager: Shutting down and abandoning module ProfilerClient (148)
[2016.02.11-14.10.23:059][ 35]LogModuleManager: Shutting down and abandoning module TargetDeviceServices (147)
[2016.02.11-14.10.23:059][ 35]LogModuleManager: Shutting down and abandoning module DeviceManager (146)
[2016.02.11-14.10.23:059][ 35]LogModuleManager: Shutting down and abandoning module AutomationController (145)
[2016.02.11-14.10.23:059][ 35]LogModuleManager: Shutting down and abandoning module AutomationWindow (144)
[2016.02.11-14.10.23:059][ 35]LogModuleManager: Shutting down and abandoning module Layers (143)
[2016.02.11-14.10.23:060][ 35]LogModuleManager: Shutting down and abandoning module ComponentVisualizers (142)
[2016.02.11-14.10.23:060][ 35]LogModuleManager: Shutting down and abandoning module DetailCustomizations (141)
[2016.02.11-14.10.23:060][ 35]LogModuleManager: Shutting down and abandoning module PackagesDialog (140)
[2016.02.11-14.10.23:060][ 35]LogModuleManager: Shutting down and abandoning module Persona (139)
[2016.02.11-14.10.23:077][ 35]LogModuleManager: Shutting down and abandoning module Kismet (138)
[2016.02.11-14.10.23:077][ 35]LogModuleManager: Shutting down and abandoning module GraphEditor (137)
[2016.02.11-14.10.23:077][ 35]LogModuleManager: Shutting down and abandoning module ClassViewer (136)
[2016.02.11-14.10.23:077][ 35]LogModuleManager: Shutting down and abandoning module Toolbox (135)
[2016.02.11-14.10.23:077][ 35]LogModuleManager: Shutting down and abandoning module ModuleUI (134)
[2016.02.11-14.10.23:077][ 35]LogModuleManager: Shutting down and abandoning module MovieSceneTools (133)
[2016.02.11-14.10.23:077][ 35]LogModuleManager: Shutting down and abandoning module OutputLog (132)
[2016.02.11-14.10.23:077][ 35]LogModuleManager: Shutting down and abandoning module GammaUI (131)
[2016.02.11-14.10.23:077][ 35]LogModuleManager: Shutting down and abandoning module Documentation (130)
[2016.02.11-14.10.23:077][ 35]LogModuleManager: Shutting down and abandoning module GameLiveStreaming (129)
[2016.02.11-14.10.23:077][ 35]LogModuleManager: Shutting down and abandoning module StreamingPauseRendering (128)
[2016.02.11-14.10.23:077][ 35]LogModuleManager: Shutting down and abandoning module AnalyticsET (127)
[2016.02.11-14.10.23:077][ 35]LogModuleManager: Shutting down and abandoning module Analytics (126)
[2016.02.11-14.10.23:077][ 35]LogModuleManager: Shutting down and abandoning module AITestSuite (125)
[2016.02.11-14.10.23:077][ 35]LogModuleManager: Shutting down and abandoning module GameplayDebugger (124)
[2016.02.11-14.10.23:078][ 35]LogModuleManager: Shutting down and abandoning module AIModule (123)
[2016.02.11-14.10.23:078][ 35]LogModuleManager: Shutting down and abandoning module ProfilerService (122)
[2016.02.11-14.10.23:256][ 35]LogModuleManager: Shutting down and abandoning module TaskGraph (121)
[2016.02.11-14.10.23:325][ 35]LogModuleManager: Shutting down and abandoning module SlateRemote (120)
[2016.02.11-14.10.23:325][ 35]LogModuleManager: Shutting down and abandoning module SteamVRController (119)
[2016.02.11-14.10.23:325][ 35]LogModuleManager: Shutting down and abandoning module SteamVR (118)
[2016.02.11-14.10.23:325][ 35]LogModuleManager: Shutting down and abandoning module ProceduralMeshComponent (117)
[2016.02.11-14.10.23:325][ 35]LogModuleManager: Shutting down and abandoning module OculusRift (116)
[2016.02.11-14.10.23:325][ 35]LogModuleManager: Shutting down and abandoning module OculusLibrary (115)
[2016.02.11-14.10.23:325][ 35]LogModuleManager: Shutting down and abandoning module LeapMotionController (114)
[2016.02.11-14.10.23:377][ 35]LogModuleManager: Shutting down and abandoning module CustomMeshComponent (113)
[2016.02.11-14.10.23:377][ 35]LogModuleManager: Shutting down and abandoning module CableComponent (112)
[2016.02.11-14.10.23:377][ 35]LogModuleManager: Shutting down and abandoning module ArchVisCharacter (111)
[2016.02.11-14.10.23:377][ 35]LogModuleManager: Shutting down and abandoning module MessagingDebugger (110)
[2016.02.11-14.10.23:377][ 35]LogModuleManager: Shutting down and abandoning module MediaPlayerEditor (109)
[2016.02.11-14.10.23:377][ 35]LogModuleManager: Shutting down and abandoning module HTML5Networking (108)
[2016.02.11-14.10.23:377][ 35]LogModuleManager: Shutting down and abandoning module SpeedTreeImporter (107)
[2016.02.11-14.10.23:377][ 35]LogModuleManager: Shutting down and abandoning module PluginBrowser (106)
[2016.02.11-14.10.23:377][ 35]LogModuleManager: Shutting down and abandoning module EpicSurvey (105)
[2016.02.11-14.10.23:377][ 35]LogModuleManager: Shutting down and abandoning module DesktopPlatform (104)
[2016.02.11-14.10.23:377][ 35]LogModuleManager: Shutting down and abandoning module VisualStudioSourceCodeAccess (103)
[2016.02.11-14.10.23:377][ 35]LogModuleManager: Shutting down and abandoning module UObjectPlugin (102)
[2016.02.11-14.10.23:377][ 35]LogModuleManager: Shutting down and abandoning module SubversionSourceControl (101)
[2016.02.11-14.10.23:377][ 35]LogModuleManager: Shutting down and abandoning module PerforceSourceControl (100)
[2016.02.11-14.10.23:377][ 35]LogModuleManager: Shutting down and abandoning module SourceControl (99)
[2016.02.11-14.10.23:387][ 35]LogModuleManager: Shutting down and abandoning module GitSourceControl (98)
[2016.02.11-14.10.23:388][ 35]LogModuleManager: Shutting down and abandoning module LightPropagationVolumeEditor (97)
[2016.02.11-14.10.23:405][ 35]LogModuleManager: Shutting down and abandoning module PaperTiledImporter (96)
[2016.02.11-14.10.23:405][ 35]LogModuleManager: Shutting down and abandoning module PaperSpriteSheetImporter (95)
[2016.02.11-14.10.23:405][ 35]LogModuleManager: Shutting down and abandoning module MeshPaint (94)
[2016.02.11-14.10.23:424][ 35]LogModuleManager: Shutting down and abandoning module SlateReflector (93)
[2016.02.11-14.10.23:424][ 35]LogModuleManager: Shutting down and abandoning module HotReload (92)
[2016.02.11-14.10.23:439][ 35]LogModuleManager: Shutting down and abandoning module MainFrame (91)
[2016.02.11-14.10.23:440][ 35]LogModuleManager: Shutting down and abandoning module LevelEditor (90)
[2016.02.11-14.10.23:442][ 35]LogModuleManager: Shutting down and abandoning module DirectoryWatcher (89)
[2016.02.11-14.10.23:443][ 35]LogModuleManager: Shutting down and abandoning module AssetRegistry (88)
[2016.02.11-14.10.23:619][ 35]LogModuleManager: Shutting down and abandoning module ContentBrowser (87)
[2016.02.11-14.10.23:620][ 35]LogModuleManager: Shutting down and abandoning module Paper2DEditor (86)
[2016.02.11-14.10.23:620][ 35]LogModuleManager: Shutting down and abandoning module UdpMessaging (85)
[2016.02.11-14.10.23:721][ 35]LogModuleManager: Shutting down and abandoning module LightPropagationVolumeRuntime (84)
[2016.02.11-14.10.23:721][ 35]LogModuleManager: Shutting down and abandoning module Paper2D (83)
[2016.02.11-14.10.23:721][ 35]LogModuleManager: Shutting down and abandoning module WindowsMoviePlayer (82)
[2016.02.11-14.10.23:726][ 35]LogModuleManager: Shutting down and abandoning module Media (81)
[2016.02.11-14.10.23:726][ 35]LogModuleManager: Shutting down and abandoning module WmfMedia (80)
[2016.02.11-14.10.23:727][ 35]LogModuleManager: Shutting down and abandoning module OnlineBlueprintSupport (79)
[2016.02.11-14.10.23:727][ 35]LogModuleManager: Shutting down and abandoning module GameplayTasksEditor (78)
[2016.02.11-14.10.23:727][ 35]LogModuleManager: Shutting down and abandoning module PropertyEditor (77)
[2016.02.11-14.10.23:727][ 35]LogModuleManager: Shutting down and abandoning module BehaviorTreeEditor (76)
[2016.02.11-14.10.23:727][ 35]LogModuleManager: Shutting down and abandoning module FunctionalTesting (75)
[2016.02.11-14.10.23:727][ 35]LogModuleManager: Shutting down and abandoning module CollisionAnalyzer (74)
[2016.02.11-14.10.23:727][ 35]LogModuleManager: Shutting down and abandoning module WorkspaceMenuStructure (73)
[2016.02.11-14.10.23:727][ 35]LogModuleManager: Shutting down and abandoning module MessageLog (72)
[2016.02.11-14.10.23:727][ 35]LogModuleManager: Shutting down and abandoning module Sequencer (71)
[2016.02.11-14.10.23:727][ 35]LogModuleManager: Shutting down and abandoning module AssetTools (70)
[2016.02.11-14.10.23:728][ 35]LogModuleManager: Shutting down and abandoning module UMGEditor (69)
[2016.02.11-14.10.23:728][ 35]LogModuleManager: Shutting down and abandoning module UMG (68)
[2016.02.11-14.10.23:728][ 35]LogModuleManager: Shutting down and abandoning module Slate (67)
[2016.02.11-14.10.23:728][ 35]LogModuleManager: Shutting down and abandoning module EditorStyle (66)
[2016.02.11-14.10.23:735][ 35]LogModuleManager: Shutting down and abandoning module SessionServices (65)
[2016.02.11-14.10.23:735][ 35]LogModuleManager: Shutting down and abandoning module SourceCodeAccess (64)
[2016.02.11-14.10.23:735][ 35]LogModuleManager: Shutting down and abandoning module HeadMountedDisplay (63)
[2016.02.11-14.10.23:735][ 35]LogModuleManager: Shutting down and abandoning module XAudio2 (62)
[2016.02.11-14.10.23:735][ 35]LogModuleManager: Shutting down and abandoning module Networking (60)
[2016.02.11-14.10.23:735][ 35]LogModuleManager: Shutting down and abandoning module Core (59)
[2016.02.11-14.10.23:735][ 35]LogModuleManager: Shutting down and abandoning module KismetCompiler (58)
[2016.02.11-14.10.23:735][ 35]LogModuleManager: Shutting down and abandoning module PhysXFormats (57)
[2016.02.11-14.10.23:735][ 35]LogModuleManager: Shutting down and abandoning module MeshUtilities (56)
[2016.02.11-14.10.23:735][ 35]LogModuleManager: Shutting down and abandoning module CookingStats (55)
[2016.02.11-14.10.23:736][ 35]LogModuleManager: Shutting down and abandoning module DerivedDataCache (54)
[2016.02.11-14.10.23:800][ 35]LogDerivedDataCache: Shutdown
[2016.02.11-14.10.23:800][ 35]LogModuleManager: Shutting down and abandoning module ShaderFormatOpenGL (53)
[2016.02.11-14.10.23:800][ 35]LogModuleManager: Shutting down and abandoning module ShaderFormatD3D (52)
[2016.02.11-14.10.23:800][ 35]LogModuleManager: Shutting down and abandoning module MetalShaderFormat (51)
[2016.02.11-14.10.23:800][ 35]LogModuleManager: Shutting down and abandoning module TextureFormatUncompressed (50)
[2016.02.11-14.10.23:800][ 35]LogModuleManager: Shutting down and abandoning module TextureFormatPVR (49)
[2016.02.11-14.10.23:800][ 35]LogModuleManager: Shutting down and abandoning module TextureFormatIntelISPCTexComp (48)
[2016.02.11-14.10.23:800][ 35]LogModuleManager: Shutting down and abandoning module TextureFormatDXT (47)
[2016.02.11-14.10.23:800][ 35]LogModuleManager: Shutting down and abandoning module ImageWrapper (46)
[2016.02.11-14.10.23:800][ 35]LogModuleManager: Shutting down and abandoning module TextureFormatASTC (45)
[2016.02.11-14.10.23:800][ 35]LogModuleManager: Shutting down and abandoning module TextureFormatAndroid (44)
[2016.02.11-14.10.23:800][ 35]LogModuleManager: Shutting down and abandoning module AudioFormatOpus (43)
[2016.02.11-14.10.23:800][ 35]LogModuleManager: Shutting down and abandoning module AudioFormatOgg (42)
[2016.02.11-14.10.23:800][ 35]LogModuleManager: Shutting down and abandoning module AudioFormatADPCM (41)
[2016.02.11-14.10.23:800][ 35]LogModuleManager: Shutting down and abandoning module LinuxTargetPlatform (40)
[2016.02.11-14.10.23:800][ 35]LogModuleManager: Shutting down and abandoning module LinuxServerTargetPlatform (39)
[2016.02.11-14.10.23:800][ 35]LogModuleManager: Shutting down and abandoning module LinuxNoEditorTargetPlatform (38)
[2016.02.11-14.10.23:800][ 35]LogModuleManager: Shutting down and abandoning module Messaging (37)
[2016.02.11-14.10.23:800][ 35]LogModuleManager: Shutting down and abandoning module IOSTargetPlatform (36)
[2016.02.11-14.10.23:800][ 35]LogModuleManager: Shutting down and abandoning module HTML5TargetPlatform (35)
[2016.02.11-14.10.23:800][ 35]LogModuleManager: Shutting down and abandoning module Android_PVRTCTargetPlatform (34)
[2016.02.11-14.10.23:800][ 35]LogModuleManager: Shutting down and abandoning module Android_ETC2TargetPlatform (33)
[2016.02.11-14.10.23:800][ 35]LogModuleManager: Shutting down and abandoning module Android_ETC1TargetPlatform (32)
[2016.02.11-14.10.23:800][ 35]LogModuleManager: Shutting down and abandoning module Android_DXTTargetPlatform (31)
[2016.02.11-14.10.23:800][ 35]LogModuleManager: Shutting down and abandoning module Android_ATCTargetPlatform (30)
[2016.02.11-14.10.23:800][ 35]LogModuleManager: Shutting down and abandoning module Android_ASTCTargetPlatform (29)
[2016.02.11-14.10.23:800][ 35]LogModuleManager: Shutting down and abandoning module AndroidTargetPlatform (28)
[2016.02.11-14.10.23:800][ 35]LogModuleManager: Shutting down and abandoning module WindowsTargetPlatform (27)
[2016.02.11-14.10.23:800][ 35]LogModuleManager: Shutting down and abandoning module WindowsServerTargetPlatform (26)
[2016.02.11-14.10.23:800][ 35]LogModuleManager: Shutting down and abandoning module WindowsNoEditorTargetPlatform (25)
[2016.02.11-14.10.23:800][ 35]LogModuleManager: Shutting down and abandoning module WindowsClientTargetPlatform (24)
[2016.02.11-14.10.23:800][ 35]LogModuleManager: Shutting down and abandoning module AllDesktopTargetPlatform (23)
[2016.02.11-14.10.23:800][ 35]LogModuleManager: Shutting down and abandoning module TargetPlatform (22)
[2016.02.11-14.10.23:801][ 35]LogModuleManager: Shutting down and abandoning module InputCore (21)
[2016.02.11-14.10.23:801][ 35]LogModuleManager: Shutting down and abandoning module Settings (20)
[2016.02.11-14.10.23:801][ 35]LogModuleManager: Shutting down and abandoning module OnlineSubsystem (18)
[2016.02.11-14.10.23:801][ 35]LogModuleManager: Shutting down and abandoning module HTTP (17)
[2016.02.11-14.10.25:806][ 35]LogModuleManager: Shutting down and abandoning module XMPP (16)
[2016.02.11-14.10.25:806][ 35]LogModuleManager: Shutting down and abandoning module ExampleDeviceProfileSelector (15)
[2016.02.11-14.10.25:806][ 35]LogModuleManager: Shutting down and abandoning module TextureCompressor (14)
[2016.02.11-14.10.25:806][ 35]LogModuleManager: Shutting down and abandoning module ShaderCore (13)
[2016.02.11-14.10.25:806][ 35]LogModuleManager: Shutting down and abandoning module Landscape (12)
[2016.02.11-14.10.25:807][ 35]LogModuleManager: Shutting down and abandoning module SlateRHIRenderer (11)
[2016.02.11-14.10.25:857][ 35]LogModuleManager: Shutting down and abandoning module OpenGLDrv (10)
[2016.02.11-14.10.25:857][ 35]LogModuleManager: Shutting down and abandoning module D3D11RHI (9)
[2016.02.11-14.10.25:857][ 35]LogModuleManager: Shutting down and abandoning module AnimGraphRuntime (8)
[2016.02.11-14.10.25:857][ 35]LogModuleManager: Shutting down and abandoning module Renderer (7)
[2016.02.11-14.10.25:857][ 35]LogModuleManager: Shutting down and abandoning module Engine (6)
[2016.02.11-14.10.25:857][ 35]LogModuleManager: Shutting down and abandoning module CoreUObject (5)
[2016.02.11-14.10.25:857][ 35]LogModuleManager: Shutting down and abandoning module NetworkFile (4)
[2016.02.11-14.10.25:857][ 35]LogModuleManager: Shutting down and abandoning module StreamingFile (3)
[2016.02.11-14.10.25:857][ 35]LogModuleManager: Shutting down and abandoning module SandboxFile (2)
[2016.02.11-14.10.25:857][ 35]LogModuleManager: Shutting down and abandoning module PakFile (1)
[2016.02.11-14.10.25:890][ 35]LogExit: Exiting.
[2016.02.11-14.10.25:904][ 35]Log file closed, 02/11/16 09:10:25
