[2016.02.11-20.39.41:619][  0]Log file open, 02/11/16 15:39:41
[2016.02.11-20.39.41:619][  0]LogInit:Display: Running engine for game: Cardinal_Kings
[2016.02.11-20.39.41:619][  0]LogInit:Display: RandInit(1101073340) SRandInit(1101073340).
[2016.02.11-20.39.41:619][  0]LogTaskGraph: Started task graph with 4 named threads and 5 total threads.
[2016.02.11-20.39.41:619][  0]LogStats: Stats thread started at 0.079639
[2016.02.11-20.39.41:619][  0]LogInit: Version: 4.9.2-2707645+++depot+UE4-Releases+4.9
[2016.02.11-20.39.41:619][  0]LogInit: API Version: 2672455
[2016.02.11-20.39.41:619][  0]LogInit: Compiled (64-bit): Sep 28 2015 10:25:44
[2016.02.11-20.39.41:619][  0]LogInit: Compiled with Visual C++: 18.00.21005.01
[2016.02.11-20.39.41:619][  0]LogInit: Build Configuration: Development
[2016.02.11-20.39.41:619][  0]LogInit: Branch Name: ++depot+UE4-Releases+4.9
[2016.02.11-20.39.41:619][  0]LogInit: Command line:  
[2016.02.11-20.39.41:619][  0]LogInit: Base directory: C:/Program Files/Epic Games/4.9/Engine/Binaries/Win64/
[2016.02.11-20.39.41:619][  0]LogInit: Rocket: 1
[2016.02.11-20.39.41:632][  0]LogInit: Using libcurl 7.41.0
[2016.02.11-20.39.41:632][  0]LogInit:  - built for x86_64-pc-win32
[2016.02.11-20.39.41:632][  0]LogInit:  - supports SSL with WinSSL
[2016.02.11-20.39.41:632][  0]LogInit:  - other features:
[2016.02.11-20.39.41:632][  0]LogInit:      CURL_VERSION_SSL
[2016.02.11-20.39.41:632][  0]LogInit:      CURL_VERSION_IPV6
[2016.02.11-20.39.41:632][  0]LogInit:      CURL_VERSION_ASYNCHDNS
[2016.02.11-20.39.41:632][  0]LogInit:      CURL_VERSION_LARGEFILE
[2016.02.11-20.39.41:632][  0]LogInit:      CURL_VERSION_IDN
[2016.02.11-20.39.41:632][  0]LogInit:  CurlRequestOptions (configurable via config and command line):
[2016.02.11-20.39.41:632][  0]LogInit:  - bVerifyPeer = true  - Libcurl will verify peer certificate
[2016.02.11-20.39.41:632][  0]LogInit:  - bUseHttpProxy = false  - Libcurl will NOT use HTTP proxy
[2016.02.11-20.39.41:632][  0]LogInit:  - bDontReuseConnections = false  - Libcurl will reuse connections
[2016.02.11-20.39.41:632][  0]LogInit:  - CertBundlePath = nullptr  - Libcurl will use whatever was configured at build time.
[2016.02.11-20.39.41:642][  0]LogInit: Presizing for 0 objects not considered by GC, pre-allocating 0 bytes.
[2016.02.11-20.39.41:654][  0]LogInit: Object subsystem initialized
[2016.02.11-20.39.41:656][  0]LogInit: Selected Device Profile: [Windows]
[2016.02.11-20.39.41:656][  0]LogInit: Applying CVar settings loaded from the selected device profile: [Windows]
[2016.02.11-20.39.41:670][  0]LogInit: Computer: FOU
[2016.02.11-20.39.41:670][  0]LogInit: User: stupid
[2016.02.11-20.39.41:670][  0]LogInit: CPU Page size=4096, Cores=2
[2016.02.11-20.39.41:670][  0]LogInit: High frequency timer resolution =2.338452 MHz
[2016.02.11-20.39.41:670][  0]LogMemory: Memory total: Physical=7.9GB (8GB approx)
[2016.02.11-20.39.41:670][  0]LogMemory: Platform Memory Stats for Windows
[2016.02.11-20.39.41:670][  0]LogMemory: Process Physical Memory: 53.96 MB used, 53.96 MB peak
[2016.02.11-20.39.41:670][  0]LogMemory: Process Virtual Memory: 55.20 MB used, 55.20 MB peak
[2016.02.11-20.39.41:670][  0]LogMemory: Physical Memory: 3736.49 MB used, 8039.41 MB total
[2016.02.11-20.39.41:670][  0]LogMemory: Virtual Memory: 367.62 MB used, 134217728.00 MB total
[2016.02.11-20.39.41:711][  0]LogTextLocalizationManager: No specific translations for ('en-US') exist, so ('en') translations will be used.
[2016.02.11-20.39.42:828][  0]LogD3D11RHI: Found D3D11 adapter 0: Intel(R) HD Graphics 4000 (Feature Level 11_0)
[2016.02.11-20.39.42:828][  0]LogD3D11RHI: Adapter has 32MB of dedicated video memory, 0MB of dedicated system memory, and 1760MB of shared system memory, 1 output[s]
[2016.02.11-20.39.42:830][  0]LogD3D11RHI: Found D3D11 adapter 1: Microsoft Basic Render Driver (Feature Level 11_0)
[2016.02.11-20.39.42:830][  0]LogD3D11RHI: Adapter has 0MB of dedicated video memory, 0MB of dedicated system memory, and 4019MB of shared system memory, 0 output[s]
[2016.02.11-20.39.42:830][  0]LogD3D11RHI: Chosen D3D11 Adapter Id = 0
[2016.02.11-20.39.42:837][  0]LogD3D11RHI: !Direct3DDevice
[2016.02.11-20.39.42:837][  0]LogRHI: Texture pool is 638 MB (70% of 912 MB)
[2016.02.11-20.39.42:841][  0]LogD3D11RHI: Async texture creation enabled
[2016.02.11-20.39.42:847][  0]LogShaderCompilers: Guid format shader working directory is 14 characters bigger than the processId version (../../../../../../Users/stupid/Perforce/somalle_Fou_8865/Individual/somalle/Cardinal_Kings/Intermediate/Shaders/WorkingDirectory/11472/).
[2016.02.11-20.39.42:847][  0]LogShaderCompilers: Cleaned the shader compiler working directory '../../../../../../Users/stupid/Perforce/somalle_Fou_8865/Individual/somalle/Cardinal_Kings/Intermediate/Shaders/tmp/90EEE8F5478C2B046271948D5099D44C/'.
[2016.02.11-20.39.42:848][  0]LogShaderCompilers:Display: Using Local Shader Compiler.
[2016.02.11-20.39.45:224][  0]LogTemp:Display: Loaded TP AllDesktopTargetPlatform
[2016.02.11-20.39.45:232][  0]LogTemp:Display: Loaded TP WindowsClientTargetPlatform
[2016.02.11-20.39.45:241][  0]LogTemp:Display: Loaded TP WindowsNoEditorTargetPlatform
[2016.02.11-20.39.45:249][  0]LogTemp:Display: Loaded TP WindowsServerTargetPlatform
[2016.02.11-20.39.45:257][  0]LogTemp:Display: Loaded TP WindowsTargetPlatform
[2016.02.11-20.39.45:262][  0]LogTemp:Display: Loaded TP AndroidTargetPlatform
[2016.02.11-20.39.45:268][  0]LogTemp:Display: Loaded TP Android_ASTCTargetPlatform
[2016.02.11-20.39.45:273][  0]LogTemp:Display: Loaded TP Android_ATCTargetPlatform
[2016.02.11-20.39.45:279][  0]LogTemp:Display: Loaded TP Android_DXTTargetPlatform
[2016.02.11-20.39.45:284][  0]LogTemp:Display: Loaded TP Android_ETC1TargetPlatform
[2016.02.11-20.39.45:289][  0]LogTemp:Display: Loaded TP Android_ETC2TargetPlatform
[2016.02.11-20.39.45:295][  0]LogTemp:Display: Loaded TP Android_PVRTCTargetPlatform
[2016.02.11-20.39.45:296][  0]LogTemp:Display: Loaded TP HTML5TargetPlatform
[2016.02.11-20.39.45:317][  0]LogTemp:Display: Loaded TP IOSTargetPlatform
[2016.02.11-20.39.45:322][  0]LogTemp:Display: Loaded TP LinuxNoEditorTargetPlatform
[2016.02.11-20.39.45:327][  0]LogTemp:Display: Loaded TP LinuxServerTargetPlatform
[2016.02.11-20.39.45:333][  0]LogTemp:Display: Loaded TP LinuxTargetPlatform
[2016.02.11-20.39.45:333][  0]LogTargetPlatformManager:Display: Building Assets For Windows
[2016.02.11-20.39.45:468][  0]LogDerivedDataCache:Display: Max Cache Size: 512 MB
[2016.02.11-20.39.45:526][  0]LogDerivedDataCache: Loaded boot cache 0.06s 41MB C:/Users/stupid/AppData/Local/UnrealEngine/4.9/DerivedDataCache/Boot.ddc.
[2016.02.11-20.39.45:526][  0]LogDerivedDataCache:Display: Loaded Boot cache: C:/Users/stupid/AppData/Local/UnrealEngine/4.9/DerivedDataCache/Boot.ddc
[2016.02.11-20.39.45:526][  0]LogDerivedDataCache: FDerivedDataBackendGraph:  Pak pak cache file ../../../../../../Users/stupid/Perforce/somalle_Fou_8865/Individual/somalle/Cardinal_Kings/DerivedDataCache/DDC.ddp not found, will not use a pak cache.
[2016.02.11-20.39.45:526][  0]LogDerivedDataCache: Unable to find inner node Pak for hierarchical cache Hierarchy.
[2016.02.11-20.39.45:526][  0]LogDerivedDataCache: FDerivedDataBackendGraph:  CompressedPak pak cache file ../../../../../../Users/stupid/Perforce/somalle_Fou_8865/Individual/somalle/Cardinal_Kings/DerivedDataCache/Compressed.ddp not found, will not use a pak cache.
[2016.02.11-20.39.45:526][  0]LogDerivedDataCache: Unable to find inner node CompressedPak for hierarchical cache Hierarchy.
[2016.02.11-20.39.45:740][  0]LogDerivedDataCache:Display: Pak cache opened for reading ../../../Engine/DerivedDataCache/Compressed.ddp.
[2016.02.11-20.39.45:753][  0]LogDerivedDataCache: Using Local data cache path C:/Users/stupid/AppData/Local/UnrealEngine/Common/DerivedDataCache: Writable
[2016.02.11-20.39.46:032][  0]LogInit: Selected Device Profile: [Windows]
[2016.02.11-20.39.46:035][  0]LogContentStreaming: Texture pool size is 0.000000MB
[2016.02.11-20.39.46:217][  0]LogMeshUtilities: No automatic mesh reduction module available
[2016.02.11-20.39.46:217][  0]LogMeshUtilities: No automatic mesh merging module available
[2016.02.11-20.39.46:569][  0]LogInit: WinSock: version 1.1 (2.2), MaxSocks=32767, MaxUdp=65467
[2016.02.11-20.39.47:567][  0]UdpMessaging: Initializing bridge on interface 0.0.0.0:0 to multicast group 230.0.0.1:6666.
[2016.02.11-20.39.47:679][  0]LogAssetRegistry: FAssetRegistry took 0.0114 seconds to start up
[2016.02.11-20.39.47:966][  0]SourceControl: Info Source control is disabled
[2016.02.11-20.39.47:968][  0]SourceControl: Info Source control is disabled
[2016.02.11-20.39.47:987][  0]SourceControl: Info Source control is disabled
[2016.02.11-20.39.48:005][  0]SourceControl: Info Source control is disabled
[2016.02.11-20.39.48:255][  0]LogLinker:Warning: Asset '../../../Engine/Plugins/Runtime/LeapMotionController/Content/LM_PassthroughMaterial.uasset' has been saved with empty engine version. The asset will be loaded but may be incompatible.
[2016.02.11-20.39.48:377][  0]LogObj: 28361 objects as part of root set at end of initial load.
[2016.02.11-20.39.48:377][  0]LogUObjectAllocator: 6038864 out of 0 bytes used by permanent object pool.
[2016.02.11-20.39.48:454][  0]LogEngine: Initializing Engine...
[2016.02.11-20.39.48:458][  0]LogHMD: Can't find Oculus library dev build: is proper Runtime installed? Version: 0.7.0.0
[2016.02.11-20.39.48:459][  0]LogHMD: SteamVR failed to initialize.  Err: 110
[2016.02.11-20.39.48:647][  0]LogAIModule: Creating AISystem for world NewWorld
[2016.02.11-20.39.48:656][  0]LogInit: XAudio2 using 'Speakers (High Definition Audio Device)' : 2 channels at 44.1 kHz using 16 bits per sample (channel mask 0x3)
[2016.02.11-20.39.48:677][  0]LogInit: FAudioDevice initialized.
[2016.02.11-20.39.48:712][  0]LogDerivedDataCache: Saved boot cache 0.04s 41MB C:/Users/stupid/AppData/Local/UnrealEngine/4.9/DerivedDataCache/Boot.ddc.
[2016.02.11-20.39.48:717][  0]LogInit: Texture streaming: Enabled
[2016.02.11-20.39.48:726][  0]LogAnalytics: Creating configured Analytics provider AnalyticsET
[2016.02.11-20.39.48:726][  0]LogAnalytics: [UEEditor.Rocket.Release] APIServer = http://et2.epicgames.com/ET2/. AppVersion = 4.9.2-2707645+++depot+UE4-Releases+4.9
[2016.02.11-20.39.48:726][  0]LogAnalytics: [UEEditor.Rocket.Release] SetUserId 5346a6b841e607caf762ab8537e3c84f|0c7ed39155914bdd9dfaebe7213c2bfb|f36b3f47-aa57-414e-ae7a-1d74e7e7136f
[2016.02.11-20.39.48:726][  0]LogAnalytics: [UEEditor.Rocket.Release] AnalyticsET::StartSession
[2016.02.11-20.39.48:775][  0]LogInit: Transaction tracking system initialized
[2016.02.11-20.39.48:822][  0]BlueprintLog: New page: Editor Load
[2016.02.11-20.39.48:960][  0]LocalizationService: Info Localization service is disabled
[2016.02.11-20.39.49:074][  0]LogConsoleResponse:Display: 
[2016.02.11-20.39.49:276][  0]LogCook:Display: Done creating registry. It took  0.00s.
[2016.02.11-20.39.49:393][  0]LogFileCache: Scanning file cache for directory 'C:/Users/stupid/Perforce/somalle_Fou_8865/Individual/somalle/Cardinal_Kings/Content/' took 0.02s
[2016.02.11-20.39.49:393][  0]SourceControl: Info Source control is disabled
[2016.02.11-20.39.49:393][  0]Cmd: MAP LOAD FILE="../../../../../../Users/stupid/Perforce/somalle_Fou_8865/Individual/somalle/Cardinal_Kings/Content/Cardinal_Kings1.umap" TEMPLATE=0 SHOWPROGRESS=1 FEATURELEVEL=3
[2016.02.11-20.39.49:394][  0]LightingResults: New page: Lighting Build
[2016.02.11-20.39.49:401][  0]MapCheck: New page: Map Check
[2016.02.11-20.39.49:401][  0]LightingResults: New page: Lighting Build
[2016.02.11-20.39.49:432][  0]LogParticles: Destroying 0 GPU particle simulations for FXSystem 0x0000023F307DE160
[2016.02.11-20.39.49:996][  0]LogAIModule: Creating AISystem for world Cardinal_Kings1
[2016.02.11-20.39.50:073][  0]LogEditorServer: Finished looking for orphan Actors (0.000 secs)
[2016.02.11-20.39.50:074][  0]Cmd: MAP CHECKDEP NOCLEARLOG
[2016.02.11-20.39.50:217][  0]MapCheck: Info Map check complete: 0 Error(s), 0 Warning(s), took 142.952ms to complete.
[2016.02.11-20.39.50:217][  0]LogFileHelpers: Loading map 'Cardinal_Kings1' took 0.824
[2016.02.11-20.39.50:371][  0]LogCollectionManager: Loaded 0 collections in 0.003687 seconds
[2016.02.11-20.39.50:419][  0]LogFileCache: Scanning file cache for directory 'C:/Users/stupid/Perforce/somalle_Fou_8865/Individual/somalle/Cardinal_Kings/Saved/Collections/' took 0.01s
[2016.02.11-20.39.50:419][  0]LogFileCache: Scanning file cache for directory 'C:/Users/stupid/Perforce/somalle_Fou_8865/Individual/somalle/Cardinal_Kings/Content/Developers/stupid/Collections/' took 0.01s
[2016.02.11-20.39.50:419][  0]LogFileCache: Scanning file cache for directory 'C:/Users/stupid/Perforce/somalle_Fou_8865/Individual/somalle/Cardinal_Kings/Content/Collections/' took 0.01s
[2016.02.11-20.39.50:419][  0]LogContentBrowser: Native class hierarchy populated in 0.0121 seconds. Added 1867 classes and 333 folders.
[2016.02.11-20.39.50:429][  0]LogCollectionManager: Rebuilt the GUID cache for 0 collections in 0.000004 seconds
[2016.02.11-20.39.50:442][  0]LogContentBrowser: Native class hierarchy updated for 'WidgetCarousel' in 0.0007 seconds. Added 0 classes and 0 folders.
[2016.02.11-20.39.50:532][  0]LogContentBrowser: Native class hierarchy updated for 'AddContentDialog' in 0.0007 seconds. Added 0 classes and 0 folders.
[2016.02.11-20.39.50:541][  0]LogContentBrowser: Native class hierarchy updated for 'SceneOutliner' in 0.0007 seconds. Added 1 classes and 2 folders.
[2016.02.11-20.39.50:584][  0]LogCrashTracker: Crashtracker disabled due to settings.
[2016.02.11-20.39.50:590][  0]LogUObjectGlobals:Warning: Failed to find object 'Class None.'
[2016.02.11-20.39.50:612][  0]LogLoad: Full Startup: 9.71 seconds (BP compile: 0.09 seconds)
[2016.02.11-20.39.50:699][  0]LogContentStreaming: Texture pool size now 700 MB
[2016.02.11-20.39.50:880][  0]LogRenderer: Reallocating scene render targets to support 828x308 (Frame:2).
[2016.02.11-20.39.51:870][  7]LogAssetRegistry: Asset discovery search completed in 4.2029 seconds
[2016.02.11-20.39.51:871][  7]LogCollectionManager: Rebuilt the object cache for 0 collections in 0.000004 seconds (found 0 objects)
[2016.02.11-20.39.51:871][  7]LogCollectionManager: Fixed up redirectors for 0 collections in 0.000084 seconds (updated 0 objects)
[2016.02.11-20.39.54:538][160]LogLinker:Warning: Asset '../../../Engine/Content/ArtTools/RenderToTexture/Macros/RenderToTextureMacros.uasset' has been saved with empty engine version. The asset will be loaded but may be incompatible.
[2016.02.11-20.39.55:610][160]LogContentBrowser: Native class hierarchy updated for 'BlueprintGraph' in 0.0016 seconds. Added 107 classes and 0 folders.
[2016.02.11-20.40.00:562][371]LogRenderer: Reallocating scene render targets to support 828x416 (Frame:9).
[2016.02.11-20.40.52:751][985]LogEditorTransaction: Undo Edit Capsule Half Height
[2016.02.11-20.40.56:464][128]LogEditorTransaction: Undo Set actor scale
[2016.02.11-20.41.34:289][370]BlueprintLog: New page: Compile MyCharacter
[2016.02.11-20.41.34:964][370]BlueprintEditorCompileResults: Info [0114.06] Compile of MyCharacter successful! [in 674 ms]
[2016.02.11-20.41.36:678][452]LogPlayLevel: PlayLevel: No blueprints needed recompiling
[2016.02.11-20.41.36:679][452]PIE: New page: PIE session: Cardinal_Kings1 (Feb 11, 2016, 10:41:36 AM)
[2016.02.11-20.41.36:679][452]LogPlayLevel: Creating play world package: /Game/UEDPIE_0_Cardinal_Kings1
[2016.02.11-20.41.36:705][452]LogPlayLevel: PIE: StaticDuplicateObject took: (0.026239s)
[2016.02.11-20.41.36:706][452]LogAIModule: Creating AISystem for world Cardinal_Kings1
[2016.02.11-20.41.36:706][452]LogPlayLevel: PIE: World Init took: (0.000965s)
[2016.02.11-20.41.36:706][452]LogPlayLevel: PIE: Created PIE world by copying editor world from /Game/Cardinal_Kings1.Cardinal_Kings1 to /Game/UEDPIE_0_Cardinal_Kings1.Cardinal_Kings1 (0.027592s)
[2016.02.11-20.41.36:764][452]LogInit: XAudio2 using 'Speakers (High Definition Audio Device)' : 2 channels at 44.1 kHz using 16 bits per sample (channel mask 0x3)
[2016.02.11-20.41.36:773][452]LogInit: FAudioDevice initialized.
[2016.02.11-20.41.36:849][452]LogWorld: Game class is 'PaperGameMode_C'
[2016.02.11-20.41.36:915][452]LogWorld: Bringing World /Game/UEDPIE_0_Cardinal_Kings1.Cardinal_Kings1 up for play (max tick rate 60) at 2016.02.11-15.41.36
[2016.02.11-20.41.36:915][452]LogActor:Warning: GameSession /Game/UEDPIE_0_Cardinal_Kings1.Cardinal_Kings1:PersistentLevel.GameSession_0 has natively added scene component(s), but none of them were set as the actor's RootComponent - picking one arbitrarily
[2016.02.11-20.41.36:916][452]LogActor:Warning: GameNetworkManager /Game/UEDPIE_0_Cardinal_Kings1.Cardinal_Kings1:PersistentLevel.GameNetworkManager_0 has natively added scene component(s), but none of them were set as the actor's RootComponent - picking one arbitrarily
[2016.02.11-20.41.36:920][452]LogWorld: Bringing up level for play took: 0.068849
[2016.02.11-20.41.36:925][452]PIE: Info Play in editor start time for /Game/UEDPIE_0_Cardinal_Kings1 0.847
[2016.02.11-20.41.38:723][526]LogParticles: Destroying 0 GPU particle simulations for FXSystem 0x0000023F44FAC860
[2016.02.11-20.41.53:991][ 49]BlueprintLog: New page: Compile MyCharacter
[2016.02.11-20.41.54:290][ 49]BlueprintEditorCompileResults: Info [0133.39] Compile of MyCharacter successful! [in 299 ms]
[2016.02.11-20.41.55:792][118]LogPlayLevel: PlayLevel: No blueprints needed recompiling
[2016.02.11-20.41.55:792][118]PIE: New page: PIE session: Cardinal_Kings1 (Feb 11, 2016, 10:41:55 AM)
[2016.02.11-20.41.55:792][118]LogPlayLevel: Creating play world package: /Game/UEDPIE_0_Cardinal_Kings1
[2016.02.11-20.41.55:826][118]LogPlayLevel: PIE: StaticDuplicateObject took: (0.034390s)
[2016.02.11-20.41.55:827][118]LogAIModule: Creating AISystem for world Cardinal_Kings1
[2016.02.11-20.41.55:827][118]LogPlayLevel: PIE: World Init took: (0.000912s)
[2016.02.11-20.41.55:827][118]LogPlayLevel: PIE: Created PIE world by copying editor world from /Game/Cardinal_Kings1.Cardinal_Kings1 to /Game/UEDPIE_0_Cardinal_Kings1.Cardinal_Kings1 (0.035707s)
[2016.02.11-20.41.55:883][118]LogInit: XAudio2 using 'Speakers (High Definition Audio Device)' : 2 channels at 44.1 kHz using 16 bits per sample (channel mask 0x3)
[2016.02.11-20.41.55:892][118]LogInit: FAudioDevice initialized.
[2016.02.11-20.41.55:935][118]LogWorld: Game class is 'PaperGameMode_C'
[2016.02.11-20.41.56:000][118]LogWorld: Bringing World /Game/UEDPIE_0_Cardinal_Kings1.Cardinal_Kings1 up for play (max tick rate 60) at 2016.02.11-15.41.56
[2016.02.11-20.41.56:000][118]LogActor:Warning: GameSession /Game/UEDPIE_0_Cardinal_Kings1.Cardinal_Kings1:PersistentLevel.GameSession_1 has natively added scene component(s), but none of them were set as the actor's RootComponent - picking one arbitrarily
[2016.02.11-20.41.56:000][118]LogActor:Warning: GameNetworkManager /Game/UEDPIE_0_Cardinal_Kings1.Cardinal_Kings1:PersistentLevel.GameNetworkManager_1 has natively added scene component(s), but none of them were set as the actor's RootComponent - picking one arbitrarily
[2016.02.11-20.41.56:004][118]LogWorld: Bringing up level for play took: 0.068959
[2016.02.11-20.41.56:008][118]PIE: Info Play in editor start time for /Game/UEDPIE_0_Cardinal_Kings1 -0.07
[2016.02.11-20.42.02:794][435]LogParticles: Destroying 0 GPU particle simulations for FXSystem 0x0000023F22824720
[2016.02.11-20.42.18:320][960]LogEditorTransaction: Undo Edit Capsule Radius
[2016.02.11-20.42.30:592][341]BlueprintLog: New page: Compile MyCharacter
[2016.02.11-20.42.30:903][341]BlueprintEditorCompileResults: Info [0170.00] Compile of MyCharacter successful! [in 310 ms]
[2016.02.11-20.42.32:356][409]LogPlayLevel: PlayLevel: No blueprints needed recompiling
[2016.02.11-20.42.32:357][409]PIE: New page: PIE session: Cardinal_Kings1 (Feb 11, 2016, 10:42:32 AM)
[2016.02.11-20.42.32:357][409]LogPlayLevel: Creating play world package: /Game/UEDPIE_0_Cardinal_Kings1
[2016.02.11-20.42.32:385][409]LogPlayLevel: PIE: StaticDuplicateObject took: (0.028342s)
[2016.02.11-20.42.32:386][409]LogAIModule: Creating AISystem for world Cardinal_Kings1
[2016.02.11-20.42.32:386][409]LogPlayLevel: PIE: World Init took: (0.001012s)
[2016.02.11-20.42.32:387][409]LogPlayLevel: PIE: Created PIE world by copying editor world from /Game/Cardinal_Kings1.Cardinal_Kings1 to /Game/UEDPIE_0_Cardinal_Kings1.Cardinal_Kings1 (0.029898s)
[2016.02.11-20.42.32:447][409]LogInit: XAudio2 using 'Speakers (High Definition Audio Device)' : 2 channels at 44.1 kHz using 16 bits per sample (channel mask 0x3)
[2016.02.11-20.42.32:457][409]LogInit: FAudioDevice initialized.
[2016.02.11-20.42.32:492][409]LogWorld: Game class is 'PaperGameMode_C'
[2016.02.11-20.42.32:559][409]LogWorld: Bringing World /Game/UEDPIE_0_Cardinal_Kings1.Cardinal_Kings1 up for play (max tick rate 60) at 2016.02.11-15.42.32
[2016.02.11-20.42.32:559][409]LogActor:Warning: GameSession /Game/UEDPIE_0_Cardinal_Kings1.Cardinal_Kings1:PersistentLevel.GameSession_2 has natively added scene component(s), but none of them were set as the actor's RootComponent - picking one arbitrarily
[2016.02.11-20.42.32:559][409]LogActor:Warning: GameNetworkManager /Game/UEDPIE_0_Cardinal_Kings1.Cardinal_Kings1:PersistentLevel.GameNetworkManager_2 has natively added scene component(s), but none of them were set as the actor's RootComponent - picking one arbitrarily
[2016.02.11-20.42.32:563][409]LogWorld: Bringing up level for play took: 0.069478
[2016.02.11-20.42.32:567][409]PIE: Info Play in editor start time for /Game/UEDPIE_0_Cardinal_Kings1 0.489
[2016.02.11-20.42.36:206][573]LogParticles: Destroying 0 GPU particle simulations for FXSystem 0x0000023F3A8B94E0
[2016.02.11-20.42.46:088][920]BlueprintLog: New page: Compile MyCharacter
[2016.02.11-20.42.46:402][920]BlueprintEditorCompileResults: Info [0185.50] Compile of MyCharacter successful! [in 313 ms]
[2016.02.11-20.42.47:703][981]LogPlayLevel: PlayLevel: No blueprints needed recompiling
[2016.02.11-20.42.47:704][981]PIE: New page: PIE session: Cardinal_Kings1 (Feb 11, 2016, 10:42:47 AM)
[2016.02.11-20.42.47:704][981]LogPlayLevel: Creating play world package: /Game/UEDPIE_0_Cardinal_Kings1
[2016.02.11-20.42.47:734][981]LogPlayLevel: PIE: StaticDuplicateObject took: (0.029612s)
[2016.02.11-20.42.47:735][981]LogAIModule: Creating AISystem for world Cardinal_Kings1
[2016.02.11-20.42.47:735][981]LogPlayLevel: PIE: World Init took: (0.000960s)
[2016.02.11-20.42.47:735][981]LogPlayLevel: PIE: Created PIE world by copying editor world from /Game/Cardinal_Kings1.Cardinal_Kings1 to /Game/UEDPIE_0_Cardinal_Kings1.Cardinal_Kings1 (0.030988s)
[2016.02.11-20.42.47:788][981]LogInit: XAudio2 using 'Speakers (High Definition Audio Device)' : 2 channels at 44.1 kHz using 16 bits per sample (channel mask 0x3)
[2016.02.11-20.42.47:798][981]LogInit: FAudioDevice initialized.
[2016.02.11-20.42.47:837][981]LogWorld: Game class is 'PaperGameMode_C'
[2016.02.11-20.42.47:904][981]LogWorld: Bringing World /Game/UEDPIE_0_Cardinal_Kings1.Cardinal_Kings1 up for play (max tick rate 60) at 2016.02.11-15.42.47
[2016.02.11-20.42.47:904][981]LogActor:Warning: GameSession /Game/UEDPIE_0_Cardinal_Kings1.Cardinal_Kings1:PersistentLevel.GameSession_3 has natively added scene component(s), but none of them were set as the actor's RootComponent - picking one arbitrarily
[2016.02.11-20.42.47:904][981]LogActor:Warning: GameNetworkManager /Game/UEDPIE_0_Cardinal_Kings1.Cardinal_Kings1:PersistentLevel.GameNetworkManager_3 has natively added scene component(s), but none of them were set as the actor's RootComponent - picking one arbitrarily
[2016.02.11-20.42.47:908][981]LogWorld: Bringing up level for play took: 0.069347
[2016.02.11-20.42.47:912][981]PIE: Info Play in editor start time for /Game/UEDPIE_0_Cardinal_Kings1 -0.166
[2016.02.11-20.42.49:247][ 37]LogParticles: Destroying 0 GPU particle simulations for FXSystem 0x0000023F34237B00
[2016.02.11-20.42.58:428][361]BlueprintLog: New page: Compile MyCharacter
[2016.02.11-20.42.58:764][361]BlueprintEditorCompileResults: Info [0197.86] Compile of MyCharacter successful! [in 335 ms]
[2016.02.11-20.43.00:870][470]LogPlayLevel: PlayLevel: No blueprints needed recompiling
[2016.02.11-20.43.00:870][470]PIE: New page: PIE session: Cardinal_Kings1 (Feb 11, 2016, 10:43:00 AM)
[2016.02.11-20.43.00:870][470]LogPlayLevel: Creating play world package: /Game/UEDPIE_0_Cardinal_Kings1
[2016.02.11-20.43.00:901][470]LogPlayLevel: PIE: StaticDuplicateObject took: (0.031170s)
[2016.02.11-20.43.00:902][470]LogAIModule: Creating AISystem for world Cardinal_Kings1
[2016.02.11-20.43.00:902][470]LogPlayLevel: PIE: World Init took: (0.000968s)
[2016.02.11-20.43.00:903][470]LogPlayLevel: PIE: Created PIE world by copying editor world from /Game/Cardinal_Kings1.Cardinal_Kings1 to /Game/UEDPIE_0_Cardinal_Kings1.Cardinal_Kings1 (0.032613s)
[2016.02.11-20.43.00:957][470]LogInit: XAudio2 using 'Speakers (High Definition Audio Device)' : 2 channels at 44.1 kHz using 16 bits per sample (channel mask 0x3)
[2016.02.11-20.43.00:967][470]LogInit: FAudioDevice initialized.
[2016.02.11-20.43.01:004][470]LogWorld: Game class is 'PaperGameMode_C'
[2016.02.11-20.43.01:069][470]LogWorld: Bringing World /Game/UEDPIE_0_Cardinal_Kings1.Cardinal_Kings1 up for play (max tick rate 60) at 2016.02.11-15.43.01
[2016.02.11-20.43.01:069][470]LogActor:Warning: GameSession /Game/UEDPIE_0_Cardinal_Kings1.Cardinal_Kings1:PersistentLevel.GameSession_4 has natively added scene component(s), but none of them were set as the actor's RootComponent - picking one arbitrarily
[2016.02.11-20.43.01:070][470]LogActor:Warning: GameNetworkManager /Game/UEDPIE_0_Cardinal_Kings1.Cardinal_Kings1:PersistentLevel.GameNetworkManager_4 has natively added scene component(s), but none of them were set as the actor's RootComponent - picking one arbitrarily
[2016.02.11-20.43.01:074][470]LogWorld: Bringing up level for play took: 0.069455
[2016.02.11-20.43.01:078][470]PIE: Info Play in editor start time for /Game/UEDPIE_0_Cardinal_Kings1 1
[2016.02.11-20.43.59:308][248]LogSavePackage: Save=357.743500ms
[2016.02.11-20.43.59:308][248]LogSavePackage: Moving '../../../../../../Users/stupid/Perforce/somalle_Fou_8865/Individual/somalle/Cardinal_Kings/Saved/Cardinal_Kings15553C15C4EB9C6ECE859E2B9793553CC.tmp' to '../../../../../../Users/stupid/Perforce/somalle_Fou_8865/Individual/somalle/Cardinal_Kings/Content/Cardinal_Kings1.umap'
[2016.02.11-20.43.59:346][248]LogSavePackage: Total save time: 615.389153ms
[2016.02.11-20.43.59:346][248]LogSavePackage:Warning: Finished SavePackage ../../../../../../Users/stupid/Perforce/somalle_Fou_8865/Individual/somalle/Cardinal_Kings/Content/Cardinal_Kings1.umap
[2016.02.11-20.44.03:544][451]LogSavePackage: Save=141.733505ms
[2016.02.11-20.44.03:544][451]LogSavePackage: Moving '../../../../../../Users/stupid/Perforce/somalle_Fou_8865/Individual/somalle/Cardinal_Kings/Saved/MyCharacter956B494A4C3ED9731B04CB96149A3A5F.tmp' to '../../../../../../Users/stupid/Perforce/somalle_Fou_8865/Individual/somalle/Cardinal_Kings/Content/Game/Blueprints/MyCharacter.uasset'
[2016.02.11-20.44.03:548][451]LogSavePackage: Total save time: 168.557234ms
[2016.02.11-20.44.03:548][451]LogSavePackage:Warning: Finished SavePackage ../../../../../../Users/stupid/Perforce/somalle_Fou_8865/Individual/somalle/Cardinal_Kings/Content/Game/Blueprints/MyCharacter.uasset
[2016.02.11-20.44.46:236][865]LogParticles: Destroying 0 GPU particle simulations for FXSystem 0x0000023F44FAE840
[2016.02.11-20.44.50:050][ 71]LogRenderer: Reallocating scene render targets to support 1228x416 (Frame:10958).
[2016.02.11-20.44.58:957][525]LogEditorViewport: Clicking Background
[2016.02.11-20.44.59:136][533]LogEditorViewport: Clicking Background
[2016.02.11-20.45.04:153][773]LogEditorViewport: Clicking on Actor (LMB): PaperSpriteActor (2DBackground_Sprite3)
[2016.02.11-20.46.02:386][833]LogSavePackage: Save=290.325836ms
[2016.02.11-20.46.02:386][833]LogSavePackage: Moving '../../../../../../Users/stupid/Perforce/somalle_Fou_8865/Individual/somalle/Cardinal_Kings/Saved/Cardinal_Kings1199FC0D5414F2B123768FB9011651695.tmp' to '../../../../../../Users/stupid/Perforce/somalle_Fou_8865/Individual/somalle/Cardinal_Kings/Content/Cardinal_Kings1.umap'
[2016.02.11-20.46.02:392][833]LogSavePackage: Total save time: 316.799745ms
[2016.02.11-20.46.02:392][833]LogSavePackage:Warning: Finished SavePackage ../../../../../../Users/stupid/Perforce/somalle_Fou_8865/Individual/somalle/Cardinal_Kings/Content/Cardinal_Kings1.umap
[2016.02.11-20.48.34:340][796]LogEditorViewport: Clicking on Actor (LMB): PaperSpriteActor (2DBackground_Sprite3)
[2016.02.11-20.48.34:734][812]LogEditorViewport: Clicking on Component (LMB): PaperSpriteComponent (RenderComponent)
[2016.02.11-20.52.18:440][193]LogPlayLevel: PlayLevel: No blueprints needed recompiling
[2016.02.11-20.52.18:441][193]PIE: New page: SIE session: Cardinal_Kings1 (Feb 11, 2016, 10:52:18 AM)
[2016.02.11-20.52.18:441][193]LogPlayLevel: Creating play world package: /Game/UEDPIE_0_Cardinal_Kings1
[2016.02.11-20.52.18:467][193]LogPlayLevel: PIE: StaticDuplicateObject took: (0.025977s)
[2016.02.11-20.52.18:468][193]LogAIModule: Creating AISystem for world Cardinal_Kings1
[2016.02.11-20.52.18:468][193]LogPlayLevel: PIE: World Init took: (0.001232s)
[2016.02.11-20.52.18:468][193]LogPlayLevel: PIE: Created PIE world by copying editor world from /Game/Cardinal_Kings1.Cardinal_Kings1 to /Game/UEDPIE_0_Cardinal_Kings1.Cardinal_Kings1 (0.027571s)
[2016.02.11-20.52.18:526][193]LogSelection:Warning: PIE object was selected: "PaperSpriteActor /Game/UEDPIE_0_Cardinal_Kings1.Cardinal_Kings1:PersistentLevel.2DBackground_Sprite3"
[2016.02.11-20.52.18:532][193]LogInit: XAudio2 using 'Speakers (High Definition Audio Device)' : 2 channels at 44.1 kHz using 16 bits per sample (channel mask 0x3)
[2016.02.11-20.52.18:545][193]LogInit: FAudioDevice initialized.
[2016.02.11-20.52.18:613][193]LogWorld: Game class is 'PaperGameMode_C'
[2016.02.11-20.52.18:688][193]LogWorld: Bringing World /Game/UEDPIE_0_Cardinal_Kings1.Cardinal_Kings1 up for play (max tick rate 60) at 2016.02.11-15.52.18
[2016.02.11-20.52.18:688][193]LogActor:Warning: GameSession /Game/UEDPIE_0_Cardinal_Kings1.Cardinal_Kings1:PersistentLevel.GameSession_5 has natively added scene component(s), but none of them were set as the actor's RootComponent - picking one arbitrarily
[2016.02.11-20.52.18:689][193]LogActor:Warning: GameNetworkManager /Game/UEDPIE_0_Cardinal_Kings1.Cardinal_Kings1:PersistentLevel.GameNetworkManager_5 has natively added scene component(s), but none of them were set as the actor's RootComponent - picking one arbitrarily
[2016.02.11-20.52.18:693][193]LogWorld: Bringing up level for play took: 0.078589
[2016.02.11-20.52.18:695][193]PIE: Info Play in editor start time for /Game/UEDPIE_0_Cardinal_Kings1 0.618
[2016.02.11-20.52.18:837][193]LogSelection:Warning: PIE object was selected: "PaperSpriteActor /Game/UEDPIE_0_Cardinal_Kings1.Cardinal_Kings1:PersistentLevel.2DBackground_Sprite3"
[2016.02.11-20.52.23:534][328]LogParticles: Destroying 0 GPU particle simulations for FXSystem 0x0000023F547CB920
[2016.02.11-20.52.28:854][623]LogRenderer: Reallocating scene render targets to support 1228x492 (Frame:11896).
[2016.02.11-20.54.25:228][947]LogEditorViewport: Clicking on Actor (LMB): PaperSpriteActor (2DBackground_Sprite3)
[2016.02.11-21.01.10:634][295]LogPlayLevel: PlayLevel: No blueprints needed recompiling
[2016.02.11-21.01.10:634][295]PIE: New page: SIE session: Cardinal_Kings1 (Feb 11, 2016, 11:01:10 AM)
[2016.02.11-21.01.10:634][295]LogPlayLevel: Creating play world package: /Game/UEDPIE_0_Cardinal_Kings1
[2016.02.11-21.01.10:667][295]LogPlayLevel: PIE: StaticDuplicateObject took: (0.033008s)
[2016.02.11-21.01.10:668][295]LogAIModule: Creating AISystem for world Cardinal_Kings1
[2016.02.11-21.01.10:669][295]LogPlayLevel: PIE: World Init took: (0.001377s)
[2016.02.11-21.01.10:669][295]LogPlayLevel: PIE: Created PIE world by copying editor world from /Game/Cardinal_Kings1.Cardinal_Kings1 to /Game/UEDPIE_0_Cardinal_Kings1.Cardinal_Kings1 (0.034832s)
[2016.02.11-21.01.10:735][295]LogSelection:Warning: PIE object was selected: "PaperSpriteActor /Game/UEDPIE_0_Cardinal_Kings1.Cardinal_Kings1:PersistentLevel.2DBackground_Sprite3"
[2016.02.11-21.01.10:742][295]LogInit: XAudio2 using 'Speakers (High Definition Audio Device)' : 2 channels at 44.1 kHz using 16 bits per sample (channel mask 0x3)
[2016.02.11-21.01.10:757][295]LogInit: FAudioDevice initialized.
[2016.02.11-21.01.10:805][295]LogWorld: Game class is 'PaperGameMode_C'
[2016.02.11-21.01.10:898][295]LogWorld: Bringing World /Game/UEDPIE_0_Cardinal_Kings1.Cardinal_Kings1 up for play (max tick rate 60) at 2016.02.11-16.01.10
[2016.02.11-21.01.10:898][295]LogActor:Warning: GameSession /Game/UEDPIE_0_Cardinal_Kings1.Cardinal_Kings1:PersistentLevel.GameSession_6 has natively added scene component(s), but none of them were set as the actor's RootComponent - picking one arbitrarily
[2016.02.11-21.01.10:898][295]LogActor:Warning: GameNetworkManager /Game/UEDPIE_0_Cardinal_Kings1.Cardinal_Kings1:PersistentLevel.GameNetworkManager_6 has natively added scene component(s), but none of them were set as the actor's RootComponent - picking one arbitrarily
[2016.02.11-21.01.10:902][295]LogWorld: Bringing up level for play took: 0.096754
[2016.02.11-21.01.10:905][295]PIE: Info Play in editor start time for /Game/UEDPIE_0_Cardinal_Kings1 0.828
[2016.02.11-21.01.10:944][295]LogSelection:Warning: PIE object was selected: "PaperSpriteActor /Game/UEDPIE_0_Cardinal_Kings1.Cardinal_Kings1:PersistentLevel.2DBackground_Sprite3"
[2016.02.11-21.01.57:618][266]Cmd: SELECT NONE
[2016.02.11-21.02.00:193][314]LogParticles: Destroying 0 GPU particle simulations for FXSystem 0x0000023F31B580E0
[2016.02.11-21.02.02:612][451]LogPlayLevel: PlayLevel: No blueprints needed recompiling
[2016.02.11-21.02.02:612][451]PIE: New page: PIE session: Cardinal_Kings1 (Feb 11, 2016, 11:02:02 AM)
[2016.02.11-21.02.02:612][451]LogPlayLevel: Creating play world package: /Game/UEDPIE_0_Cardinal_Kings1
[2016.02.11-21.02.02:649][451]LogPlayLevel: PIE: StaticDuplicateObject took: (0.037022s)
[2016.02.11-21.02.02:651][451]LogAIModule: Creating AISystem for world Cardinal_Kings1
[2016.02.11-21.02.02:652][451]LogPlayLevel: PIE: World Init took: (0.002511s)
[2016.02.11-21.02.02:652][451]LogPlayLevel: PIE: Created PIE world by copying editor world from /Game/Cardinal_Kings1.Cardinal_Kings1 to /Game/UEDPIE_0_Cardinal_Kings1.Cardinal_Kings1 (0.040090s)
[2016.02.11-21.02.02:715][451]LogInit: XAudio2 using 'Speakers (High Definition Audio Device)' : 2 channels at 44.1 kHz using 16 bits per sample (channel mask 0x3)
[2016.02.11-21.02.02:726][451]LogInit: FAudioDevice initialized.
[2016.02.11-21.02.02:767][451]LogWorld: Game class is 'PaperGameMode_C'
[2016.02.11-21.02.02:843][451]LogWorld: Bringing World /Game/UEDPIE_0_Cardinal_Kings1.Cardinal_Kings1 up for play (max tick rate 60) at 2016.02.11-16.02.02
[2016.02.11-21.02.02:843][451]LogActor:Warning: GameSession /Game/UEDPIE_0_Cardinal_Kings1.Cardinal_Kings1:PersistentLevel.GameSession_7 has natively added scene component(s), but none of them were set as the actor's RootComponent - picking one arbitrarily
[2016.02.11-21.02.02:843][451]LogActor:Warning: GameNetworkManager /Game/UEDPIE_0_Cardinal_Kings1.Cardinal_Kings1:PersistentLevel.GameNetworkManager_7 has natively added scene component(s), but none of them were set as the actor's RootComponent - picking one arbitrarily
[2016.02.11-21.02.02:849][451]LogWorld: Bringing up level for play took: 0.080861
[2016.02.11-21.02.02:855][451]PIE: Info Play in editor start time for /Game/UEDPIE_0_Cardinal_Kings1 0.777
[2016.02.11-21.02.30:222][151]LogParticles: Destroying 0 GPU particle simulations for FXSystem 0x0000023F6353E660
[2016.02.11-21.06.19:848][713]LogEditorViewport: Clicking on Actor (LMB): PaperSpriteActor (2DBackground_Sprite3)
[2016.02.11-21.06.19:906][713]LogEditorViewport: Clicking on Actor (LMB): PaperSpriteActor (2DBackground_Sprite3)
[2016.02.11-21.22.33:539][890]LogWindowsTextInputMethodSystem:Display: IME system now deactivated.
[2016.02.11-21.22.33:958][891]Cmd: QUIT_EDITOR
[2016.02.11-21.22.34:693][891]LogExit: Preparing to exit.
[2016.02.11-21.22.35:443][891]LogExit: Editor shut down
[2016.02.11-21.22.35:445][891]LogExit: Transaction tracking system shut down
[2016.02.11-21.22.35:456][891]LogParticles: Destroying 0 GPU particle simulations for FXSystem 0x0000023F21D5F100
[2016.02.11-21.22.35:457][891]LogParticles: Destroying 0 GPU particle simulations for FXSystem 0x0000023F21841080
[2016.02.11-21.22.35:464][891]LogParticles: Destroying 0 GPU particle simulations for FXSystem 0x0000023F3A6A2660
[2016.02.11-21.22.35:464][891]LogParticles: Destroying 0 GPU particle simulations for FXSystem 0x0000023F449887C0
[2016.02.11-21.22.35:464][891]LogParticles: Destroying 0 GPU particle simulations for FXSystem 0x0000023F21FC9B20
[2016.02.11-21.22.35:469][891]LogParticles: Destroying 0 GPU particle simulations for FXSystem 0x0000023F312D40E0
[2016.02.11-21.22.35:855][891]LogExit: Object subsystem successfully closed.
[2016.02.11-21.22.35:875][891]LogD3D11RHI: Shutdown
[2016.02.11-21.22.35:875][891]LogD3D11RHI: CleanupD3DDevice
[2016.02.11-21.22.35:948][891]LogD3D11RHI: ~FD3D11DynamicRHI
[2016.02.11-21.22.35:986][891]LogModuleManager: Shutting down and abandoning module BlueprintGraph (198)
[2016.02.11-21.22.35:986][891]LogModuleManager: Shutting down and abandoning module CrashTracker (197)
[2016.02.11-21.22.35:986][891]LogModuleManager: Shutting down and abandoning module SceneOutliner (196)
[2016.02.11-21.22.35:986][891]LogModuleManager: Shutting down and abandoning module SuperSearch (195)
[2016.02.11-21.22.35:986][891]LogModuleManager: Shutting down and abandoning module WidgetCarousel (194)
[2016.02.11-21.22.35:986][891]LogModuleManager: Shutting down and abandoning module AddContentDialog (193)
[2016.02.11-21.22.35:995][891]LogModuleManager: Shutting down and abandoning module EditorWidgets (192)
[2016.02.11-21.22.35:995][891]LogModuleManager: Shutting down and abandoning module CollectionManager (191)
[2016.02.11-21.22.35:996][891]LogModuleManager: Shutting down and abandoning module StatsViewer (190)
[2016.02.11-21.22.35:996][891]LogModuleManager: Shutting down and abandoning module FoliageEdit (189)
[2016.02.11-21.22.35:996][891]LogModuleManager: Shutting down and abandoning module LandscapeEditor (188)
[2016.02.11-21.22.35:996][891]LogModuleManager: Shutting down and abandoning module ActorPickerMode (187)
[2016.02.11-21.22.35:996][891]LogModuleManager: Shutting down and abandoning module GeometryMode (186)
[2016.02.11-21.22.35:996][891]LogModuleManager: Shutting down and abandoning module TextureAlignMode (185)
[2016.02.11-21.22.35:996][891]LogModuleManager: Shutting down and abandoning module BspMode (184)
[2016.02.11-21.22.35:996][891]LogModuleManager: Shutting down and abandoning module PlacementMode (183)
[2016.02.11-21.22.35:996][891]LogModuleManager: Shutting down and abandoning module AutomationWorker (182)
[2016.02.11-21.22.35:996][891]LogModuleManager: Shutting down and abandoning module CharacterAI (181)
[2016.02.11-21.22.35:996][891]LogModuleManager: Shutting down and abandoning module SmartSnapping (180)
[2016.02.11-21.22.35:996][891]LogModuleManager: Shutting down and abandoning module ViewportSnapping (179)
[2016.02.11-21.22.35:996][891]LogModuleManager: Shutting down and abandoning module LogVisualizer (178)
[2016.02.11-21.22.35:996][891]LogModuleManager: Shutting down and abandoning module GameProjectGeneration (177)
[2016.02.11-21.22.35:997][891]LogModuleManager: Shutting down and abandoning module IntroTutorials (176)
[2016.02.11-21.22.35:997][891]LogModuleManager: Shutting down and abandoning module EditorLiveStreaming (175)
[2016.02.11-21.22.35:997][891]LogModuleManager: Shutting down and abandoning module IOSPlatformEditor (174)
[2016.02.11-21.22.35:997][891]LogModuleManager: Shutting down and abandoning module HTML5PlatformEditor (173)
[2016.02.11-21.22.35:997][891]LogModuleManager: Shutting down and abandoning module AndroidDeviceDetection (172)
[2016.02.11-21.22.36:832][891]LogModuleManager: Shutting down and abandoning module AndroidPlatformEditor (171)
[2016.02.11-21.22.36:832][891]LogModuleManager: Shutting down and abandoning module IOSRuntimeSettings (170)
[2016.02.11-21.22.36:832][891]LogModuleManager: Shutting down and abandoning module AndroidRuntimeSettings (169)
[2016.02.11-21.22.36:832][891]LogModuleManager: Shutting down and abandoning module MergeActors (168)
[2016.02.11-21.22.36:832][891]LogModuleManager: Shutting down and abandoning module SizeMap (167)
[2016.02.11-21.22.36:832][891]LogModuleManager: Shutting down and abandoning module TreeMap (166)
[2016.02.11-21.22.36:832][891]LogModuleManager: Shutting down and abandoning module ReferenceViewer (165)
[2016.02.11-21.22.36:832][891]LogModuleManager: Shutting down and abandoning module LocalizationService (164)
[2016.02.11-21.22.36:832][891]LogModuleManager: Shutting down and abandoning module LocalizationDashboard (163)
[2016.02.11-21.22.36:832][891]LogModuleManager: Shutting down and abandoning module HardwareTargeting (162)
[2016.02.11-21.22.36:832][891]LogModuleManager: Shutting down and abandoning module DeviceProfileEditor (161)
[2016.02.11-21.22.36:832][891]LogModuleManager: Shutting down and abandoning module UndoHistory (160)
[2016.02.11-21.22.36:833][891]LogModuleManager: Shutting down and abandoning module GameplayTagsEditor (159)
[2016.02.11-21.22.36:833][891]LogModuleManager: Shutting down and abandoning module UserFeedback (158)
[2016.02.11-21.22.36:833][891]LogModuleManager: Shutting down and abandoning module XmlParser (157)
[2016.02.11-21.22.36:833][891]LogModuleManager: Shutting down and abandoning module Blutility (156)
[2016.02.11-21.22.36:833][891]LogModuleManager: Shutting down and abandoning module ProjectTargetPlatformEditor (155)
[2016.02.11-21.22.36:833][891]LogModuleManager: Shutting down and abandoning module ProjectSettingsViewer (154)
[2016.02.11-21.22.36:833][891]LogModuleManager: Shutting down and abandoning module InputBindingEditor (153)
[2016.02.11-21.22.36:833][891]LogModuleManager: Shutting down and abandoning module EditorSettingsViewer (152)
[2016.02.11-21.22.36:833][891]LogModuleManager: Shutting down and abandoning module SettingsEditor (151)
[2016.02.11-21.22.36:833][891]LogModuleManager: Shutting down and abandoning module ProjectLauncher (150)
[2016.02.11-21.22.36:834][891]LogModuleManager: Shutting down and abandoning module SessionFrontend (149)
[2016.02.11-21.22.36:834][891]LogModuleManager: Shutting down and abandoning module ProfilerClient (148)
[2016.02.11-21.22.36:834][891]LogModuleManager: Shutting down and abandoning module TargetDeviceServices (147)
[2016.02.11-21.22.36:834][891]LogModuleManager: Shutting down and abandoning module DeviceManager (146)
[2016.02.11-21.22.36:834][891]LogModuleManager: Shutting down and abandoning module AutomationController (145)
[2016.02.11-21.22.36:834][891]LogModuleManager: Shutting down and abandoning module AutomationWindow (144)
[2016.02.11-21.22.36:834][891]LogModuleManager: Shutting down and abandoning module Layers (143)
[2016.02.11-21.22.36:834][891]LogModuleManager: Shutting down and abandoning module ComponentVisualizers (142)
[2016.02.11-21.22.36:834][891]LogModuleManager: Shutting down and abandoning module DetailCustomizations (141)
[2016.02.11-21.22.36:835][891]LogModuleManager: Shutting down and abandoning module PackagesDialog (140)
[2016.02.11-21.22.36:835][891]LogModuleManager: Shutting down and abandoning module Persona (139)
[2016.02.11-21.22.36:835][891]LogModuleManager: Shutting down and abandoning module Kismet (138)
[2016.02.11-21.22.36:835][891]LogModuleManager: Shutting down and abandoning module GraphEditor (137)
[2016.02.11-21.22.36:835][891]LogModuleManager: Shutting down and abandoning module ClassViewer (136)
[2016.02.11-21.22.36:835][891]LogModuleManager: Shutting down and abandoning module Toolbox (135)
[2016.02.11-21.22.36:835][891]LogModuleManager: Shutting down and abandoning module ModuleUI (134)
[2016.02.11-21.22.36:835][891]LogModuleManager: Shutting down and abandoning module MovieSceneTools (133)
[2016.02.11-21.22.36:835][891]LogModuleManager: Shutting down and abandoning module OutputLog (132)
[2016.02.11-21.22.36:835][891]LogModuleManager: Shutting down and abandoning module GammaUI (131)
[2016.02.11-21.22.36:836][891]LogModuleManager: Shutting down and abandoning module Documentation (130)
[2016.02.11-21.22.36:836][891]LogModuleManager: Shutting down and abandoning module GameLiveStreaming (129)
[2016.02.11-21.22.36:836][891]LogModuleManager: Shutting down and abandoning module StreamingPauseRendering (128)
[2016.02.11-21.22.36:836][891]LogModuleManager: Shutting down and abandoning module AnalyticsET (127)
[2016.02.11-21.22.36:836][891]LogModuleManager: Shutting down and abandoning module Analytics (126)
[2016.02.11-21.22.36:836][891]LogModuleManager: Shutting down and abandoning module AITestSuite (125)
[2016.02.11-21.22.36:836][891]LogModuleManager: Shutting down and abandoning module GameplayDebugger (124)
[2016.02.11-21.22.36:836][891]LogModuleManager: Shutting down and abandoning module AIModule (123)
[2016.02.11-21.22.36:836][891]LogModuleManager: Shutting down and abandoning module ProfilerService (122)
[2016.02.11-21.22.36:969][891]LogModuleManager: Shutting down and abandoning module TaskGraph (121)
[2016.02.11-21.22.36:970][891]LogModuleManager: Shutting down and abandoning module SlateRemote (120)
[2016.02.11-21.22.36:970][891]LogModuleManager: Shutting down and abandoning module SteamVRController (119)
[2016.02.11-21.22.36:970][891]LogModuleManager: Shutting down and abandoning module SteamVR (118)
[2016.02.11-21.22.36:970][891]LogModuleManager: Shutting down and abandoning module ProceduralMeshComponent (117)
[2016.02.11-21.22.36:970][891]LogModuleManager: Shutting down and abandoning module OculusRift (116)
[2016.02.11-21.22.36:970][891]LogModuleManager: Shutting down and abandoning module OculusLibrary (115)
[2016.02.11-21.22.36:970][891]LogModuleManager: Shutting down and abandoning module LeapMotionController (114)
[2016.02.11-21.22.37:001][891]LogModuleManager: Shutting down and abandoning module CustomMeshComponent (113)
[2016.02.11-21.22.37:001][891]LogModuleManager: Shutting down and abandoning module CableComponent (112)
[2016.02.11-21.22.37:001][891]LogModuleManager: Shutting down and abandoning module ArchVisCharacter (111)
[2016.02.11-21.22.37:001][891]LogModuleManager: Shutting down and abandoning module MessagingDebugger (110)
[2016.02.11-21.22.37:002][891]LogModuleManager: Shutting down and abandoning module MediaPlayerEditor (109)
[2016.02.11-21.22.37:002][891]LogModuleManager: Shutting down and abandoning module HTML5Networking (108)
[2016.02.11-21.22.37:002][891]LogModuleManager: Shutting down and abandoning module SpeedTreeImporter (107)
[2016.02.11-21.22.37:002][891]LogModuleManager: Shutting down and abandoning module PluginBrowser (106)
[2016.02.11-21.22.37:002][891]LogModuleManager: Shutting down and abandoning module EpicSurvey (105)
[2016.02.11-21.22.37:002][891]LogModuleManager: Shutting down and abandoning module DesktopPlatform (104)
[2016.02.11-21.22.37:002][891]LogModuleManager: Shutting down and abandoning module VisualStudioSourceCodeAccess (103)
[2016.02.11-21.22.37:002][891]LogModuleManager: Shutting down and abandoning module UObjectPlugin (102)
[2016.02.11-21.22.37:002][891]LogModuleManager: Shutting down and abandoning module SubversionSourceControl (101)
[2016.02.11-21.22.37:002][891]LogModuleManager: Shutting down and abandoning module PerforceSourceControl (100)
[2016.02.11-21.22.37:002][891]LogModuleManager: Shutting down and abandoning module SourceControl (99)
[2016.02.11-21.22.37:002][891]LogModuleManager: Shutting down and abandoning module GitSourceControl (98)
[2016.02.11-21.22.37:002][891]LogModuleManager: Shutting down and abandoning module LightPropagationVolumeEditor (97)
[2016.02.11-21.22.37:002][891]LogModuleManager: Shutting down and abandoning module PaperTiledImporter (96)
[2016.02.11-21.22.37:002][891]LogModuleManager: Shutting down and abandoning module PaperSpriteSheetImporter (95)
[2016.02.11-21.22.37:002][891]LogModuleManager: Shutting down and abandoning module MeshPaint (94)
[2016.02.11-21.22.37:002][891]LogModuleManager: Shutting down and abandoning module SlateReflector (93)
[2016.02.11-21.22.37:002][891]LogModuleManager: Shutting down and abandoning module HotReload (92)
[2016.02.11-21.22.37:003][891]LogModuleManager: Shutting down and abandoning module MainFrame (91)
[2016.02.11-21.22.37:003][891]LogModuleManager: Shutting down and abandoning module LevelEditor (90)
[2016.02.11-21.22.37:005][891]LogModuleManager: Shutting down and abandoning module DirectoryWatcher (89)
[2016.02.11-21.22.37:013][891]LogModuleManager: Shutting down and abandoning module AssetRegistry (88)
[2016.02.11-21.22.37:087][891]LogModuleManager: Shutting down and abandoning module ContentBrowser (87)
[2016.02.11-21.22.37:089][891]LogModuleManager: Shutting down and abandoning module Paper2DEditor (86)
[2016.02.11-21.22.37:089][891]LogModuleManager: Shutting down and abandoning module UdpMessaging (85)
[2016.02.11-21.22.37:189][891]LogModuleManager: Shutting down and abandoning module LightPropagationVolumeRuntime (84)
[2016.02.11-21.22.37:189][891]LogModuleManager: Shutting down and abandoning module Paper2D (83)
[2016.02.11-21.22.37:189][891]LogModuleManager: Shutting down and abandoning module WindowsMoviePlayer (82)
[2016.02.11-21.22.37:196][891]LogModuleManager: Shutting down and abandoning module Media (81)
[2016.02.11-21.22.37:197][891]LogModuleManager: Shutting down and abandoning module WmfMedia (80)
[2016.02.11-21.22.37:197][891]LogModuleManager: Shutting down and abandoning module OnlineBlueprintSupport (79)
[2016.02.11-21.22.37:197][891]LogModuleManager: Shutting down and abandoning module GameplayTasksEditor (78)
[2016.02.11-21.22.37:197][891]LogModuleManager: Shutting down and abandoning module PropertyEditor (77)
[2016.02.11-21.22.37:197][891]LogModuleManager: Shutting down and abandoning module BehaviorTreeEditor (76)
[2016.02.11-21.22.37:197][891]LogModuleManager: Shutting down and abandoning module FunctionalTesting (75)
[2016.02.11-21.22.37:197][891]LogModuleManager: Shutting down and abandoning module CollisionAnalyzer (74)
[2016.02.11-21.22.37:197][891]LogModuleManager: Shutting down and abandoning module WorkspaceMenuStructure (73)
[2016.02.11-21.22.37:197][891]LogModuleManager: Shutting down and abandoning module MessageLog (72)
[2016.02.11-21.22.37:197][891]LogModuleManager: Shutting down and abandoning module Sequencer (71)
[2016.02.11-21.22.37:198][891]LogModuleManager: Shutting down and abandoning module AssetTools (70)
[2016.02.11-21.22.37:198][891]LogModuleManager: Shutting down and abandoning module UMGEditor (69)
[2016.02.11-21.22.37:198][891]LogModuleManager: Shutting down and abandoning module UMG (68)
[2016.02.11-21.22.37:198][891]LogModuleManager: Shutting down and abandoning module Slate (67)
[2016.02.11-21.22.37:198][891]LogModuleManager: Shutting down and abandoning module EditorStyle (66)
[2016.02.11-21.22.37:206][891]LogModuleManager: Shutting down and abandoning module SessionServices (65)
[2016.02.11-21.22.37:206][891]LogModuleManager: Shutting down and abandoning module SourceCodeAccess (64)
[2016.02.11-21.22.37:206][891]LogModuleManager: Shutting down and abandoning module HeadMountedDisplay (63)
[2016.02.11-21.22.37:206][891]LogModuleManager: Shutting down and abandoning module XAudio2 (62)
[2016.02.11-21.22.37:206][891]LogModuleManager: Shutting down and abandoning module Networking (60)
[2016.02.11-21.22.37:206][891]LogModuleManager: Shutting down and abandoning module Core (59)
[2016.02.11-21.22.37:206][891]LogModuleManager: Shutting down and abandoning module KismetCompiler (58)
[2016.02.11-21.22.37:206][891]LogModuleManager: Shutting down and abandoning module PhysXFormats (57)
[2016.02.11-21.22.37:206][891]LogModuleManager: Shutting down and abandoning module MeshUtilities (56)
[2016.02.11-21.22.37:206][891]LogModuleManager: Shutting down and abandoning module CookingStats (55)
[2016.02.11-21.22.37:208][891]LogModuleManager: Shutting down and abandoning module DerivedDataCache (54)
[2016.02.11-21.22.37:229][891]LogDerivedDataCache: Shutdown
[2016.02.11-21.22.37:229][891]LogModuleManager: Shutting down and abandoning module ShaderFormatOpenGL (53)
[2016.02.11-21.22.37:229][891]LogModuleManager: Shutting down and abandoning module ShaderFormatD3D (52)
[2016.02.11-21.22.37:230][891]LogModuleManager: Shutting down and abandoning module MetalShaderFormat (51)
[2016.02.11-21.22.37:230][891]LogModuleManager: Shutting down and abandoning module TextureFormatUncompressed (50)
[2016.02.11-21.22.37:230][891]LogModuleManager: Shutting down and abandoning module TextureFormatPVR (49)
[2016.02.11-21.22.37:230][891]LogModuleManager: Shutting down and abandoning module TextureFormatIntelISPCTexComp (48)
[2016.02.11-21.22.37:230][891]LogModuleManager: Shutting down and abandoning module TextureFormatDXT (47)
[2016.02.11-21.22.37:230][891]LogModuleManager: Shutting down and abandoning module ImageWrapper (46)
[2016.02.11-21.22.37:230][891]LogModuleManager: Shutting down and abandoning module TextureFormatASTC (45)
[2016.02.11-21.22.37:230][891]LogModuleManager: Shutting down and abandoning module TextureFormatAndroid (44)
[2016.02.11-21.22.37:230][891]LogModuleManager: Shutting down and abandoning module AudioFormatOpus (43)
[2016.02.11-21.22.37:230][891]LogModuleManager: Shutting down and abandoning module AudioFormatOgg (42)
[2016.02.11-21.22.37:230][891]LogModuleManager: Shutting down and abandoning module AudioFormatADPCM (41)
[2016.02.11-21.22.37:230][891]LogModuleManager: Shutting down and abandoning module LinuxTargetPlatform (40)
[2016.02.11-21.22.37:230][891]LogModuleManager: Shutting down and abandoning module LinuxServerTargetPlatform (39)
[2016.02.11-21.22.37:231][891]LogModuleManager: Shutting down and abandoning module LinuxNoEditorTargetPlatform (38)
[2016.02.11-21.22.37:231][891]LogModuleManager: Shutting down and abandoning module Messaging (37)
[2016.02.11-21.22.37:231][891]LogModuleManager: Shutting down and abandoning module IOSTargetPlatform (36)
[2016.02.11-21.22.37:231][891]LogModuleManager: Shutting down and abandoning module HTML5TargetPlatform (35)
[2016.02.11-21.22.37:231][891]LogModuleManager: Shutting down and abandoning module Android_PVRTCTargetPlatform (34)
[2016.02.11-21.22.37:231][891]LogModuleManager: Shutting down and abandoning module Android_ETC2TargetPlatform (33)
[2016.02.11-21.22.37:231][891]LogModuleManager: Shutting down and abandoning module Android_ETC1TargetPlatform (32)
[2016.02.11-21.22.37:231][891]LogModuleManager: Shutting down and abandoning module Android_DXTTargetPlatform (31)
[2016.02.11-21.22.37:231][891]LogModuleManager: Shutting down and abandoning module Android_ATCTargetPlatform (30)
[2016.02.11-21.22.37:231][891]LogModuleManager: Shutting down and abandoning module Android_ASTCTargetPlatform (29)
[2016.02.11-21.22.37:231][891]LogModuleManager: Shutting down and abandoning module AndroidTargetPlatform (28)
[2016.02.11-21.22.37:231][891]LogModuleManager: Shutting down and abandoning module WindowsTargetPlatform (27)
[2016.02.11-21.22.37:231][891]LogModuleManager: Shutting down and abandoning module WindowsServerTargetPlatform (26)
[2016.02.11-21.22.37:232][891]LogModuleManager: Shutting down and abandoning module WindowsNoEditorTargetPlatform (25)
[2016.02.11-21.22.37:232][891]LogModuleManager: Shutting down and abandoning module WindowsClientTargetPlatform (24)
[2016.02.11-21.22.37:232][891]LogModuleManager: Shutting down and abandoning module AllDesktopTargetPlatform (23)
[2016.02.11-21.22.37:232][891]LogModuleManager: Shutting down and abandoning module TargetPlatform (22)
[2016.02.11-21.22.37:232][891]LogModuleManager: Shutting down and abandoning module InputCore (21)
[2016.02.11-21.22.37:232][891]LogModuleManager: Shutting down and abandoning module Settings (20)
[2016.02.11-21.22.37:233][891]LogModuleManager: Shutting down and abandoning module OnlineSubsystem (18)
[2016.02.11-21.22.37:233][891]LogModuleManager: Shutting down and abandoning module HTTP (17)
[2016.02.11-21.22.39:237][891]LogModuleManager: Shutting down and abandoning module XMPP (16)
[2016.02.11-21.22.39:237][891]LogModuleManager: Shutting down and abandoning module ExampleDeviceProfileSelector (15)
[2016.02.11-21.22.39:237][891]LogModuleManager: Shutting down and abandoning module TextureCompressor (14)
[2016.02.11-21.22.39:237][891]LogModuleManager: Shutting down and abandoning module ShaderCore (13)
[2016.02.11-21.22.39:237][891]LogModuleManager: Shutting down and abandoning module Landscape (12)
[2016.02.11-21.22.39:237][891]LogModuleManager: Shutting down and abandoning module SlateRHIRenderer (11)
[2016.02.11-21.22.39:290][891]LogModuleManager: Shutting down and abandoning module OpenGLDrv (10)
[2016.02.11-21.22.39:290][891]LogModuleManager: Shutting down and abandoning module D3D11RHI (9)
[2016.02.11-21.22.39:290][891]LogModuleManager: Shutting down and abandoning module AnimGraphRuntime (8)
[2016.02.11-21.22.39:290][891]LogModuleManager: Shutting down and abandoning module Renderer (7)
[2016.02.11-21.22.39:290][891]LogModuleManager: Shutting down and abandoning module Engine (6)
[2016.02.11-21.22.39:290][891]LogModuleManager: Shutting down and abandoning module CoreUObject (5)
[2016.02.11-21.22.39:290][891]LogModuleManager: Shutting down and abandoning module NetworkFile (4)
[2016.02.11-21.22.39:290][891]LogModuleManager: Shutting down and abandoning module StreamingFile (3)
[2016.02.11-21.22.39:290][891]LogModuleManager: Shutting down and abandoning module SandboxFile (2)
[2016.02.11-21.22.39:290][891]LogModuleManager: Shutting down and abandoning module PakFile (1)
[2016.02.11-21.22.39:291][891]LogExit: Exiting.
[2016.02.11-21.22.39:297][891]Log file closed, 02/11/16 16:22:39
