[2016.02.14-01.54.34:742][  0]Log file open, 02/13/16 20:54:34
[2016.02.14-01.54.34:742][  0]LogInit:Display: Running engine for game: Cardinal_Kings
[2016.02.14-01.54.34:742][  0]LogInit:Display: RandInit(-1836736060) SRandInit(-1836736059).
[2016.02.14-01.54.34:742][  0]LogTaskGraph: Started task graph with 4 named threads and 5 total threads.
[2016.02.14-01.54.34:742][  0]LogStats: Stats thread started at 0.122693
[2016.02.14-01.54.34:742][  0]LogInit: Version: 4.9.2-2707645+++depot+UE4-Releases+4.9
[2016.02.14-01.54.34:743][  0]LogInit: API Version: 2672455
[2016.02.14-01.54.34:743][  0]LogInit: Compiled (64-bit): Sep 28 2015 10:25:44
[2016.02.14-01.54.34:743][  0]LogInit: Compiled with Visual C++: 18.00.21005.01
[2016.02.14-01.54.34:743][  0]LogInit: Build Configuration: Development
[2016.02.14-01.54.34:743][  0]LogInit: Branch Name: ++depot+UE4-Releases+4.9
[2016.02.14-01.54.34:743][  0]LogInit: Command line:  /Temp/Autosaves/Game/UEDPCCardinal_Kings1 -game -PIEVIACONSOLE -ResX=1280 -ResY=720  -Multiprocess 
[2016.02.14-01.54.34:743][  0]LogInit: Base directory: C:/Program Files (x86)/Epic Games/4.9/Engine/Binaries/Win64/
[2016.02.14-01.54.34:743][  0]LogInit: Rocket: 1
[2016.02.14-01.54.34:823][  0]LogInit: Using libcurl 7.41.0
[2016.02.14-01.54.34:824][  0]LogInit:  - built for x86_64-pc-win32
[2016.02.14-01.54.34:824][  0]LogInit:  - supports SSL with WinSSL
[2016.02.14-01.54.34:824][  0]LogInit:  - other features:
[2016.02.14-01.54.34:824][  0]LogInit:      CURL_VERSION_SSL
[2016.02.14-01.54.34:824][  0]LogInit:      CURL_VERSION_IPV6
[2016.02.14-01.54.34:824][  0]LogInit:      CURL_VERSION_ASYNCHDNS
[2016.02.14-01.54.34:824][  0]LogInit:      CURL_VERSION_LARGEFILE
[2016.02.14-01.54.34:824][  0]LogInit:      CURL_VERSION_IDN
[2016.02.14-01.54.34:824][  0]LogInit:  CurlRequestOptions (configurable via config and command line):
[2016.02.14-01.54.34:824][  0]LogInit:  - bVerifyPeer = true  - Libcurl will verify peer certificate
[2016.02.14-01.54.34:824][  0]LogInit:  - bUseHttpProxy = false  - Libcurl will NOT use HTTP proxy
[2016.02.14-01.54.34:824][  0]LogInit:  - bDontReuseConnections = false  - Libcurl will reuse connections
[2016.02.14-01.54.34:824][  0]LogInit:  - CertBundlePath = nullptr  - Libcurl will use whatever was configured at build time.
[2016.02.14-01.54.34:852][  0]LogInit: Presizing for 0 objects not considered by GC, pre-allocating 0 bytes.
[2016.02.14-01.54.34:888][  0]LogInit: Object subsystem initialized
[2016.02.14-01.54.34:894][  0]LogInit: Selected Device Profile: [Windows]
[2016.02.14-01.54.34:894][  0]LogInit: Applying CVar settings loaded from the selected device profile: [Windows]
[2016.02.14-01.54.34:904][  0]LogInit: Computer: DESKTOP-T22LC7G
[2016.02.14-01.54.34:904][  0]LogInit: User: Shaun
[2016.02.14-01.54.34:904][  0]LogInit: CPU Page size=4096, Cores=2
[2016.02.14-01.54.34:904][  0]LogInit: High frequency timer resolution =2.343749 MHz
[2016.02.14-01.54.34:904][  0]LogMemory: Memory total: Physical=7.8GB (8GB approx)
[2016.02.14-01.54.34:904][  0]LogMemory: Platform Memory Stats for Windows
[2016.02.14-01.54.34:904][  0]LogMemory: Process Physical Memory: 53.50 MB used, 53.50 MB peak
[2016.02.14-01.54.34:904][  0]LogMemory: Process Virtual Memory: 57.35 MB used, 57.35 MB peak
[2016.02.14-01.54.34:904][  0]LogMemory: Physical Memory: 5138.58 MB used, 7986.05 MB total
[2016.02.14-01.54.34:904][  0]LogMemory: Virtual Memory: 365.38 MB used, 134217728.00 MB total
[2016.02.14-01.54.35:030][  0]LogTextLocalizationManager: No specific translations for ('en-US') exist, so ('en') translations will be used.
[2016.02.14-01.54.36:420][  0]LogD3D11RHI: Found D3D11 adapter 0: Intel(R) HD Graphics 520 (Feature Level 11_0)
[2016.02.14-01.54.36:420][  0]LogD3D11RHI: Adapter has 128MB of dedicated video memory, 0MB of dedicated system memory, and 3993MB of shared system memory, 1 output[s]
[2016.02.14-01.54.36:422][  0]LogD3D11RHI: Found D3D11 adapter 1: Microsoft Basic Render Driver (Feature Level 11_0)
[2016.02.14-01.54.36:422][  0]LogD3D11RHI: Adapter has 0MB of dedicated video memory, 0MB of dedicated system memory, and 3993MB of shared system memory, 0 output[s]
[2016.02.14-01.54.36:422][  0]LogD3D11RHI: Chosen D3D11 Adapter Id = 0
[2016.02.14-01.54.36:429][  0]LogD3D11RHI: !Direct3DDevice
[2016.02.14-01.54.36:429][  0]LogRHI: Texture pool is 1361 MB (70% of 1945 MB)
[2016.02.14-01.54.36:437][  0]LogD3D11RHI: Async texture creation enabled
[2016.02.14-01.54.36:448][  0]LogShaderCompilers: Guid format shader working directory is 14 characters bigger than the processId version (../../../../../../Users/Shaun/Desktop/Unreal Files/CGT445CardinalKings/Cardinal_Kings1/Intermediate/Shaders/WorkingDirectory/11220/).
[2016.02.14-01.54.36:448][  0]LogShaderCompilers: Cleaned the shader compiler working directory '../../../../../../Users/Shaun/Desktop/Unreal Files/CGT445CardinalKings/Cardinal_Kings1/Intermediate/Shaders/tmp/042184DD47AEBA7B757FDA8A5AA1E129/'.
[2016.02.14-01.54.36:448][  0]LogShaderCompilers:Display: Using Local Shader Compiler.
[2016.02.14-01.54.37:714][  0]LogTemp:Display: Loaded TP AllDesktopTargetPlatform
[2016.02.14-01.54.37:722][  0]LogTemp:Display: Loaded TP WindowsClientTargetPlatform
[2016.02.14-01.54.37:729][  0]LogTemp:Display: Loaded TP WindowsNoEditorTargetPlatform
[2016.02.14-01.54.37:735][  0]LogTemp:Display: Loaded TP WindowsServerTargetPlatform
[2016.02.14-01.54.37:742][  0]LogTemp:Display: Loaded TP WindowsTargetPlatform
[2016.02.14-01.54.37:749][  0]LogTemp:Display: Loaded TP AndroidTargetPlatform
[2016.02.14-01.54.37:753][  0]LogTemp:Display: Loaded TP Android_ASTCTargetPlatform
[2016.02.14-01.54.37:757][  0]LogTemp:Display: Loaded TP Android_ATCTargetPlatform
[2016.02.14-01.54.37:762][  0]LogTemp:Display: Loaded TP Android_DXTTargetPlatform
[2016.02.14-01.54.37:766][  0]LogTemp:Display: Loaded TP Android_ETC1TargetPlatform
[2016.02.14-01.54.37:769][  0]LogTemp:Display: Loaded TP Android_ETC2TargetPlatform
[2016.02.14-01.54.37:774][  0]LogTemp:Display: Loaded TP Android_PVRTCTargetPlatform
[2016.02.14-01.54.37:775][  0]LogTemp:Display: Loaded TP HTML5TargetPlatform
[2016.02.14-01.54.37:796][  0]LogTemp:Display: Loaded TP IOSTargetPlatform
[2016.02.14-01.54.37:799][  0]LogTemp:Display: Loaded TP LinuxNoEditorTargetPlatform
[2016.02.14-01.54.37:803][  0]LogTemp:Display: Loaded TP LinuxServerTargetPlatform
[2016.02.14-01.54.37:808][  0]LogTemp:Display: Loaded TP LinuxTargetPlatform
[2016.02.14-01.54.37:808][  0]LogTargetPlatformManager:Display: Building Assets For Windows
[2016.02.14-01.54.37:915][  0]LogDerivedDataCache:Display: Max Cache Size: 512 MB
[2016.02.14-01.54.37:977][  0]LogDerivedDataCache: Loaded boot cache 0.06s 41MB C:/Users/Shaun/AppData/Local/UnrealEngine/4.9/DerivedDataCache/Boot.ddc.
[2016.02.14-01.54.37:977][  0]LogDerivedDataCache:Display: Loaded Boot cache: C:/Users/Shaun/AppData/Local/UnrealEngine/4.9/DerivedDataCache/Boot.ddc
[2016.02.14-01.54.37:977][  0]LogDerivedDataCache: FDerivedDataBackendGraph:  Pak pak cache file ../../../../../../Users/Shaun/Desktop/Unreal Files/CGT445CardinalKings/Cardinal_Kings1/DerivedDataCache/DDC.ddp not found, will not use a pak cache.
[2016.02.14-01.54.37:977][  0]LogDerivedDataCache: Unable to find inner node Pak for hierarchical cache Hierarchy.
[2016.02.14-01.54.37:977][  0]LogDerivedDataCache: FDerivedDataBackendGraph:  CompressedPak pak cache file ../../../../../../Users/Shaun/Desktop/Unreal Files/CGT445CardinalKings/Cardinal_Kings1/DerivedDataCache/Compressed.ddp not found, will not use a pak cache.
[2016.02.14-01.54.37:977][  0]LogDerivedDataCache: Unable to find inner node CompressedPak for hierarchical cache Hierarchy.
[2016.02.14-01.54.38:130][  0]LogDerivedDataCache:Display: Pak cache opened for reading ../../../Engine/DerivedDataCache/Compressed.ddp.
[2016.02.14-01.54.38:142][  0]LogDerivedDataCache: Using Local data cache path C:/Users/Shaun/AppData/Local/UnrealEngine/Common/DerivedDataCache: Writable
[2016.02.14-01.54.38:331][  0]LogInit: Selected Device Profile: [Windows]
[2016.02.14-01.54.38:334][  0]LogContentStreaming: Texture pool size is 1000.000000MB
[2016.02.14-01.54.38:475][  0]LogMeshUtilities: No automatic mesh reduction module available
[2016.02.14-01.54.38:475][  0]LogMeshUtilities: No automatic mesh merging module available
[2016.02.14-01.54.38:758][  0]LogInit: WinSock: version 1.1 (2.2), MaxSocks=32767, MaxUdp=65467
[2016.02.14-01.54.38:973][  0]LogWindowsMoviePlayer: Unable to load movie: ../../../../../../Users/Shaun/Desktop/Unreal Files/CGT445CardinalKings/Cardinal_Kings1/Content/Movies/Default_Startup.mp4
[2016.02.14-01.54.39:163][  0]SourceControl: Info Source control is disabled
[2016.02.14-01.54.39:163][  0]SourceControl: Info Source control is disabled
[2016.02.14-01.54.39:203][  0]SourceControl: Info Source control is disabled
[2016.02.14-01.54.39:359][  0]LogLinker:Warning: Asset '../../../Engine/Plugins/Runtime/LeapMotionController/Content/LM_PassthroughMaterial.uasset' has been saved with empty engine version. The asset will be loaded but may be incompatible.
[2016.02.14-01.54.39:492][  0]LogObj: 27669 objects as part of root set at end of initial load.
[2016.02.14-01.54.39:492][  0]LogUObjectAllocator: 5775704 out of 0 bytes used by permanent object pool.
[2016.02.14-01.54.39:569][  0]LogEngine: Initializing Engine...
[2016.02.14-01.54.39:573][  0]LogHMD: Can't find Oculus library dev build: is proper Runtime installed? Version: 0.7.0.0
[2016.02.14-01.54.39:574][  0]LogHMD: SteamVR failed to initialize.  Err: 110
[2016.02.14-01.54.39:774][  0]LogInit: XAudio2 using 'Speakers (Realtek High Definition Audio)' : 2 channels at 48 kHz using 32 bits per sample (channel mask 0x3)
[2016.02.14-01.54.39:790][  0]LogInit: FAudioDevice initialized.
[2016.02.14-01.54.39:796][  0]LogInit: Texture streaming: Enabled
[2016.02.14-01.54.39:907][  0]LogNet: Browse: /Temp/Autosaves/Game/UEDPCCardinal_Kings1?Name=Player
[2016.02.14-01.54.39:908][  0]LogLoad: LoadMap: /Temp/Autosaves/Game/UEDPCCardinal_Kings1?Name=Player
[2016.02.14-01.54.39:926][  0]LogParticles: Destroying 0 GPU particle simulations for FXSystem 0x000000EDD2817560
[2016.02.14-01.54.39:945][  0]LogMemory: Platform Memory Stats for Windows
[2016.02.14-01.54.39:945][  0]LogMemory: Process Physical Memory: 394.16 MB used, 394.16 MB peak
[2016.02.14-01.54.39:945][  0]LogMemory: Process Virtual Memory: 421.12 MB used, 421.12 MB peak
[2016.02.14-01.54.39:945][  0]LogMemory: Physical Memory: 5427.91 MB used, 7986.05 MB total
[2016.02.14-01.54.39:945][  0]LogMemory: Virtual Memory: 999.74 MB used, 134217728.00 MB total
[2016.02.14-01.54.39:945][  0]LogMemory: 
[2016.02.14-01.54.39:945][  0]Allocator Stats for TBB: (not implemented)
[2016.02.14-01.54.40:276][  0]LogAIModule: Creating AISystem for world Cardinal_Kings1
[2016.02.14-01.54.40:281][  0]LogWorld: Game class is 'PaperGameMode_C'
[2016.02.14-01.54.40:325][  0]LogWorld: Bringing World /Temp/Autosaves/Game/UEDPCCardinal_Kings1.Cardinal_Kings1 up for play (max tick rate 0) at 2016.02.13-20.54.40
[2016.02.14-01.54.40:328][  0]LogWorld: Bringing up level for play took: 0.045321
[2016.02.14-01.54.40:329][  0]LogInit:Display: Game Engine Initialized.
[2016.02.14-01.54.40:560][  0]LogLoad: Full Startup: 6.63 seconds (BP compile: 0.05 seconds)
[2016.02.14-01.54.40:578][  0]LogWindowsTextInputMethodSystem:Display: IME system now deactivated.
[2016.02.14-01.54.40:578][  0]LogWindowsTextInputMethodSystem:Display: IME system now deactivated.
[2016.02.14-01.54.40:755][  2]LogRenderer: Reallocating scene render targets to support 1280x720 (Frame:2).
[2016.02.14-01.54.51:571][272]LogPackageName: SearchForPackageOnDisk took   0.118s to resolve Cardinal_Kings1.umap.
[2016.02.14-01.54.51:660][273]LogPackageName: SearchForPackageOnDisk took   0.088s to resolve Cardinal_Kings1.umap.
[2016.02.14-01.54.51:660][273]LogNet: Browse: /Game/Cardinal_Kings1
[2016.02.14-01.54.51:661][273]LogLoad: LoadMap: /Game/Cardinal_Kings1
[2016.02.14-01.54.51:696][273]LogParticles: Destroying 0 GPU particle simulations for FXSystem 0x000000EDD2C89F80
[2016.02.14-01.54.51:725][273]LogMemory: Platform Memory Stats for Windows
[2016.02.14-01.54.51:725][273]LogMemory: Process Physical Memory: 566.26 MB used, 567.76 MB peak
[2016.02.14-01.54.51:725][273]LogMemory: Process Virtual Memory: 605.67 MB used, 606.91 MB peak
[2016.02.14-01.54.51:725][273]LogMemory: Physical Memory: 5580.08 MB used, 7986.05 MB total
[2016.02.14-01.54.51:725][273]LogMemory: Virtual Memory: 1252.39 MB used, 134217728.00 MB total
[2016.02.14-01.54.51:725][273]LogMemory: 
[2016.02.14-01.54.51:725][273]Allocator Stats for TBB: (not implemented)
[2016.02.14-01.54.51:954][273]LogAIModule: Creating AISystem for world Cardinal_Kings1
[2016.02.14-01.54.51:958][273]LogWorld: Game class is 'PaperGameMode_C'
[2016.02.14-01.54.51:987][273]LogWorld: Bringing World /Game/Cardinal_Kings1.Cardinal_Kings1 up for play (max tick rate 0) at 2016.02.13-20.54.51
[2016.02.14-01.54.51:989][273]LogWorld: Bringing up level for play took: 0.030955
[2016.02.14-01.55.08:296][689]LogWindowsTextInputMethodSystem:Display: IME system now deactivated.
[2016.02.14-01.55.08:296][689]LogWindowsTextInputMethodSystem:Display: IME system now deactivated.
[2016.02.14-01.55.08:300][689]LogEngine: All Windows Closed
[2016.02.14-01.55.08:300][689]LogWindows: FPlatformMisc::RequestExit(0)
[2016.02.14-01.55.08:647][690]LogExit: Preparing to exit.
[2016.02.14-01.55.08:801][690]LogExit: Game engine shut down
[2016.02.14-01.55.08:807][690]LogParticles: Destroying 0 GPU particle simulations for FXSystem 0x000000EDD40D62A0
[2016.02.14-01.55.09:064][690]LogExit: Object subsystem successfully closed.
[2016.02.14-01.55.09:082][690]LogD3D11RHI: Shutdown
[2016.02.14-01.55.09:082][690]LogD3D11RHI: CleanupD3DDevice
[2016.02.14-01.55.09:413][690]LogD3D11RHI: ~FD3D11DynamicRHI
[2016.02.14-01.55.09:482][690]LogModuleManager: Shutting down and abandoning module AndroidDeviceDetection (115)
[2016.02.14-01.55.09:663][690]LogModuleManager: Shutting down and abandoning module AutomationController (114)
[2016.02.14-01.55.09:663][690]LogModuleManager: Shutting down and abandoning module AutomationWorker (113)
[2016.02.14-01.55.09:663][690]LogModuleManager: Shutting down and abandoning module CharacterAI (112)
[2016.02.14-01.55.09:663][690]LogModuleManager: Shutting down and abandoning module AITestSuite (111)
[2016.02.14-01.55.09:663][690]LogModuleManager: Shutting down and abandoning module GameplayDebugger (110)
[2016.02.14-01.55.09:663][690]LogModuleManager: Shutting down and abandoning module AIModule (109)
[2016.02.14-01.55.09:663][690]LogModuleManager: Shutting down and abandoning module GameLiveStreaming (108)
[2016.02.14-01.55.09:663][690]LogModuleManager: Shutting down and abandoning module StreamingPauseRendering (107)
[2016.02.14-01.55.09:663][690]LogModuleManager: Shutting down and abandoning module ProfilerService (106)
[2016.02.14-01.55.09:811][690]LogModuleManager: Shutting down and abandoning module TaskGraph (105)
[2016.02.14-01.55.09:811][690]LogModuleManager: Shutting down and abandoning module SlateRemote (104)
[2016.02.14-01.55.09:812][690]LogModuleManager: Shutting down and abandoning module SteamVRController (103)
[2016.02.14-01.55.09:812][690]LogModuleManager: Shutting down and abandoning module SteamVR (102)
[2016.02.14-01.55.09:812][690]LogModuleManager: Shutting down and abandoning module ProceduralMeshComponent (101)
[2016.02.14-01.55.09:812][690]LogModuleManager: Shutting down and abandoning module OculusRift (100)
[2016.02.14-01.55.09:814][690]LogModuleManager: Shutting down and abandoning module OculusLibrary (99)
[2016.02.14-01.55.09:814][690]LogModuleManager: Shutting down and abandoning module LeapMotionController (98)
[2016.02.14-01.55.09:882][690]LogModuleManager: Shutting down and abandoning module CustomMeshComponent (97)
[2016.02.14-01.55.09:882][690]LogModuleManager: Shutting down and abandoning module CableComponent (96)
[2016.02.14-01.55.09:882][690]LogModuleManager: Shutting down and abandoning module ArchVisCharacter (95)
[2016.02.14-01.55.09:882][690]LogModuleManager: Shutting down and abandoning module HTML5Networking (94)
[2016.02.14-01.55.09:882][