[2016.02.14-17.18.46:852][  0]Log file open, 02/14/16 12:18:46
[2016.02.14-17.18.46:852][  0]LogInit:Display: Running engine for game: Cardinal_Kings
[2016.02.14-17.18.46:852][  0]LogInit:Display: RandInit(-689663499) SRandInit(-689663498).
[2016.02.14-17.18.46:852][  0]LogTaskGraph: Started task graph with 4 named threads and 5 total threads.
[2016.02.14-17.18.46:852][  0]LogStats: Stats thread started at 0.107419
[2016.02.14-17.18.46:852][  0]LogInit: Version: 4.9.2-2707645+++depot+UE4-Releases+4.9
[2016.02.14-17.18.46:852][  0]LogInit: API Version: 2672455
[2016.02.14-17.18.46:852][  0]LogInit: Compiled (64-bit): Sep 28 2015 10:25:44
[2016.02.14-17.18.46:852][  0]LogInit: Compiled with Visual C++: 18.00.21005.01
[2016.02.14-17.18.46:852][  0]LogInit: Build Configuration: Development
[2016.02.14-17.18.46:852][  0]LogInit: Branch Name: ++depot+UE4-Releases+4.9
[2016.02.14-17.18.46:852][  0]LogInit: Command line:  
[2016.02.14-17.18.46:852][  0]LogInit: Base directory: C:/Program Files (x86)/Epic Games/4.9/Engine/Binaries/Win64/
[2016.02.14-17.18.46:852][  0]LogInit: Rocket: 1
[2016.02.14-17.18.46:934][  0]LogInit: Using libcurl 7.41.0
[2016.02.14-17.18.46:934][  0]LogInit:  - built for x86_64-pc-win32
[2016.02.14-17.18.46:934][  0]LogInit:  - supports SSL with WinSSL
[2016.02.14-17.18.46:934][  0]LogInit:  - other features:
[2016.02.14-17.18.46:934][  0]LogInit:      CURL_VERSION_SSL
[2016.02.14-17.18.46:934][  0]LogInit:      CURL_VERSION_IPV6
[2016.02.14-17.18.46:934][  0]LogInit:      CURL_VERSION_ASYNCHDNS
[2016.02.14-17.18.46:934][  0]LogInit:      CURL_VERSION_LARGEFILE
[2016.02.14-17.18.46:934][  0]LogInit:      CURL_VERSION_IDN
[2016.02.14-17.18.46:934][  0]LogInit:  CurlRequestOptions (configurable via config and command line):
[2016.02.14-17.18.46:934][  0]LogInit:  - bVerifyPeer = true  - Libcurl will verify peer certificate
[2016.02.14-17.18.46:934][  0]LogInit:  - bUseHttpProxy = false  - Libcurl will NOT use HTTP proxy
[2016.02.14-17.18.46:934][  0]LogInit:  - bDontReuseConnections = false  - Libcurl will reuse connections
[2016.02.14-17.18.46:934][  0]LogInit:  - CertBundlePath = nullptr  - Libcurl will use whatever was configured at build time.
[2016.02.14-17.18.46:952][  0]LogInit: Presizing for 0 objects not considered by GC, pre-allocating 0 bytes.
[2016.02.14-17.18.46:970][  0]LogInit: Object subsystem initialized
[2016.02.14-17.18.46:972][  0]LogInit: Selected Device Profile: [Windows]
[2016.02.14-17.18.46:972][  0]LogInit: Applying CVar settings loaded from the selected device profile: [Windows]
[2016.02.14-17.18.46:993][  0]LogInit: Computer: DESKTOP-T22LC7G
[2016.02.14-17.18.46:993][  0]LogInit: User: Shaun
[2016.02.14-17.18.46:993][  0]LogInit: CPU Page size=4096, Cores=2
[2016.02.14-17.18.46:993][  0]LogInit: High frequency timer resolution =2.343749 MHz
[2016.02.14-17.18.46:993][  0]LogMemory: Memory total: Physical=7.8GB (8GB approx)
[2016.02.14-17.18.46:993][  0]LogMemory: Platform Memory Stats for Windows
[2016.02.14-17.18.46:993][  0]LogMemory: Process Physical Memory: 53.63 MB used, 53.63 MB peak
[2016.02.14-17.18.46:993][  0]LogMemory: Process Virtual Memory: 57.14 MB used, 57.14 MB peak
[2016.02.14-17.18.46:993][  0]LogMemory: Physical Memory: 4815.32 MB used, 7986.05 MB total
[2016.02.14-17.18.46:993][  0]LogMemory: Virtual Memory: 365.38 MB used, 134217728.00 MB total
[2016.02.14-17.18.47:044][  0]LogTextLocalizationManager: No specific translations for ('en-US') exist, so ('en') translations will be used.
[2016.02.14-17.18.48:439][  0]LogD3D11RHI: Found D3D11 adapter 0: Intel(R) HD Graphics 520 (Feature Level 11_0)
[2016.02.14-17.18.48:439][  0]LogD3D11RHI: Adapter has 128MB of dedicated video memory, 0MB of dedicated system memory, and 3993MB of shared system memory, 1 output[s]
[2016.02.14-17.18.48:441][  0]LogD3D11RHI: Found D3D11 adapter 1: Microsoft Basic Render Driver (Feature Level 11_0)
[2016.02.14-17.18.48:441][  0]LogD3D11RHI: Adapter has 0MB of dedicated video memory, 0MB of dedicated system memory, and 3993MB of shared system memory, 0 output[s]
[2016.02.14-17.18.48:441][  0]LogD3D11RHI: Chosen D3D11 Adapter Id = 0
[2016.02.14-17.18.48:450][  0]LogD3D11RHI: !Direct3DDevice
[2016.02.14-17.18.48:450][  0]LogRHI: Texture pool is 1361 MB (70% of 1945 MB)
[2016.02.14-17.18.48:467][  0]LogD3D11RHI: Async texture creation enabled
[2016.02.14-17.18.48:475][  0]LogShaderCompilers: Guid format shader working directory is 15 characters bigger than the processId version (../../../../../../Users/Shaun/Desktop/Unreal Files/CGT445CardinalKings/Cardinal_Kings1/Intermediate/Shaders/WorkingDirectory/7724/).
[2016.02.14-17.18.48:475][  0]LogShaderCompilers: Cleaned the shader compiler working directory '../../../../../../Users/Shaun/Desktop/Unreal Files/CGT445CardinalKings/Cardinal_Kings1/Intermediate/Shaders/tmp/40E75D024CDBB11DA235A49E73F447BC/'.
[2016.02.14-17.18.48:475][  0]LogShaderCompilers:Display: Using Local Shader Compiler.
[2016.02.14-17.18.50:909][  0]LogTemp:Display: Loaded TP AllDesktopTargetPlatform
[2016.02.14-17.18.50:932][  0]LogTemp:Display: Loaded TP WindowsClientTargetPlatform
[2016.02.14-17.18.50:942][  0]LogTemp:Display: Loaded TP WindowsNoEditorTargetPlatform
[2016.02.14-17.18.50:955][  0]LogTemp:Display: Loaded TP WindowsServerTargetPlatform
[2016.02.14-17.18.50:969][  0]LogTemp:Display: Loaded TP WindowsTargetPlatform
[2016.02.14-17.18.50:974][  0]LogTemp:Display: Loaded TP AndroidTargetPlatform
[2016.02.14-17.18.50:981][  0]LogTemp:Display: Loaded TP Android_ASTCTargetPlatform
[2016.02.14-17.18.50:990][  0]LogTemp:Display: Loaded TP Android_ATCTargetPlatform
[2016.02.14-17.18.51:003][  0]LogTemp:Display: Loaded TP Android_DXTTargetPlatform
[2016.02.14-17.18.51:009][  0]LogTemp:Display: Loaded TP Android_ETC1TargetPlatform
[2016.02.14-17.18.51:019][  0]LogTemp:Display: Loaded TP Android_ETC2TargetPlatform
[2016.02.14-17.18.51:026][  0]LogTemp:Display: Loaded TP Android_PVRTCTargetPlatform
[2016.02.14-17.18.51:029][  0]LogTemp:Display: Loaded TP HTML5TargetPlatform
[2016.02.14-17.18.51:053][  0]LogTemp:Display: Loaded TP IOSTargetPlatform
[2016.02.14-17.18.51:057][  0]LogTemp:Display: Loaded TP LinuxNoEditorTargetPlatform
[2016.02.14-17.18.51:065][  0]LogTemp:Display: Loaded TP LinuxServerTargetPlatform
[2016.02.14-17.18.51:074][  0]LogTemp:Display: Loaded TP LinuxTargetPlatform
[2016.02.14-17.18.51:074][  0]LogTargetPlatformManager:Display: Building Assets For Windows
[2016.02.14-17.18.51:277][  0]LogDerivedDataCache:Display: Max Cache Size: 512 MB
[2016.02.14-17.18.51:403][  0]LogDerivedDataCache: Loaded boot cache 0.13s 41MB C:/Users/Shaun/AppData/Local/UnrealEngine/4.9/DerivedDataCache/Boot.ddc.
[2016.02.14-17.18.51:403][  0]LogDerivedDataCache:Display: Loaded Boot cache: C:/Users/Shaun/AppData/Local/UnrealEngine/4.9/DerivedDataCache/Boot.ddc
[2016.02.14-17.18.51:403][  0]LogDerivedDataCache: FDerivedDataBackendGraph:  Pak pak cache file ../../../../../../Users/Shaun/Desktop/Unreal Files/CGT445CardinalKings/Cardinal_Kings1/DerivedDataCache/DDC.ddp not found, will not use a pak cache.
[2016.02.14-17.18.51:403][  0]LogDerivedDataCache: Unable to find inner node Pak for hierarchical cache Hierarchy.
[2016.02.14-17.18.51:403][  0]LogDerivedDataCache: FDerivedDataBackendGraph:  CompressedPak pak cache file ../../../../../../Users/Shaun/Desktop/Unreal Files/CGT445CardinalKings/Cardinal_Kings1/DerivedDataCache/Compressed.ddp not found, will not use a pak cache.
[2016.02.14-17.18.51:403][  0]LogDerivedDataCache: Unable to find inner node CompressedPak for hierarchical cache Hierarchy.
[2016.02.14-17.18.51:666][  0]LogDerivedDataCache:Display: Pak cache opened for reading ../../../Engine/DerivedDataCache/Compressed.ddp.
[2016.02.14-17.18.51:679][  0]LogDerivedDataCache: Using Local data cache path C:/Users/Shaun/AppData/Local/UnrealEngine/Common/DerivedDataCache: Writable
[2016.02.14-17.18.52:143][  0]LogInit: Selected Device Profile: [Windows]
[2016.02.14-17.18.52:149][  0]LogContentStreaming: Texture pool size is 0.000000MB
[2016.02.14-17.18.52:442][  0]LogMeshUtilities: No automatic mesh reduction module available
[2016.02.14-17.18.52:442][  0]LogMeshUtilities: No automatic mesh merging module available
[2016.02.14-17.18.52:996][  0]LogInit: WinSock: version 1.1 (2.2), MaxSocks=32767, MaxUdp=65467
[2016.02.14-17.18.54:929][  0]UdpMessaging: Initializing bridge on interface 0.0.0.0:0 to multicast group 230.0.0.1:6666.
[2016.02.14-17.18.55:087][  0]LogAssetRegistry: FAssetRegistry took 0.0119 seconds to start up
[2016.02.14-17.18.55:504][  0]SourceControl: Info Source control is disabled
[2016.02.14-17.18.55:519][  0]SourceControl: Info Source control is disabled
[2016.02.14-17.18.55:541][  0]SourceControl: Info Source control is disabled
[2016.02.14-17.18.55:569][  0]SourceControl: Info Source control is disabled
[2016.02.14-17.18.56:103][  0]LogLinker:Warning: Asset '../../../Engine/Plugins/Runtime/LeapMotionController/Content/LM_PassthroughMaterial.uasset' has been saved with empty engine version. The asset will be loaded but may be incompatible.
[2016.02.14-17.18.56:755][  0]LogObj: 28361 objects as part of root set at end of initial load.
[2016.02.14-17.18.56:755][  0]LogUObjectAllocator: 6038864 out of 0 bytes used by permanent object pool.
[2016.02.14-17.18.56:916][  0]LogEngine: Initializing Engine...
[2016.02.14-17.18.56:921][  0]LogHMD: Can't find Oculus library dev build: is proper Runtime installed? Version: 0.7.0.0
[2016.02.14-17.18.56:938][  0]LogHMD: SteamVR failed to initialize.  Err: 110
[2016.02.14-17.18.57:220][  0]LogAIModule: Creating AISystem for world NewWorld
[2016.02.14-17.18.57:235][  0]LogInit: XAudio2 using 'Speakers (Realtek High Definition Audio)' : 2 channels at 48 kHz using 32 bits per sample (channel mask 0x3)
[2016.02.14-17.18.57:260][  0]LogInit: FAudioDevice initialized.
[2016.02.14-17.18.57:343][  0]LogDerivedDataCache: Saved boot cache 0.08s 41MB C:/Users/Shaun/AppData/Local/UnrealEngine/4.9/DerivedDataCache/Boot.ddc.
[2016.02.14-17.18.57:352][  0]LogInit: Texture streaming: Enabled
[2016.02.14-17.18.57:380][  0]LogAnalytics: Creating configured Analytics provider AnalyticsET
[2016.02.14-17.18.57:380][  0]LogAnalytics: [UEEditor.Rocket.Release] APIServer = http://et2.epicgames.com/ET2/. AppVersion = 4.9.2-2707645+++depot+UE4-Releases+4.9
[2016.02.14-17.18.57:381][  0]LogAnalytics: [UEEditor.Rocket.Release] SetUserId f6705783460c350a5f8c7aa2db56437e|0c7ed39155914bdd9dfaebe7213c2bfb|bf442abf-a0db-466a-a220-ac4ca1b74ed3
[2016.02.14-17.18.57:381][  0]LogAnalytics: [UEEditor.Rocket.Release] AnalyticsET::StartSession
[2016.02.14-17.18.57:486][  0]LogInit: Transaction tracking system initialized
[2016.02.14-17.18.57:800][  0]BlueprintLog: New page: Editor Load
[2016.02.14-17.18.59:082][  0]LocalizationService: Info Localization service is disabled
[2016.02.14-17.18.59:477][  0]LogConsoleResponse:Display: 
[2016.02.14-17.19.00:206][  0]LogCook:Display: Done creating registry. It took  0.00s.
[2016.02.14-17.19.00:597][  0]LogFileCache: Scanning file cache for directory 'C:/Users/Shaun/Desktop/Unreal Files/CGT445CardinalKings/Cardinal_Kings1/Content/' took 0.06s
[2016.02.14-17.19.01:170][  0]SourceControl: Info Source control is disabled
[2016.02.14-17.19.01:171][  0]Cmd: MAP LOAD FILE="../../../../../../Users/Shaun/Desktop/Unreal Files/CGT445CardinalKings/Cardinal_Kings1/Content/Cardinal_Kings1.umap" TEMPLATE=0 SHOWPROGRESS=1 FEATURELEVEL=3
[2016.02.14-17.19.01:196][  0]LightingResults: New page: Lighting Build
[2016.02.14-17.19.01:270][  0]MapCheck: New page: Map Check
[2016.02.14-17.19.01:270][  0]LightingResults: New page: Lighting Build
[2016.02.14-17.19.01:373][  0]LogParticles: Destroying 0 GPU particle simulations for FXSystem 0x0000004617B86160
[2016.02.14-17.19.04:144][  0]LogAIModule: Creating AISystem for world Cardinal_Kings1
[2016.02.14-17.19.04:253][  0]LogEditorServer: Finished looking for orphan Actors (0.000 secs)
[2016.02.14-17.19.04:394][  0]Cmd: MAP CHECKDEP NOCLEARLOG
[2016.02.14-17.19.04:544][  0]MapCheck: Info Map check complete: 0 Error(s), 0 Warning(s), took 147.791ms to complete.
[2016.02.14-17.19.04:544][  0]LogFileHelpers: Loading map 'Cardinal_Kings1' took 3.373
[2016.02.14-17.19.04:813][  0]LogCollectionManager: Loaded 0 collections in 0.007948 seconds
[2016.02.14-17.19.04:865][  0]LogFileCache: Scanning file cache for directory 'C:/Users/Shaun/Desktop/Unreal Files/CGT445CardinalKings/Cardinal_Kings1/Saved/Collections/' took 0.01s
[2016.02.14-17.19.04:865][  0]LogFileCache: Scanning file cache for directory 'C:/Users/Shaun/Desktop/Unreal Files/CGT445CardinalKings/Cardinal_Kings1/Content/Developers/Shaun/Collections/' took 0.01s
[2016.02.14-17.19.04:865][  0]LogFileCache: Scanning file cache for directory 'C:/Users/Shaun/Desktop/Unreal Files/CGT445CardinalKings/Cardinal_Kings1/Content/Collections/' took 0.01s
[2016.02.14-17.19.04:865][  0]LogContentBrowser: Native class hierarchy populated in 0.0144 seconds. Added 1867 classes and 333 folders.
[2016.02.14-17.19.04:880][  0]LogCollectionManager: Rebuilt the GUID cache for 0 collections in 0.000003 seconds
[2016.02.14-17.19.04:893][  0]LogContentBrowser: Native class hierarchy updated for 'WidgetCarousel' in 0.0005 seconds. Added 0 classes and 0 folders.
[2016.02.14-17.19.05:004][  0]LogContentBrowser: Native class hierarchy updated for 'AddContentDialog' in 0.0005 seconds. Added 0 classes and 0 folders.
[2016.02.14-17.19.05:023][  0]LogContentBrowser: Native class hierarchy updated for 'SceneOutliner' in 0.0008 seconds. Added 1 classes and 2 folders.
[2016.02.14-17.19.05:070][  0]LogCrashTracker: Crashtracker disabled due to settings.
[2016.02.14-17.19.05:082][  0]LogUObjectGlobals:Warning: Failed to find object 'Class None.'
[2016.02.14-17.19.05:105][  0]LogLoad: Full Startup: 19.26 seconds (BP compile: 0.62 seconds)
[2016.02.14-17.19.05:584][  0]LogContentStreaming: Texture pool size now 1000 MB
[2016.02.14-17.19.05:787][  0]LogRenderer: Reallocating scene render targets to support 896x488 (Frame:2).
[2016.02.14-17.19.08:412][  6]LogAssetRegistry: Asset discovery search completed in 13.3367 seconds
[2016.02.14-17.19.08:412][  6]LogCollectionManager: Rebuilt the object cache for 0 collections in 0.000002 seconds (found 0 objects)
[2016.02.14-17.19.08:412][  6]LogCollectionManager: Fixed up redirectors for 0 collections in 0.000048 seconds (updated 0 objects)
[2016.02.14-17.19.49:982][355]LogSavePackage: Save=367.166016ms
[2016.02.14-17.19.49:983][355]LogSavePackage: Moving '../../../../../../Users/Shaun/Desktop/Unreal Files/CGT445CardinalKings/Cardinal_Kings1/Saved/UEDPCCardinal_Kings13CB8BB3F487AE02650EBCABD73E26105.tmp' to '../../../../../../Users/Shaun/Desktop/Unreal Files/CGT445CardinalKings/Cardinal_Kings1/Saved/Autosaves/Game/UEDPCCardinal_Kings1.umap'
[2016.02.14-17.19.49:985][355]LogSavePackage: Total save time: 395.295314ms
[2016.02.14-17.19.49:985][355]LogSavePackage:Warning: Finished SavePackage ../../../../../../Users/Shaun/Desktop/Unreal Files/CGT445CardinalKings/Cardinal_Kings1/Saved/Autosaves/Game/UEDPCCardinal_Kings1.umap
[2016.02.14-17.21.38:543][505]LogSavePackage: Save=350.083557ms
[2016.02.14-17.21.38:543][505]LogSavePackage: Moving '../../../../../../Users/Shaun/Desktop/Unreal Files/CGT445CardinalKings/Cardinal_Kings1/Saved/UEDPCCardinal_Kings10573EE814D7260134CA35FB835C93844.tmp' to '../../../../../../Users/Shaun/Desktop/Unreal Files/CGT445CardinalKings/Cardinal_Kings1/Saved/Autosaves/Game/UEDPCCardinal_Kings1.umap'
[2016.02.14-17.21.38:552][505]LogSavePackage: Total save time: 387.137447ms
[2016.02.14-17.21.38:552][505]LogSavePackage:Warning: Finished SavePackage ../../../../../../Users/Shaun/Desktop/Unreal Files/CGT445CardinalKings/Cardinal_Kings1/Saved/Autosaves/Game/UEDPCCardinal_Kings1.umap
[2016.02.14-17.39.27:531][656]LogWindowsTextInputMethodSystem:Display: IME system now deactivated.
[2016.02.14-17.39.27:531][656]LogWindowsTextInputMethodSystem:Display: IME system now deactivated.
[2016.02.14-17.39.27:954][657]Cmd: QUIT_EDITOR
[2016.02.14-17.39.28:395][657]LogExit: Preparing to exit.
[2016.02.14-17.39.29:585][657]LogExit: Editor shut down
[2016.02.14-17.39.29:587][657]LogExit: Transaction tracking system shut down
[2016.02.14-17.39.29:593][657]LogParticles: Destroying 0 GPU particle simulations for FXSystem 0x000000460A518D60
[2016.02.14-17.39.29:594][657]LogParticles: Destroying 0 GPU particle simulations for FXSystem 0x0000004608010860
[2016.02.14-17.39.29:793][657]LogParticles: Destroying 0 GPU particle simulations for FXSystem 0x00000046265893A0
[2016.02.14-17.39.29:793][657]LogParticles: Destroying 0 GPU particle simulations for FXSystem 0x0000004634039B20
[2016.02.14-17.39.29:793][657]LogExit: Object subsystem successfully closed.
[2016.02.14-17.39.29:836][657]LogD3D11RHI: Shutdown
[2016.02.14-17.39.29:836][657]LogD3D11RHI: CleanupD3DDevice
[2016.02.14-17.39.30:008][657]LogD3D11RHI: ~FD3D11DynamicRHI
[2016.02.14-17.39.30:041][657]LogModuleManager: Shutting down and abandoning module CrashTracker (197)
[2016.02.14-17.39.30:041][657]LogModuleManager: Shutting down and abandoning module SceneOutliner (196)
[2016.02.14-17.39.30:041][657]LogModuleManager: Shutting down and abandoning module SuperSearch (195)
[2016.02.14-17.39.30:041][657]LogModuleManager: Shutting down and abandoning module WidgetCarousel (194)
[2016.02.14-17.39.30:041][657]LogModuleManager: Shutting down and abandoning module AddContentDialog (193)
[2016.02.14-17.39.30:056][657]LogModuleManager: Shutting down and abandoning module EditorWidgets (192)
[2016.02.14-17.39.30:056][657]LogModuleManager: Shutting down and abandoning module CollectionManager (191)
[2016.02.14-17.39.30:057][657]LogModuleManager: Shutting down and abandoning module StatsViewer (190)
[2016.02.14-17.39.30:057][657]LogModuleManager: Shutting down and abandoning module FoliageEdit (189)
[2016.02.14-17.39.30:057][657]LogModuleManager: Shutting down and abandoning module LandscapeEditor (188)
[2016.02.14-17.39.30:058][657]LogModuleManager: Shutting down and abandoning module ActorPickerMode (187)
[2016.02.14-17.39.30:058][657]LogModuleManager: Shutting down and abandoning module GeometryMode (186)
[2016.02.14-17.39.30:058][657]LogModuleManager: Shutting down and abandoning module TextureAlignMode (185)
[2016.02.14-17.39.30:058][657]LogModuleManager: Shutting down and abandoning module BspMode (184)
[2016.02.14-17.39.30:058][657]LogModuleManager: Shutting down and abandoning module PlacementMode (183)
[2016.02.14-17.39.30:058][657]LogModuleManager: Shutting down and abandoning module AutomationWorker (182)
[2016.02.14-17.39.30:058][657]LogModuleManager: Shutting down and abandoning module CharacterAI (181)
[2016.02.14-17.39.30:058][657]LogModuleManager: Shutting down and abandoning module SmartSnapping (180)
[2016.02.14-17.39.30:058][657]LogModuleManager: Shutting down and abandoning module ViewportSnapping (179)
[2016.02.14-17.39.30:058][657]LogModuleManager: Shutting down and abandoning module LogVisualizer (178)
[2016.02.14-17.39.30:058][657]LogModuleManager: Shutting down and abandoning module GameProjectGeneration (177)
[2016.02.14-17.39.30:058][657]LogModuleManager: Shutting down and abandoning module IntroTutorials (176)
[2016.02.14-17.39.30:058][657]LogModuleManager: Shutting down and abandoning module EditorLiveStreaming (175)
[2016.02.14-17.39.30:058][657]LogModuleManager: Shutting down and abandoning module IOSPlatformEditor (174)
[2016.02.14-17.39.30:058][657]LogModuleManager: Shutting down and abandoning module HTML5PlatformEditor (173)
[2016.02.14-17.39.30:058][657]LogModuleManager: Shutting down and abandoning module AndroidDeviceDetection (172)
[2016.02.14-17.39.30:842][657]LogModuleManager: Shutting down and abandoning module AndroidPlatformEditor (171)
[2016.02.14-17.39.30:842][657]LogModuleManager: Shutting down and abandoning module IOSRuntimeSettings (170)
[2016.02.14-17.39.30:842][657]LogModuleManager: Shutting down and abandoning module AndroidRuntimeSettings (169)
[2016.02.14-17.39.30:842][657]LogModuleManager: Shutting down and abandoning module MergeActors (168)
[2016.02.14-17.39.30:842][657]LogModuleManager: Shutting down and abandoning module SizeMap (167)
[2016.02.14-17.39.30:842][657]LogModuleManager: Shutting down and abandoning module TreeMap (166)
[2016.02.14-17.39.30:842][657]LogModuleManager: Shutting down and abandoning module ReferenceViewer (165)
[2016.02.14-17.39.30:842][657]LogModuleManager: Shutting down and abandoning module LocalizationService (164)
[2016.02.14-17.39.30:842][657]LogModuleManager: Shutting down and abandoning module LocalizationDashboard (163)
[2016.02.14-17.39.30:842][657]LogModuleManager: Shutting down and abandoning module HardwareTargeting (162)
[2016.02.14-17.39.30:843][657]LogModuleManager: Shutting down and abandoning module DeviceProfileEditor (161)
[2016.02.14-17.39.30:843][657]LogModuleManager: Shutting down and abandoning module UndoHistory (160)
[2016.02.14-17.39.30:843][657]LogModuleManager: Shutting down and abandoning module GameplayTagsEditor (159)
[2016.02.14-17.39.30:843][657]LogModuleManager: Shutting down and abandoning module UserFeedback (158)
[2016.02.14-17.39.30:843][657]LogModuleManager: Shutting down and abandoning module XmlParser (157)
[2016.02.14-17.39.30:843][657]LogModuleManager: Shutting down and abandoning module Blutility (156)
[2016.02.14-17.39.30:843][657]LogModuleManager: Shutting down and abandoning module ProjectTargetPlatformEditor (155)
[2016.02.14-17.39.30:843][657]LogModuleManager: Shutting down and abandoning module ProjectSettingsViewer (154)
[2016.02.14-17.39.30:843][657]LogModuleManager: Shutting down and abandoning module InputBindingEditor (153)
[2016.02.14-17.39.30:843][657]LogModuleManager: Shutting down and abandoning module EditorSettingsViewer (152)
[2016.02.14-17.39.30:843][657]LogModuleManager: Shutting down and abandoning module SettingsEditor (151)
[2016.02.14-17.39.30:843][657]LogModuleManager: Shutting down and abandoning module ProjectLauncher (150)
[2016.02.14-17.39.30:843][657]LogModuleManager: Shutting down and abandoning module SessionFrontend (149)
[2016.02.14-17.39.30:843][657]LogModuleManager: Shutting down and abandoning module ProfilerClient (148)
[2016.02.14-17.39.30:843][657]LogModuleManager: Shutting down and abandoning module TargetDeviceServices (147)
[2016.02.14-17.39.30:844][657]LogModuleManager: Shutting down and abandoning module DeviceManager (146)
[2016.02.14-17.39.30:844][657]LogModuleManager: Shutting down and abandoning module AutomationController (145)
[2016.02.14-17.39.30:844][657]LogModuleManager: Shutting down and abandoning module AutomationWindow (144)
[2016.02.14-17.39.30:844][657]LogModuleManager: Shutting down and abandoning module Layers (143)
[2016.02.14-17.39.30:844][657]LogModuleManager: Shutting down and abandoning module ComponentVisualizers (142)
[2016.02.14-17.39.30:844][657]LogModuleManager: Shutting down and abandoning module DetailCustomizations (141)
[2016.02.14-17.39.30:844][657]LogModuleManager: Shutting down and abandoning module PackagesDialog (140)
[2016.02.14-17.39.30:844][657]LogModuleManager: Shutting down and abandoning module Persona (139)
[2016.02.14-17.39.30:844][657]LogModuleManager: Shutting down and abandoning module Kismet (138)
[2016.02.14-17.39.30:845][657]LogModuleManager: Shutting down and abandoning module GraphEditor (137)
[2016.02.14-17.39.30:845][657]LogModuleManager: Shutting down and abandoning module ClassViewer (136)
[2016.02.14-17.39.30:845][657]LogModuleManager: Shutting down and abandoning module Toolbox (135)
[2016.02.14-17.39.30:845][657]LogModuleManager: Shutting down and abandoning module ModuleUI (134)
[2016.02.14-17.39.30:845][657]LogModuleManager: Shutting down and abandoning module MovieSceneTools (133)
[2016.02.14-17.39.30:845][657]LogModuleManager: Shutting down and abandoning module OutputLog (132)
[2016.02.14-17.39.30:845][657]LogModuleManager: Shutting down and abandoning module GammaUI (131)
[2016.02.14-17.39.30:845][657]LogModuleManager: Shutting down and abandoning module Documentation (130)
[2016.02.14-17.39.30:845][657]LogModuleManager: Shutting down and abandoning module GameLiveStreaming (129)
[2016.02.14-17.39.30:845][657]LogModuleManager: Shutting down and abandoning module StreamingPauseRendering (128)
[2016.02.14-17.39.30:845][657]LogModuleManager: Shutting down and abandoning module AnalyticsET (127)
[2016.02.14-17.39.30:845][657]LogModuleManager: Shutting down and abandoning module Analytics (126)
[2016.02.14-17.39.30:845][657]LogModuleManager: Shutting down and abandoning module AITestSuite (125)
[2016.02.14-17.39.30:845][657]LogModuleManager: Shutting down and abandoning module GameplayDebugger (124)
[2016.02.14-17.39.30:845][657]LogModuleManager: Shutting down and abandoning module AIModule (123)
[2016.02.14-17.39.30:845][657]LogModuleManager: Shutting down and abandoning module ProfilerService (122)
[2016.02.14-17.39.30:916][657]LogModuleManager: Shutting down and abandoning module TaskGraph (121)
[2016.02.14-17.39.30:916][657]LogModuleManager: Shutting down and abandoning module SlateRemote (120)
[2016.02.14-17.39.30:916][657]LogModuleManager: Shutting down and abandoning module SteamVRController (119)
[2016.02.14-17.39.30:916][657]LogModuleManager: Shutting down and abandoning module SteamVR (118)
[2016.02.14-17.39.30:916][657]LogModuleManager: Shutting down and abandoning module ProceduralMeshComponent (117)
[2016.02.14-17.39.30:916][657]LogModuleManager: Shutting down and abandoning module OculusRift (116)
[2016.02.14-17.39.30:916][657]LogModuleManager: Shutting down and abandoning module OculusLibrary (115)
[2016.02.14-17.39.30:916][657]LogModuleManager: Shutting down and abandoning module LeapMotionController (114)
[2016.02.14-17.39.30:945][657]LogModuleManager: Shutting down and abandoning module CustomMeshComponent (113)
[2016.02.14-17.39.30:945][657]LogModuleManager: Shutting down and abandoning module CableComponent (112)
[2016.02.14-17.39.30:945][657]LogModuleManager: Shutting down and abandoning module ArchVisCharacter (111)
[2016.02.14-17.39.30:945][657]LogModuleManager: Shutting down and abandoning module MessagingDebugger (110)
[2016.02.14-17.39.30:945][657]LogModuleManager: Shutting down and abandoning module MediaPlayerEditor (109)
[2016.02.14-17.39.30:945][657]LogModuleManager: Shutting down and abandoning module HTML5Networking (108)
[2016.02.14-17.39.30:945][657]LogModuleManager: Shutting down and abandoning module SpeedTreeImporter (107)
[2016.02.14-17.39.30:945][657]LogModuleManager: Shutting down and abandoning module PluginBrowser (106)
[2016.02.14-17.39.30:945][657]LogModuleManager: Shutting down and abandoning module EpicSurvey (105)
[2016.02.14-17.39.30:945][657]LogModuleManager: Shutting down and abandoning module DesktopPlatform (104)
[2016.02.14-17.39.30:945][657]LogModuleManager: Shutting down and abandoning module VisualStudioSourceCodeAccess (103)
[2016.02.14-17.39.30:945][657]LogModuleManager: Shutting down and abandoning module UObjectPlugin (102)
[2016.02.14-17.39.30:945][657]LogModuleManager: Shutting down and abandoning module SubversionSourceControl (101)
[2016.02.14-17.39.30:945][657]LogModuleManager: Shutting down and abandoning module PerforceSourceControl (100)
[2016.02.14-17.39.30:945][657]LogModuleManager: Shutting down and abandoning module SourceControl (99)
[2016.02.14-17.39.30:945][657]LogModuleManager: Shutting down and abandoning module GitSourceControl (98)
[2016.02.14-17.39.30:945][657]LogModuleManager: Shutting down and abandoning module LightPropagationVolumeEditor (97)
[2016.02.14-17.39.30:945][657]LogModuleManager: Shutting down and abandoning module PaperTiledImporter (96)
[2016.02.14-17.39.30:945][657]LogModuleManager: Shutting down and abandoning module PaperSpriteSheetImporter (95)
[2016.02.14-17.39.30:945][657]LogModuleManager: Shutting down and abandoning module MeshPaint (94)
[2016.02.14-17.39.30:945][657]LogModuleManager: Shutting down and abandoning module SlateReflector (93)
[2016.02.14-17.39.30:945][657]LogModuleManager: Shutting down and abandoning module HotReload (92)
[2016.02.14-17.39.30:946][657]LogModuleManager: Shutting down and abandoning module MainFrame (91)
[2016.02.14-17.39.30:946][657]LogModuleManager: Shutting down and abandoning module LevelEditor (90)
[2016.02.14-17.39.30:947][657]LogModuleManager: Shutting down and abandoning module DirectoryWatcher (89)
[2016.02.14-17.39.30:953][657]LogModuleManager: Shutting down and abandoning module AssetRegistry (88)
[2016.02.14-17.39.31:038][657]LogModuleManager: Shutting down and abandoning module ContentBrowser (87)
[2016.02.14-17.39.31:040][657]LogModuleManager: Shutting down and abandoning module Paper2DEditor (86)
[2016.02.14-17.39.31:040][657]LogModuleManager: Shutting down and abandoning module UdpMessaging (85)
[2016.02.14-17.39.31:142][657]LogModuleManager: Shutting down and abandoning module LightPropagationVolumeRuntime (84)
[2016.02.14-17.39.31:142][657]LogModuleManager: Shutting down and abandoning module Paper2D (83)
[2016.02.14-17.39.31:142][657]LogModuleManager: Shutting down and abandoning module WindowsMoviePlayer (82)
[2016.02.14-17.39.31:145][657]LogModuleManager: Shutting down and abandoning module Media (81)
[2016.02.14-17.39.31:145][657]LogModuleManager: Shutting down and abandoning module WmfMedia (80)
[2016.02.14-17.39.31:145][657]LogModuleManager: Shutting down and abandoning module OnlineBlueprintSupport (79)
[2016.02.14-17.39.31:145][657]LogModuleManager: Shutting down and abandoning module GameplayTasksEditor (78)
[2016.02.14-17.39.31:145][657]LogModuleManager: Shutting down and abandoning module PropertyEditor (77)
[2016.02.14-17.39.31:145][657]LogModuleManager: Shutting down and abandoning module BehaviorTreeEditor (76)
[2016.02.14-17.39.31:145][657]LogModuleManager: Shutting down and abandoning module FunctionalTesting (75)
[2016.02.14-17.39.31:145][657]LogModuleManager: Shutting down and abandoning module CollisionAnalyzer (74)
[2016.02.14-17.39.31:145][657]LogModuleManager: Shutting down and abandoning module WorkspaceMenuStructure (73)
[2016.02.14-17.39.31:145][657]LogModuleManager: Shutting down and abandoning module MessageLog (72)
[2016.02.14-17.39.31:145][657]LogModuleManager: Shutting down and abandoning module Sequencer (71)
[2016.02.14-17.39.31:145][657]LogModuleManager: Shutting down and abandoning module AssetTools (70)
[2016.02.14-17.39.31:145][657]LogModuleManager: Shutting down and abandoning module UMGEditor (69)
[2016.02.14-17.39.31:145][657]LogModuleManager: Shutting down and abandoning module UMG (68)
[2016.02.14-17.39.31:145][657]LogModuleManager: Shutting down and abandoning module Slate (67)
[2016.02.14-17.39.31:145][657]LogModuleManager: Shutting down and abandoning module EditorStyle (66)
[2016.02.14-17.39.31:150][657]LogModuleManager: Shutting down and abandoning module SessionServices (65)
[2016.02.14-17.39.31:150][657]LogModuleManager: Shutting down and abandoning module SourceCodeAccess (64)
[2016.02.14-17.39.31:150][657]LogModuleManager: Shutting down and abandoning module HeadMountedDisplay (63)
[2016.02.14-17.39.31:150][657]LogModuleManager: Shutting down and abandoning module XAudio2 (62)
[2016.02.14-17.39.31:150][657]LogModuleManager: Shutting down and abandoning module Networking (60)
[2016.02.14-17.39.31:150][657]LogModuleManager: Shutting down and abandoning module Core (59)
[2016.02.14-17.39.31:150][657]LogModuleManager: Shutting down and abandoning module KismetCompiler (58)
[2016.02.14-17.39.31:150][657]LogModuleManager: Shutting down and abandoning module PhysXFormats (57)
[2016.02.14-17.39.31:150][657]LogModuleManager: Shutting down and abandoning module MeshUtilities (56)
[2016.02.14-17.39.31:150][657]LogModuleManager: Shutting down and abandoning module CookingStats (55)
[2016.02.14-17.39.31:151][657]LogModuleManager: Shutting down and abandoning module DerivedDataCache (54)
[2016.02.14-17.39.31:230][657]LogDerivedDataCache: Shutdown
[2016.02.14-17.39.31:230][657]LogModuleManager: Shutting down and abandoning module ShaderFormatOpenGL (53)
[2016.02.14-17.39.31:230][657]LogModuleManager: Shutting down and abandoning module ShaderFormatD3D (52)
[2016.02.14-17.39.31:230][657]LogModuleManager: Shutting down and abandoning module MetalShaderFormat (51)
[2016.02.14-17.39.31:230][657]LogModuleManager: Shutting down and abandoning module TextureFormatUncompressed (50)
[2016.02.14-17.39.31:230][657]LogModuleManager: Shutting down and abandoning module TextureFormatPVR (49)
[2016.02.14-17.39.31:231][657]LogModuleManager: Shutting down and abandoning module TextureFormatIntelISPCTexComp (48)
[2016.02.14-17.39.31:231][657]LogModuleManager: Shutting down and abandoning module TextureFormatDXT (47)
[2016.02.14-17.39.31:231][657]LogModuleManager: Shutting down and abandoning module ImageWrapper (46)
[2016.02.14-17.39.31:231][657]LogModuleManager: Shutting down and abandoning module TextureFormatASTC (45)
[2016.02.14-17.39.31:231][657]LogModuleManager: Shutting down and abandoning module TextureFormatAndroid (44)
[2016.02.14-17.39.31:231][657]LogModuleManager: Shutting down and abandoning module AudioFormatOpus (43)
[2016.02.14-17.39.31:231][657]LogModuleManager: Shutting down and abandoning module AudioFormatOgg (42)
[2016.02.14-17.39.31:231][657]LogModuleManager: Shutting down and abandoning module AudioFormatADPCM (41)
[2016.02.14-17.39.31:231][657]LogModuleManager: Shutting down and abandoning module LinuxTargetPlatform (40)
[2016.02.14-17.39.31:231][657]LogModuleManager: Shutting down and abandoning module LinuxServerTargetPlatform (39)
[2016.02.14-17.39.31:231][657]LogModuleManager: Shutting down and abandoning module LinuxNoEditorTargetPlatform (38)
[2016.02.14-17.39.31:231][657]LogModuleManager: Shutting down and abandoning module Messaging (37)
[2016.02.14-17.39.31:231][657]LogModuleManager: Shutting down and abandoning module IOSTargetPlatform (36)
[2016.02.14-17.39.31:231][657]LogModuleManager: Shutting down and abandoning module HTML5TargetPlatform (35)
[2016.02.14-17.39.31:231][657]LogModuleManager: Shutting down and abandoning module Android_PVRTCTargetPlatform (34)
[2016.02.14-17.39.31:231][657]LogModuleManager: Shutting down and abandoning module Android_ETC2TargetPlatform (33)
[2016.02.14-17.39.31:231][657]LogModuleManager: Shutting down and abandoning module Android_ETC1TargetPlatform (32)
[2016.02.14-17.39.31:231][657]LogModuleManager: Shutting down and abandoning module Android_DXTTargetPlatform (31)
[2016.02.14-17.39.31:231][657]LogModuleManager: Shutting down and abandoning module Android_ATCTargetPlatform (30)
[2016.02.14-17.39.31:231][657]LogModuleManager: Shutting down and abandoning module Android_ASTCTargetPlatform (29)
[2016.02.14-17.39.31:231][657]LogModuleManager: Shutting down and abandoning module AndroidTargetPlatform (28)
[2016.02.14-17.39.31:231][657]LogModuleManager: Shutting down and abandoning module WindowsTargetPlatform (27)
[2016.02.14-17.39.31:233][657]LogModuleManager: Shutting down and abandoning module WindowsServerTargetPlatform (26)
[2016.02.14-17.39.31:235][657]LogModuleManager: Shutting down and abandoning module WindowsNoEditorTargetPlatform (25)
[2016.02.14-17.39.31:235][657]LogModuleManager: Shutting down and abandoning module WindowsClientTargetPlatform (24)
[2016.02.14-17.39.31:235][657]LogModuleManager: Shutting down and abandoning module AllDesktopTargetPlatform (23)
[2016.02.14-17.39.31:235][657]LogModuleManager: Shutting down and abandoning module TargetPlatform (22)
[2016.02.14-17.39.31:235][657]LogModuleManager: Shutting down and abandoning module InputCore (21)
[2016.02.14-17.39.31:235][657]LogModuleManager: Shutting down and abandoning module Settings (20)
[2016.02.14-17.39.31:235][657]LogModuleManager: Shutting down and abandoning module OnlineSubsystem (18)
[2016.02.14-17.39.31:235][657]LogModuleManager: Shutting down and abandoning module HTTP (17)
[2016.02.14-17.39.33:242][657]LogModuleManager: Shutting down and abandoning module XMPP (16)
[2016.02.14-17.39.33:242][657]LogModuleManager: Shutting down and abandoning module ExampleDeviceProfileSelector (15)
[2016.02.14-17.39.33:242][657]LogModuleManager: Shutting down and abandoning module TextureCompressor (14)
[2016.02.14-17.39.33:243][657]LogModuleManager: Shutting down and abandoning module ShaderCore (13)
[2016.02.14-17.39.33:243][657]LogModuleManager: Shutting down and abandoning module Landscape (12)
[2016.02.14-17.39.33:243][657]LogModuleManager: Shutting down and abandoning module SlateRHIRenderer (11)
[2016.02.14-17.39.33:248][657]LogModuleManager: Shutting down and abandoning module OpenGLDrv (10)
[2016.02.14-17.39.33:248][657]LogModuleManager: Shutting down and abandoning module D3D11RHI (9)
[2016.02.14-17.39.33:248][657]LogModuleManager: Shutting down and abandoning module AnimGraphRuntime (8)
[2016.02.14-17.39.33:248][657]LogModuleManager: Shutting down and abandoning module Renderer (7)
[2016.02.14-17.39.33:248][657]LogModuleManager: Shutting down and abandoning module Engine (6)
[2016.02.14-17.39.33:248][657]LogModuleManager: Shutting down and abandoning module CoreUObject (5)
[2016.02.14-17.39.33:248][657]LogModuleManager: Shutting down and abandoning module NetworkFile (4)
[2016.02.14-17.39.33:248][657]LogModuleManager: Shutting down and abandoning module StreamingFile (3)
[2016.02.14-17.39.33:248][657]LogModuleManager: Shutting down and abandoning module SandboxFile (2)
[2016.02.14-17.39.33:248][657]LogModuleManager: Shutting down and abandoning module PakFile (1)
[2016.02.14-17.39.33:249][657]LogExit: Exiting.
[2016.02.14-17.39.33:258][657]Log file closed, 02/14/16 12:39:33
