[2016.02.09-20.25.07:201][  0]Log file open, 02/09/16 15:25:07
[2016.02.09-20.25.07:201][  0]LogInit:Display: Running engine for game: Cardinal_Kings
[2016.02.09-20.25.07:201][  0]LogInit:Display: RandInit(1986195198) SRandInit(1986195198).
[2016.02.09-20.25.07:201][  0]LogTaskGraph: Started task graph with 4 named threads and 5 total threads.
[2016.02.09-20.25.07:201][  0]LogStats: Stats thread started at 0.077539
[2016.02.09-20.25.07:201][  0]LogInit: Version: 4.9.2-2707645+++depot+UE4-Releases+4.9
[2016.02.09-20.25.07:201][  0]LogInit: API Version: 2672455
[2016.02.09-20.25.07:201][  0]LogInit: Compiled (64-bit): Sep 28 2015 10:25:44
[2016.02.09-20.25.07:201][  0]LogInit: Compiled with Visual C++: 18.00.21005.01
[2016.02.09-20.25.07:201][  0]LogInit: Build Configuration: Development
[2016.02.09-20.25.07:201][  0]LogInit: Branch Name: ++depot+UE4-Releases+4.9
[2016.02.09-20.25.07:201][  0]LogInit: Command line:  
[2016.02.09-20.25.07:201][  0]LogInit: Base directory: C:/Program Files/Epic Games/4.9/Engine/Binaries/Win64/
[2016.02.09-20.25.07:201][  0]LogInit: Rocket: 1
[2016.02.09-20.25.07:215][  0]LogInit: Using libcurl 7.41.0
[2016.02.09-20.25.07:215][  0]LogInit:  - built for x86_64-pc-win32
[2016.02.09-20.25.07:215][  0]LogInit:  - supports SSL with WinSSL
[2016.02.09-20.25.07:215][  0]LogInit:  - other features:
[2016.02.09-20.25.07:215][  0]LogInit:      CURL_VERSION_SSL
[2016.02.09-20.25.07:215][  0]LogInit:      CURL_VERSION_IPV6
[2016.02.09-20.25.07:215][  0]LogInit:      CURL_VERSION_ASYNCHDNS
[2016.02.09-20.25.07:215][  0]LogInit:      CURL_VERSION_LARGEFILE
[2016.02.09-20.25.07:215][  0]LogInit:      CURL_VERSION_IDN
[2016.02.09-20.25.07:215][  0]LogInit:  CurlRequestOptions (configurable via config and command line):
[2016.02.09-20.25.07:215][  0]LogInit:  - bVerifyPeer = true  - Libcurl will verify peer certificate
[2016.02.09-20.25.07:215][  0]LogInit:  - bUseHttpProxy = false  - Libcurl will NOT use HTTP proxy
[2016.02.09-20.25.07:215][  0]LogInit:  - bDontReuseConnections = false  - Libcurl will reuse connections
[2016.02.09-20.25.07:215][  0]LogInit:  - CertBundlePath = nullptr  - Libcurl will use whatever was configured at build time.
[2016.02.09-20.25.07:227][  0]LogInit: Presizing for 0 objects not considered by GC, pre-allocating 0 bytes.
[2016.02.09-20.25.07:237][  0]LogInit: Object subsystem initialized
[2016.02.09-20.25.07:240][  0]LogInit: Selected Device Profile: [Windows]
[2016.02.09-20.25.07:240][  0]LogInit: Applying CVar settings loaded from the selected device profile: [Windows]
[2016.02.09-20.25.07:252][  0]LogInit: Computer: FOU
[2016.02.09-20.25.07:252][  0]LogInit: User: stupid
[2016.02.09-20.25.07:252][  0]LogInit: CPU Page size=4096, Cores=2
[2016.02.09-20.25.07:252][  0]LogInit: High frequency timer resolution =2.338447 MHz
[2016.02.09-20.25.07:252][  0]LogMemory: Memory total: Physical=7.9GB (8GB approx)
[2016.02.09-20.25.07:252][  0]LogMemory: Platform Memory Stats for Windows
[2016.02.09-20.25.07:252][  0]LogMemory: Process Physical Memory: 54.79 MB used, 54.79 MB peak
[2016.02.09-20.25.07:252][  0]LogMemory: Process Virtual Memory: 55.28 MB used, 55.28 MB peak
[2016.02.09-20.25.07:252][  0]LogMemory: Physical Memory: 4305.44 MB used, 8039.41 MB total
[2016.02.09-20.25.07:252][  0]LogMemory: Virtual Memory: 367.54 MB used, 134217728.00 MB total
[2016.02.09-20.25.07:295][  0]LogTextLocalizationManager: No specific translations for ('en-US') exist, so ('en') translations will be used.
[2016.02.09-20.25.08:448][  0]LogD3D11RHI: Found D3D11 adapter 0: Intel(R) HD Graphics 4000 (Feature Level 11_0)
[2016.02.09-20.25.08:448][  0]LogD3D11RHI: Adapter has 32MB of dedicated video memory, 0MB of dedicated system memory, and 1760MB of shared system memory, 1 output[s]
[2016.02.09-20.25.08:451][  0]LogD3D11RHI: Found D3D11 adapter 1: Microsoft Basic Render Driver (Feature Level 11_0)
[2016.02.09-20.25.08:451][  0]LogD3D11RHI: Adapter has 0MB of dedicated video memory, 0MB of dedicated system memory, and 4019MB of shared system memory, 0 output[s]
[2016.02.09-20.25.08:452][  0]LogD3D11RHI: Chosen D3D11 Adapter Id = 0
[2016.02.09-20.25.08:460][  0]LogD3D11RHI: !Direct3DDevice
[2016.02.09-20.25.08:460][  0]LogRHI: Texture pool is 638 MB (70% of 912 MB)
[2016.02.09-20.25.08:465][  0]LogD3D11RHI: Async texture creation enabled
[2016.02.09-20.25.08:474][  0]LogShaderCompilers: Guid format shader working directory is 15 characters bigger than the processId version (../../../../../../Users/stupid/Perforce/somalle_Fou_8865/Individual/somalle/Cardinal_Kings/Intermediate/Shaders/WorkingDirectory/4224/).
[2016.02.09-20.25.08:475][  0]LogShaderCompilers: Cleaned the shader compiler working directory '../../../../../../Users/stupid/Perforce/somalle_Fou_8865/Individual/somalle/Cardinal_Kings/Intermediate/Shaders/tmp/F9F20F0E4DDBF4FC0B0B50B697BB4DE3/'.
[2016.02.09-20.25.08:475][  0]LogShaderCompilers:Display: Using Local Shader Compiler.
[2016.02.09-20.25.10:572][  0]LogTemp:Display: Loaded TP AllDesktopTargetPlatform
[2016.02.09-20.25.10:582][  0]LogTemp:Display: Loaded TP WindowsClientTargetPlatform
[2016.02.09-20.25.10:591][  0]LogTemp:Display: Loaded TP WindowsNoEditorTargetPlatform
[2016.02.09-20.25.10:599][  0]LogTemp:Display: Loaded TP WindowsServerTargetPlatform
[2016.02.09-20.25.10:608][  0]LogTemp:Display: Loaded TP WindowsTargetPlatform
[2016.02.09-20.25.10:614][  0]LogTemp:Display: Loaded TP AndroidTargetPlatform
[2016.02.09-20.25.10:620][  0]LogTemp:Display: Loaded TP Android_ASTCTargetPlatform
[2016.02.09-20.25.10:625][  0]LogTemp:Display: Loaded TP Android_ATCTargetPlatform
[2016.02.09-20.25.10:630][  0]LogTemp:Display: Loaded TP Android_DXTTargetPlatform
[2016.02.09-20.25.10:636][  0]LogTemp:Display: Loaded TP Android_ETC1TargetPlatform
[2016.02.09-20.25.10:643][  0]LogTemp:Display: Loaded TP Android_ETC2TargetPlatform
[2016.02.09-20.25.10:649][  0]LogTemp:Display: Loaded TP Android_PVRTCTargetPlatform
[2016.02.09-20.25.10:650][  0]LogTemp:Display: Loaded TP HTML5TargetPlatform
[2016.02.09-20.25.10:671][  0]LogTemp:Display: Loaded TP IOSTargetPlatform
[2016.02.09-20.25.10:677][  0]LogTemp:Display: Loaded TP LinuxNoEditorTargetPlatform
[2016.02.09-20.25.10:683][  0]LogTemp:Display: Loaded TP LinuxServerTargetPlatform
[2016.02.09-20.25.10:689][  0]LogTemp:Display: Loaded TP LinuxTargetPlatform
[2016.02.09-20.25.10:689][  0]LogTargetPlatformManager:Display: Building Assets For Windows
[2016.02.09-20.25.10:833][  0]LogDerivedDataCache:Display: Max Cache Size: 512 MB
[2016.02.09-20.25.10:924][  0]LogDerivedDataCache: Loaded boot cache 0.09s 41MB C:/Users/stupid/AppData/Local/UnrealEngine/4.9/DerivedDataCache/Boot.ddc.
[2016.02.09-20.25.10:925][  0]LogDerivedDataCache:Display: Loaded Boot cache: C:/Users/stupid/AppData/Local/UnrealEngine/4.9/DerivedDataCache/Boot.ddc
[2016.02.09-20.25.10:925][  0]LogDerivedDataCache: FDerivedDataBackendGraph:  Pak pak cache file ../../../../../../Users/stupid/Perforce/somalle_Fou_8865/Individual/somalle/Cardinal_Kings/DerivedDataCache/DDC.ddp not found, will not use a pak cache.
[2016.02.09-20.25.10:925][  0]LogDerivedDataCache: Unable to find inner node Pak for hierarchical cache Hierarchy.
[2016.02.09-20.25.10:925][  0]LogDerivedDataCache: FDerivedDataBackendGraph:  CompressedPak pak cache file ../../../../../../Users/stupid/Perforce/somalle_Fou_8865/Individual/somalle/Cardinal_Kings/DerivedDataCache/Compressed.ddp not found, will not use a pak cache.
[2016.02.09-20.25.10:925][  0]LogDerivedDataCache: Unable to find inner node CompressedPak for hierarchical cache Hierarchy.
[2016.02.09-20.25.11:158][  0]LogDerivedDataCache:Display: Pak cache opened for reading ../../../Engine/DerivedDataCache/Compressed.ddp.
[2016.02.09-20.25.11:171][  0]LogDerivedDataCache: Using Local data cache path C:/Users/stupid/AppData/Local/UnrealEngine/Common/DerivedDataCache: Writable
[2016.02.09-20.25.11:492][  0]LogInit: Selected Device Profile: [Windows]
[2016.02.09-20.25.11:496][  0]LogContentStreaming: Texture pool size is 0.000000MB
[2016.02.09-20.25.11:731][  0]LogMeshUtilities: No automatic mesh reduction module available
[2016.02.09-20.25.11:731][  0]LogMeshUtilities: No automatic mesh merging module available
[2016.02.09-20.25.12:206][  0]LogInit: WinSock: version 1.1 (2.2), MaxSocks=32767, MaxUdp=65467
[2016.02.09-20.25.13:350][  0]UdpMessaging: Initializing bridge on interface 0.0.0.0:0 to multicast group 230.0.0.1:6666.
[2016.02.09-20.25.13:481][  0]LogAssetRegistry: FAssetRegistry took 0.0117 seconds to start up
[2016.02.09-20.25.13:895][  0]SourceControl: Info Source control is disabled
[2016.02.09-20.25.13:897][  0]SourceControl: Info Source control is disabled
[2016.02.09-20.25.13:922][  0]SourceControl: Info Source control is disabled
[2016.02.09-20.25.13:946][  0]SourceControl: Info Source control is disabled
[2016.02.09-20.25.14:278][  0]LogLinker:Warning: Asset '../../../Engine/Plugins/Runtime/LeapMotionController/Content/LM_PassthroughMaterial.uasset' has been saved with empty engine version. The asset will be loaded but may be incompatible.
[2016.02.09-20.25.14:447][  0]LogObj: 28361 objects as part of root set at end of initial load.
[2016.02.09-20.25.14:447][  0]LogUObjectAllocator: 6038872 out of 0 bytes used by permanent object pool.
[2016.02.09-20.25.14:543][  0]LogEngine: Initializing Engine...
[2016.02.09-20.25.14:547][  0]LogHMD: Can't find Oculus library dev build: is proper Runtime installed? Version: 0.7.0.0
[2016.02.09-20.25.14:548][  0]LogHMD: SteamVR failed to initialize.  Err: 110
[2016.02.09-20.25.14:817][  0]LogAIModule: Creating AISystem for world NewWorld
[2016.02.09-20.25.14:827][  0]LogInit: XAudio2 using 'Speakers (High Definition Audio Device)' : 2 channels at 44.1 kHz using 16 bits per sample (channel mask 0x3)
[2016.02.09-20.25.14:846][  0]LogInit: FAudioDevice initialized.
[2016.02.09-20.25.14:886][  0]LogDerivedDataCache: Saved boot cache 0.04s 41MB C:/Users/stupid/AppData/Local/UnrealEngine/4.9/DerivedDataCache/Boot.ddc.
[2016.02.09-20.25.14:892][  0]LogInit: Texture streaming: Enabled
[2016.02.09-20.25.14:903][  0]LogAnalytics: Creating configured Analytics provider AnalyticsET
[2016.02.09-20.25.14:903][  0]LogAnalytics: [UEEditor.Rocket.Release] APIServer = http://et2.epicgames.com/ET2/. AppVersion = 4.9.2-2707645+++depot+UE4-Releases+4.9
[2016.02.09-20.25.14:903][  0]LogAnalytics: [UEEditor.Rocket.Release] SetUserId 5346a6b841e607caf762ab8537e3c84f|0c7ed39155914bdd9dfaebe7213c2bfb|f36b3f47-aa57-414e-ae7a-1d74e7e7136f
[2016.02.09-20.25.14:903][  0]LogAnalytics: [UEEditor.Rocket.Release] AnalyticsET::StartSession
[2016.02.09-20.25.14:978][  0]LogInit: Transaction tracking system initialized
[2016.02.09-20.25.15:042][  0]BlueprintLog: New page: Editor Load
[2016.02.09-20.25.15:256][  0]LocalizationService: Info Localization service is disabled
[2016.02.09-20.25.15:441][  0]LogConsoleResponse:Display: 
[2016.02.09-20.25.15:747][  0]LogCook:Display: Done creating registry. It took  0.00s.
[2016.02.09-20.25.15:914][  0]LogFileCache: Scanning file cache for directory 'C:/Users/stupid/Perforce/somalle_Fou_8865/Individual/somalle/Cardinal_Kings/Content/' took 0.02s
[2016.02.09-20.25.15:914][  0]SourceControl: Info Source control is disabled
[2016.02.09-20.25.15:914][  0]Cmd: MAP LOAD FILE="../../../../../../Users/stupid/Perforce/somalle_Fou_8865/Individual/somalle/Cardinal_Kings/Content/Cardinal_Kings1.umap" TEMPLATE=0 SHOWPROGRESS=1 FEATURELEVEL=3
[2016.02.09-20.25.15:918][  0]LightingResults: New page: Lighting Build
[2016.02.09-20.25.15:926][  0]MapCheck: New page: Map Check
[2016.02.09-20.25.15:926][  0]LightingResults: New page: Lighting Build
[2016.02.09-20.25.15:968][  0]LogParticles: Destroying 0 GPU particle simulations for FXSystem 0x0000028E32B1A160
[2016.02.09-20.25.16:884][  0]LogAIModule: Creating AISystem for world Cardinal_Kings1
[2016.02.09-20.25.17:018][  0]LogEditorServer: Finished looking for orphan Actors (0.000 secs)
[2016.02.09-20.25.17:019][  0]Cmd: MAP CHECKDEP NOCLEARLOG
[2016.02.09-20.25.17:135][  0]MapCheck: Info Map check complete: 0 Error(s), 0 Warning(s), took 114.712ms to complete.
[2016.02.09-20.25.17:135][  0]LogFileHelpers: Loading map 'Cardinal_Kings1' took 1.220
[2016.02.09-20.25.17:308][  0]LogCollectionManager: Loaded 0 collections in 0.005378 seconds
[2016.02.09-20.25.17:361][  0]LogFileCache: Scanning file cache for directory 'C:/Users/stupid/Perforce/somalle_Fou_8865/Individual/somalle/Cardinal_Kings/Saved/Collections/' took 0.01s
[2016.02.09-20.25.17:361][  0]LogFileCache: Scanning file cache for directory 'C:/Users/stupid/Perforce/somalle_Fou_8865/Individual/somalle/Cardinal_Kings/Content/Developers/stupid/Collections/' took 0.01s
[2016.02.09-20.25.17:361][  0]LogFileCache: Scanning file cache for directory 'C:/Users/stupid/Perforce/somalle_Fou_8865/Individual/somalle/Cardinal_Kings/Content/Collections/' took 0.01s
[2016.02.09-20.25.17:361][  0]LogContentBrowser: Native class hierarchy populated in 0.0174 seconds. Added 1867 classes and 333 folders.
[2016.02.09-20.25.17:371][  0]LogCollectionManager: Rebuilt the GUID cache for 0 collections in 0.000008 seconds
[2016.02.09-20.25.17:388][  0]LogContentBrowser: Native class hierarchy updated for 'WidgetCarousel' in 0.0007 seconds. Added 0 classes and 0 folders.
[2016.02.09-20.25.17:482][  0]LogContentBrowser: Native class hierarchy updated for 'AddContentDialog' in 0.0007 seconds. Added 0 classes and 0 folders.
[2016.02.09-20.25.17:490][  0]LogContentBrowser: Native class hierarchy updated for 'SceneOutliner' in 0.0005 seconds. Added 1 classes and 2 folders.
[2016.02.09-20.25.17:548][  0]LogCrashTracker: Crashtracker disabled due to settings.
[2016.02.09-20.25.17:554][  0]LogUObjectGlobals:Warning: Failed to find object 'Class None.'
[2016.02.09-20.25.17:576][  0]LogLoad: Full Startup: 11.14 seconds (BP compile: 0.14 seconds)
[2016.02.09-20.25.17:988][  0]LogContentStreaming: Texture pool size now 700 MB
[2016.02.09-20.25.18:156][  0]LogRenderer: Reallocating scene render targets to support 772x316 (Frame:2).
[2016.02.09-20.25.19:190][  7]LogAssetRegistry: Asset discovery search completed in 5.7203 seconds
[2016.02.09-20.25.19:190][  7]LogCollectionManager: Rebuilt the object cache for 0 collections in 0.000001 seconds (found 0 objects)
[2016.02.09-20.25.19:190][  7]LogCollectionManager: Fixed up redirectors for 0 collections in 0.000047 seconds (updated 0 objects)
[2016.02.09-20.25.23:995][285]LogRenderer: Reallocating scene render targets to support 1228x316 (Frame:9).
[2016.02.09-20.25.26:312][417]LogRenderer: Reallocating scene render targets to support 1228x564 (Frame:12).
[2016.02.09-20.25.29:925][617]LogPlayLevel: PlayLevel: No blueprints needed recompiling
[2016.02.09-20.25.29:926][617]PIE: New page: SIE session: Cardinal_Kings1 (Feb 9, 2016, 10:25:29 AM)
[2016.02.09-20.25.29:926][617]LogPlayLevel: Creating play world package: /Game/UEDPIE_0_Cardinal_Kings1
[2016.02.09-20.25.29:974][617]LogPlayLevel: PIE: StaticDuplicateObject took: (0.047678s)
[2016.02.09-20.25.29:975][617]LogAIModule: Creating AISystem for world Cardinal_Kings1
[2016.02.09-20.25.29:975][617]LogPlayLevel: PIE: World Init took: (0.001437s)
[2016.02.09-20.25.29:976][617]LogPlayLevel: PIE: Created PIE world by copying editor world from /Game/Cardinal_Kings1.Cardinal_Kings1 to /Game/UEDPIE_0_Cardinal_Kings1.Cardinal_Kings1 (0.049696s)
[2016.02.09-20.25.30:047][617]LogInit: XAudio2 using 'Speakers (High Definition Audio Device)' : 2 channels at 44.1 kHz using 16 bits per sample (channel mask 0x3)
[2016.02.09-20.25.30:067][617]LogInit: FAudioDevice initialized.
[2016.02.09-20.25.30:141][617]LogWorld: Game class is 'PaperGameMode_C'
[2016.02.09-20.25.30:242][617]LogWorld: Bringing World /Game/UEDPIE_0_Cardinal_Kings1.Cardinal_Kings1 up for play (max tick rate 60) at 2016.02.09-15.25.30
[2016.02.09-20.25.30:242][617]LogActor:Warning: GameSession /Game/UEDPIE_0_Cardinal_Kings1.Cardinal_Kings1:PersistentLevel.GameSession_0 has natively added scene component(s), but none of them were set as the actor's RootComponent - picking one arbitrarily
[2016.02.09-20.25.30:242][617]LogActor:Warning: GameNetworkManager /Game/UEDPIE_0_Cardinal_Kings1.Cardinal_Kings1:PersistentLevel.GameNetworkManager_0 has natively added scene component(s), but none of them were set as the actor's RootComponent - picking one arbitrarily
[2016.02.09-20.25.30:247][617]LogWorld: Bringing up level for play took: 0.104211
[2016.02.09-20.25.30:287][617]PIE: Info Play in editor start time for /Game/UEDPIE_0_Cardinal_Kings1 1.212
[2016.02.09-20.25.42:029][874]LogSelection:Warning: PIE object was selected: "PaperSpriteActor /Game/UEDPIE_0_Cardinal_Kings1.Cardinal_Kings1:PersistentLevel.2DBackground_Sprite3"
[2016.02.09-20.26.02:755][353]LogEditorViewport: Clicking on Actor (context menu): PaperSpriteActor (2DBackground_Sprite3)
[2016.02.09-20.26.04:478][444]LogEditorViewport: Clicking on Actor (LMB): PaperSpriteActor (2DBackground_Sprite3)
[2016.02.09-20.26.04:478][444]LogSelection:Warning: PIE object was selected: "PaperSpriteActor /Game/UEDPIE_0_Cardinal_Kings1.Cardinal_Kings1:PersistentLevel.2DBackground_Sprite3"
[2016.02.09-20.26.34:740][161]LogEditorViewport: Clicking on Actor (LMB): PaperSpriteActor (2DBackground_Sprite3)
[2016.02.09-20.26.34:740][161]LogSelection:Warning: PIE object was selected: "PaperSpriteActor /Game/UEDPIE_0_Cardinal_Kings1.Cardinal_Kings1:PersistentLevel.2DBackground_Sprite3"
[2016.02.09-20.27.12:303][ 39]LogParticles: Destroying 0 GPU particle simulations for FXSystem 0x0000028E249C9300
[2016.02.09-20.27.14:100][143]LogEditorViewport: Clicking on Actor (LMB): PaperSpriteActor (2DBackground_Sprite3)
[2016.02.09-20.28.13:734][813]LogPlayLevel: PlayLevel: No blueprints needed recompiling
[2016.02.09-20.28.13:734][813]PIE: New page: SIE session: Cardinal_Kings1 (Feb 9, 2016, 10:28:13 AM)
[2016.02.09-20.28.13:734][813]LogPlayLevel: Creating play world package: /Game/UEDPIE_0_Cardinal_Kings1
[2016.02.09-20.28.13:767][813]LogPlayLevel: PIE: StaticDuplicateObject took: (0.033314s)
[2016.02.09-20.28.13:768][813]LogAIModule: Creating AISystem for world Cardinal_Kings1
[2016.02.09-20.28.13:768][813]LogPlayLevel: PIE: World Init took: (0.001181s)
[2016.02.09-20.28.13:769][813]LogPlayLevel: PIE: Created PIE world by copying editor world from /Game/Cardinal_Kings1.Cardinal_Kings1 to /Game/UEDPIE_0_Cardinal_Kings1.Cardinal_Kings1 (0.034862s)
[2016.02.09-20.28.13:798][813]LogSelection:Warning: PIE object was selected: "PaperSpriteActor /Game/UEDPIE_0_Cardinal_Kings1.Cardinal_Kings1:PersistentLevel.2DBackground_Sprite3"
[2016.02.09-20.28.13:803][813]LogInit: XAudio2 using 'Speakers (High Definition Audio Device)' : 2 channels at 44.1 kHz using 16 bits per sample (channel mask 0x3)
[2016.02.09-20.28.13:817][813]LogInit: FAudioDevice initialized.
[2016.02.09-20.28.13:857][813]LogWorld: Game class is 'PaperGameMode_C'
[2016.02.09-20.28.13:925][813]LogWorld: Bringing World /Game/UEDPIE_0_Cardinal_Kings1.Cardinal_Kings1 up for play (max tick rate 60) at 2016.02.09-15.28.13
[2016.02.09-20.28.13:925][813]LogActor:Warning: GameSession /Game/UEDPIE_0_Cardinal_Kings1.Cardinal_Kings1:PersistentLevel.GameSession_1 has natively added scene component(s), but none of them were set as the actor's RootComponent - picking one arbitrarily
[2016.02.09-20.28.13:925][813]LogActor:Warning: GameNetworkManager /Game/UEDPIE_0_Cardinal_Kings1.Cardinal_Kings1:PersistentLevel.GameNetworkManager_1 has natively added scene component(s), but none of them were set as the actor's RootComponent - picking one arbitrarily
[2016.02.09-20.28.13:929][813]LogWorld: Bringing up level for play took: 0.071364
[2016.02.09-20.28.13:932][813]PIE: Info Play in editor start time for /Game/UEDPIE_0_Cardinal_Kings1 0.857
[2016.02.09-20.28.13:972][813]LogSelection:Warning: PIE object was selected: "PaperSpriteActor /Game/UEDPIE_0_Cardinal_Kings1.Cardinal_Kings1:PersistentLevel.2DBackground_Sprite3"
[2016.02.09-20.28.20:802][979]LogParticles: Destroying 0 GPU particle simulations for FXSystem 0x0000028E256559E0
[2016.02.09-20.28.34:142][745]LogSavePackage: Save=296.722992ms
[2016.02.09-20.28.34:142][745]LogSavePackage: Moving '../../../../../../Users/stupid/Perforce/somalle_Fou_8865/Individual/somalle/Cardinal_Kings/Saved/Cardinal_Kings1F04D058340E762E8A66B06BABA74C625.tmp' to '../../../../../../Users/stupid/Perforce/somalle_Fou_8865/Individual/somalle/Cardinal_Kings/Content/Cardinal_Kings1.umap'
[2016.02.09-20.28.34:146][745]LogSavePackage: Total save time: 331.278406ms
[2016.02.09-20.28.34:146][745]LogSavePackage:Warning: Finished SavePackage ../../../../../../Users/stupid/Perforce/somalle_Fou_8865/Individual/somalle/Cardinal_Kings/Content/Cardinal_Kings1.umap
[2016.02.09-20.28.34:202][745]LogFileHelpers: Saving map 'Cardinal_Kings1' took 0.508
[2016.02.09-20.46.04:083][476]LogPlayLevel: PlayLevel: No blueprints needed recompiling
[2016.02.09-20.46.04:084][476]PIE: New page: SIE session: Cardinal_Kings1 (Feb 9, 2016, 10:46:04 AM)
[2016.02.09-20.46.04:085][476]LogPlayLevel: Creating play world package: /Game/UEDPIE_0_Cardinal_Kings1
[2016.02.09-20.46.04:127][476]LogPlayLevel: PIE: StaticDuplicateObject took: (0.041693s)
[2016.02.09-20.46.04:130][476]LogAIModule: Creating AISystem for world Cardinal_Kings1
[2016.02.09-20.46.04:131][476]LogPlayLevel: PIE: World Init took: (0.003707s)
[2016.02.09-20.46.04:132][476]LogPlayLevel: PIE: Created PIE world by copying editor world from /Game/Cardinal_Kings1.Cardinal_Kings1 to /Game/UEDPIE_0_Cardinal_Kings1.Cardinal_Kings1 (0.046655s)
[2016.02.09-20.46.04:193][476]LogSelection:Warning: PIE object was selected: "PaperSpriteActor /Game/UEDPIE_0_Cardinal_Kings1.Cardinal_Kings1:PersistentLevel.2DBackground_Sprite3"
[2016.02.09-20.46.04:198][476]LogInit: XAudio2 using 'Speakers (High Definition Audio Device)' : 2 channels at 44.1 kHz using 16 bits per sample (channel mask 0x3)
[2016.02.09-20.46.04:209][476]LogInit: FAudioDevice initialized.
[2016.02.09-20.46.04:248][476]LogWorld: Game class is 'PaperGameMode_C'
[2016.02.09-20.46.04:314][476]LogWorld: Bringing World /Game/UEDPIE_0_Cardinal_Kings1.Cardinal_Kings1 up for play (max tick rate 60) at 2016.02.09-15.46.04
[2016.02.09-20.46.04:314][476]LogActor:Warning: GameSession /Game/UEDPIE_0_Cardinal_Kings1.Cardinal_Kings1:PersistentLevel.GameSession_2 has natively added scene component(s), but none of them were set as the actor's RootComponent - picking one arbitrarily
[2016.02.09-20.46.04:315][476]LogActor:Warning: GameNetworkManager /Game/UEDPIE_0_Cardinal_Kings1.Cardinal_Kings1:PersistentLevel.GameNetworkManager_2 has natively added scene component(s), but none of them were set as the actor's RootComponent - picking one arbitrarily
[2016.02.09-20.46.04:319][476]LogWorld: Bringing up level for play took: 0.069291
[2016.02.09-20.46.04:322][476]PIE: Info Play in editor start time for /Game/UEDPIE_0_Cardinal_Kings1 -0.754
[2016.02.09-20.46.04:368][476]LogSelection:Warning: PIE object was selected: "PaperSpriteActor /Game/UEDPIE_0_Cardinal_Kings1.Cardinal_Kings1:PersistentLevel.2DBackground_Sprite3"
[2016.02.09-20.46.30:435][174]LogParticles: Destroying 0 GPU particle simulations for FXSystem 0x0000028E3D7EF240
[2016.02.09-23.52.53:589][777]LogHttp:Warning: Timeout processing Http request. 0000028E2C62EE00
[2016.02.09-23.52.54:912][778]LogD3D11RHI: Timed out while waiting for GPU to catch up. (500 ms)
[2016.02.10-00.02.51:076][820]LogWindowsTextInputMethodSystem:Display: IME system now deactivated.
[2016.02.10-00.02.51:541][821]Cmd: QUIT_EDITOR
[2016.02.10-00.02.52:004][821]LogExit: Preparing to exit.
[2016.02.10-00.02.52:831][821]LogExit: Editor shut down
[2016.02.10-00.02.52:833][821]LogExit: Transaction tracking system shut down
[2016.02.10-00.02.52:841][821]LogParticles: Destroying 0 GPU particle simulations for FXSystem 0x0000028E26857920
[2016.02.10-00.02.52:842][821]LogParticles: Destroying 0 GPU particle simulations for FXSystem 0x0000028E255FA660
[2016.02.10-00.02.53:151][821]LogParticles: Destroying 0 GPU particle simulations for FXSystem 0x0000028E24B38F40
[2016.02.10-00.02.53:151][821]LogParticles: Destroying 0 GPU particle simulations for FXSystem 0x0000028E3D7125C0
[2016.02.10-00.02.53:151][821]LogParticles: Destroying 0 GPU particle simulations for FXSystem 0x0000028E45380220
[2016.02.10-00.02.53:151][821]LogExit: Object subsystem successfully closed.
[2016.02.10-00.02.53:204][821]LogD3D11RHI: Shutdown
[2016.02.10-00.02.53:204][821]LogD3D11RHI: CleanupD3DDevice
[2016.02.10-00.02.53:292][821]LogD3D11RHI: ~FD3D11DynamicRHI
[2016.02.10-00.02.53:663][821]LogModuleManager: Shutting down and abandoning module CrashTracker (197)
[2016.02.10-00.02.53:663][821]LogModuleManager: Shutting down and abandoning module SceneOutliner (196)
[2016.02.10-00.02.53:663][821]LogModuleManager: Shutting down and abandoning module SuperSearch (195)
[2016.02.10-00.02.53:663][821]LogModuleManager: Shutting down and abandoning module WidgetCarousel (194)
[2016.02.10-00.02.53:663][821]LogModuleManager: Shutting down and abandoning module AddContentDialog (193)
[2016.02.10-00.02.53:682][821]LogModuleManager: Shutting down and abandoning module EditorWidgets (192)
[2016.02.10-00.02.53:682][821]LogModuleManager: Shutting down and abandoning module CollectionManager (191)
[2016.02.10-00.02.53:683][821]LogModuleManager: Shutting down and abandoning module StatsViewer (190)
[2016.02.10-00.02.53:683][821]LogModuleManager: Shutting down and abandoning module FoliageEdit (189)
[2016.02.10-00.02.53:683][821]LogModuleManager: Shutting down and abandoning module LandscapeEditor (188)
[2016.02.10-00.02.53:684][821]LogModuleManager: Shutting down and abandoning module ActorPickerMode (187)
[2016.02.10-00.02.53:684][821]LogModuleManager: Shutting down and abandoning module GeometryMode (186)
[2016.02.10-00.02.53:684][821]LogModuleManager: Shutting down and abandoning module TextureAlignMode (185)
[2016.02.10-00.02.53:684][821]LogModuleManager: Shutting down and abandoning module BspMode (184)
[2016.02.10-00.02.53:684][821]LogModuleManager: Shutting down and abandoning module PlacementMode (183)
[2016.02.10-00.02.53:684][821]LogModuleManager: Shutting down and abandoning module AutomationWorker (182)
[2016.02.10-00.02.53:684][821]LogModuleManager: Shutting down and abandoning module CharacterAI (181)
[2016.02.10-00.02.53:684][821]LogModuleManager: Shutting down and abandoning module SmartSnapping (180)
[2016.02.10-00.02.53:684][821]LogModuleManager: Shutting down and abandoning module ViewportSnapping (179)
[2016.02.10-00.02.53:684][821]LogModuleManager: Shutting down and abandoning module LogVisualizer (178)
[2016.02.10-00.02.53:685][821]LogModuleManager: Shutting down and abandoning module GameProjectGeneration (177)
[2016.02.10-00.02.53:685][821]LogModuleManager: Shutting down and abandoning module IntroTutorials (176)
[2016.02.10-00.02.53:685][821]LogModuleManager: Shutting down and abandoning module EditorLiveStreaming (175)
[2016.02.10-00.02.53:685][821]LogModuleManager: Shutting down and abandoning module IOSPlatformEditor (174)
[2016.02.10-00.02.53:705][821]LogModuleManager: Shutting down and abandoning module HTML5PlatformEditor (173)
[2016.02.10-00.02.53:705][821]LogModuleManager: Shutting down and abandoning module AndroidDeviceDetection (172)
[2016.02.10-00.02.54:300][821]LogModuleManager: Shutting down and abandoning module AndroidPlatformEditor (171)
[2016.02.10-00.02.54:300][821]LogModuleManager: Shutting down and abandoning module IOSRuntimeSettings (170)
[2016.02.10-00.02.54:300][821]LogModuleManager: Shutting down and abandoning module AndroidRuntimeSettings (169)
[2016.02.10-00.02.54:300][821]LogModuleManager: Shutting down and abandoning module MergeActors (168)
[2016.02.10-00.02.54:320][821]LogModuleManager: Shutting down and abandoning module SizeMap (167)
[2016.02.10-00.02.54:320][821]LogModuleManager: Shutting down and abandoning module TreeMap (166)
[2016.02.10-00.02.54:320][821]LogModuleManager: Shutting down and abandoning module ReferenceViewer (165)
[2016.02.10-00.02.54:320][821]LogModuleManager: Shutting down and abandoning module LocalizationService (164)
[2016.02.10-00.02.54:320][821]LogModuleManager: Shutting down and abandoning module LocalizationDashboard (163)
[2016.02.10-00.02.54:339][821]LogModuleManager: Shutting down and abandoning module HardwareTargeting (162)
[2016.02.10-00.02.54:339][821]LogModuleManager: Shutting down and abandoning module DeviceProfileEditor (161)
[2016.02.10-00.02.54:339][821]LogModuleManager: Shutting down and abandoning module UndoHistory (160)
[2016.02.10-00.02.54:355][821]LogModuleManager: Shutting down and abandoning module GameplayTagsEditor (159)
[2016.02.10-00.02.54:355][821]LogModuleManager: Shutting down and abandoning module UserFeedback (158)
[2016.02.10-00.02.54:355][821]LogModuleManager: Shutting down and abandoning module XmlParser (157)
[2016.02.10-00.02.54:366][821]LogModuleManager: Shutting down and abandoning module Blutility (156)
[2016.02.10-00.02.54:366][821]LogModuleManager: Shutting down and abandoning module ProjectTargetPlatformEditor (155)
[2016.02.10-00.02.54:386][821]LogModuleManager: Shutting down and abandoning module ProjectSettingsViewer (154)
[2016.02.10-00.02.54:387][821]LogModuleManager: Shutting down and abandoning module InputBindingEditor (153)
[2016.02.10-00.02.54:387][821]LogModuleManager: Shutting down and abandoning module EditorSettingsViewer (152)
[2016.02.10-00.02.54:387][821]LogModuleManager: Shutting down and abandoning module SettingsEditor (151)
[2016.02.10-00.02.54:410][821]LogModuleManager: Shutting down and abandoning module ProjectLauncher (150)
[2016.02.10-00.02.54:447][821]LogModuleManager: Shutting down and abandoning module SessionFrontend (149)
[2016.02.10-00.02.54:461][821]LogModuleManager: Shutting down and abandoning module ProfilerClient (148)
[2016.02.10-00.02.54:474][821]LogModuleManager: Shutting down and abandoning module TargetDeviceServices (147)
[2016.02.10-00.02.54:475][821]LogModuleManager: Shutting down and abandoning module DeviceManager (146)
[2016.02.10-00.02.54:475][821]LogModuleManager: Shutting down and abandoning module AutomationController (145)
[2016.02.10-00.02.54:475][821]LogModuleManager: Shutting down and abandoning module AutomationWindow (144)
[2016.02.10-00.02.54:502][821]LogModuleManager: Shutting down and abandoning module Layers (143)
[2016.02.10-00.02.54:553][821]LogModuleManager: Shutting down and abandoning module ComponentVisualizers (142)
[2016.02.10-00.02.54:553][821]LogModuleManager: Shutting down and abandoning module DetailCustomizations (141)
[2016.02.10-00.02.54:553][821]LogModuleManager: Shutting down and abandoning module PackagesDialog (140)
[2016.02.10-00.02.54:553][821]LogModuleManager: Shutting down and abandoning module Persona (139)
[2016.02.10-00.02.54:554][821]LogModuleManager: Shutting down and abandoning module Kismet (138)
[2016.02.10-00.02.54:554][821]LogModuleManager: Shutting down and abandoning module GraphEditor (137)
[2016.02.10-00.02.54:554][821]LogModuleManager: Shutting down and abandoning module ClassViewer (136)
[2016.02.10-00.02.54:562][821]LogModuleManager: Shutting down and abandoning module Toolbox (135)
[2016.02.10-00.02.54:562][821]LogModuleManager: Shutting down and abandoning module ModuleUI (134)
[2016.02.10-00.02.54:576][821]LogModuleManager: Shutting down and abandoning module MovieSceneTools (133)
[2016.02.10-00.02.54:576][821]LogModuleManager: Shutting down and abandoning module OutputLog (132)
[2016.02.10-00.02.54:576][821]LogModuleManager: Shutting down and abandoning module GammaUI (131)
[2016.02.10-00.02.54:585][821]LogModuleManager: Shutting down and abandoning module Documentation (130)
[2016.02.10-00.02.54:585][821]LogModuleManager: Shutting down and abandoning module GameLiveStreaming (129)
[2016.02.10-00.02.54:585][821]LogModuleManager: Shutting down and abandoning module StreamingPauseRendering (128)
[2016.02.10-00.02.54:599][821]LogModuleManager: Shutting down and abandoning module AnalyticsET (127)
[2016.02.10-00.02.54:599][821]LogModuleManager: Shutting down and abandoning module Analytics (126)
[2016.02.10-00.02.54:599][821]LogModuleManager: Shutting down and abandoning module AITestSuite (125)
[2016.02.10-00.02.54:599][821]LogModuleManager: Shutting down and abandoning module GameplayDebugger (124)
[2016.02.10-00.02.54:599][821]LogModuleManager: Shutting down and abandoning module AIModule (123)
[2016.02.10-00.02.54:600][821]LogModuleManager: Shutting down and abandoning module ProfilerService (122)
[2016.02.10-00.02.54:811][821]LogModuleManager: Shutting down and abandoning module TaskGraph (121)
[2016.02.10-00.02.54:811][821]LogModuleManager: Shutting down and abandoning module SlateRemote (120)
[2016.02.10-00.02.54:811][821]LogModuleManager: Shutting down and abandoning module SteamVRController (119)
[2016.02.10-00.02.54:811][821]LogModuleManager: Shutting down and abandoning module SteamVR (118)
[2016.02.10-00.02.54:811][821]LogModuleManager: Shutting down and abandoning module ProceduralMeshComponent (117)
[2016.02.10-00.02.54:811][821]LogModuleManager: Shutting down and abandoning module OculusRift (116)
[2016.02.10-00.02.54:811][821]LogModuleManager: Shutting down and abandoning module OculusLibrary (115)
[2016.02.10-00.02.54:811][821]LogModuleManager: Shutting down and abandoning module LeapMotionController (114)
[2016.02.10-00.02.54:837][821]LogModuleManager: Shutting down and abandoning module CustomMeshComponent (113)
[2016.02.10-00.02.54:837][821]LogModuleManager: Shutting down and abandoning module CableComponent (112)
[2016.02.10-00.02.54:837][821]LogModuleManager: Shutting down and abandoning module ArchVisCharacter (111)
[2016.02.10-00.02.54:837][821]LogModuleManager: Shutting down and abandoning module MessagingDebugger (110)
[2016.02.10-00.02.54:837][821]LogModuleManager: Shutting down and abandoning module MediaPlayerEditor (109)
[2016.02.10-00.02.54:837][821]LogModuleManager: Shutting down and abandoning module HTML5Networking (108)
[2016.02.10-00.02.54:837][821]LogModuleManager: Shutting down and abandoning module SpeedTreeImporter (107)
[2016.02.10-00.02.54:837][821]LogModuleManager: Shutting down and abandoning module PluginBrowser (106)
[2016.02.10-00.02.54:838][821]LogModuleManager: Shutting down and abandoning module EpicSurvey (105)
[2016.02.10-00.02.54:838][821]LogModuleManager: Shutting down and abandoning module DesktopPlatform (104)
[2016.02.10-00.02.54:838][821]LogModuleManager: Shutting down and abandoning module VisualStudioSourceCodeAccess (103)
[2016.02.10-00.02.54:838][821]LogModuleManager: Shutting down and abandoning module UObjectPlugin (102)
[2016.02.10-00.02.54:838][821]LogModuleManager: Shutting down and abandoning module SubversionSourceControl (101)
[2016.02.10-00.02.54:901][821]LogModuleManager: Shutting down and abandoning module PerforceSourceControl (100)
[2016.02.10-00.02.54:901][821]LogModuleManager: Shutting down and abandoning module SourceControl (99)
[2016.02.10-00.02.54:901][821]LogModuleManager: Shutting down and abandoning module GitSourceControl (98)
[2016.02.10-00.02.54:929][821]LogModuleManager: Shutting down and abandoning module LightPropagationVolumeEditor (97)
[2016.02.10-00.02.54:929][821]LogModuleManager: Shutting down and abandoning module PaperTiledImporter (96)
[2016.02.10-00.02.54:929][821]LogModuleManager: Shutting down and abandoning module PaperSpriteSheetImporter (95)
[2016.02.10-00.02.54:929][821]LogModuleManager: Shutting down and abandoning module MeshPaint (94)
[2016.02.10-00.02.54:929][821]LogModuleManager: Shutting down and abandoning module SlateReflector (93)
[2016.02.10-00.02.54:929][821]LogModuleManager: Shutting down and abandoning module HotReload (92)
[2016.02.10-00.02.54:929][821]LogModuleManager: Shutting down and abandoning module MainFrame (91)
[2016.02.10-00.02.54:929][821]LogModuleManager: Shutting down and abandoning module LevelEditor (90)
[2016.02.10-00.02.54:932][821]LogModuleManager: Shutting down and abandoning module DirectoryWatcher (89)
[2016.02.10-00.02.54:941][821]LogModuleManager: Shutting down and abandoning module AssetRegistry (88)
[2016.02.10-00.02.55:218][821]LogModuleManager: Shutting down and abandoning module ContentBrowser (87)
[2016.02.10-00.02.55:221][821]LogModuleManager: Shutting down and abandoning module Paper2DEditor (86)
[2016.02.10-00.02.55:221][821]LogModuleManager: Shutting down and abandoning module UdpMessaging (85)
[2016.02.10-00.02.55:322][821]LogModuleManager: Shutting down and abandoning module LightPropagationVolumeRuntime (84)
[2016.02.10-00.02.55:322][821]LogModuleManager: Shutting down and abandoning module Paper2D (83)
[2016.02.10-00.02.55:322][821]LogModuleManager: Shutting down and abandoning module WindowsMoviePlayer (82)
[2016.02.10-00.02.55:329][821]LogModuleManager: Shutting down and abandoning module Media (81)
[2016.02.10-00.02.55:329][821]LogModuleManager: Shutting down and abandoning module WmfMedia (80)
[2016.02.10-00.02.55:342][821]LogModuleManager: Shutting down and abandoning module OnlineBlueprintSupport (79)
[2016.02.10-00.02.55:342][821]LogModuleManager: Shutting down and abandoning module GameplayTasksEditor (78)
[2016.02.10-00.02.55:342][821]LogModuleManager: Shutting down and abandoning module PropertyEditor (77)
[2016.02.10-00.02.55:342][821]LogModuleManager: Shutting down and abandoning module BehaviorTreeEditor (76)
[2016.02.10-00.02.55:342][821]LogModuleManager: Shutting down and abandoning module FunctionalTesting (75)
[2016.02.10-00.02.55:342][821]LogModuleManager: Shutting down and abandoning module CollisionAnalyzer (74)
[2016.02.10-00.02.55:342][821]LogModuleManager: Shutting down and abandoning module WorkspaceMenuStructure (73)
[2016.02.10-00.02.55:343][821]LogModuleManager: Shutting down and abandoning module MessageLog (72)
[2016.02.10-00.02.55:343][821]LogModuleManager: Shutting down and abandoning module Sequencer (71)
[2016.02.10-00.02.55:343][821]LogModuleManager: Shutting down and abandoning module AssetTools (70)
[2016.02.10-00.02.55:343][821]LogModuleManager: Shutting down and abandoning module UMGEditor (69)
[2016.02.10-00.02.55:343][821]LogModuleManager: Shutting down and abandoning module UMG (68)
[2016.02.10-00.02.55:343][821]LogModuleManager: Shutting down and abandoning module Slate (67)
[2016.02.10-00.02.55:343][821]LogModuleManager: Shutting down and abandoning module EditorStyle (66)
[2016.02.10-00.02.55:379][821]LogModuleManager: Shutting down and abandoning module SessionServices (65)
[2016.02.10-00.02.55:379][821]LogModuleManager: Shutting down and abandoning module SourceCodeAccess (64)
[2016.02.10-00.02.55:379][821]LogModuleManager: Shutting down and abandoning module HeadMountedDisplay (63)
[2016.02.10-00.02.55:379][821]LogModuleManager: Shutting down and abandoning module XAudio2 (62)
[2016.02.10-00.02.55:379][821]LogModuleManager: Shutting down and abandoning module Networking (60)
[2016.02.10-00.02.55:379][821]LogModuleManager: Shutting down and abandoning module Core (59)
[2016.02.10-00.02.55:379][821]LogModuleManager: Shutting down and abandoning module KismetCompiler (58)
[2016.02.10-00.02.55:379][821]LogModuleManager: Shutting down and abandoning module PhysXFormats (57)
[2016.02.10-00.02.55:393][821]LogModuleManager: Shutting down and abandoning module MeshUtilities (56)
[2016.02.10-00.02.55:449][821]LogModuleManager: Shutting down and abandoning module CookingStats (55)
[2016.02.10-00.02.55:450][821]LogModuleManager: Shutting down and abandoning module DerivedDataCache (54)
[2016.02.10-00.02.55:537][821]LogDerivedDataCache: Shutdown
[2016.02.10-00.02.55:537][821]LogModuleManager: Shutting down and abandoning module ShaderFormatOpenGL (53)
[2016.02.10-00.02.55:537][821]LogModuleManager: Shutting down and abandoning module ShaderFormatD3D (52)
[2016.02.10-00.02.55:537][821]LogModuleManager: Shutting down and abandoning module MetalShaderFormat (51)
[2016.02.10-00.02.55:537][821]LogModuleManager: Shutting down and abandoning module TextureFormatUncompressed (50)
[2016.02.10-00.02.55:537][821]LogModuleManager: Shutting down and abandoning module TextureFormatPVR (49)
[2016.02.10-00.02.55:537][821]LogModuleManager: Shutting down and abandoning module TextureFormatIntelISPCTexComp (48)
[2016.02.10-00.02.55:537][821]LogModuleManager: Shutting down and abandoning module TextureFormatDXT (47)
[2016.02.10-00.02.55:537][821]LogModuleManager: Shutting down and abandoning module ImageWrapper (46)
[2016.02.10-00.02.55:537][821]LogModuleManager: Shutting down and abandoning module TextureFormatASTC (45)
[2016.02.10-00.02.55:537][821]LogModuleManager: Shutting down and abandoning module TextureFormatAndroid (44)
[2016.02.10-00.02.55:537][821]LogModuleManager: Shutting down and abandoning module AudioFormatOpus (43)
[2016.02.10-00.02.55:537][821]LogModuleManager: Shutting down and abandoning module AudioFormatOgg (42)
[2016.02.10-00.02.55:537][821]LogModuleManager: Shutting down and abandoning module AudioFormatADPCM (41)
[2016.02.10-00.02.55:538][821]LogModuleManager: Shutting down and abandoning module LinuxTargetPlatform (40)
[2016.02.10-00.02.55:538][821]LogModuleManager: Shutting down and abandoning module LinuxServerTargetPlatform (39)
[2016.02.10-00.02.55:538][821]LogModuleManager: Shutting down and abandoning module LinuxNoEditorTargetPlatform (38)
[2016.02.10-00.02.55:538][821]LogModuleManager: Shutting down and abandoning module Messaging (37)
[2016.02.10-00.02.55:538][821]LogModuleManager: Shutting down and abandoning module IOSTargetPlatform (36)
[2016.02.10-00.02.55:538][821]LogModuleManager: Shutting down and abandoning module HTML5TargetPlatform (35)
[2016.02.10-00.02.55:538][821]LogModuleManager: Shutting down and abandoning module Android_PVRTCTargetPlatform (34)
[2016.02.10-00.02.55:538][821]LogModuleManager: Shutting down and abandoning module Android_ETC2TargetPlatform (33)
[2016.02.10-00.02.55:538][821]LogModuleManager: Shutting down and abandoning module Android_ETC1TargetPlatform (32)
[2016.02.10-00.02.55:538][821]LogModuleManager: Shutting down and abandoning module Android_DXTTargetPlatform (31)
[2016.02.10-00.02.55:538][821]LogModuleManager: Shutting down and abandoning module Android_ATCTargetPlatform (30)
[2016.02.10-00.02.55:538][821]LogModuleManager: Shutting down and abandoning module Android_ASTCTargetPlatform (29)
[2016.02.10-00.02.55:538][821]LogModuleManager: Shutting down and abandoning module AndroidTargetPlatform (28)
[2016.02.10-00.02.55:538][821]LogModuleManager: Shutting down and abandoning module WindowsTargetPlatform (27)
[2016.02.10-00.02.55:538][821]LogModuleManager: Shutting down and abandoning module WindowsServerTargetPlatform (26)
[2016.02.10-00.02.55:538][821]LogModuleManager: Shutting down and abandoning module WindowsNoEditorTargetPlatform (25)
[2016.02.10-00.02.55:538][821]LogModuleManager: Shutting down and abandoning module WindowsClientTargetPlatform (24)
[2016.02.10-00.02.55:538][821]LogModuleManager: Shutting down and abandoning module AllDesktopTargetPlatform (23)
[2016.02.10-00.02.55:539][821]LogModuleManager: Shutting down and abandoning module TargetPlatform (22)
[2016.02.10-00.02.55:539][821]LogModuleManager: Shutting down and abandoning module InputCore (21)
[2016.02.10-00.02.55:539][821]LogModuleManager: Shutting down and abandoning module Settings (20)
[2016.02.10-00.02.55:539][821]LogModuleManager: Shutting down and abandoning module OnlineSubsystem (18)
[2016.02.10-00.02.55:539][821]LogModuleManager: Shutting down and abandoning module HTTP (17)
[2016.02.10-00.02.57:545][821]LogModuleManager: Shutting down and abandoning module XMPP (16)
[2016.02.10-00.02.57:546][821]LogModuleManager: Shutting down and abandoning module ExampleDeviceProfileSelector (15)
[2016.02.10-00.02.57:546][821]LogModuleManager: Shutting down and abandoning module TextureCompressor (14)
[2016.02.10-00.02.57:563][821]LogModuleManager: Shutting down and abandoning module ShaderCore (13)
[2016.02.10-00.02.57:563][821]LogModuleManager: Shutting down and abandoning module Landscape (12)
[2016.02.10-00.02.57:563][821]LogModuleManager: Shutting down and abandoning module SlateRHIRenderer (11)
[2016.02.10-00.02.57:586][821]LogModuleManager: Shutting down and abandoning module OpenGLDrv (10)
[2016.02.10-00.02.57:598][821]LogModuleManager: Shutting down and abandoning module D3D11RHI (9)
[2016.02.10-00.02.57:598][821]LogModuleManager: Shutting down and abandoning module AnimGraphRuntime (8)
[2016.02.10-00.02.57:599][821]LogModuleManager: Shutting down and abandoning module Renderer (7)
[2016.02.10-00.02.57:599][821]LogModuleManager: Shutting down and abandoning module Engine (6)
[2016.02.10-00.02.57:599][821]LogModuleManager: Shutting down and abandoning module CoreUObject (5)
[2016.02.10-00.02.57:599][821]LogModuleManager: Shutting down and abandoning module NetworkFile (4)
[2016.02.10-00.02.57:599][821]LogModuleManager: Shutting down and abandoning module StreamingFile (3)
[2016.02.10-00.02.57:617][821]LogModuleManager: Shutting down and abandoning module SandboxFile (2)
[2016.02.10-00.02.57:638][821]LogModuleManager: Shutting down and abandoning module PakFile (1)
[2016.02.10-00.02.57:640][821]LogExit: Exiting.
[2016.02.10-00.02.57:653][821]Log file closed, 02/09/16 19:02:57
