[2016.02.16-00.51.25:227][  0]Log file open, 02/15/16 19:51:25
[2016.02.16-00.51.25:227][  0]LogInit:Display: Running engine for game: Cardinal_Kings
[2016.02.16-00.51.25:227][  0]LogInit:Display: RandInit(1468300165) SRandInit(1468300168).
[2016.02.16-00.51.25:227][  0]LogTaskGraph: Started task graph with 4 named threads and 5 total threads.
[2016.02.16-00.51.25:227][  0]LogStats: Stats thread started at 0.864373
[2016.02.16-00.51.25:227][  0]LogInit: Version: 4.9.2-2707645+++depot+UE4-Releases+4.9
[2016.02.16-00.51.25:227][  0]LogInit: API Version: 2672455
[2016.02.16-00.51.25:227][  0]LogInit: Compiled (64-bit): Sep 28 2015 10:25:44
[2016.02.16-00.51.25:228][  0]LogInit: Compiled with Visual C++: 18.00.21005.01
[2016.02.16-00.51.25:228][  0]LogInit: Build Configuration: Development
[2016.02.16-00.51.25:228][  0]LogInit: Branch Name: ++depot+UE4-Releases+4.9
[2016.02.16-00.51.25:228][  0]LogInit: Command line:  
[2016.02.16-00.51.25:228][  0]LogInit: Base directory: C:/Program Files (x86)/Epic Games/4.9/Engine/Binaries/Win64/
[2016.02.16-00.51.25:228][  0]LogInit: Rocket: 1
[2016.02.16-00.51.25:419][  0]LogInit: Using libcurl 7.41.0
[2016.02.16-00.51.25:419][  0]LogInit:  - built for x86_64-pc-win32
[2016.02.16-00.51.25:419][  0]LogInit:  - supports SSL with WinSSL
[2016.02.16-00.51.25:419][  0]LogInit:  - other features:
[2016.02.16-00.51.25:419][  0]LogInit:      CURL_VERSION_SSL
[2016.02.16-00.51.25:419][  0]LogInit:      CURL_VERSION_IPV6
[2016.02.16-00.51.25:419][  0]LogInit:      CURL_VERSION_ASYNCHDNS
[2016.02.16-00.51.25:419][  0]LogInit:      CURL_VERSION_LARGEFILE
[2016.02.16-00.51.25:419][  0]LogInit:      CURL_VERSION_IDN
[2016.02.16-00.51.25:419][  0]LogInit:  CurlRequestOptions (configurable via config and command line):
[2016.02.16-00.51.25:419][  0]LogInit:  - bVerifyPeer = true  - Libcurl will verify peer certificate
[2016.02.16-00.51.25:419][  0]LogInit:  - bUseHttpProxy = false  - Libcurl will NOT use HTTP proxy
[2016.02.16-00.51.25:419][  0]LogInit:  - bDontReuseConnections = false  - Libcurl will reuse connections
[2016.02.16-00.51.25:419][  0]LogInit:  - CertBundlePath = nullptr  - Libcurl will use whatever was configured at build time.
[2016.02.16-00.51.25:431][  0]LogInit: Presizing for 0 objects not considered by GC, pre-allocating 0 bytes.
[2016.02.16-00.51.25:438][  0]LogInit: Object subsystem initialized
[2016.02.16-00.51.25:440][  0]LogInit: Selected Device Profile: [Windows]
[2016.02.16-00.51.25:440][  0]LogInit: Applying CVar settings loaded from the selected device profile: [Windows]
[2016.02.16-00.51.25:504][  0]LogInit: Computer: DESKTOP-T22LC7G
[2016.02.16-00.51.25:504][  0]LogInit: User: Shaun
[2016.02.16-00.51.25:504][  0]LogInit: CPU Page size=4096, Cores=2
[2016.02.16-00.51.25:504][  0]LogInit: High frequency timer resolution =2.343749 MHz
[2016.02.16-00.51.25:504][  0]LogMemory: Memory total: Physical=7.8GB (8GB approx)
[2016.02.16-00.51.25:504][  0]LogMemory: Platform Memory Stats for Windows
[2016.02.16-00.51.25:504][  0]LogMemory: Process Physical Memory: 53.56 MB used, 53.56 MB peak
[2016.02.16-00.51.25:504][  0]LogMemory: Process Virtual Memory: 57.05 MB used, 57.05 MB peak
[2016.02.16-00.51.25:504][  0]LogMemory: Physical Memory: 2928.08 MB used, 7986.05 MB total
[2016.02.16-00.51.25:504][  0]LogMemory: Virtual Memory: 365.38 MB used, 134217728.00 MB total
[2016.02.16-00.51.25:541][  0]LogTextLocalizationManager: No specific translations for ('en-US') exist, so ('en') translations will be used.
[2016.02.16-00.51.27:013][  0]LogD3D11RHI: Found D3D11 adapter 0: Intel(R) HD Graphics 520 (Feature Level 11_0)
[2016.02.16-00.51.27:013][  0]LogD3D11RHI: Adapter has 128MB of dedicated video memory, 0MB of dedicated system memory, and 3993MB of shared system memory, 1 output[s]
[2016.02.16-00.51.27:017][  0]LogD3D11RHI: Found D3D11 adapter 1: Microsoft Basic Render Driver (Feature Level 11_0)
[2016.02.16-00.51.27:017][  0]LogD3D11RHI: Adapter has 0MB of dedicated video memory, 0MB of dedicated system memory, and 3993MB of shared system memory, 0 output[s]
[2016.02.16-00.51.27:017][  0]LogD3D11RHI: Chosen D3D11 Adapter Id = 0
[2016.02.16-00.51.27:024][  0]LogD3D11RHI: !Direct3DDevice
[2016.02.16-00.51.27:024][  0]LogRHI: Texture pool is 1361 MB (70% of 1945 MB)
[2016.02.16-00.51.27:032][  0]LogD3D11RHI: Async texture creation enabled
[2016.02.16-00.51.27:039][  0]LogShaderCompilers: Guid format shader working directory is 15 characters bigger than the processId version (../../../../../../Users/Shaun/Desktop/Unreal Files/CGT445CardinalKings/Cardinal_Kings1/Intermediate/Shaders/WorkingDirectory/8468/).
[2016.02.16-00.51.27:039][  0]LogShaderCompilers: Cleaned the shader compiler working directory '../../../../../../Users/Shaun/Desktop/Unreal Files/CGT445CardinalKings/Cardinal_Kings1/Intermediate/Shaders/tmp/6B31657D4458530CCE6A928BD5B2A39E/'.
[2016.02.16-00.51.27:039][  0]LogShaderCompilers:Display: Using Local Shader Compiler.
[2016.02.16-00.51.29:461][  0]LogTemp:Display: Loaded TP AllDesktopTargetPlatform
[2016.02.16-00.51.29:476][  0]LogTemp:Display: Loaded TP WindowsClientTargetPlatform
[2016.02.16-00.51.29:485][  0]LogTemp:Display: Loaded TP WindowsNoEditorTargetPlatform
[2016.02.16-00.51.29:493][  0]LogTemp:Display: Loaded TP WindowsServerTargetPlatform
[2016.02.16-00.51.29:499][  0]LogTemp:Display: Loaded TP WindowsTargetPlatform
[2016.02.16-00.51.29:504][  0]LogTemp:Display: Loaded TP AndroidTargetPlatform
[2016.02.16-00.51.29:508][  0]LogTemp:Display: Loaded TP Android_ASTCTargetPlatform
[2016.02.16-00.51.29:513][  0]LogTemp:Display: Loaded TP Android_ATCTargetPlatform
[2016.02.16-00.51.29:517][  0]LogTemp:Display: Loaded TP Android_DXTTargetPlatform
[2016.02.16-00.51.29:523][  0]LogTemp:Display: Loaded TP Android_ETC1TargetPlatform
[2016.02.16-00.51.29:528][  0]LogTemp:Display: Loaded TP Android_ETC2TargetPlatform
[2016.02.16-00.51.29:539][  0]LogTemp:Display: Loaded TP Android_PVRTCTargetPlatform
[2016.02.16-00.51.29:541][  0]LogTemp:Display: Loaded TP HTML5TargetPlatform
[2016.02.16-00.51.29:578][  0]LogTemp:Display: Loaded TP IOSTargetPlatform
[2016.02.16-00.51.29:591][  0]LogTemp:Display: Loaded TP LinuxNoEditorTargetPlatform
[2016.02.16-00.51.29:602][  0]LogTemp:Display: Loaded TP LinuxServerTargetPlatform
[2016.02.16-00.51.29:616][  0]LogTemp:Display: Loaded TP LinuxTargetPlatform
[2016.02.16-00.51.29:616][  0]LogTargetPlatformManager:Display: Building Assets For Windows
[2016.02.16-00.51.29:805][  0]LogDerivedDataCache:Display: Max Cache Size: 512 MB
[2016.02.16-00.51.35:365][  0]LogDerivedDataCache: Loaded boot cache 5.53s 41MB C:/Users/Shaun/AppData/Local/UnrealEngine/4.9/DerivedDataCache/Boot.ddc.
[2016.02.16-00.51.35:365][  0]LogDerivedDataCache:Display: Loaded Boot cache: C:/Users/Shaun/AppData/Local/UnrealEngine/4.9/DerivedDataCache/Boot.ddc
[2016.02.16-00.51.35:365][  0]LogDerivedDataCache: FDerivedDataBackendGraph:  Pak pak cache file ../../../../../../Users/Shaun/Desktop/Unreal Files/CGT445CardinalKings/Cardinal_Kings1/DerivedDataCache/DDC.ddp not found, will not use a pak cache.
[2016.02.16-00.51.35:365][  0]LogDerivedDataCache: Unable to find inner node Pak for hierarchical cache Hierarchy.
[2016.02.16-00.51.35:366][  0]LogDerivedDataCache: FDerivedDataBackendGraph:  CompressedPak pak cache file ../../../../../../Users/Shaun/Desktop/Unreal Files/CGT445CardinalKings/Cardinal_Kings1/DerivedDataCache/Compressed.ddp not found, will not use a pak cache.
[2016.02.16-00.51.35:366][  0]LogDerivedDataCache: Unable to find inner node CompressedPak for hierarchical cache Hierarchy.
[2016.02.16-00.51.36:221][  0]LogDerivedDataCache:Display: Pak cache opened for reading ../../../Engine/DerivedDataCache/Compressed.ddp.
[2016.02.16-00.51.36:239][  0]LogDerivedDataCache: Using Local data cache path C:/Users/Shaun/AppData/Local/UnrealEngine/Common/DerivedDataCache: Writable
[2016.02.16-00.51.45:671][  0]LogInit: Selected Device Profile: [Windows]
[2016.02.16-00.51.45:734][  0]LogContentStreaming: Texture pool size is 0.000000MB
[2016.02.16-00.51.47:218][  0]LogMeshUtilities: No automatic mesh reduction module available
[2016.02.16-00.51.47:219][  0]LogMeshUtilities: No automatic mesh merging module available
[2016.02.16-00.51.50:869][  0]LogInit: WinSock: version 1.1 (2.2), MaxSocks=32767, MaxUdp=65467
[2016.02.16-00.52.16:989][  0]UdpMessaging: Initializing bridge on interface 0.0.0.0:0 to multicast group 230.0.0.1:6666.
[2016.02.16-00.52.18:124][  0]LogAssetRegistry: FAssetRegistry took 0.0139 seconds to start up
[2016.02.16-00.52.23:815][  0]SourceControl: Info Source control is disabled
[2016.02.16-00.52.23:841][  0]SourceControl: Info Source control is disabled
[2016.02.16-00.52.23:883][  0]SourceControl: Info Source control is disabled
[2016.02.16-00.52.23:997][  0]SourceControl: Info Source control is disabled
[2016.02.16-00.52.27:208][  0]LogLinker:Warning: Asset '../../../Engine/Plugins/Runtime/LeapMotionController/Content/LM_PassthroughMaterial.uasset' has been saved with empty engine version. The asset will be loaded but may be incompatible.
[2016.02.16-00.52.28:214][  0]LogObj: 28361 objects as part of root set at end of initial load.
[2016.02.16-00.52.28:214][  0]LogUObjectAllocator: 6038864 out of 0 bytes used by permanent object pool.
[2016.02.16-00.52.29:406][  0]LogEngine: Initializing Engine...
[2016.02.16-00.52.29:448][  0]LogHMD: Can't find Oculus library dev build: is proper Runtime installed? Version: 0.7.0.0
[2016.02.16-00.52.29:572][  0]LogHMD: SteamVR failed to initialize.  Err: 110
[2016.02.16-00.52.30:947][  0]LogAIModule: Creating AISystem for world NewWorld
[2016.02.16-00.52.31:032][  0]LogInit: XAudio2 using 'Speakers (Realtek High Definition Audio)' : 2 channels at 48 kHz using 32 bits per sample (channel mask 0x3)
[2016.02.16-00.52.31:105][  0]LogInit: FAudioDevice initialized.
[2016.02.16-00.52.31:193][  0]LogDerivedDataCache: Saved boot cache 0.09s 41MB C:/Users/Shaun/AppData/Local/UnrealEngine/4.9/DerivedDataCache/Boot.ddc.
[2016.02.16-00.52.31:203][  0]LogInit: Texture streaming: Enabled
[2016.02.16-00.52.31:234][  0]LogAnalytics: Creating configured Analytics provider AnalyticsET
[2016.02.16-00.52.31:234][  0]LogAnalytics: [UEEditor.Rocket.Release] APIServer = http://et2.epicgames.com/ET2/. AppVersion = 4.9.2-2707645+++depot+UE4-Releases+4.9
[2016.02.16-00.52.31:235][  0]LogAnalytics: [UEEditor.Rocket.Release] SetUserId f6705783460c350a5f8c7aa2db56437e|0c7ed39155914bdd9dfaebe7213c2bfb|bf442abf-a0db-466a-a220-ac4ca1b74ed3
[2016.02.16-00.52.31:235][  0]LogAnalytics: [UEEditor.Rocket.Release] AnalyticsET::StartSession
[2016.02.16-00.52.31:625][  0]LogInit: Transaction tracking system initialized
[2016.02.16-00.52.32:994][  0]BlueprintLog: New page: Editor Load
[2016.02.16-00.52.41:848][  0]LocalizationService: Info Localization service is disabled
[2016.02.16-00.52.42:662][  0]LogConsoleResponse:Display: 
[2016.02.16-00.52.46:362][  0]LogFileCache: Scanning file cache for directory 'C:/Users/Shaun/Desktop/Unreal Files/CGT445CardinalKings/Cardinal_Kings1/Content/' took 0.05s
[2016.02.16-00.52.46:362][  0]LogCook:Display: Done creating registry. It took  0.00s.
[2016.02.16-00.52.54:452][  0]SourceControl: Info Source control is disabled
[2016.02.16-00.52.54:625][  0]Cmd: MAP LOAD FILE="../../../../../../Users/Shaun/Desktop/Unreal Files/CGT445CardinalKings/Cardinal_Kings1/Content/Cardinal_Kings1.umap" TEMPLATE=0 SHOWPROGRESS=1 FEATURELEVEL=3
[2016.02.16-00.52.54:835][  0]LightingResults: New page: Lighting Build
[2016.02.16-00.52.55:469][  0]MapCheck: New page: Map Check
[2016.02.16-00.52.55:470][  0]LightingResults: New page: Lighting Build
[2016.02.16-00.52.55:524][  0]LogParticles: Destroying 0 GPU particle simulations for FXSystem 0x0000004E859FA160
[2016.02.16-00.53.00:817][  0]LogAIModule: Creating AISystem for world Cardinal_Kings1
[2016.02.16-00.53.01:040][  0]LogEditorServer: Finished looking for orphan Actors (0.021 secs)
[2016.02.16-00.53.01:127][  0]Cmd: MAP CHECKDEP NOCLEARLOG
[2016.02.16-00.53.01:470][  0]MapCheck: Info Map check complete: 0 Error(s), 0 Warning(s), took 342.622ms to complete.
[2016.02.16-00.53.01:470][  0]LogFileHelpers: Loading map 'Cardinal_Kings1' took 6.895
[2016.02.16-00.53.03:463][  0]LogCollectionManager: Loaded 0 collections in 0.031131 seconds
[2016.02.16-00.53.03:562][  0]LogFileCache: Scanning file cache for directory 'C:/Users/Shaun/Desktop/Unreal Files/CGT445CardinalKings/Cardinal_Kings1/Saved/Collections/' took 0.01s
[2016.02.16-00.53.03:562][  0]LogFileCache: Scanning file cache for directory 'C:/Users/Shaun/Desktop/Unreal Files/CGT445CardinalKings/Cardinal_Kings1/Content/Developers/Shaun/Collections/' took 0.01s
[2016.02.16-00.53.03:562][  0]LogFileCache: Scanning file cache for directory 'C:/Users/Shaun/Desktop/Unreal Files/CGT445CardinalKings/Cardinal_Kings1/Content/Collections/' took 0.01s
[2016.02.16-00.53.03:562][  0]LogContentBrowser: Native class hierarchy populated in 0.0373 seconds. Added 1867 classes and 333 folders.
[2016.02.16-00.53.03:628][  0]LogCollectionManager: Rebuilt the GUID cache for 0 collections in 0.000003 seconds
[2016.02.16-00.53.03:714][  0]LogContentBrowser: Native class hierarchy updated for 'WidgetCarousel' in 0.0005 seconds. Added 0 classes and 0 folders.
[2016.02.16-00.53.07:055][  0]LogContentBrowser: Native class hierarchy updated for 'AddContentDialog' in 0.0019 seconds. Added 0 classes and 0 folders.
[2016.02.16-00.53.07:127][  0]LogContentBrowser: Native class hierarchy updated for 'SceneOutliner' in 0.0024 seconds. Added 1 classes and 2 folders.
[2016.02.16-00.53.07:486][  0]LogCrashTracker: Crashtracker disabled due to settings.
[2016.02.16-00.53.07:627][  0]LogUObjectGlobals:Warning: Failed to find object 'Class None.'
[2016.02.16-00.53.07:701][  0]LogLoad: Full Startup: 106.11 seconds (BP compile: 0.57 seconds)
[2016.02.16-00.53.08:770][  0]LogContentStreaming: Texture pool size now 1000 MB
[2016.02.16-00.53.09:039][  0]LogRenderer: Reallocating scene render targets to support 896x488 (Frame:2).
[2016.02.16-00.53.12:221][  8]LogAssetRegistry: Asset discovery search completed in 54.1095 seconds
[2016.02.16-00.53.12:221][  8]LogCollectionManager: Rebuilt the object cache for 0 collections in 0.000000 seconds (found 0 objects)
[2016.02.16-00.53.12:221][  8]LogCollectionManager: Fixed up redirectors for 0 collections in 0.000046 seconds (updated 0 objects)
[2016.02.16-00.53.43:646][101]LogWindowsTextInputMethodSystem:Display: IME system now deactivated.
[2016.02.16-00.53.43:646][101]LogWindowsTextInputMethodSystem:Display: IME system now deactivated.
[2016.02.16-00.53.44:442][102]Cmd: QUIT_EDITOR
[2016.02.16-00.53.45:173][102]LogExit: Preparing to exit.
[2016.02.16-00.53.46:667][102]LogExit: Editor shut down
[2016.02.16-00.53.46:668][102]LogExit: Transaction tracking system shut down
[2016.02.16-00.53.46:750][102]LogParticles: Destroying 0 GPU particle simulations for FXSystem 0x0000004EF8454CC0
[2016.02.16-00.53.46:751][102]LogParticles: Destroying 0 GPU particle simulations for FXSystem 0x0000004E8E29B880
[2016.02.16-00.53.46:752][102]LogParticles: Destroying 0 GPU particle simulations for FXSystem 0x0000004E8C9C93A0
[2016.02.16-00.53.46:753][102]LogParticles: Destroying 0 GPU particle simulations for FXSystem 0x0000004EA2549BC0
[2016.02.16-00.53.47:927][102]LogExit: Object subsystem successfully closed.
[2016.02.16-00.53.48:206][102]LogD3D11RHI: Shutdown
[2016.02.16-00.53.48:206][102]LogD3D11RHI: CleanupD3DDevice
[2016.02.16-00.53.48:776][102]LogD3D11RHI: ~FD3D11DynamicRHI
[2016.02.16-00.53.49:108][102]LogModuleManager: Shutting down and abandoning module CrashTracker (197)
[2016.02.16-00.53.49:108][102]LogModuleManager: Shutting down and abandoning module SceneOutliner (196)
[2016.02.16-00.53.49:108][102]LogModuleManager: Shutting down and abandoning module SuperSearch (195)
[2016.02.16-00.53.49:108][102]LogModuleManager: Shutting down and abandoning module WidgetCarousel (194)
[2016.02.16-00.53.49:108][102]LogModuleManager: Shutting down and abandoning module AddContentDialog (193)
[2016.02.16-00.53.49:136][102]LogModuleManager: Shutting down and abandoning module EditorWidgets (192)
[2016.02.16-00.53.49:136][102]LogModuleManager: Shutting down and abandoning module CollectionManager (191)
[2016.02.16-00.53.49:137][102]LogModuleManager: Shutting down and abandoning module StatsViewer (190)
[2016.02.16-00.53.49:137][102]LogModuleManager: Shutting down and abandoning module FoliageEdit (189)
[2016.02.16-00.53.49:137][102]LogModuleManager: Shutting down and abandoning module LandscapeEditor (188)
[2016.02.16-00.53.49:201][102]LogModuleManager: Shutting down and abandoning module ActorPickerMode (187)
[2016.02.16-00.53.49:201][102]LogModuleManager: Shutting down and abandoning module GeometryMode (186)
[2016.02.16-00.53.49:201][102]LogModuleManager: Shutting down and abandoning module TextureAlignMode (185)
[2016.02.16-00.53.49:201][102]LogModuleManager: Shutting down and abandoning module BspMode (184)
[2016.02.16-00.53.49:201][102]LogModuleManager: Shutting down and abandoning module PlacementMode (183)
[2016.02.16-00.53.49:201][102]LogModuleManager: Shutting down and abandoning module AutomationWorker (182)
[2016.02.16-00.53.49:201][102]LogModuleManager: Shutting down and abandoning module CharacterAI (181)
[2016.02.16-00.53.49:201][102]LogModuleManager: Shutting down and abandoning module SmartSnapping (180)
[2016.02.16-00.53.49:201][102]LogModuleManager: Shutting down and abandoning module ViewportSnapping (179)
[2016.02.16-00.53.49:201][102]LogModuleManager: Shutting down and abandoning module LogVisualizer (178)
[2016.02.16-00.53.49:214][102]LogModuleManager: Shutting down and abandoning module GameProjectGeneration (177)
[2016.02.16-00.53.49:222][102]LogModuleManager: Shutting down and abandoning module IntroTutorials (176)
[2016.02.16-00.53.49:238][102]LogModuleManager: Shutting down and abandoning module EditorLiveStreaming (175)
[2016.02.16-00.53.49:239][102]LogModuleManager: Shutting down and abandoning module IOSPlatformEditor (174)
[2016.02.16-00.53.49:239][102]LogModuleManager: Shutting down and abandoning module HTML5PlatformEditor (173)
[2016.02.16-00.53.49:239][102]LogModuleManager: Shutting down and abandoning module AndroidDeviceDetection (172)
[2016.02.16-00.53.49:283][102]LogModuleManager: Shutting down and abandoning module AndroidPlatformEditor (171)
[2016.02.16-00.53.49:284][102]LogModuleManager: Shutting down and abandoning module IOSRuntimeSettings (170)
[2016.02.16-00.53.49:284][102]LogModuleManager: Shutting down and abandoning module AndroidRuntimeSettings (169)
[2016.02.16-00.53.49:284][102]LogModuleManager: Shutting down and abandoning module MergeActors (168)
[2016.02.16-00.53.49:285][102]LogModuleManager: Shutting down and abandoning module SizeMap (167)
[2016.02.16-00.53.49:285][102]LogModuleManager: Shutting down and abandoning module TreeMap (166)
[2016.02.16-00.53.49:285][102]LogModuleManager: Shutting down and abandoning module ReferenceViewer (165)
[2016.02.16-00.53.49:285][102]LogModuleManager: Shutting down and abandoning module LocalizationService (164)
[2016.02.16-00.53.49:285][102]LogModuleManager: Shutting down and abandoning module LocalizationDashboard (163)
[2016.02.16-00.53.49:285][102]LogModuleManager: Shutting down and abandoning module HardwareTargeting (162)
[2016.02.16-00.53.49:285][102]LogModuleManager: Shutting down and abandoning module DeviceProfileEditor (161)
[2016.02.16-00.53.49:285][102]LogModuleManager: Shutting down and abandoning module UndoHistory (160)
[2016.02.16-00.53.49:286][102]LogModuleManager: Shutting down and abandoning module GameplayTagsEditor (159)
[2016.02.16-00.53.49:286][102]LogModuleManager: Shutting down and abandoning module UserFeedback (158)
[2016.02.16-00.53.49:286][102]LogModuleManager: Shutting down and abandoning module XmlParser (157)
[2016.02.16-00.53.49:286][102]LogModuleManager: Shutting down and abandoning module Blutility (156)
[2016.02.16-00.53.49:286][102]LogModuleManager: Shutting down and abandoning module ProjectTargetPlatformEditor (155)
[2016.02.16-00.53.49:286][102]LogModuleManager: Shutting down and abandoning module ProjectSettingsViewer (154)
[2016.02.16-00.53.49:287][102]LogModuleManager: Shutting down and abandoning module InputBindingEditor (153)
[2016.02.16-00.53.49:327][102]LogModuleManager: Shutting down and abandoning module EditorSettingsViewer (152)
[2016.02.16-00.53.49:327][102]LogModuleManager: Shutting down and abandoning module SettingsEditor (151)
[2016.02.16-00.53.49:327][102]LogModuleManager: Shutting down and abandoning module ProjectLauncher (150)
[2016.02.16-00.53.49:327][102]LogModuleManager: Shutting down and abandoning module SessionFrontend (149)
[2016.02.16-00.53.49:327][102]LogModuleManager: Shutting down and abandoning module ProfilerClient (148)
[2016.02.16-00.53.49:327][102]LogModuleManager: Shutting down and abandoning module TargetDeviceServices (147)
[2016.02.16-00.53.49:327][102]LogModuleManager: Shutting down and abandoning module DeviceManager (146)
[2016.02.16-00.53.49:328][102]LogModuleManager: Shutting down and abandoning module AutomationController (145)
[2016.02.16-00.53.49:330][102]LogModuleManager: Shutting down and abandoning module AutomationWindow (144)
[2016.02.16-00.53.49:330][102]LogModuleManager: Shutting down and abandoning module Layers (143)
[2016.02.16-00.53.49:331][102]LogModuleManager: Shutting down and abandoning module ComponentVisualizers (142)
[2016.02.16-00.53.49:331][102]LogModuleManager: Shutting down and abandoning module DetailCustomizations (141)
[2016.02.16-00.53.49:343][102]LogModuleManager: Shutting down and abandoning module PackagesDialog (140)
[2016.02.16-00.53.49:344][102]LogModuleManager: Shutting down and abandoning module Persona (139)
[2016.02.16-00.53.49:350][102]LogModuleManager: Shutting down and abandoning module Kismet (138)
[2016.02.16-00.53.49:350][102]LogModuleManager: Shutting down and abandoning module GraphEditor (137)
[2016.02.16-00.53.49:350][102]LogModuleManager: Shutting down and abandoning module ClassViewer (136)
[2016.02.16-00.53.49:351][102]LogModuleManager: Shutting down and abandoning module Toolbox (135)
[2016.02.16-00.53.49:351][102]LogModuleManager: Shutting down and abandoning module ModuleUI (134)
[2016.02.16-00.53.49:351][102]LogModuleManager: Shutting down and abandoning module MovieSceneTools (133)
[2016.02.16-00.53.49:351][102]LogModuleManager: Shutting down and abandoning module OutputLog (132)
[2016.02.16-00.53.49:351][102]LogModuleManager: Shutting down and abandoning module GammaUI (131)
[2016.02.16-00.53.49:351][102]LogModuleManager: Shutting down and abandoning module Documentation (130)
[2016.02.16-00.53.49:351][102]LogModuleManager: Shutting down and abandoning module GameLiveStreaming (129)
[2016.02.16-00.53.49:363][102]LogModuleManager: Shutting down and abandoning module StreamingPauseRendering (128)
[2016.02.16-00.53.49:363][102]LogModuleManager: Shutting down and abandoning module AnalyticsET (127)
[2016.02.16-00.53.49:363][102]LogModuleManager: Shutting down and abandoning module Analytics (126)
[2016.02.16-00.53.49:364][102]LogModuleManager: Shutting down and abandoning module AITestSuite (125)
[2016.02.16-00.53.49:364][102]LogModuleManager: Shutting down and abandoning module GameplayDebugger (124)
[2016.02.16-00.53.49:364][102]LogModuleManager: Shutting down and abandoning module AIModule (123)
[2016.02.16-00.53.49:364][102]LogModuleManager: Shutting down and abandoning module ProfilerService (122)
[2016.02.16-00.53.49:444][102]LogModuleManager: Shutting down and abandoning module TaskGraph (121)
[2016.02.16-00.53.49:453][102]LogModuleManager: Shutting down and abandoning module SlateRemote (120)
[2016.02.16-00.53.49:453][102]LogModuleManager: Shutting down and abandoning module SteamVRController (119)
[2016.02.16-00.53.49:453][102]LogModuleManager: Shutting down and abandoning module SteamVR (118)
[2016.02.16-00.53.49:454][102]LogModuleManager: Shutting down and abandoning module ProceduralMeshComponent (117)
[2016.02.16-00.53.49:454][102]LogModuleManager: Shutting down and abandoning module OculusRift (116)
[2016.02.16-00.53.49:454][102]LogModuleManager: Shutting down and abandoning module OculusLibrary (115)
[2016.02.16-00.53.49:454][102]LogModuleManager: Shutting down and abandoning module LeapMotionController (114)
[2016.02.16-00.53.49:591][102]LogModuleManager: Shutting down and abandoning module CustomMeshComponent (113)
[2016.02.16-00.53.49:591][102]LogModuleManager: Shutting down and abandoning module CableComponent (112)
[2016.02.16-00.53.49:591][102]LogModuleManager: Shutting down and abandoning module ArchVisCharacter (111)
[2016.02.16-00.53.49:591][102]LogModuleManager: Shutting down and abandoning module MessagingDebugger (110)
[2016.02.16-00.53.49:601][102]LogModuleManager: Shutting down and abandoning module MediaPlayerEditor (109)
[2016.02.16-00.53.49:606][102]LogModuleManager: Shutting down and abandoning module HTML5Networking (108)
[2016.02.16-00.53.49:606][102]LogModuleManager: Shutting down and abandoning module SpeedTreeImporter (107)
[2016.02.16-00.53.49:606][102]LogModuleManager: Shutting down and abandoning module PluginBrowser (106)
[2016.02.16-00.53.49:606][102]LogModuleManager: Shutting down and abandoning module EpicSurvey (105)
[2016.02.16-00.53.49:606][102]LogModuleManager: Shutting down and abandoning module DesktopPlatform (104)
[2016.02.16-00.53.49:606][102]LogModuleManager: Shutting down and abandoning module VisualStudioSourceCodeAccess (103)
[2016.02.16-00.53.49:606][102]LogModuleManager: Shutting down and abandoning module UObjectPlugin (102)
[2016.02.16-00.53.49:606][102]LogModuleManager: Shutting down and abandoning module SubversionSourceControl (101)
[2016.02.16-00.53.49:606][102]LogModuleManager: Shutting down and abandoning module PerforceSourceControl (100)
[2016.02.16-00.53.49:607][102]LogModuleManager: Shutting down and abandoning module SourceControl (99)
[2016.02.16-00.53.49:607][102]LogModuleManager: Shutting down and abandoning module GitSourceControl (98)
[2016.02.16-00.53.49:607][102]LogModuleManager: Shutting down and abandoning module LightPropagationVolumeEditor (97)
[2016.02.16-00.53.49:607][102]LogModuleManager: Shutting down and abandoning module PaperTiledImporter (96)
[2016.02.16-00.53.49:607][102]LogModuleManager: Shutting down and abandoning module PaperSpriteSheetImporter (95)
[2016.02.16-00.53.49:607][102]LogModuleManager: Shutting down and abandoning module MeshPaint (94)
[2016.02.16-00.53.49:607][102]LogModuleManager: Shutting down and abandoning module SlateReflector (93)
[2016.02.16-00.53.49:615][102]LogModuleManager: Shutting down and abandoning module HotReload (92)
[2016.02.16-00.53.49:615][102]LogModuleManager: Shutting down and abandoning module MainFrame (91)
[2016.02.16-00.53.49:615][102]LogModuleManager: Shutting down and abandoning module LevelEditor (90)
[2016.02.16-00.53.49:628][102]LogModuleManager: Shutting down and abandoning module DirectoryWatcher (89)
[2016.02.16-00.53.49:632][102]LogModuleManager: Shutting down and abandoning module AssetRegistry (88)
[2016.02.16-00.53.49:747][102]LogModuleManager: Shutting down and abandoning module ContentBrowser (87)
[2016.02.16-00.53.49:749][102]LogModuleManager: Shutting down and abandoning module Paper2DEditor (86)
[2016.02.16-00.53.49:768][102]LogModuleManager: Shutting down and abandoning module UdpMessaging (85)
[2016.02.16-00.53.49:869][102]LogModuleManager: Shutting down and abandoning module LightPropagationVolumeRuntime (84)
[2016.02.16-00.53.49:869][102]LogModuleManager: Shutting down and abandoning module Paper2D (83)
[2016.02.16-00.53.49:886][102]LogModuleManager: Shutting down and abandoning module WindowsMoviePlayer (82)
[2016.02.16-00.53.49:901][102]LogModuleManager: Shutting down and abandoning module Media (81)
[2016.02.16-00.53.49:901][102]LogModuleManager: Shutting down and abandoning module WmfMedia (80)
[2016.02.16-00.53.49:901][102]LogModuleManager: Shutting down and abandoning module OnlineBlueprintSupport (79)
[2016.02.16-00.53.49:901][102]LogModuleManager: Shutting down and abandoning module GameplayTasksEditor (78)
[2016.02.16-00.53.49:901][102]LogModuleManager: Shutting down and abandoning module PropertyEditor (77)
[2016.02.16-00.53.49:901][102]LogModuleManager: Shutting down and abandoning module BehaviorTreeEditor (76)
[2016.02.16-00.53.49:909][102]LogModuleManager: Shutting down and abandoning module FunctionalTesting (75)
[2016.02.16-00.53.49:909][102]LogModuleManager: Shutting down and abandoning module CollisionAnalyzer (74)
[2016.02.16-00.53.49:909][102]LogModuleManager: Shutting down and abandoning module WorkspaceMenuStructure (73)
[2016.02.16-00.53.49:909][102]LogModuleManager: Shutting down and abandoning module MessageLog (72)
[2016.02.16-00.53.49:909][102]LogModuleManager: Shutting down and abandoning module Sequencer (71)
[2016.02.16-00.53.49:909][102]LogModuleManager: Shutting down and abandoning module AssetTools (70)
[2016.02.16-00.53.49:926][102]LogModuleManager: Shutting down and abandoning module UMGEditor (69)
[2016.02.16-00.53.49:947][102]LogModuleManager: Shutting down and abandoning module UMG (68)
[2016.02.16-00.53.49:947][102]LogModuleManager: Shutting down and abandoning module Slate (67)
[2016.02.16-00.53.49:947][102]LogModuleManager: Shutting down and abandoning module EditorStyle (66)
[2016.02.16-00.53.49:953][102]LogModuleManager: Shutting down and abandoning module SessionServices (65)
[2016.02.16-00.53.49:953][102]LogModuleManager: Shutting down and abandoning module SourceCodeAccess (64)
[2016.02.16-00.53.49:953][102]LogModuleManager: Shutting down and abandoning module HeadMountedDisplay (63)
[2016.02.16-00.53.49:954][102]LogModuleManager: Shutting down and abandoning module XAudio2 (62)
[2016.02.16-00.53.49:954][102]LogModuleManager: Shutting down and abandoning module Networking (60)
[2016.02.16-00.53.49:954][102]LogModuleManager: Shutting down and abandoning module Core (59)
[2016.02.16-00.53.49:954][102]LogModuleManager: Shutting down and abandoning module KismetCompiler (58)
[2016.02.16-00.53.49:954][102]LogModuleManager: Shutting down and abandoning module PhysXFormats (57)
[2016.02.16-00.53.49:954][102]LogModuleManager: Shutting down and abandoning module MeshUtilities (56)
[2016.02.16-00.53.49:965][102]LogModuleManager: Shutting down and abandoning module CookingStats (55)
[2016.02.16-00.53.49:965][102]LogModuleManager: Shutting down and abandoning module DerivedDataCache (54)
[2016.02.16-00.53.49:999][102]LogDerivedDataCache: Shutdown
[2016.02.16-00.53.49:999][102]LogModuleManager: Shutting down and abandoning module ShaderFormatOpenGL (53)
[2016.02.16-00.53.50:026][102]LogModuleManager: Shutting down and abandoning module ShaderFormatD3D (52)
[2016.02.16-00.53.50:026][102]LogModuleManager: Shutting down and abandoning module MetalShaderFormat (51)
[2016.02.16-00.53.50:032][102]LogModuleManager: Shutting down and abandoning module TextureFormatUncompressed (50)
[2016.02.16-00.53.50:032][102]LogModuleManager: Shutting down and abandoning module TextureFormatPVR (49)
[2016.02.16-00.53.50:032][102]LogModuleManager: Shutting down and abandoning module TextureFormatIntelISPCTexComp (48)
[2016.02.16-00.53.50:032][102]LogModuleManager: Shutting down and abandoning module TextureFormatDXT (47)
[2016.02.16-00.53.50:032][102]LogModuleManager: Shutting down and abandoning module ImageWrapper (46)
[2016.02.16-00.53.50:032][102]LogModuleManager: Shutting down and abandoning module TextureFormatASTC (45)
[2016.02.16-00.53.50:032][102]LogModuleManager: Shutting down and abandoning module TextureFormatAndroid (44)
[2016.02.16-00.53.50:032][102]LogModuleManager: Shutting down and abandoning module AudioFormatOpus (43)
[2016.02.16-00.53.50:043][102]LogModuleManager: Shutting down and abandoning module AudioFormatOgg (42)
[2016.02.16-00.53.50:043][102]LogModuleManager: Shutting down and abandoning module AudioFormatADPCM (41)
[2016.02.16-00.53.50:043][102]LogModuleManager: Shutting down and abandoning module LinuxTargetPlatform (40)
[2016.02.16-00.53.50:043][102]LogModuleManager: Shutting down and abandoning module LinuxServerTargetPlatform (39)
[2016.02.16-00.53.50:043][102]LogModuleManager: Shutting down and abandoning module LinuxNoEditorTargetPlatform (38)
[2016.02.16-00.53.50:043][102]LogModuleManager: Shutting down and abandoning module Messaging (37)
[2016.02.16-00.53.50:043][102]LogModuleManager: Shutting down and abandoning module IOSTargetPlatform (36)
[2016.02.16-00.53.50:043][102]LogModuleManager: Shutting down and abandoning module HTML5TargetPlatform (35)
[2016.02.16-00.53.50:043][102]LogModuleManager: Shutting down and abandoning module Android_PVRTCTargetPlatform (34)
[2016.02.16-00.53.50:047][102]LogModuleManager: Shutting down and abandoning module Android_ETC2TargetPlatform (33)
[2016.02.16-00.53.50:053][102]LogModuleManager: Shutting down and abandoning module Android_ETC1TargetPlatform (32)
[2016.02.16-00.53.50:066][102]LogModuleManager: Shutting down and abandoning module Android_DXTTargetPlatform (31)
[2016.02.16-00.53.50:078][102]LogModuleManager: Shutting down and abandoning module Android_ATCTargetPlatform (30)
[2016.02.16-00.53.50:084][102]LogModuleManager: Shutting down and abandoning module Android_ASTCTargetPlatform (29)
[2016.02.16-00.53.50:084][102]LogModuleManager: Shutting down and abandoning module AndroidTargetPlatform (28)
[2016.02.16-00.53.50:089][102]LogModuleManager: Shutting down and abandoning module WindowsTargetPlatform (27)
[2016.02.16-00.53.50:089][102]LogModuleManager: Shutting down and abandoning module WindowsServerTargetPlatform (26)
[2016.02.16-00.53.50:100][102]LogModuleManager: Shutting down and abandoning module WindowsNoEditorTargetPlatform (25)
[2016.02.16-00.53.50:111][102]LogModuleManager: Shutting down and abandoning module WindowsClientTargetPlatform (24)
[2016.02.16-00.53.50:114][102]LogModuleManager: Shutting down and abandoning module AllDesktopTargetPlatform (23)
[2016.02.16-00.53.50:114][102]LogModuleManager: Shutting down and abandoning module TargetPlatform (22)
[2016.02.16-00.53.50:114][102]LogModuleManager: Shutting down and abandoning module InputCore (21)
[2016.02.16-00.53.50:114][102]LogModuleManager: Shutting down and abandoning module Settings (20)
[2016.02.16-00.53.50:114][102]LogModuleManager: Shutting down and abandoning module OnlineSubsystem (18)
[2016.02.16-00.53.50:114][102]LogModuleManager: Shutting down and abandoning module HTTP (17)
[2016.02.16-00.53.52:119][102]LogModuleManager: Shutting down and abandoning module XMPP (16)
[2016.02.16-00.53.52:475][102]LogModuleManager: Shutting down and abandoning module ExampleDeviceProfileSelector (15)
[2016.02.16-00.53.52:475][102]LogModuleManager: Shutting down and abandoning module TextureCompressor (14)
[2016.02.16-00.53.52:512][102]LogModuleManager: Shutting down and abandoning module ShaderCore (13)
[2016.02.16-00.53.52:512][102]LogModuleManager: Shutting down and abandoning module Landscape (12)
[2016.02.16-00.53.52:512][102]LogModuleManager: Shutting down and abandoning module SlateRHIRenderer (11)
[2016.02.16-00.53.52:533][102]LogModuleManager: Shutting down and abandoning module OpenGLDrv (10)
[2016.02.16-00.53.52:537][102]LogModuleManager: Shutting down and abandoning module D3D11RHI (9)
[2016.02.16-00.53.52:537][102]LogModuleManager: Shutting down and abandoning module AnimGraphRuntime (8)
[2016.02.16-00.53.52:537][102]LogModuleManager: Shutting down and abandoning module Renderer (7)
[2016.02.16-00.53.52:537][102]LogModuleManager: Shutting down and abandoning module Engine (6)
[2016.02.16-00.53.52:537][102]LogModuleManager: Shutting down and abandoning module CoreUObject (5)
[2016.02.16-00.53.52:538][102]LogModuleManager: Shutting down and abandoning module NetworkFile (4)
[2016.02.16-00.53.52:542][102]LogModuleManager: Shutting down and abandoning module StreamingFile (3)
[2016.02.16-00.53.52:542][102]LogModuleManager: Shutting down and abandoning module SandboxFile (2)
[2016.02.16-00.53.52:553][102]LogModuleManager: Shutting down and abandoning module PakFile (1)
[2016.02.16-00.53.52:584][102]LogExit: Exiting.
[2016.02.16-00.53.52:599][102]Log file closed, 02/15/16 19:53:52
