[2016.02.14-01.28.37:212][  0]Log file open, 02/13/16 20:28:37
[2016.02.14-01.28.37:212][  0]LogInit:Display: Running engine for game: Cardinal_Kings
[2016.02.14-01.28.37:212][  0]LogInit:Display: RandInit(-1192174932) SRandInit(-1192174930).
[2016.02.14-01.28.37:212][  0]LogTaskGraph: Started task graph with 4 named threads and 5 total threads.
[2016.02.14-01.28.37:212][  0]LogStats: Stats thread started at 0.121638
[2016.02.14-01.28.37:212][  0]LogInit: Version: 4.9.2-2707645+++depot+UE4-Releases+4.9
[2016.02.14-01.28.37:212][  0]LogInit: API Version: 2672455
[2016.02.14-01.28.37:212][  0]LogInit: Compiled (64-bit): Sep 28 2015 10:25:44
[2016.02.14-01.28.37:212][  0]LogInit: Compiled with Visual C++: 18.00.21005.01
[2016.02.14-01.28.37:212][  0]LogInit: Build Configuration: Development
[2016.02.14-01.28.37:212][  0]LogInit: Branch Name: ++depot+UE4-Releases+4.9
[2016.02.14-01.28.37:212][  0]LogInit: Command line:  /Temp/Autosaves/Game/UEDPCCardinal_Kings1 -game -PIEVIACONSOLE -ResX=1280 -ResY=720  -Multiprocess 
[2016.02.14-01.28.37:212][  0]LogInit: Base directory: C:/Program Files (x86)/Epic Games/4.9/Engine/Binaries/Win64/
[2016.02.14-01.28.37:212][  0]LogInit: Rocket: 1
[2016.02.14-01.28.37:291][  0]LogInit: Using libcurl 7.41.0
[2016.02.14-01.28.37:291][  0]LogInit:  - built for x86_64-pc-win32
[2016.02.14-01.28.37:291][  0]LogInit:  - supports SSL with WinSSL
[2016.02.14-01.28.37:291][  0]LogInit:  - other features:
[2016.02.14-01.28.37:291][  0]LogInit:      CURL_VERSION_SSL
[2016.02.14-01.28.37:291][  0]LogInit:      CURL_VERSION_IPV6
[2016.02.14-01.28.37:291][  0]LogInit:      CURL_VERSION_ASYNCHDNS
[2016.02.14-01.28.37:291][  0]LogInit:      CURL_VERSION_LARGEFILE
[2016.02.14-01.28.37:291][  0]LogInit:      CURL_VERSION_IDN
[2016.02.14-01.28.37:291][  0]LogInit:  CurlRequestOptions (configurable via config and command line):
[2016.02.14-01.28.37:291][  0]LogInit:  - bVerifyPeer = true  - Libcurl will verify peer certificate
[2016.02.14-01.28.37:291][  0]LogInit:  - bUseHttpProxy = false  - Libcurl will NOT use HTTP proxy
[2016.02.14-01.28.37:291][  0]LogInit:  - bDontReuseConnections = false  - Libcurl will reuse connections
[2016.02.14-01.28.37:291][  0]LogInit:  - CertBundlePath = nullptr  - Libcurl will use whatever was configured at build time.
[2016.02.14-01.28.37:339][  0]LogInit: Presizing for 0 objects not considered by GC, pre-allocating 0 bytes.
[2016.02.14-01.28.37:367][  0]LogInit: Object subsystem initialized
[2016.02.14-01.28.37:371][  0]LogInit: Selected Device Profile: [Windows]
[2016.02.14-01.28.37:372][  0]LogInit: Applying CVar settings loaded from the selected device profile: [Windows]
[2016.02.14-01.28.37:385][  0]LogInit: Computer: DESKTOP-T22LC7G
[2016.02.14-01.28.37:385][  0]LogInit: User: Shaun
[2016.02.14-01.28.37:385][  0]LogInit: CPU Page size=4096, Cores=2
[2016.02.14-01.28.37:385][  0]LogInit: High frequency timer resolution =2.343749 MHz
[2016.02.14-01.28.37:386][  0]LogMemory: Memory total: Physical=7.8GB (8GB approx)
[2016.02.14-01.28.37:386][  0]LogMemory: Platform Memory Stats for Windows
[2016.02.14-01.28.37:386][  0]LogMemory: Process Physical Memory: 53.46 MB used, 53.46 MB peak
[2016.02.14-01.28.37:386][  0]LogMemory: Process Virtual Memory: 57.21 MB used, 57.21 MB peak
[2016.02.14-01.28.37:386][  0]LogMemory: Physical Memory: 4994.20 MB used, 7986.05 MB total
[2016.02.14-01.28.37:386][  0]LogMemory: Virtual Memory: 365.38 MB used, 134217728.00 MB total
[2016.02.14-01.28.37:472][  0]LogTextLocalizationManager: No specific translations for ('en-US') exist, so ('en') translations will be used.
[2016.02.14-01.28.39:074][  0]LogD3D11RHI: Found D3D11 adapter 0: Intel(R) HD Graphics 520 (Feature Level 11_0)
[2016.02.14-01.28.39:074][  0]LogD3D11RHI: Adapter has 128MB of dedicated video memory, 0MB of dedicated system memory, and 3993MB of shared system memory, 1 output[s]
[2016.02.14-01.28.39:077][  0]LogD3D11RHI: Found D3D11 adapter 1: Microsoft Basic Render Driver (Feature Level 11_0)
[2016.02.14-01.28.39:077][  0]LogD3D11RHI: Adapter has 0MB of dedicated video memory, 0MB of dedicated system memory, and 3993MB of shared system memory, 0 output[s]
[2016.02.14-01.28.39:077][  0]LogD3D11RHI: Chosen D3D11 Adapter Id = 0
[2016.02.14-01.28.39:092][  0]LogD3D11RHI: !Direct3DDevice
[2016.02.14-01.28.39:092][  0]LogRHI: Texture pool is 1361 MB (70% of 1945 MB)
[2016.02.14-01.28.39:102][  0]LogD3D11RHI: Async texture creation enabled
[2016.02.14-01.28.39:110][  0]LogShaderCompilers: Guid format shader working directory is 14 characters bigger than the processId version (../../../../../../Users/Shaun/Desktop/Unreal Files/CGT445CardinalKings/Cardinal_Kings1/Intermediate/Shaders/WorkingDirectory/10328/).
[2016.02.14-01.28.39:110][  0]LogShaderCompilers: Cleaned the shader compiler working directory '../../../../../../Users/Shaun/Desktop/Unreal Files/CGT445CardinalKings/Cardinal_Kings1/Intermediate/Shaders/tmp/485A30054ECF81CE74D714A1B0DE7401/'.
[2016.02.14-01.28.39:110][  0]LogShaderCompilers:Display: Using Local Shader Compiler.
[2016.02.14-01.28.40:545][  0]LogTemp:Display: Loaded TP AllDesktopTargetPlatform
[2016.02.14-01.28.40:552][  0]LogTemp:Display: Loaded TP WindowsClientTargetPlatform
[2016.02.14-01.28.40:558][  0]LogTemp:Display: Loaded TP WindowsNoEditorTargetPlatform
[2016.02.14-01.28.40:566][  0]LogTemp:Display: Loaded TP WindowsServerTargetPlatform
[2016.02.14-01.28.40:572][  0]LogTemp:Display: Loaded TP WindowsTargetPlatform
[2016.02.14-01.28.40:578][  0]LogTemp:Display: Loaded TP AndroidTargetPlatform
[2016.02.14-01.28.40:582][  0]LogTemp:Display: Loaded TP Android_ASTCTargetPlatform
[2016.02.14-01.28.40:587][  0]LogTemp:Display: Loaded TP Android_ATCTargetPlatform
[2016.02.14-01.28.40:591][  0]LogTemp:Display: Loaded TP Android_DXTTargetPlatform
[2016.02.14-01.28.40:595][  0]LogTemp:Display: Loaded TP Android_ETC1TargetPlatform
[2016.02.14-01.28.40:599][  0]LogTemp:Display: Loaded TP Android_ETC2TargetPlatform
[2016.02.14-01.28.40:604][  0]LogTemp:Display: Loaded TP Android_PVRTCTargetPlatform
[2016.02.14-01.28.40:605][  0]LogTemp:Display: Loaded TP HTML5TargetPlatform
[2016.02.14-01.28.40:625][  0]LogTemp:Display: Loaded TP IOSTargetPlatform
[2016.02.14-01.28.40:631][  0]LogTemp:Display: Loaded TP LinuxNoEditorTargetPlatform
[2016.02.14-01.28.40:636][  0]LogTemp:Display: Loaded TP LinuxServerTargetPlatform
[2016.02.14-01.28.40:641][  0]LogTemp:Display: Loaded TP LinuxTargetPlatform
[2016.02.14-01.28.40:641][  0]LogTargetPlatformManager:Display: Building Assets For Windows
[2016.02.14-01.28.40:769][  0]LogDerivedDataCache:Display: Max Cache Size: 512 MB
[2016.02.14-01.28.40:834][  0]LogDerivedDataCache: Loaded boot cache 0.06s 41MB C:/Users/Shaun/AppData/Local/UnrealEngine/4.9/DerivedDataCache/Boot.ddc.
[2016.02.14-01.28.40:834][  0]LogDerivedDataCache:Display: Loaded Boot cache: C:/Users/Shaun/AppData/Local/UnrealEngine/4.9/DerivedDataCache/Boot.ddc
[2016.02.14-01.28.40:834][  0]LogDerivedDataCache: FDerivedDataBackendGraph:  Pak pak cache file ../../../../../../Users/Shaun/Desktop/Unreal Files/CGT445CardinalKings/Cardinal_Kings1/DerivedDataCache/DDC.ddp not found, will not use a pak cache.
[2016.02.14-01.28.40:834][  0]LogDerivedDataCache: Unable to find inner node Pak for hierarchical cache Hierarchy.
[2016.02.14-01.28.40:834][  0]LogDerivedDataCache: FDerivedDataBackendGraph:  CompressedPak pak cache file ../../../../../../Users/Shaun/Desktop/Unreal Files/CGT445CardinalKings/Cardinal_Kings1/DerivedDataCache/Compressed.ddp not found, will not use a pak cache.
[2016.02.14-01.28.40:834][  0]LogDerivedDataCache: Unable to find inner node CompressedPak for hierarchical cache Hierarchy.
[2016.02.14-01.28.41:006][  0]LogDerivedDataCache:Display: Pak cache opened for reading ../../../Engine/DerivedDataCache/Compressed.ddp.
[2016.02.14-01.28.41:018][  0]LogDerivedDataCache: Using Local data cache path C:/Users/Shaun/AppData/Local/UnrealEngine/Common/DerivedDataCache: Writable
[2016.02.14-01.28.41:251][  0]LogInit: Selected Device Profile: [Windows]
[2016.02.14-01.28.41:254][  0]LogContentStreaming: Texture pool size is 1000.000000MB
[2016.02.14-01.28.41:416][  0]LogMeshUtilities: No automatic mesh reduction module available
[2016.02.14-01.28.41:416][  0]LogMeshUtilities: No automatic mesh merging module available
[2016.02.14-01.28.41:721][  0]LogInit: WinSock: version 1.1 (2.2), MaxSocks=32767, MaxUdp=65467
[2016.02.14-01.28.41:981][  0]LogWindowsMoviePlayer: Unable to load movie: ../../../../../../Users/Shaun/Desktop/Unreal Files/CGT445CardinalKings/Cardinal_Kings1/Content/Movies/Default_Startup.mp4
[2016.02.14-01.28.42:189][  0]SourceControl: Info Source control is disabled
[2016.02.14-01.28.42:189][  0]SourceControl: Info Source control is disabled
[2016.02.14-01.28.42:215][  0]SourceControl: Info Source control is disabled
[2016.02.14-01.28.42:376][  0]LogLinker:Warning: Asset '../../../Engine/Plugins/Runtime/LeapMotionController/Content/LM_PassthroughMaterial.uasset' has been saved with empty engine version. The asset will be loaded but may be incompatible.
[2016.02.14-01.28.42:493][  0]LogObj: 27669 objects as part of root set at end of initial load.
[2016.02.14-01.28.42:493][  0]LogUObjectAllocator: 5775704 out of 0 bytes used by permanent object pool.
[2016.02.14-01.28.42:578][  0]LogEngine: Initializing Engine...
[2016.02.14-01.28.42:581][  0]LogHMD: Can't find Oculus library dev build: is proper Runtime installed? Version: 0.7.0.0
[2016.02.14-01.28.42:582][  0]LogHMD: SteamVR failed to initialize.  Err: 110
[2016.02.14-01.28.42:773][  0]LogInit: XAudio2 using 'Speakers (Realtek High Definition Audio)' : 2 channels at 48 kHz using 32 bits per sample (channel mask 0x3)
[2016.02.14-01.28.42:801][  0]LogInit: FAudioDevice initialized.
[2016.02.14-01.28.42:808][  0]LogInit: Texture streaming: Enabled
[2016.02.14-01.28.42:934][  0]LogNet: Browse: /Temp/Autosaves/Game/UEDPCCardinal_Kings1?Name=Player
[2016.02.14-01.28.42:935][  0]LogLoad: LoadMap: /Temp/Autosaves/Game/UEDPCCardinal_Kings1?Name=Player
[2016.02.14-01.28.42:957][  0]LogParticles: Destroying 0 GPU particle simulations for FXSystem 0x000000A5F1047560
[2016.02.14-01.28.42:979][  0]LogMemory: Platform Memory Stats for Windows
[2016.02.14-01.28.42:979][  0]LogMemory: Process Physical Memory: 394.14 MB used, 394.14 MB peak
[2016.02.14-01.28.42:979][  0]LogMemory: Process Virtual Memory: 421.05 MB used, 421.05 MB peak
[2016.02.14-01.28.42:979][  0]LogMemory: Physical Memory: 5283.72 MB used, 7986.05 MB total
[2016.02.14-01.28.42:979][  0]LogMemory: Virtual Memory: 999.74 MB used, 134217728.00 MB total
[2016.02.14-01.28.42:979][  0]LogMemory: 
[2016.02.14-01.28.42:979][  0]Allocator Stats for TBB: (not implemented)
[2016.02.14-01.28.43:343][  0]LogAIModule: Creating AISystem for world Cardinal_Kings1
[2016.02.14-01.28.43:358][  0]LogWorld: Game class is 'PaperGameMode_C'
[2016.02.14-01.28.43:416][  0]LogWorld: Bringing World /Temp/Autosaves/Game/UEDPCCardinal_Kings1.Cardinal_Kings1 up for play (max tick rate 0) at 2016.02.13-20.28.43
[2016.02.14-01.28.43:421][  0]LogWorld: Bringing up level for play took: 0.062058
[2016.02.14-01.28.43:424][  0]LogInit:Display: Game Engine Initialized.
[2016.02.14-01.28.43:647][  0]LogLoad: Full Startup: 7.22 seconds (BP compile: 0.06 seconds)
[2016.02.14-01.28.43:666][  0]LogWindowsTextInputMethodSystem:Display: IME system now deactivated.
[2016.02.14-01.28.43:666][  0]LogWindowsTextInputMethodSystem:Display: IME system now deactivated.
[2016.02.14-01.28.43:899][  2]LogRenderer: Reallocating scene render targets to support 1280x720 (Frame:2).
[2016.02.14-01.31.34:470][127]LogPackageName: SearchForPackageOnDisk took   0.192s to resolve Cardinal_Kings1.umap.
[2016.02.14-01.31.34:580][128]LogPackageName: SearchForPackageOnDisk took   0.109s to resolve Cardinal_Kings1.umap.
[2016.02.14-01.31.34:580][128]LogNet: Browse: /Game/Cardinal_Kings1
[2016.02.14-01.31.34:581][128]LogLoad: LoadMap: /Game/Cardinal_Kings1
[2016.02.14-01.31.34:627][128]LogParticles: Destroying 0 GPU particle simulations for FXSystem 0x000000A5EE8C5A80
[2016.02.14-01.31.34:648][128]LogMemory: Platform Memory Stats for Windows
[2016.02.14-01.31.34:648][128]LogMemory: Process Physical Memory: 566.28 MB used, 567.70 MB peak
[2016.02.14-01.31.34:648][128]LogMemory: Process Virtual Memory: 604.62 MB used, 606.64 MB peak
[2016.02.14-01.31.34:648][128]LogMemory: Physical Memory: 5438.87 MB used, 7986.05 MB total
[2016.02.14-01.31.34:648][128]LogMemory: Virtual Memory: 1240.32 MB used, 134217728.00 MB total
[2016.02.14-01.31.34:648][128]LogMemory: 
[2016.02.14-01.31.34:648][128]Allocator Stats for TBB: (not implemented)
[2016.02.14-01.31.34:903][128]LogAIModule: Creating AISystem for world Cardinal_Kings1
[2016.02.14-01.31.34:908][128]LogWorld: Game class is 'PaperGameMode_C'
[2016.02.14-01.31.34:945][128]LogWorld: Bringing World /Game/Cardinal_Kings1.Cardinal_Kings1 up for play (max tick rate 0) at 2016.02.13-20.31.34
[2016.02.14-01.31.34:949][128]LogWorld: Bringing up level for play took: 0.040803
[2016.02.14-01.33.17:551][605]LogPackageName: SearchForPackageOnDisk took   0.143s to resolve Cardinal_Kings1.umap.
[2016.02.14-01.33.17:645][606]LogPackageName: SearchForPackageOnDisk took   0.091s to resolve Cardinal_Kings1.umap.
[2016.02.14-01.33.17:645][606]LogNet: Browse: /Game/Cardinal_Kings1
[2016.02.14-01.33.17:645][606]LogLoad: LoadMap: /Game/Cardinal_Kings1
[2016.02.14-01.33.17:686][606]LogParticles: Destroying 0 GPU particle simulations for FXSystem 0x000000A5F17220C0
[2016.02.14-01.33.17:703][606]LogMemory: Platform Memory Stats for Windows
[2016.02.14-01.33.17:703][606]LogMemory: Process Physical Memory: 597.36 MB used, 640.30 MB peak
[2016.02.14-01.33.17:703][606]LogMemory: Process Virtual Memory: 638.20 MB used, 681.61 MB peak
[2016.02.14-01.33.17:703][606]LogMemory: Physical Memory: 5228.65 MB used, 7986.05 MB total
[2016.02.14-01.33.17:703][606]LogMemory: Virtual Memory: 1307.36 MB used, 134217728.00 MB total
[2016.02.14-01.33.17:703][606]LogMemory: 
[2016.02.14-01.33.17:703][606]Allocator Stats for TBB: (not implemented)
[2016.02.14-01.33.17:962][606]LogAIModule: Creating AISystem for world Cardinal_Kings1
[2016.02.14-01.33.17:967][606]LogWorld: Game class is 'PaperGameMode_C'
[2016.02.14-01.33.18:000][606]LogWorld: Bringing World /Game/Cardinal_Kings1.Cardinal_Kings1 up for play (max tick rate 0) at 2016.02.13-20.33.18
[2016.02.14-01.33.18:004][606]LogWorld: Bringing up level for play took: 0.036320
[2016.02.14-01.33.39:103][ 94]LogWindowsTextInputMethodSystem:Display: IME system now deactivated.
[2016.02.14-01.33.39:103][ 94]LogWindowsTextInputMethodSystem:Display: IME system now deactivated.
[2016.02.14-01.33.39:108][ 94]LogEngine: All Windows Closed
[2016.02.14-01.33.39:108][ 94]LogWindows: FPlatformMisc::RequestExit(0)
[2016.02.14-01.33.39:707][ 95]LogExit: Preparing to exit.
[2016.02.14-01.33.39:828][ 95]LogExit: Game engine shut down
[2016.02.14-01.33.39:837][ 95]LogParticles: Destroying 0 GPU particle simulations for FXSystem 0x000000A5EF8A9BC0
[2016.02.14-01.33.40:114][ 95]LogExit: Object subsystem successfully closed.
[2016.02.14-01.33.40:150][ 95]LogD3D11RHI: Shutdown
[2016.02.14-01.33.40:150][ 95]LogD3D11RHI: CleanupD3DDevice
[2016.02.14-01.33.40:510][ 95]LogD3D11RHI: ~FD3D11DynamicRHI
[2016.02.14-01.33.40:550][ 95]LogModuleManager: Shutting down and abandoning module AndroidDeviceDetection (115)
[2016.02.14-01.33.40:857][ 95]LogModuleManager: Shutting down and abandoning module AutomationController (114)
[2016.02.14-01.33.40:857][ 95]LogModuleManager: Shutting down and abandoning module AutomationWorker (113)
[2016.02.14-01.33.40:857][ 95]LogModuleManager: Shutting down and abandoning module CharacterAI (112)
[2016.02.14-01.33.40:857][ 95]LogModuleManager: Shutting down and abandoning module AITestSuite (111)
[2016.02.14-01.33.40:857][ 95]LogModuleManager: Shutting down and abandoning module GameplayDebugger (110)
[2016.02.14-01.33.40:857][ 95]LogModuleManager: Shutting down and abandoning module AIModule (109)
[2016.02.14-01.33.40:857][ 95]LogModuleManager: Shutting down and abandoning module GameLiveStreaming (108)
[2016.02.14-01.33.40:858][ 95]LogModuleManager: Shutting down and abandoning module StreamingPauseRendering (107)
[2016.02.14-01.33.40:858][ 95]LogModuleManager: Shutting down and abandoning module ProfilerService (106)
[2016.02.14-01.33.40:867][ 95]LogModuleManager: Shutting down and abandoning module TaskGraph (105)
[2016.02.14-01.33.40:867][ 95]LogModuleManager: Shutting down and abandoning module SlateRemote (104)
[2016.02.14-01.33.40:867][ 95]LogModuleManager: Shutting down and abandoning module SteamVRController (103)
[2016.02.14-01.33.40:867][ 95]LogModuleManager: Shutting down and abandoning module SteamVR (102)
[2016.02.14-01.33.40:867][ 95]LogModuleManager: Shutting down and abandoning module ProceduralMeshComponent (101)
[2016.02.14-01.33.40:867][ 95]LogModuleManager: Shutting down and abandoning module OculusRift (100)
[2016.02.14-01.33.40:867][ 95]LogModuleManager: Shutting down and abandoning module OculusLibrary (99)
[2016.02.14-01.33.40:867][ 95]LogModuleManager: Shutting down and abandoning module LeapMotionController (98)
[2016.02.14-01.33.40:937][ 95]LogModuleManager: Shutting down and abandoning module CustomMeshComponent (97)
[2016.02.14-01.33.40:937][ 95]LogModuleManager: Shutting down and abandoning module CableComponent (96)
[2016.02.14-01.33.40:937][ 95]LogModuleManager: Shutting down and abandoning module ArchVisCharacter (95)
[2016.02.14-01.33.40:937][ 95]LogModuleManager: Shutting down and abandoning module HTML5Networking (94)
[2016.02.14-01.33.40:937][ 95]LogModuleManager: Shutting down and abandoning module DesktopPlatform (93)
[2016.02.14-01.33.40:937][ 95]LogModuleManager: Shutting down and abandoning module DirectoryWatcher (92)
[2016.02.14-01.33.40:937][ 95]LogModuleManager: Shutting down and abandoning module HotReload (91)
[2016.02.14-01.33.40:938][ 95]LogModuleManager: Shutting down and abandoning module VisualStudioSourceCodeAccess (90)
[2016.02.14-01.33.40:938][ 95]LogModuleManager: Shutting down and abandoning module UObjectPlugin (89)
[2016.02.14-01.33.40:938][ 95]LogModuleManager: Shutting down and abandoning module SubversionSourceControl (88)
[2016.02.14-01.33.40:938][ 95]LogModuleManager: Shutting down and abandoning module SourceControl (87)
[2016.02.14-01.33.40:938][ 95]LogModuleManager: Shutting down and abandoning module PerforceSourceControl (86)
[2016.02.14-01.33.40:938][ 95]LogModuleManager: Shutting down and abandoning module UdpMessaging (85)
[2016.02.14-01.33.40:938][ 95]LogModuleManager: Shutting down and abandoning module LightPropagationVolumeRuntime (84)
[2016.02.14-01.33.40:938][ 95]LogModuleManager: Shutting down and abandoning module Paper2D (83)
[2016.02.14-01.33.40:938][ 95]LogModuleManager: Shutting down and abandoning module WindowsMoviePlayer (82)
[2016.02.14-01.33.40:945][ 95]LogModuleManager: Shutting down and abandoning module Media (81)
[2016.02.14-01.33.40:945][ 95]LogModuleManager: Shutting down and abandoning module WmfMedia (80)
[2016.02.14-01.33.40:947][ 95]LogModuleManager: Shutting down and abandoning module OnlineBlueprintSupport (79)
[2016.02.14-01.33.40:947][ 95]LogModuleManager: Shutting down and abandoning module GameplayTasksEditor (78)
[2016.02.14-01.33.40:947][ 95]LogModuleManager: Shutting down and abandoning module PropertyEditor (77)
[2016.02.14-01.33.40:947][ 95]LogModuleManager: Shutting down and abandoning module BehaviorTreeEditor (76)
[2016.02.14-01.33.40:947][ 95]LogModuleManager: Shutting down and abandoning module FunctionalTesting (75)
[2016.02.14-01.33.40:947][ 95]LogModuleManager: Shutting down and abandoning module CollisionAnalyzer (74)
[2016.02.14-01.33.40:947][ 95]LogModuleManager: Shutting down and abandoning module WorkspaceMenuStructure (73)
[2016.02.14-01.33.40:947][ 95]LogModuleManager: Shutting down and abandoning module MessageLog (72)
[2016.02.14-01.33.40:947][ 95]LogModuleManager: Shutting down and abandoning module Sequencer (71)
[2016.02.14-01.33.40:947][ 95]LogModuleManager: Shutting down and abandoning module AssetTools (70)
[2016.02.14-01.33.40:947][ 95]LogModuleManager: Shutting down and abandoning module UMGEditor (69)
[2016.02.14-01.33.40:947][ 95]LogModuleManager: Shutting down and abandoning module UMG (68)
[2016.02.14-01.33.40:948][ 95]LogModuleManager: Shutting down and abandoning module Slate (67)
[2016.02.14-01.33.40:948][ 95]LogModuleManager: Shutting down and abandoning module EditorStyle (66)
[2016.02.14-01.33.40:958][ 95]LogModuleManager: Shutting down and abandoning module SessionServices (65)
[2016.02.14-01.33.40:958][ 95]LogModuleManager: Shutting down and abandoning module SourceCodeAccess (64)
[2016.02.14-01.33.40:958][ 95]LogModuleManager: Shutting down and abandoning module HeadMountedDisplay (63)
[2016.02.14-01.33.40:958][ 95]LogModuleManager: Shutting down and abandoning module XAudio2 (62)
[2016.02.14-01.33.40:958][ 95]LogModuleManager: Shutting down and abandoning module Networking (60)
[2016.02.14-01.33.40:958][ 95]LogModuleManager: Shutting down and abandoning module Core (59)
[2016.02.14-01.33.40:958][ 95]LogModuleManager: Shutting down and abandoning module KismetCompiler (58)
[2016.02.14-01.33.40:958][ 95]LogModuleManager: Shutting down and abandoning module PhysXFormats (57)
[2016.02.14-01.33.40:958][ 95]LogModuleManager: Shutting down and abandoning module MeshUtilities (56)
[2016.02.14-01.33.40:958][ 95]LogModuleManager: Shutting down and abandoning module CookingStats (55)
[2016.02.14-01.33.40:959][ 95]LogModuleManager: Shutting down and abandoning module DerivedDataCache (54)
[2016.02.14-01.33.41:021][ 95]LogDerivedDataCache: Shutdown
[2016.02.14-01.33.41:021][ 95]LogModuleManager: Shutting down and abandoning module ShaderFormatOpenGL (53)
[2016.02.14-01.33.41:021][ 95]LogModuleManager: Shutting down and abandoning module ShaderFormatD3D (52)
[2016.02.14-01.33.41:021][ 95]LogModuleManager: Shutting down and abandoning module MetalShaderFormat (51)
[2016.02.14-01.33.41:021][ 95]LogModuleManager: Shutting down and abandoning module TextureFormatUncompressed (50)
[2016.02.14-01.33.41:021][ 95]LogModuleManager: Shutting down and abandoning module TextureFormatPVR (49)
[2016.02.14-01.33.41:021][ 95]LogModuleManager: Shutting down and abandoning module TextureFormatIntelISPCTexComp (48)
[2016.02.14-01.33.41:021][ 95]LogModuleManager: Shutting down and abandoning module TextureFormatDXT (47)
[2016.02.14-01.33.41:021][ 95]LogModuleManager: Shutting down and abandoning module ImageWrapper (46)
[2016.02.14-01.33.41:021][ 95]LogModuleManager: Shutting down and abandoning module TextureFormatASTC (45)
[2016.02.14-01.33.41:021][ 95]LogModuleManager: Shutting down and abandoning module TextureFormatAndroid (44)
[2016.02.14-01.33.41:021][ 95]LogModuleManager: Shutting down and abandoning module AudioFormatOpus (43)
[2016.02.14-01.33.41:021][ 95]LogModuleManager: Shutting down and abandoning module AudioFormatOgg (42)
[2016.02.14-01.33.41:021][ 95]LogModuleManager: Shutting down and abandoning module AudioFormatADPCM (41)
[2016.02.14-01.33.41:021][ 95]LogModuleManager: Shutting down and abandoning module LinuxTargetPlatform (40)
[2016.02.14-01.33.41:021][ 95]LogModuleManager: Shutting down and abandoning module LinuxServerTargetPlatform (39)
[2016.02.14-01.33.41:021][ 95]LogModuleManager: Shutting down and abandoning module LinuxNoEditorTargetPlatform (38)
[2016.02.14-01.33.41:021][ 95]LogModuleManager: Shutting down and abandoning module Messaging (37)
[2016.02.14-01.33.41:021][ 95]LogModuleManager: Shutting down and abandoning module IOSTargetPlatform (36)
[2016.02.14-01.33.41:021][ 95]LogModuleManager: Shutting down and abandoning module HTML5TargetPlatform (35)
[2016.02.14-01.33.41:021][ 95]LogModuleManager: Shutting down and abandoning module Android_PVRTCTargetPlatform (34)
[2016.02.14-01.33.41:021][ 95]LogModuleManager: Shutting down and abandoning module Android_ETC2TargetPlatform (33)
[2016.02.14-01.33.41:021][ 95]LogModuleManager: Shutting down and abandoning module Android_ETC1TargetPlatform (32)
[2016.02.14-01.33.41:021][ 95]LogModuleManager: Shutting down and abandoning module Android_DXTTargetPlatform (31)
[2016.02.14-01.33.41:021][ 95]LogModuleManager: Shutting down and abandoning module Android_ATCTargetPlatform (30)
[2016.02.14-01.33.41:022][ 95]LogModuleManager: Shutting down and abandoning module Android_ASTCTargetPlatform (29)
[2016.02.14-01.33.41:022][ 95]LogModuleManager: Shutting down and abandoning module AndroidTargetPlatform (28)
[2016.02.14-01.33.41:022][ 95]LogModuleManager: Shutting down and abandoning module WindowsTargetPlatform (27)
[2016.02.14-01.33.41:022][ 95]LogModuleManager: Shutting down and abandoning module WindowsServerTargetPlatform (26)
[2016.02.14-01.33.41:022][ 95]LogModuleManager: Shutting down and abandoning module WindowsNoEditorTargetPlatform (25)
[2016.02.14-01.33.41:022][ 95]LogModuleManager: Shutting down and abandoning module WindowsClientTargetPlatform (24)
[2016.02.14-01.33.41:022][ 95]LogModuleManager: Shutting down and abandoning module AllDesktopTargetPlatform (23)
[2016.02.14-01.33.41:022][ 95]LogModuleManager: Shutting down and abandoning module TargetPlatform (22)
[2016.02.14-01.33.41:022][ 95]LogModuleManager: Shutting down and abandoning module InputCore (21)
[2016.02.14-01.33.41:022][ 95]LogModuleManager: Shutting down and abandoning module Settings (20)
[2016.02.14-01.33.41:022][ 95]LogModuleManager: Shutting down and abandoning module OnlineSubsystem (18)
[2016.02.14-01.33.41:022][ 95]LogModuleManager: Shutting down and abandoning module HTTP (17)
[2016.02.14-01.33.41:022][ 95]LogModuleManager: Shutting down and abandoning module XMPP (16)
[2016.02.14-01.33.41:022][ 95]LogModuleManager: Shutting down and abandoning module ExampleDeviceProfileSelector (15)
[2016.02.14-01.33.41:022][ 95]LogModuleManager: Shutting down and abandoning module TextureCompressor (14)
[2016.02.14-01.33.41:022][ 95]LogModuleManager: Shutting down and abandoning module ShaderCore (13)
[2016.02.14-01.33.41:022][ 95]LogModuleManager: Shutting down and abandoning module Landscape (12)
[2016.02.14-01.33.41:022][ 95]LogModuleManager: Shutting down and abandoning module SlateRHIRenderer (11)
[2016.02.14-01.33.41:022][ 95]LogModuleManager: Shutting down and abandoning module OpenGLDrv (10)
[2016.02.14-01.33.41:023][ 95]LogModuleManager: Shutting down and abandoning module D3D11RHI (9)
[2016.02.14-01.33.41:023][ 95]LogModuleManager: Shutting down and abandoning module AnimGraphRuntime (8)
[2016.02.14-01.33.41:023][ 95]LogModuleManager: Shutting down and abandoning module Renderer (7)
[2016.02.14-01.33.41:023][ 95]LogModuleManager: Shutting down and abandoning module Engine (6)
[2016.02.14-01.33.41:023][ 95]LogModuleManager: Shutting down and abandoning module CoreUObject (5)
[2016.02.14-01.33.41:023][ 95]LogModuleManager: Shutting down and abandoning module NetworkFile (4)
[2016.02.14-01.33.41:023][ 95]LogModuleManager: Shutting down and abandoning module StreamingFile (3)
[2016.02.14-01.33.41:023][ 95]LogModuleManager: Shutting down and abandoning module SandboxFile (2)
[2016.02.14-01.33.41:023][ 95]LogModuleManager: Shutting down and abandoning module PakFile (1)
[2016.02.14-01.33.41:024][ 95]LogExit: Exiting.
[2016.02.14-01.33.41:029][ 95]Log file closed, 02/13/16 20:33:41
