[2016.02.14-01.28.29:111][  0]Log file open, 02/13/16 20:28:29
[2016.02.14-01.28.29:111][  0]LogInit:Display: Running engine for game: Cardinal_Kings
[2016.02.14-01.28.29:111][  0]LogInit:Display: RandInit(-1211496256) SRandInit(-1211496255).
[2016.02.14-01.28.29:111][  0]LogTaskGraph: Started task graph with 4 named threads and 5 total threads.
[2016.02.14-01.28.29:111][  0]LogStats: Stats thread started at 0.131643
[2016.02.14-01.28.29:111][  0]LogInit: Version: 4.9.2-2707645+++depot+UE4-Releases+4.9
[2016.02.14-01.28.29:111][  0]LogInit: API Version: 2672455
[2016.02.14-01.28.29:111][  0]LogInit: Compiled (64-bit): Sep 28 2015 10:25:44
[2016.02.14-01.28.29:111][  0]LogInit: Compiled with Visual C++: 18.00.21005.01
[2016.02.14-01.28.29:111][  0]LogInit: Build Configuration: Development
[2016.02.14-01.28.29:111][  0]LogInit: Branch Name: ++depot+UE4-Releases+4.9
[2016.02.14-01.28.29:111][  0]LogInit: Command line:  /Temp/Autosaves/Game/UEDPCCardinal_Kings1 -game -PIEVIACONSOLE -ResX=1280 -ResY=720  -Multiprocess 
[2016.02.14-01.28.29:111][  0]LogInit: Base directory: C:/Program Files (x86)/Epic Games/4.9/Engine/Binaries/Win64/
[2016.02.14-01.28.29:111][  0]LogInit: Rocket: 1
[2016.02.14-01.28.29:152][  0]LogInit: Using libcurl 7.41.0
[2016.02.14-01.28.29:152][  0]LogInit:  - built for x86_64-pc-win32
[2016.02.14-01.28.29:152][  0]LogInit:  - supports SSL with WinSSL
[2016.02.14-01.28.29:152][  0]LogInit:  - other features:
[2016.02.14-01.28.29:152][  0]LogInit:      CURL_VERSION_SSL
[2016.02.14-01.28.29:152][  0]LogInit:      CURL_VERSION_IPV6
[2016.02.14-01.28.29:152][  0]LogInit:      CURL_VERSION_ASYNCHDNS
[2016.02.14-01.28.29:152][  0]LogInit:      CURL_VERSION_LARGEFILE
[2016.02.14-01.28.29:152][  0]LogInit:      CURL_VERSION_IDN
[2016.02.14-01.28.29:152][  0]LogInit:  CurlRequestOptions (configurable via config and command line):
[2016.02.14-01.28.29:152][  0]LogInit:  - bVerifyPeer = true  - Libcurl will verify peer certificate
[2016.02.14-01.28.29:152][  0]LogInit:  - bUseHttpProxy = false  - Libcurl will NOT use HTTP proxy
[2016.02.14-01.28.29:152][  0]LogInit:  - bDontReuseConnections = false  - Libcurl will reuse connections
[2016.02.14-01.28.29:152][  0]LogInit:  - CertBundlePath = nullptr  - Libcurl will use whatever was configured at build time.
[2016.02.14-01.28.29:191][  0]LogInit: Presizing for 0 objects not considered by GC, pre-allocating 0 bytes.
[2016.02.14-01.28.29:224][  0]LogInit: Object subsystem initialized
[2016.02.14-01.28.29:228][  0]LogInit: Selected Device Profile: [Windows]
[2016.02.14-01.28.29:228][  0]LogInit: Applying CVar settings loaded from the selected device profile: [Windows]
[2016.02.14-01.28.29:241][  0]LogInit: Computer: DESKTOP-T22LC7G
[2016.02.14-01.28.29:241][  0]LogInit: User: Shaun
[2016.02.14-01.28.29:241][  0]LogInit: CPU Page size=4096, Cores=2
[2016.02.14-01.28.29:241][  0]LogInit: High frequency timer resolution =2.343749 MHz
[2016.02.14-01.28.29:241][  0]LogMemory: Memory total: Physical=7.8GB (8GB approx)
[2016.02.14-01.28.29:241][  0]LogMemory: Platform Memory Stats for Windows
[2016.02.14-01.28.29:241][  0]LogMemory: Process Physical Memory: 53.41 MB used, 53.41 MB peak
[2016.02.14-01.28.29:241][  0]LogMemory: Process Virtual Memory: 57.15 MB used, 57.15 MB peak
[2016.02.14-01.28.29:241][  0]LogMemory: Physical Memory: 4987.41 MB used, 7986.05 MB total
[2016.02.14-01.28.29:241][  0]LogMemory: Virtual Memory: 365.38 MB used, 134217728.00 MB total
[2016.02.14-01.28.29:339][  0]LogTextLocalizationManager: No specific translations for ('en-US') exist, so ('en') translations will be used.
[2016.02.14-01.28.30:808][  0]LogD3D11RHI: Found D3D11 adapter 0: Intel(R) HD Graphics 520 (Feature Level 11_0)
[2016.02.14-01.28.30:808][  0]LogD3D11RHI: Adapter has 128MB of dedicated video memory, 0MB of dedicated system memory, and 3993MB of shared system memory, 1 output[s]
[2016.02.14-01.28.30:817][  0]LogD3D11RHI: Found D3D11 adapter 1: Microsoft Basic Render Driver (Feature Level 11_0)
[2016.02.14-01.28.30:817][  0]LogD3D11RHI: