[2016.02.14-01.52.08:459][  0]Log file open, 02/13/16 20:52:08
[2016.02.14-01.52.08:459][  0]LogInit:Display: Running engine for game: Cardinal_Kings
[2016.02.14-01.52.08:459][  0]LogInit:Display: RandInit(2114707107) SRandInit(2114707108).
[2016.02.14-01.52.08:459][  0]LogTaskGraph: Started task graph with 4 named threads and 5 total threads.
[2016.02.14-01.52.08:459][  0]LogStats: Stats thread started at 0.229572
[2016.02.14-01.52.08:459][  0]LogInit: Version: 4.9.2-2707645+++depot+UE4-Releases+4.9
[2016.02.14-01.52.08:459][  0]LogInit: API Version: 2672455
[2016.02.14-01.52.08:459][  0]LogInit: Compiled (64-bit): Sep 28 2015 10:25:44
[2016.02.14-01.52.08:459][  0]LogInit: Compiled with Visual C++: 18.00.21005.01
[2016.02.14-01.52.08:460][  0]LogInit: Build Configuration: Development
[2016.02.14-01.52.08:460][  0]LogInit: Branch Name: ++depot+UE4-Releases+4.9
[2016.02.14-01.52.08:460][  0]LogInit: Command line:  /Temp/Autosaves/Game/UEDPCCardinal_Kings1 -game -PIEVIACONSOLE -ResX=1280 -ResY=720  -Multiprocess 
[2016.02.14-01.52.08:460][  0]LogInit: Base directory: C:/Program Files (x86)/Epic Games/4.9/Engine/Binaries/Win64/
[2016.02.14-01.52.08:460][  0]LogInit: Rocket: 1
[2016.02.14-01.52.08:512][  0]LogInit: Using libcurl 7.41.0
[2016.02.14-01.52.08:512][  0]LogInit:  - built for x86_64-pc-win32
[2016.02.14-01.52.08:512][  0]LogInit:  - supports SSL with WinSSL
[2016.02.14-01.52.08:512][  0]LogInit:  - other features:
[2016.02.14-01.52.08:512][  0]LogInit:      CURL_VERSION_SSL
[2016.02.14-01.52.08:512][  0]LogInit:      CURL_VERSION_IPV6
[2016.02.14-01.52.08:512][  0]LogInit:      CURL_VERSION_ASYNCHDNS
[2016.02.14-01.52.08:512][  0]LogInit:      CURL_VERSION_LARGEFILE
[2016.02.14-01.52.08:512][  0]LogInit:      CURL_VERSION_IDN
[2016.02.14-01.52.08:512][  0]LogInit:  CurlRequestOptions (configurable via config and command line):
[2016.02.14-01.52.08:512][  0]LogInit:  - bVerifyPeer = true  - Libcurl will verify peer certificate
[2016.02.14-01.52.08:512][  0]LogInit:  - bUseHttpProxy = false  - Libcurl will NOT use HTTP proxy
[2016.02.14-01.52.08:512][  0]LogInit:  - bDontReuseConnections = false  - Libcurl will reuse connections
[2016.02.14-01.52.08:512][  0]LogInit:  - CertBundlePath = nullptr  - Libcurl will use whatever was configured at build time.
[2016.02.14-01.52.08:543][  0]LogInit: Presizing for 0 objects not considered by GC, pre-allocating 0 bytes.
[2016.02.14-01.52.08:572][  0]LogInit: Object subsystem initialized
[2016.02.14-01.52.08:579][  0]LogInit: Selected Device Profile: [Windows]
[2016.02.14-01.52.08:579][  0]LogInit: Applying CVar settings loaded from the selected device profile: [Windows]
[2016.02.14-01.52.08:590][  0]LogInit: Computer: DESKTOP-T22LC7G
[2016.02.14-01.52.08:590][  0]LogInit: User: Shaun
[2016.02.14-01.52.08:590][  0]LogInit: CPU Page size=4096, Cores=2
[2016.02.14-01.52.08:590][  0]LogInit: High frequency timer resolution =2.343749 MHz
[2016.02.14-01.52.08:590][  0]LogMemory: Memory total: Physical=7.8GB (8GB approx)
[2016.02.14-01.52.08:590][  0]LogMemory: Platform Memory Stats for Windows
[2016.02.14-01.52.08:590][  0]LogMemory: Process Physical Memory: 53.50 MB used, 53.50 MB peak
[2016.02.14-01.52.08:590][  0]LogMemory: Process Virtual Memory: 57.43 MB used, 57.43 MB peak
[2016.02.14-01.52.08:590][  0]LogMemory: Physical Memory: 5052.30 MB used, 7986.05 MB total
[2016.02.14-01.52.08:590][  0]LogMemory: Virtual Memory: 365.38 MB used, 134217728.00 MB total
[2016.02.14-01.52.08:662][  0]LogTextLocalizationManager: No specific translations for ('en-US') exist, so ('en') translations will be used.
[2016.02.14-01.52.10:081][  0]LogD3D11RHI: Found D3D11 adapter 0: Intel(R) HD Graphics 520 (Feature Level 11_0)
[2016.02.14-01.52.10:081][  0]LogD3D11RHI: Adapter has 128MB of dedicated video memory, 0MB of dedicated system memory, and 3993MB of shared system memory, 1 output[s]
[2016.02.14-01.52.10:085][  0]LogD3D11RHI: Found D3D11 adapter 1: Microsoft Basic Render Driver (Feature Level 11_0)
[2016.02.14-01.52.10:085][  0]LogD3D11RHI: Adapter has 0MB of dedicated video memory, 0MB of dedicated system memory, and 3993MB of shared system memory, 0 output[s]
[2016.02.14-01.52.10:085][  0]LogD3D11RHI: Chosen D3D11 Adapter Id = 0
[2016.02.14-01.52.10:091][  0]LogD3D11RHI: !Direct3DDevice
[2016.02.14-01.52.10:091][  0]LogRHI: Texture pool is 1361 MB (70% of 1945 MB)
[2016.02.14-01.52.10:097][  0]LogD3D11RHI: Async texture creation enabled
[2016.02.14-01.52.10:107][  0]LogShaderCompilers: Guid format shader working directory is 15 characters bigger than the processId version (../../../../../../Users/Shaun/Desktop/Unreal Files/CGT445CardinalKings/Cardinal_Kings1/Intermediate/Shaders/WorkingDirectory/7756/).
[2016.02.14-01.52.10:107][  0]LogShaderCompilers: Cleaned the shader compiler working directory '../../../../../../Users/Shaun/Desktop/Unreal Files/CGT445CardinalKings/Cardinal_Kings1/Intermediate/Shaders/tmp/6376965042021A80727F6F8AECF0CB58/'.
[2016.02.14-01.52.10:107][  0]LogShaderCompilers:Display: Using Local Shader Compiler.
[2016.02.14-01.52.11:630][  0]LogTemp:Display: Loaded TP AllDesktopTargetPlatform
[2016.02.14-01.52.11:637][  0]LogTemp:Display: Loaded TP WindowsClientTargetPlatform
[2016.02.14-01.52.11:645][  0]LogTemp:Display: Loaded TP WindowsNoEditorTargetPlatform
[2016.02.14-01.52.11:651][  0]LogTemp:Display: Loaded TP WindowsServerTargetPlatform
[2016.02.14-01.52.11:660][  0]LogTemp:Display: Loaded TP WindowsTargetPlatform
[2016.02.14-01.52.11:666][  0]LogTemp:Display: Loaded TP AndroidTargetPlatform
[2016.02.14-01.52.11:670][  0]LogTemp:Display: Loaded TP Android_ASTCTargetPlatform
[2016.02.14-01.52.11:674][  0]LogTemp:Display: Loaded TP Android_ATCTargetPlatform
[2016.02.14-01.52.11:679][  0]LogTemp:Display: Loaded TP Android_DXTTargetPlatform
[2016.02.14-01.52.11:682][  0]LogTemp:Display: Loaded TP Android_ETC1TargetPlatform
[2016.02.14-01.52.11:687][  0]LogTemp:Display: Loaded TP Android_ETC2TargetPlatform
[2016.02.14-01.52.11:691][  0]LogTemp:Display: Loaded TP Android_PVRTCTargetPlatform
[2016.02.14-01.52.11:692][  0]LogTemp:Display: Loaded TP HTML5TargetPlatform
[2016.02.14-01.52.11:712][  0]LogTemp:Display: Loaded TP IOSTargetPlatform
[2016.02.14-01.52.11:717][  0]LogTemp:Display: Loaded TP LinuxNoEditorTargetPlatform
[2016.02.14-01.52.11:721][  0]LogTemp:Display: Loaded TP LinuxServerTargetPlatform
[2016.02.14-01.52.11:726][  0]LogTemp:Display: Loaded TP LinuxTargetPlatform
[2016.02.14-01.52.11:726][  0]LogTargetPlatformManager:Display: Building Assets For Windows
[2016.02.14-01.52.11:833][  0]LogDerivedDataCache:Display: Max Cache Size: 512 MB
[2016.02.14-01.52.11:897][  0]LogDerivedDataCache: Loaded boot cache 0.06s 41MB C:/Users/Shaun/AppData/Local/UnrealEngine/4.9/DerivedDataCache/Boot.ddc.
[2016.02.14-01.52.11:897][  0]LogDerivedDataCache:Display: Loaded Boot cache: C:/Users/Shaun/AppData/Local/UnrealEngine/4.9/DerivedDataCache/Boot.ddc
[2016.02.14-01.52.11:897][  0]LogDerivedDataCache: FDerivedDataBackendGraph:  Pak pak cache file ../../../../../../Users/Shaun/Desktop/Unreal Files/CGT445CardinalKings/Cardinal_Kings1/DerivedDataCache/DDC.ddp not found, will not use a pak cache.
[2016.02.14-01.52.11:897][  0]LogDerivedDataCache: Unable to find inner node Pak for hierarchical cache Hierarchy.
[2016.02.14-01.52.11:897][  0]LogDerivedDataCache: FDerivedDataBackendGraph:  CompressedPak pak cache file ../../../../../../Users/Shaun/Desktop/Unreal Files/CGT445CardinalKings/Cardinal_Kings1/DerivedDataCache/Compressed.ddp not found, will not use a pak cache.
[2016.02.14-01.52.11:897][  0]LogDerivedDataCache: Unable to find inner node CompressedPak for hierarchical cache Hierarchy.
[2016.02.14-01.52.12:045][  0]LogDerivedDataCache:Display: Pak cache opened for reading ../../../Engine/DerivedDataCache/Compressed.ddp.
[2016.02.14-01.52.12:058][  0]LogDerivedDataCache: Using Local data cache path C:/Users/Shaun/AppData/Local/UnrealEngine/Common/DerivedDataCache: Writable
[2016.02.14-01.52.12:481][  0]LogInit: Selected Device Profile: [Windows]
[2016.02.14-01.52.12:488][  0]LogContentStreaming: Texture pool size is 1000.000000MB
[2016.02.14-01.52.12:842][  0]LogMeshUtilities: No automatic mesh reduction module available
[2016.02.14-01.52.12:842][  0]LogMeshUtilities: No automatic mesh merging module available
[2016.02.14-01.52.13:322][  0]LogInit: WinSock: version 1.1 (2.2), MaxSocks=32767, MaxUdp=65467
[2016.02.14-01.52.13:731][  0]LogWindowsMoviePlayer: Unable to load movie: ../../../../../../Users/Shaun/Desktop/Unreal Files/CGT445CardinalKings/Cardinal_Kings1/Content/Movies/Default_Startup.mp4
[2016.02.14-01.52.13:939][  0]SourceControl: Info Source control is disabled
[2016.02.14-01.52.13:939][  0]SourceControl: Info Source control is disabled
[2016.02.14-01.52.13:974][  0]SourceControl: Info Source control is disabled
[2016.02.14-01.52.14:113][  0]LogLinker:Warning: Asset '../../../Engine/Plugins/Runtime/LeapMotionController/Content/LM_PassthroughMaterial.uasset' has been saved with empty engine version. The asset will be loaded but may be incompatible.
[2016.02.14-01.52.14:225][  0]LogObj: 27669 objects as part of root set at end of initial load.
[2016.02.14-01.52.14:225][  0]LogUObjectAllocator: 5775704 out of 0 bytes used by permanent object pool.
[2016.02.14-01.52.14:307][  0]LogEngine: Initializing Engine...
[2016.02.14-01.52.14:310][  0]LogHMD: Can't find Oculus library dev build: is proper Runtime installed? Version: 0.7.0.0
[2016.02.14-01.52.14:311][  0]LogHMD: SteamVR failed to initialize.  Err: 110
[2016.02.14-01.52.14:463][  0]LogInit: XAudio2 using 'Speakers (Realtek High Definition Audio)' : 2 channels at 48 kHz using 32 bits per sample (channel mask 0x3)
[2016.02.14-01.52.14:476][  0]LogInit: FAudioDevice initialized.
[2016.02.14-01.52.14:483][  0]LogInit: Texture streaming: Enabled
[2016.02.14-01.52.14:580][  0]LogNet: Browse: /Temp/Autosaves/Game/UEDPCCardinal_Kings1?Name=Player
[2016.02.14-01.52.14:582][  0]LogLoad: LoadMap: /Temp/Autosaves/Game/UEDPCCardinal_Kings1?Name=Player
[2016.02.14-01.52.14:602][  0]LogParticles: Destroying 0 GPU particle simulations for FXSystem 0x000000435470B560
[2016.02.14-01.52.14:620][  0]LogMemory: Platform Memory Stats for Windows
[2016.02.14-01.52.14:620][  0]LogMemory: Process Physical Memory: 393.13 MB used, 393.13 MB peak
[2016.02.14-01.52.14:620][  0]LogMemory: Process Virtual Memory: 423.17 MB used, 423.17 MB peak
[2016.02.14-01.52.14:621][  0]LogMemory: Physical Memory: 5316.80 MB used, 7986.05 MB total
[2016.02.14-01.52.14:621][  0]LogMemory: Virtual Memory: 1001.93 MB used, 134217728.00 MB total
[2016.02.14-01.52.14:621][  0]LogMemory: 
[2016.02.14-01.52.14:621][  0]Allocator Stats for TBB: (not implemented)
[2016.02.14-01.52.14:929][  0]LogAIModule: Creating AISystem for world Cardinal_Kings1
[2016.02.14-01.52.14:935][  0]LogWorld: Game class is 'PaperGameMode_C'
[2016.02.14-01.52.14:977][  0]LogWorld: Bringing World /Temp/Autosaves/Game/UEDPCCardinal_Kings1.Cardinal_Kings1 up for play (max tick rate 0) at 2016.02.13-20.52.14
[2016.02.14-01.52.14:982][  0]LogWorld: Bringing up level for play took: 0.044401
[2016.02.14-01.52.14:984][  0]LogInit:Display: Game Engine Initialized.
[2016.02.14-01.52.15:225][  0]LogLoad: Full Startup: 7.97 seconds (BP compile: 0.05 seconds)
[2016.02.14-01.52.15:244][  0]LogWindowsTextInputMethodSystem:Display: IME system now deactivated.
[2016.02.14-01.52.15:244][  0]LogWindowsTextInputMethodSystem:Display: IME system now deactivated.
[2016.02.14-01.52.15:413][  2]LogRenderer: Reallocating scene render targets to support 1280x720 (Frame:2).
[2016.02.14-01.52.24:531][224]LogPackageName: SearchForPackageOnDisk took   0.143s to resolve Cardinal_Kings1.umap.
[2016.02.14-01.52.24:611][225]LogPackageName: SearchForPackageOnDisk took   0.079s to resolve Cardinal_Kings1.umap.
[2016.02.14-01.52.24:611][225]LogNet: Browse: /Game/Cardinal_Kings1
[2016.02.14-01.52.24:612][225]LogLoad: LoadMap: /Game/Cardinal_Kings1
[2016.02.14-01.52.24:653][225]LogParticles: Destroying 0 GPU particle simulations for FXSystem 0x000000435E2D20C0
[2016.02.14-01.52.24:673][225]LogMemory: Platform Memory Stats for Windows
[2016.02.14-01.52.24:673][225]LogMemory: Process Physical Memory: 569.09 MB used, 570.38 MB peak
[2016.02.14-01.52.24:673][225]LogMemory: Process Virtual Memory: 608.18 MB used, 610.09 MB peak
[2016.02.14-01.52.24:673][225]LogMemory: Physical Memory: 5489.43 MB used, 7986.05 MB total
[2016.02.14-01.52.24:673][225]LogMemory: Virtual Memory: 1254.58 MB used, 134217728.00 MB total
[2016.02.14-01.52.24:673][225]LogMemory: 
[2016.02.14-01.52.24:673][225]Allocator Stats for TBB: (not implemented)
[2016.02.14-01.52.24:911][225]LogAIModule: Creating AISystem for world Cardinal_Kings1
[2016.02.14-01.52.24:916][225]LogWorld: Game class is 'PaperGameMode_C'
[2016.02.14-01.52.24:947][225]LogWorld: Bringing World /Game/Cardinal_Kings1.Cardinal_Kings1 up for play (max tick rate 0) at 2016.02.13-20.52.24
[2016.02.14-01.52.24:954][225]LogWorld: Bringing up level for play took: 0.037532
[2016.02.14-01.54.06:431][953]LogPackageName: SearchForPackageOnDisk took   0.130s to resolve Cardinal_Kings1.umap.
[2016.02.14-01.54.06:518][954]LogPackageName: SearchForPackageOnDisk took   0.085s to resolve Cardinal_Kings1.umap.
[2016.02.14-01.54.06:518][954]LogNet: Browse: /Game/Cardinal_Kings1
[2016.02.14-01.54.06:518][954]LogLoad: LoadMap: /Game/Cardinal_Kings1
[2016.02.14-01.54.06:566][954]LogParticles: Destroying 0 GPU particle simulations for FXSystem 0x00000043626C2340
[2016.02.14-01.54.06:584][954]LogMemory: Platform Memory Stats for Windows
[2016.02.14-01.54.06:584][954]LogMemory: Process Physical Memory: 598.83 MB used, 644.68 MB peak
[2016.02.14-01.54.06:584][954]LogMemory: Process Virtual Memory: 639.94 MB used, 686.25 MB peak
[2016.02.14-01.54.06:584][954]LogMemory: Physical Memory: 5517.95 MB used, 7986.05 MB total
[2016.02.14-01.54.06:584][954]LogMemory: Virtual Memory: 1315.17 MB used, 134217728.00 MB total
[2016.02.14-01.54.06:584][954]LogMemory: 
[2016.02.14-01.54.06:584][954]Allocator Stats for TBB: (not implemented)
[2016.02.14-01.54.06:815][954]LogAIModule: Creating AISystem for world Cardinal_Kings1
[2016.02.14-01.54.06:821][954]LogWorld: Game class is 'PaperGameMode_C'
[2016.02.14-01.54.06:851][954]LogWorld: Bringing World /Game/Cardinal_Kings1.Cardinal_Kings1 up for play (max tick rate 0) at 2016.02.13-20.54.06
[2016.02.14-01.54.06:854][954]LogWorld: Bringing up level for play took: 0.033200
[2016.02.14-01.54.22:034][340]LogWindowsTextInputMethodSystem:Display: IME system now deactivated.
[2016.02.14-01.54.22:034][340]LogWindowsTextInputMethodSystem:Display: IME system now deactivated.
[2016.02.14-01.54.22:038][340]LogEngine: All Windows Closed
[2016.02.14-01.54.22:038][340]LogWindows: FPlatformMisc::RequestExit(0)
[2016.02.14-01.54.22:375][341]LogExit: Preparing to exit.
[2016.02.14-01.54.22:530][341]LogExit: Game engine shut down
[2016.02.14-01.54.22:535][341]LogParticles: Destroying 0 GPU particle simulations for FXSystem 0x000000435E1B6340
[2016.02.14-01.54.22:799][341]LogExit: Object subsystem successfully closed.
[2016.02.14-01.54.22:822][341]LogD3D11RHI: Shutdown
[2016.02.14-01.54.22:822][341]LogD3D11RHI: CleanupD3DDevice
[2016.02.14-01.54.23:163][341]LogD3D11RHI: ~FD3D11DynamicRHI
[2016.02.14-01.54.23:198][341]LogModuleManager: Shutting down and abandoning module AndroidDeviceDetection (115)
[2016.02.14-01.54.23:375][341]LogModuleManager: Shutting down and abandoning module AutomationController (114)
[2016.02.14-01.54.23:376][341]LogModuleManager: Shutting down and abandoning module AutomationWorker (113)
[2016.02.14-01.54.23:376][341]LogModuleManager: Shutting down and abandoning module CharacterAI (112)
[2016.02.14-01.54.23:376][341]LogModuleManager: Shutting down and abandoning module AITestSuite (111)
[2016.02.14-01.54.23:376][341]LogModuleManager: Shutting down and abandoning module GameplayDebugger (110)
[2016.02.14-01.54.23:376][341]LogModuleManager: Shutting down and abandoning module AIModule (109)
[2016.02.14-01.54.23:376][341]LogModuleManager: Shutting down and abandoning module GameLiveStreaming (108)
[2016.02.14-01.54.23:376][341]LogModuleManager: Shutting down and abandoning module StreamingPauseRendering (107)
[2016.02.14-01.54.23:376][341]LogModuleManager: Shutting down and abandoning module ProfilerService (106)
[2016.02.14-01.54.23:381][341]LogModuleManager: Shutting down and abandoning module TaskGraph (105)
[2016.02.14-01.54.23:381][341]LogModuleManager: Shutting down and abandoning module SlateRemote (104)
[2016.02.14-01.54.23:381][341]LogModuleManager: Shutting down and abandoning module SteamVRController (103)
[2016.02.14-01.54.23:381][341]LogModuleManager: Shutting down and abandoning module SteamVR (102)
[2016.02.14-01.54.23:381][341]LogModuleManager: Shutting down and abandoning module ProceduralMeshComponent (101)
[2016.02.14-01.54.23:381][341]LogModuleManager: Shutting down and abandoning module OculusRift (100)
[2016.02.14-01.54.23:381][341]LogModuleManager: Shutting down and abandoning module OculusLibrary (99)
[2016.02.14-01.54.23:381][341]LogModuleManager: Shutting down and abandoning module LeapMotionController (98)
[2016.02.14-01.54.23:459][341]LogModuleManager: Shutting down and abandoning module CustomMeshComponent (97)
[2016.02.14-01.54.23:459][341]LogModuleManager: Shutting down and abandoning module CableComponent (96)
[2016.02.14-01.54.23:459][341]LogModuleManager: Shutting down and abandoning module ArchVisCharacter (95)
[2016.02.14-01.54.23:459][341]LogModuleManager: Shutting down and abandoning module HTML5Networking (94)
[2016.02.14-01.54.23:459][341]LogModuleManager: Shutting down and abandoning module DesktopPlatform (93)
[2016.02.14-01.54.23:459][341]LogModuleManager: Shutting down and abandoning module DirectoryWatcher (92)
[2016.02.14-01.54.23:459][341]LogModuleManager: Shutting down and abandoning module HotReload (91)
[2016.02.14-01.54.23:459][341]LogModuleManager: Shutting down and abandoning module VisualStudioSourceCodeAccess (90)
[2016.02.14-01.54.23:459][341]LogModuleManager: Shutting down and abandoning module UObjectPlugin (89)
[2016.02.14-01.54.23:459][341]LogModuleManager: Shutting down and abandoning module SubversionSourceControl (88)
[2016.02.14-01.54.23:459][341]LogModuleManager: Shutting down and abandoning module SourceControl (87)
[2016.02.14-01.54.23:459][341]LogModuleManager: Shutting down and abandoning module PerforceSourceControl (86)
[2016.02.14-01.54.23:459][341]LogModuleManager: Shutting down and abandoning module UdpMessaging (85)
[2016.02.14-01.54.23:459][341]LogModuleManager: Shutting down and abandoning module LightPropagationVolumeRuntime (84)
[2016.02.14-01.54.23:459][341]LogModuleManager: Shutting down and abandoning module Paper2D (83)
[2016.02.14-01.54.23:459][341]LogModuleManager: Shutting down and abandoning module WindowsMoviePlayer (82)
[2016.02.14-01.54.23:464][341]LogModuleManager: Shutting down and abandoning module Media (81)
[2016.02.14-01.54.23:464][341]LogModuleManager: Shutting down and abandoning module WmfMedia (80)
[2016.02.14-01.54.23:464][341]LogModuleManager: Shutting down and abandoning module OnlineBlueprintSupport (79)
[2016.02.14-01.54.23:464][341]LogModuleManager: Shutting down and abandoning module GameplayTasksEditor (78)
[2016.02.14-01.54.23:464][341]LogModuleManager: Shutting down and abandoning module PropertyEditor (77)
[2016.02.14-01.54.23:465][341]LogModuleManager: Shutting down and abandoning module BehaviorTreeEditor (76)
[2016.02.14-01.54.23:465][341]LogModuleManager: Shutting down and abandoning module FunctionalTesting (75)
[2016.02.14-01.54.23:465][341]LogModuleManager: Shutting down and abandoning module CollisionAnalyzer (74)
[2016.02.14-01.54.23:465][341]LogModuleManager: Shutting down and abandoning module WorkspaceMenuStructure (73)
[2016.02.14-01.54.23:465][341]LogModuleManager: Shutting down and abandoning module MessageLog (72)
[2016.02.14-01.54.23:465][341]LogModuleManager: Shutting down and abandoning module Sequencer (71)
[2016.02.14-01.54.23:465][341]LogModuleManager: Shutting down and abandoning module AssetTools (70)
[2016.02.14-01.54.23:465][341]LogModuleManager: Shutting down and abandoning module UMGEditor (69)
[2016.02.14-01.54.23:465][341]LogModuleManager: Shutting down and abandoning module UMG (68)
[2016.02.14-01.54.23:466][341]LogModuleManager: Shutting down and abandoning module Slate (67)
[2016.02.14-01.54.23:466][341]LogModuleManager: Shutting down and abandoning module EditorStyle (66)
[2016.02.14-01.54.23:473][341]LogModuleManager: Shutting down and abandoning module SessionServices (65)
[2016.02.14-01.54.23:473][341]LogModuleManager: Shutting down and abandoning module SourceCodeAccess (64)
[2016.02.14-01.54.23:473][341]LogModuleManager: Shutting down and abandoning module HeadMountedDisplay (63)
[2016.02.14-01.54.23:473][341]LogModuleManager: Shutting down and abandoning module XAudio2 (62)
[2016.02.14-01.54.23:473][341]LogModuleManager: Shutting down and abandoning module Networking (60)
[2016.02.14-01.54.23:473][341]LogModuleManager: Shutting down and abandoning module Core (59)
[2016.02.14-01.54.23:473][341]LogModuleManager: Shutting down and abandoning module KismetCompiler (58)
[2016.02.14-01.54.23:473][341]LogModuleManager: Shutting down and abandoning module PhysXFormats (57)
[2016.02.14-01.54.23:473][341]LogModuleManager: Shutting down and abandoning module MeshUtilities (56)
[2016.02.14-01.54.23:473][341]LogModuleManager: Shutting down and abandoning module CookingStats (55)
[2016.02.14-01.54.23:474][341]LogModuleManager: Shutting down and abandoning module DerivedDataCache (54)
[2016.02.14-01.54.23:572][341]LogDerivedDataCache: Shutdown
[2016.02.14-01.54.23:573][341]LogModuleManager: Shutting down and abandoning module ShaderFormatOpenGL (53)
[2016.02.14-01.54.23:573][341]LogModuleManager: Shutting down and abandoning module ShaderFormatD3D (52)
[2016.02.14-01.54.23:573][341]LogModuleManager: Shutting down and abandoning module MetalShaderFormat (51)
[2016.02.14-01.54.23:573][341]LogModuleManager: Shutting down and abandoning module TextureFormatUncompressed (50)
[2016.02.14-01.54.23:573][341]LogModuleManager: Shutting down and abandoning module TextureFormatPVR (49)
[2016.02.14-01.54.23:573][341]LogModuleManager: Shutting down and abandoning module TextureFormatIntelISPCTexComp (48)
[2016.02.14-01.54.23:573][341]LogModuleManager: Shutting down and abandoning module TextureFormatDXT (47)
[2016.02.14-01.54.23:573][341]LogModuleManager: Shutting down and abandoning module ImageWrapper (46)
[2016.02.14-01.54.23:573][341]LogModuleManager: Shutting down and abandoning module TextureFormatASTC (45)
[2016.02.14-01.54.23:573][341]LogModuleManager: Shutting down and abandoning module TextureFormatAndroid (44)
[2016.02.14-01.54.23:573][341]LogModuleManager: Shutting down and abandoning module AudioFormatOpus (43)
[2016.02.14-01.54.23:573][341]LogModuleManager: Shutting down and abandoning module AudioFormatOgg (42)
[2016.02.14-01.54.23:573][341]LogModuleManager: Shutting down and abandoning module AudioFormatADPCM (41)
[2016.02.14-01.54.23:573][341]LogModuleManager: Shutting down and abandoning module LinuxTargetPlatform (40)
[2016.02.14-01.54.23:573][341]LogModuleManager: Shutting down and abandoning module LinuxServerTargetPlatform (39)
[2016.02.14-01.54.23:573][341]LogModuleManager: Shutting down and abandoning module LinuxNoEditorTargetPlatform (38)
[2016.02.14-01.54.23:573][341]LogModuleManager: Shutting down and abandoning module Messaging (37)
[2016.02.14-01.54.23:573][341]LogModuleManager: Shutting down and abandoning module IOSTargetPlatform (36)
[2016.02.14-01.54.23:573][341]LogModuleManager: Shutting down and abandoning module HTML5TargetPlatform (35)
[2016.02.14-01.54.23:573][341]LogModuleManager: Shutting down and abandoning module Android_PVRTCTargetPlatform (34)
[2016.02.14-01.54.23:573][341]LogModuleManager: Shutting down and abandoning module Android_ETC2TargetPlatform (33)
[2016.02.14-01.54.23:573][341]LogModuleManager: Shutting down and abandoning module Android_ETC1TargetPlatform (32)
[2016.02.14-01.54.23:573][341]LogModuleManager: Shutting down and abandoning module Android_DXTTargetPlatform (31)
[2016.02.14-01.54.23:573][341]LogModuleManager: Shutting down and abandoning module Android_ATCTargetPlatform (30)
[2016.02.14-01.54.23:574][341]LogModuleManager: Shutting down and abandoning module Android_ASTCTargetPlatform (29)
[2016.02.14-01.54.23:574][341]LogModuleManager: Shutting down and abandoning module AndroidTargetPlatform (28)
[2016.02.14-01.54.23:574][341]LogModuleManager: Shutting down and abandoning module WindowsTargetPlatform (27)
[2016.02.14-01.54.23:574][341]LogModuleManager: Shutting down and abandoning module WindowsServerTargetPlatform (26)
[2016.02.14-01.54.23:574][341]LogModuleManager: Shutting down and abandoning module WindowsNoEditorTargetPlatform (25)
[2016.02.14-01.54.23:574][341]LogModuleManager: Shutting down and abandoning module WindowsClientTargetPlatform (24)
[2016.02.14-01.54.23:574][341]LogModuleManager: Shutting down and abandoning module AllDesktopTargetPlatform (23)
[2016.02.14-01.54.23:574][341]LogModuleManager: Shutting down and abandoning module TargetPlatform (22)
[2016.02.14-01.54.23:574][341]LogModuleManager: Shutting down and abandoning module InputCore (21)
[2016.02.14-01.54.23:574][341]LogModuleManager: Shutting down and abandoning module Settings (20)
[2016.02.14-01.54.23:574][341]LogModuleManager: Shutting down and abandoning module OnlineSubsystem (18)
[2016.02.14-01.54.23:574][341]LogModuleManager: Shutting down and abandoning module HTTP (17)
[2016.02.14-01.54.23:575][341]LogModuleManager: Shutting down and abandoning module XMPP (16)
[2016.02.14-01.54.23:575][341]LogModuleManager: Shutting down and abandoning module ExampleDeviceProfileSelector (15)
[2016.02.14-01.54.23:575][341]LogModuleManager: Shutting down and abandoning module TextureCompressor (14)
[2016.02.14-01.54.23:576][341]LogModuleManager: Shutting down and abandoning module ShaderCore (13)
[2016.02.14-01.54.23:576][341]LogModuleManager: Shutting down and abandoning module Landscape (12)
[2016.02.14-01.54.23:576][341]LogModuleManager: Shutting down and abandoning module SlateRHIRenderer (11)
[2016.02.14-01.54.23:576][341]LogModuleManager: Shutting down and abandoning module OpenGLDrv (10)
[2016.02.14-01.54.23:576][341]LogModuleManager: Shutting down and abandoning module D3D11RHI (9)
[2016.02.14-01.54.23:576][341]LogModuleManager: Shutting down and abandoning module AnimGraphRuntime (8)
[2016.02.14-01.54.23:576][341]LogModuleManager: Shutting down and abandoning module Renderer (7)
[2016.02.14-01.54.23:576][341]LogModuleManager: Shutting down and abandoning module Engine (6)
[2016.02.14-01.54.23:576][341]LogModuleManager: Shutting down and abandoning module CoreUObject (5)
[2016.02.14-01.54.23:576][341]LogModuleManager: Shutting down and abandoning module NetworkFile (4)
[2016.02.14-01.54.23:576][341]LogModuleManager: Shutting down and abandoning module StreamingFile (3)
[2016.02.14-01.54.23:577][341]LogModuleManager: Shutting down and abandoning module SandboxFile (2)
[2016.02.14-01.54.23:577][341]LogModuleManager: Shutting down and abandoning module PakFile (1)
[2016.02.14-01.54.23:579][341]LogExit: Exiting.
[2016.02.14-01.54.23:581][341]Log file closed, 02/13/16 20:54:23
