[2016.02.14-02.04.19:497][  0]Log file open, 02/13/16 21:04:19
[2016.02.14-02.04.19:498][  0]LogInit:Display: Running engine for game: Cardinal_Kings
[2016.02.14-02.04.19:498][  0]LogInit:Display: RandInit(-466160998) SRandInit(-466160997).
[2016.02.14-02.04.19:498][  0]LogTaskGraph: Started task graph with 4 named threads and 5 total threads.
[2016.02.14-02.04.19:498][  0]LogStats: Stats thread started at 0.118612
[2016.02.14-02.04.19:498][  0]LogInit: Version: 4.9.2-2707645+++depot+UE4-Releases+4.9
[2016.02.14-02.04.19:498][  0]LogInit: API Version: 2672455
[2016.02.14-02.04.19:498][  0]LogInit: Compiled (64-bit): Sep 28 2015 10:25:44
[2016.02.14-02.04.19:498][  0]LogInit: Compiled with Visual C++: 18.00.21005.01
[2016.02.14-02.04.19:498][  0]LogInit: Build Configuration: Development
[2016.02.14-02.04.19:498][  0]LogInit: Branch Name: ++depot+UE4-Releases+4.9
[2016.02.14-02.04.19:498][  0]LogInit: Command line:  /Temp/Autosaves/Game/UEDPCCardinal_Kings1 -game -PIEVIACONSOLE -ResX=1280 -ResY=720  -Multiprocess 
[2016.02.14-02.04.19:498][  0]LogInit: Base directory: C:/Program Files (x86)/Epic Games/4.9/Engine/Binaries/Win64/
[2016.02.14-02.04.19:498][  0]LogInit: Rocket: 1
[2016.02.14-02.04.19:546][  0]LogInit: Using libcurl 7.41.0
[2016.02.14-02.04.19:546][  0]LogInit:  - built for x86_64-pc-win32
[2016.02.14-02.04.19:546][  0]LogInit:  - supports SSL with WinSSL
[2016.02.14-02.04.19:546][  0]LogInit:  - other features:
[2016.02.14-02.04.19:546][  0]LogInit:      CURL_VERSION_SSL
[2016.02.14-02.04.19:546][  0]LogInit:      CURL_VERSION_IPV6
[2016.02.14-02.04.19:546][  0]LogInit:      CURL_VERSION_ASYNCHDNS
[2016.02.14-02.04.19:546][  0]LogInit:      CURL_VERSION_LARGEFILE
[2016.02.14-02.04.19:546][  0]LogInit:      CURL_VERSION_IDN
[2016.02.14-02.04.19:546][  0]LogInit:  CurlRequestOptions (configurable via config and command line):
[2016.02.14-02.04.19:546][  0]LogInit:  - bVerifyPeer = true  - Libcurl will verify peer certificate
[2016.02.14-02.04.19:546][  0]LogInit:  - bUseHttpProxy = false  - Libcurl will NOT use HTTP proxy
[2016.02.14-02.04.19:546][  0]LogInit:  - bDontReuseConnections = false  - Libcurl will reuse connections
[2016.02.14-02.04.19:546][  0]LogInit:  - CertBundlePath = nullptr  - Libcurl will use whatever was configured at build time.
[2016.02.14-02.04.19:580][  0]LogInit: Presizing for 0 objects not considered by GC, pre-allocating 0 bytes.
[2016.02.14-02.04.19:608][  0]LogInit: Object subsystem initialized
[2016.02.14-02.04.19:611][  0]LogInit: Selected Device Profile: [Windows]
[2016.02.14-02.04.19:611][  0]LogInit: Applying CVar settings loaded from the selected device profile: [Windows]
[2016.02.14-02.04.19:628][  0]LogInit: Computer: DESKTOP-T22LC7G
[2016.02.14-02.04.19:628][  0]LogInit: User: Shaun
[2016.02.14-02.04.19:628][  0]LogInit: CPU Page size=4096, Cores=2
[2016.02.14-02.04.19:628][  0]LogInit: High frequency timer resolution =2.343749 MHz
[2016.02.14-02.04.19:629][  0]LogMemory: Memory total: Physical=7.8GB (8GB approx)
[2016.02.14-02.04.19:629][  0]LogMemory: Platform Memory Stats for Windows
[2016.02.14-02.04.19:629][  0]LogMemory: Process Physical Memory: 53.43 MB used, 53.43 MB peak
[2016.02.14-02.04.19:629][  0]LogMemory: Process Virtual Memory: 57.17 MB used, 57.17 MB peak
[2016.02.14-02.04.19:629][  0]LogMemory: Physical Memory: 4983.57 MB used, 7986.05 MB total
[2016.02.14-02.04.19:629][  0]LogMemory: Virtual Memory: 365.38 MB used, 134217728.00 MB total
[2016.02.14-02.04.19:722][  0]LogTextLocalizationManager: No specific translations for ('en-US') exist, so ('en') translations will be used.
[2016.02.14-02.04.21:273][  0]LogD3D11RHI: Found D3D11 adapter 0: Intel(R) HD Graphics 520 (Feature Level 11_0)
[2016.02.14-02.04.21:273][  0]LogD3D11RHI: Adapter has 128MB of dedicated video memory, 0MB of dedicated system memory, and 3993MB of shared system memory, 1 output[s]
[2016.02.14-02.04.21:275][  0]LogD3D11RHI: Found D3D11 adapter 1: Microsoft Basic Render Driver (Feature Level 11_0)
[2016.02.14-02.04.21:275][  0]LogD3D11RHI: Adapter has 0MB of dedicated video memory, 0MB of dedicated system memory, and 3993MB of shared system memory, 0 output[s]
[2016.02.14-02.04.21:275][  0]LogD3D11RHI: Chosen D3D11 Adapter Id = 0
[2016.02.14-02.04.21:281][  0]LogD3D11RHI: !Direct3DDevice
[2016.02.14-02.04.21:281][  0]LogRHI: Texture pool is 1361 MB (70% of 1945 MB)
[2016.02.14-02.04.21:289][  0]LogD3D11RHI: Async texture creation enabled
[2016.02.14-02.04.21:296][  0]LogShaderCompilers: Guid format shader working directory is 15 characters bigger than the processId version (../../../../../../Users/Shaun/Desktop/Unreal Files/CGT445CardinalKings/Cardinal_Kings1/Intermediate/Shaders/WorkingDirectory/5952/).
[2016.02.14-02.04.21:296][  0]LogShaderCompilers: Cleaned the shader compiler working directory '../../../../../../Users/Shaun/Desktop/Unreal Files/CGT445CardinalKings/Cardinal_Kings1/Intermediate/Shaders/tmp/2B89AFF94B14924D746923B83020722E/'.
[2016.02.14-02.04.21:296][  0]LogShaderCompilers:Display: Using Local Shader Compiler.
[2016.02.14-02.04.22:550][  0]LogTemp:Display: Loaded TP AllDesktopTargetPlatform
[2016.02.14-02.04.22:561][  0]LogTemp:Display: Loaded TP WindowsClientTargetPlatform
[2016.02.14-02.04.22:567][  0]LogTemp:Display: Loaded TP WindowsNoEditorTargetPlatform
[2016.02.14-02.04.22:574][  0]LogTemp:Display: Loaded TP WindowsServerTargetPlatform
[2016.02.14-02.04.22:580][  0]LogTemp:Display: Loaded TP WindowsTargetPlatform
[2016.02.14-02.04.22:584][  0]LogTemp:Display: Loaded TP AndroidTargetPlatform
[2016.02.14-02.04.22:588][  0]LogTemp:Display: Loaded TP Android_ASTCTargetPlatform
[2016.02.14-02.04.22:592][  0]LogTemp:Display: Loaded TP Android_ATCTargetPlatform
[2016.02.14-02.04.22:596][  0]LogTemp:Display: Loaded TP Android_DXTTargetPlatform
[2016.02.14-02.04.22:600][  0]LogTemp:Display: Loaded TP Android_ETC1TargetPlatform
[2016.02.14-02.04.22:604][  0]LogTemp:Display: Loaded TP Android_ETC2TargetPlatform
[2016.02.14-02.04.22:608][  0]LogTemp:Display: Loaded TP Android_PVRTCTargetPlatform
[2016.02.14-02.04.22:609][  0]LogTemp:Display: Loaded TP HTML5TargetPlatform
[2016.02.14-02.04.22:628][  0]LogTemp:Display: Loaded TP IOSTargetPlatform
[2016.02.14-02.04.22:632][  0]LogTemp:Display: Loaded TP LinuxNoEditorTargetPlatform
[2016.02.14-02.04.22:636][  0]LogTemp:Display: Loaded TP LinuxServerTargetPlatform
[2016.02.14-02.04.22:640][  0]LogTemp:Display: Loaded TP LinuxTargetPlatform
[2016.02.14-02.04.22:640][  0]LogTargetPlatformManager:Display: Building Assets For Windows
[2016.02.14-02.04.22:748][  0]LogDerivedDataCache:Display: Max Cache Size: 512 MB
[2016.02.14-02.04.22:821][  0]LogDerivedDataCache: Loaded boot cache 0.07s 41MB C:/Users/Shaun/AppData/Local/UnrealEngine/4.9/DerivedDataCache/Boot.ddc.
[2016.02.14-02.04.22:821][  0]LogDerivedDataCache:Display: Loaded Boot cache: C:/Users/Shaun/AppData/Local/UnrealEngine/4.9/DerivedDataCache/Boot.ddc
[2016.02.14-02.04.22:821][  0]LogDerivedDataCache: FDerivedDataBackendGraph:  Pak pak cache file ../../../../../../Users/Shaun/Desktop/Unreal Files/CGT445CardinalKings/Cardinal_Kings1/DerivedDataCache/DDC.ddp not found, will not use a pak cache.
[2016.02.14-02.04.22:821][  0]LogDerivedDataCache: Unable to find inner node Pak for hierarchical cache Hierarchy.
[2016.02.14-02.04.22:821][  0]LogDerivedDataCache: FDerivedDataBackendGraph:  CompressedPak pak cache file ../../../../../../Users/Shaun/Desktop/Unreal Files/CGT445CardinalKings/Cardinal_Kings1/DerivedDataCache/Compressed.ddp not found, will not use a pak cache.
[2016.02.14-02.04.22:821][  0]LogDerivedDataCache: Unable to find inner node CompressedPak for hierarchical cache Hierarchy.
[2016.02.14-02.04.22:973][  0]LogDerivedDataCache:Display: Pak cache opened for reading ../../../Engine/DerivedDataCache/Compressed.ddp.
[2016.02.14-02.04.22:986][  0]LogDerivedDataCache: Using Local data cache path C:/Users/Shaun/AppData/Local/UnrealEngine/Common/DerivedDataCache: Writable
[2016.02.14-02.04.23:178][  0]LogInit: Selected Device Profile: [Windows]
[2016.02.14-02.04.23:181][  0]LogContentStreaming: Texture pool size is 1000.000000MB
[2016.02.14-02.04.23:322][  0]LogMeshUtilities: No automatic mesh reduction module available
[2016.02.14-02.04.23:322][  0]LogMeshUtilities: No automatic mesh merging module available
[2016.02.14-02.04.23:627][  0]LogInit: WinSock: version 1.1 (2.2), MaxSocks=32767, MaxUdp=65467
[2016.02.14-02.04.23:858][  0]LogWindowsMoviePlayer: Unable to load movie: ../../../../../../Users/Shaun/Desktop/Unreal Files/CGT445CardinalKings/Cardinal_Kings1/Content/Movies/Default_Startup.mp4
[2016.02.14-02.04.24:027][  0]SourceControl: Info Source control is disabled
[2016.02.14-02.04.24:027][  0]SourceControl: Info Source control is disabled
[2016.02.14-02.04.24:060][  0]SourceControl: Info Source control is disabled
[2016.02.14-02.04.24:208][  0]LogLinker:Warning: Asset '../../../Engine/Plugins/Runtime/LeapMotionController/Content/LM_PassthroughMaterial.uasset' has been saved with empty engine version. The asset will be loaded but may be incompatible.
[2016.02.14-02.04.24:320][  0]LogObj: 27669 objects as part of root set at end of initial load.
[2016.02.14-02.04.24:320][  0]LogUObjectAllocator: 5775704 out of 0 bytes used by permanent object pool.
[2016.02.14-02.04.24:392][  0]LogEngine: Initializing Engine...
[2016.02.14-02.04.24:395][  0]LogHMD: Can't find Oculus library dev build: is proper Runtime installed? Version: 0.7.0.0
[2016.02.14-02.04.24:396][  0]LogHMD: SteamVR failed to initialize.  Err: 110
[2016.02.14-02.04.24:556][  0]LogInit: XAudio2 using 'Speakers (Realtek High Definition Audio)' : 2 channels at 48 kHz using 32 bits per sample (channel mask 0x3)
[2016.02.14-02.04.24:572][  0]LogInit: FAudioDevice initialized.
[2016.02.14-02.04.24:578][  0]LogInit: Texture streaming: Enabled
[2016.02.14-02.04.24:687][  0]LogNet: Browse: /Temp/Autosaves/Game/UEDPCCardinal_Kings1?Name=Player
[2016.02.14-02.04.24:688][  0]LogLoad: LoadMap: /Temp/Autosaves/Game/UEDPCCardinal_Kings1?Name=Player
[2016.02.14-02.04.24:707][  0]LogParticles: Destroying 0 GPU particle simulations for FXSystem 0x0000004321227560
[2016.02.14-02.04.24:729][  0]LogMemory: Platform Memory Stats for Windows
[2016.02.14-02.04.24:729][  0]LogMemory: Process Physical Memory: 393.04 MB used, 393.04 MB peak
[2016.02.14-02.04.24:729][  0]LogMemory: Process Virtual Memory: 423.13 MB used, 423.13 MB peak
[2016.02.14-02.04.24:729][  0]LogMemory: Physical Memory: 5241.33 MB used, 7986.05 MB total
[2016.02.14-02.04.24:729][  0]LogMemory: Virtual Memory: 1001.93 MB used, 134217728.00 MB total
[2016.02.14-02.04.24:729][  0]LogMemory: 
[2016.02.14-02.04.24:729][  0]Allocator Stats for TBB: (not implemented)
[2016.02.14-02.04.25:055][  0]LogAIModule: Creating AISystem for world Cardinal_Kings1
[2016.02.14-02.04.25:061][  0]LogWorld: Game class is 'PaperGameMode_C'
[2016.02.14-02.04.25:104][  0]LogWorld: Bringing World /Temp/Autosaves/Game/UEDPCCardinal_Kings1.Cardinal_Kings1 up for play (max tick rate 0) at 2016.02.13-21.04.25
[2016.02.14-02.04.25:107][  0]LogWorld: Bringing up level for play took: 0.045263
[2016.02.14-02.04.25:109][  0]LogInit:Display: Game Engine Initialized.
[2016.02.14-02.04.25:347][  0]LogLoad: Full Startup: 6.64 seconds (BP compile: 0.06 seconds)
[2016.02.14-02.04.25:366][  0]LogWindowsTextInputMethodSystem:Display: IME system now deactivated.
[2016.02.14-02.04.25:366][  0]LogWindowsTextInputMethodSystem:Display: IME system now deactivated.
[2016.02.14-02.04.25:552][  2]LogRenderer: Reallocating scene render targets to support 1280x720 (Frame:2).
[2016.02.14-02.07.44:041][320]LogPackageName: SearchForPackageOnDisk took   0.182s to resolve Cardinal_Kings1.umap.
[2016.02.14-02.07.44:159][321]LogPackageName: SearchForPackageOnDisk took   0.115s to resolve Cardinal_Kings1.umap.
[2016.02.14-02.07.44:159][321]LogNet: Browse: /Game/Cardinal_Kings1
[2016.02.14-02.07.44:159][321]LogLoad: LoadMap: /Game/Cardinal_Kings1
[2016.02.14-02.07.44:195][321]LogParticles: Destroying 0 GPU particle simulations for FXSystem 0x0000004310D560C0
[2016.02.14-02.07.44:213][321]LogMemory: Platform Memory Stats for Windows
[2016.02.14-02.07.44:213][321]LogMemory: Process Physical Memory: 569.56 MB used, 571.92 MB peak
[2016.02.14-02.07.44:213][321]LogMemory: Process Virtual Memory: 608.27 MB used, 611.07 MB peak
[2016.02.14-02.07.44:213][321]LogMemory: Physical Memory: 5149.52 MB used, 7986.05 MB total
[2016.02.14-02.07.44:213][321]LogMemory: Virtual Memory: 1242.51 MB used, 134217728.00 MB total
[2016.02.14-02.07.44:213][321]LogMemory: 
[2016.02.14-02.07.44:213][321]Allocator Stats for TBB: (not implemented)
[2016.02.14-02.07.44:640][321]LogAIModule: Creating AISystem for world Cardinal_Kings1
[2016.02.14-02.07.44:648][321]LogWorld: Game class is 'PaperGameMode_C'
[2016.02.14-02.07.44:690][321]LogWorld: Bringing World /Game/Cardinal_Kings1.Cardinal_Kings1 up for play (max tick rate 0) at 2016.02.13-21.07.44
[2016.02.14-02.07.44:693][321]LogWorld: Bringing up level for play took: 0.044783
[2016.02.14-02.08.05:562][876]LogWindowsTextInputMethodSystem:Display: IME system now deactivated.
[2016.02.14-02.08.05:562][876]LogWindowsTextInputMethodSystem:Display: IME system now deactivated.
[2016.02.14-02.08.05:567][876]LogEngine: All Windows Closed
[2016.02.14-02.08.05:567][876]LogWindows: FPlatformMisc::RequestExit(0)
[2016.02.14-02.08.06:486][877]LogExit: Preparing to exit.
[2016.02.14-02.08.06:645][877]LogExit: Game engine shut down
[2016.02.14-02.08.06:666][877]LogParticles: Destroying 0 GPU particle simulations for FXSystem 0x0000004310F52340
[2016.02.14-02.08.06:942][877]LogExit: Object subsystem successfully closed.
[2016.02.14-02.08.06:965][877]LogD3D11RHI: Shutdown
[2016.02.14-02.08.06:965][877]LogD3D11RHI: CleanupD3DDevice
[2016.02.14-02.08.07:356][877]LogD3D11RHI: ~FD3D11DynamicRHI
[2016.02.14-02.08.07:425][877]LogModuleManager: Shutting down and abandoning module AndroidDeviceDetection (115)
[2016.02.14-02.08.07:479][877]LogModuleManager: Shutting down and abandoning module AutomationController (114)
[2016.02.14-02.08.07:479][877]LogModuleManager: Shutting down and abandoning module AutomationWorker (113)
[2016.02.14-02.08.07:479][877]LogModuleManager: Shutting down and abandoning module CharacterAI (112)
[2016.02.14-02.08.07:479][877]LogModuleManager: Shutting down and abandoning module AITestSuite (111)
[2016.02.14-02.08.07:479][877]LogModuleManager: Shutting down and abandoning module GameplayDebugger (110)
[2016.02.14-02.08.07:479][877]LogModuleManager: Shutting down and abandoning module AIModule (109)
[2016.02.14-02.08.07:479][877]LogModuleManager: Shutting down and abandoning module GameLiveStreaming (108)
[2016.02.14-02.08.07:479][877]LogModuleManager: Shutting down and abandoning module StreamingPauseRendering (107)
[2016.02.14-02.08.07:479][877]LogModuleManager: Shutting down and abandoning module ProfilerService (106)
[2016.02.14-02.08.07:505][877]LogModuleManager: Shutting down and abandoning module TaskGraph (105)
[2016.02.14-02.08.07:506][877]LogModuleManager: Shutting down and abandoning module SlateRemote (104)
[2016.02.14-02.08.07:506][877]LogModuleManager: Shutting down and abandoning module SteamVRController (103)
[2016.02.14-02.08.07:506][877]LogModuleManager: Shutting down and abandoning module SteamVR (102)
[2016.02.14-02.08.07:506][877]LogModuleManager: Shutting down and abandoning module ProceduralMeshComponent (101)
[2016.02.14-02.08.07:506][877]LogModuleManager: Shutting down and abandoning module OculusRift (100)
[2016.02.14-02.08.07:506][877]LogModuleManager: Shutting down and abandoning module OculusLibrary (99)
[2016.02.14-02.08.07:506][877]LogModuleManager: Shutting down and abandoning module LeapMotionController (98)
[2016.02.14-02.08.07:610][877]LogModuleManager: Shutting down and abandoning module CustomMeshComponent (97)
[2016.02.14-02.08.07:610][877]LogModuleManager: Shutting down and abandoning module CableComponent (96)
[2016.02.14-02.08.07:610][877]LogModuleManager: Shutting down and abandoning module ArchVisCharacter (95)
[2016.02.14-02.08.07:610][877]LogModuleManager: Shutting down and abandoning module HTML5Networking (94)
[2016.02.14-02.08.07:610][877]LogModuleManager: Shutting down and abandoning module DesktopPlatform (93)
[2016.02.14-02.08.07:610][877]LogModuleManager: Shutting down and abandoning module DirectoryWatcher (92)
[2016.02.14-02.08.07:610][877]LogModuleManager: Shutting down and abandoning module HotReload (91)
[2016.02.14-02.08.07:610][877]LogModuleManager: Shutting down and abandoning module VisualStudioSourceCodeAccess (90)
[2016.02.14-02.08.07:610][877]LogModuleManager: Shutting down and abandoning module UObjectPlugin (89)
[2016.02.14-02.08.07:610][877]LogModuleManager: Shutting down and abandoning module SubversionSourceControl (88)
[2016.02.14-02.08.07:610][877]LogModuleManager: Shutting down and abandoning module SourceControl (87)
[2016.02.14-02.08.07:610][877]LogModuleManager: Shutting down and abandoning module PerforceSourceControl (86)
[2016.02.14-02.08.07:610][877]LogModuleManager: Shutting down and abandoning module UdpMessaging (85)
[2016.02.14-02.08.07:610][877]LogModuleManager: Shutting down and abandoning module LightPropagationVolumeRuntime (84)
[2016.02.14-02.08.07:610][877]LogModuleManager: Shutting down and abandoning module Paper2D (83)
[2016.02.14-02.08.07:610][877]LogModuleManager: Shutting down and abandoning module WindowsMoviePlayer (82)
[2016.02.14-02.08.07:632][877]LogModuleManager: Shutting down and abandoning module Media (81)
[2016.02.14-02.08.07:632][877]LogModuleManager: Shutting down and abandoning module WmfMedia (80)
[2016.02.14-02.08.07:633][877]LogModuleManager: Shutting down and abandoning module OnlineBlueprintSupport (79)
[2016.02.14-02.08.07:633][877]LogModuleManager: Shutting down and abandoning module GameplayTasksEditor (78)
[2016.02.14-02.08.07:633][877]LogModuleManager: Shutting down and abandoning module PropertyEditor (77)
[2016.02.14-02.08.07:633][877]LogModuleManager: Shutting down and abandoning module BehaviorTreeEditor (76)
[2016.02.14-02.08.07:633][877]LogModuleManager: Shutting down and abandoning module FunctionalTesting (75)
[2016.02.14-02.08.07:633][877]LogModuleManager: Shutting down and abandoning module CollisionAnalyzer (74)
[2016.02.14-02.08.07:633][877]LogModuleManager: Shutting down and abandoning module WorkspaceMenuStructure (73)
[2016.02.14-02.08.07:633][877]LogModuleManager: Shutting down and abandoning module MessageLog (72)
[2016.02.14-02.08.07:633][877]LogModuleManager: Shutting down and abandoning module Sequencer (71)
[2016.02.14-02.08.07:633][877]LogModuleManager: Shutting down and abandoning module AssetTools (70)
[2016.02.14-02.08.07:633][877]LogModuleManager: Shutting down and abandoning module UMGEditor (69)
[2016.02.14-02.08.07:634][877]LogModuleManager: Shutting down and abandoning module UMG (68)
[2016.02.14-02.08.07:634][877]LogModuleManager: Shutting down and abandoning module Slate (67)
[2016.02.14-02.08.07:634][877]LogModuleManager: Shutting down and abandoning module EditorStyle (66)
[2016.02.14-02.08.07:647][877]LogModuleManager: Shutting down and abandoning module SessionServices (65)
[2016.02.14-02.08.07:647][877]LogModuleManager: Shutting down and abandoning module SourceCodeAccess (64)
[2016.02.14-02.08.07:647][877]LogModuleManager: Shutting down and abandoning module HeadMountedDisplay (63)
[2016.02.14-02.08.07:647][877]LogModuleManager: Shutting down and abandoning module XAudio2 (62)
[2016.02.14-02.08.07:647][877]LogModuleManager: Shutting down and abandoning module Networking (60)
[2016.02.14-02.08.07:647][877]LogModuleManager: Shutting down and abandoning module Core (59)
[2016.02.14-02.08.07:647][877]LogModuleManager: Shutting down and abandoning module KismetCompiler (58)
[2016.02.14-02.08.07:647][877]LogModuleManager: Shutting down and abandoning module PhysXFormats (57)
[2016.02.14-02.08.07:647][877]LogModuleManager: Shutting down and abandoning module MeshUtilities (56)
[2016.02.14-02.08.07:647][877]LogModuleManager: Shutting down and abandoning module CookingStats (55)
[2016.02.14-02.08.07:648][877]LogModuleManager: Shutting down and abandoning module DerivedDataCache (54)
[2016.02.14-02.08.07:700][877]LogDerivedDataCache: Shutdown
[2016.02.14-02.08.07:700][877]LogModuleManager: Shutting down and abandoning module ShaderFormatOpenGL (53)
[2016.02.14-02.08.07:700][877]LogModuleManager: Shutting down and abandoning module ShaderFormatD3D (52)
[2016.02.14-02.08.07:700][877]LogModuleManager: Shutting down and abandoning module MetalShaderFormat (51)
[2016.02.14-02.08.07:700][877]LogModuleManager: Shutting down and abandoning module TextureFormatUncompressed (50)
[2016.02.14-02.08.07:700][877]LogModuleManager: Shutting down and abandoning module TextureFormatPVR (49)
[2016.02.14-02.08.07:700][877]LogModuleManager: Shutting down and abandoning module TextureFormatIntelISPCTexComp (48)
[2016.02.14-02.08.07:700][877]LogModuleManager: Shutting down and abandoning module TextureFormatDXT (47)
[2016.02.14-02.08.07:700][877]LogModuleManager: Shutting down and abandoning module ImageWrapper (46)
[2016.02.14-02.08.07:700][877]LogModuleManager: Shutting down and abandoning module TextureFormatASTC (45)
[2016.02.14-02.08.07:700][877]LogModuleManager: Shutting down and abandoning module TextureFormatAndroid (44)
[2016.02.14-02.08.07:700][877]LogModuleManager: Shutting down and abandoning module AudioFormatOpus (43)
[2016.02.14-02.08.07:700][877]LogModuleManager: Shutting down and abandoning module AudioFormatOgg (42)
[2016.02.14-02.08.07:700][877]LogModuleManager: Shutting down and abandoning module AudioFormatADPCM (41)
[2016.02.14-02.08.07:700][877]LogModuleManager: Shutting down and abandoning module LinuxTargetPlatform (40)
[2016.02.14-02.08.07:700][877]LogModuleManager: Shutting down and abandoning module LinuxServerTargetPlatform (39)
[2016.02.14-02.08.07:700][877]LogModuleManager: Shutting down and abandoning module LinuxNoEditorTargetPlatform (38)
[2016.02.14-02.08.07:700][877]LogModuleManager: Shutting down and abandoning module Messaging (37)
[2016.02.14-02.08.07:700][877]LogModuleManager: Shutting down and abandoning module IOSTargetPlatform (36)
[2016.02.14-02.08.07:700][877]LogModuleManager: Shutting down and abandoning module HTML5TargetPlatform (35)
[2016.02.14-02.08.07:700][877]LogModuleManager: Shutting down and abandoning module Android_PVRTCTargetPlatform (34)
[2016.02.14-02.08.07:700][877]LogModuleManager: Shutting down and abandoning module Android_ETC2TargetPlatform (33)
[2016.02.14-02.08.07:700][877]LogModuleManager: Shutting down and abandoning module Android_ETC1TargetPlatform (32)
[2016.02.14-02.08.07:700][877]LogModuleManager: Shutting down and abandoning module Android_DXTTargetPlatform (31)
[2016.02.14-02.08.07:700][877]LogModuleManager: Shutting down and abandoning module Android_ATCTargetPlatform (30)
[2016.02.14-02.08.07:700][877]LogModuleManager: Shutting down and abandoning module Android_ASTCTargetPlatform (29)
[2016.02.14-02.08.07:700][877]LogModuleManager: Shutting down and abandoning module AndroidTargetPlatform (28)
[2016.02.14-02.08.07:700][877]LogModuleManager: Shutting down and abandoning module WindowsTargetPlatform (27)
[2016.02.14-02.08.07:700][877]LogModuleManager: Shutting down and abandoning module WindowsServerTargetPlatform (26)
[2016.02.14-02.08.07:701][877]LogModuleManager: Shutting down and abandoning module WindowsNoEditorTargetPlatform (25)
[2016.02.14-02.08.07:701][877]LogModuleManager: Shutting down and abandoning module WindowsClientTargetPlatform (24)
[2016.02.14-02.08.07:701][877]LogModuleManager: Shutting down and abandoning module AllDesktopTargetPlatform (23)
[2016.02.14-02.08.07:701][877]LogModuleManager: Shutting down and abandoning module TargetPlatform (22)
[2016.02.14-02.08.07:701][877]LogModuleManager: Shutting down and abandoning module InputCore (21)
[2016.02.14-02.08.07:701][877]LogModuleManager: Shutting down and abandoning module Settings (20)
[2016.02.14-02.08.07:701][877]LogModuleManager: Shutting down and abandoning module OnlineSubsystem (18)
[2016.02.14-02.08.07:701][877]LogModuleManager: Shutting down and abandoning module HTTP (17)
[2016.02.14-02.08.07:701][877]LogModuleManager: Shutting down and abandoning module XMPP (16)
[2016.02.14-02.08.07:702][877]LogModuleManager: Shutting down and abandoning module ExampleDeviceProfileSelector (15)
[2016.02.14-02.08.07:702][877]LogModuleManager: Shutting down and abandoning module TextureCompressor (14)
[2016.02.14-02.08.07:703][877]LogModuleManager: Shutting down and abandoning module ShaderCore (13)
[2016.02.14-02.08.07:703][877]LogModuleManager: Shutting down and abandoning module Landscape (12)
[2016.02.14-02.08.07:703][877]LogModuleManager: Shutting down and abandoning module SlateRHIRenderer (11)
[2016.02.14-02.08.07:703][877]LogModuleManager: Shutting down and abandoning module OpenGLDrv (10)
[2016.02.14-02.08.07:703][877]LogModuleManager: Shutting down and abandoning module D3D11RHI (9)
[2016.02.14-02.08.07:703][877]LogModuleManager: Shutting down and abandoning module AnimGraphRuntime (8)
[2016.02.14-02.08.07:703][877]LogModuleManager: Shutting down and abandoning module Renderer (7)
[2016.02.14-02.08.07:703][877]LogModuleManager: Shutting down and abandoning module Engine (6)
[2016.02.14-02.08.07:703][877]LogModuleManager: Shutting down and abandoning module CoreUObject (5)
[2016.02.14-02.08.07:703][877]LogModuleManager: Shutting down and abandoning module NetworkFile (4)
[2016.02.14-02.08.07:703][877]LogModuleManager: Shutting down and abandoning module StreamingFile (3)
[2016.02.14-02.08.07:704][877]LogModuleManager: Shutting down and abandoning module SandboxFile (2)
[2016.02.14-02.08.07:704][877]LogModuleManager: Shutting down and abandoning module PakFile (1)
[2016.02.14-02.08.07:705][877]LogExit: Exiting.
[2016.02.14-02.08.07:712][877]Log file closed, 02/13/16 21:08:07
