[2016.02.15-20.14.45:999][  0]Log file open, 02/15/16 15:14:45
[2016.02.15-20.14.46:015][  0]LogInit:Display: Running engine for game: Cardinal_Kings
[2016.02.15-20.14.46:015][  0]LogInit:Display: RandInit(1294463542) SRandInit(1294463543).
[2016.02.15-20.14.46:015][  0]LogTaskGraph: Started task graph with 4 named threads and 5 total threads.
[2016.02.15-20.14.46:015][  0]LogStats: Stats thread started at 0.084385
[2016.02.15-20.14.46:015][  0]LogInit: Version: 4.9.2-2707645+++depot+UE4-Releases+4.9
[2016.02.15-20.14.46:015][  0]LogInit: API Version: 2672455
[2016.02.15-20.14.46:015][  0]LogInit: Compiled (64-bit): Sep 28 2015 10:25:44
[2016.02.15-20.14.46:015][  0]LogInit: Compiled with Visual C++: 18.00.21005.01
[2016.02.15-20.14.46:015][  0]LogInit: Build Configuration: Development
[2016.02.15-20.14.46:015][  0]LogInit: Branch Name: ++depot+UE4-Releases+4.9
[2016.02.15-20.14.46:015][  0]LogInit: Command line:  
[2016.02.15-20.14.46:015][  0]LogInit: Base directory: C:/Program Files (x86)/Epic Games/4.9/Engine/Binaries/Win64/
[2016.02.15-20.14.46:015][  0]LogInit: Rocket: 1
[2016.02.15-20.14.46:093][  0]LogInit: Using libcurl 7.41.0
[2016.02.15-20.14.46:093][  0]LogInit:  - built for x86_64-pc-win32
[2016.02.15-20.14.46:093][  0]LogInit:  - supports SSL with WinSSL
[2016.02.15-20.14.46:093][  0]LogInit:  - other features:
[2016.02.15-20.14.46:093][  0]LogInit:      CURL_VERSION_SSL
[2016.02.15-20.14.46:093][  0]LogInit:      CURL_VERSION_IPV6
[2016.02.15-20.14.46:093][  0]LogInit:      CURL_VERSION_ASYNCHDNS
[2016.02.15-20.14.46:093][  0]LogInit:      CURL_VERSION_LARGEFILE
[2016.02.15-20.14.46:093][  0]LogInit:      CURL_VERSION_IDN
[2016.02.15-20.14.46:093][  0]LogInit:  CurlRequestOptions (configurable via config and command line):
[2016.02.15-20.14.46:093][  0]LogInit:  - bVerifyPeer = true  - Libcurl will verify peer certificate
[2016.02.15-20.14.46:093][  0]LogInit:  - bUseHttpProxy = false  - Libcurl will NOT use HTTP proxy
[2016.02.15-20.14.46:093][  0]LogInit:  - bDontReuseConnections = false  - Libcurl will reuse connections
[2016.02.15-20.14.46:093][  0]LogInit:  - CertBundlePath = nullptr  - Libcurl will use whatever was configured at build time.
[2016.02.15-20.14.46:108][  0]LogInit: Presizing for 0 objects not considered by GC, pre-allocating 0 bytes.
[2016.02.15-20.14.46:124][  0]LogInit: Object subsystem initialized
[2016.02.15-20.14.46:124][  0]LogInit: Selected Device Profile: [Windows]
[2016.02.15-20.14.46:124][  0]LogInit: Applying CVar settings loaded from the selected device profile: [Windows]
[2016.02.15-20.14.46:188][  0]LogInit: Computer: DESKTOP-T22LC7G
[2016.02.15-20.14.46:188][  0]LogInit: User: Shaun
[2016.02.15-20.14.46:188][  0]LogInit: CPU Page size=4096, Cores=2
[2016.02.15-20.14.46:188][  0]LogInit: High frequency timer resolution =2.343754 MHz
[2016.02.15-20.14.46:188][  0]LogMemory: Memory total: Physical=7.8GB (8GB approx)
[2016.02.15-20.14.46:188][  0]LogMemory: Platform Memory Stats for Windows
[2016.02.15-20.14.46:188][  0]LogMemory: Process Physical Memory: 53.57 MB used, 53.57 MB peak
[2016.02.15-20.14.46:188][  0]LogMemory: Process Virtual Memory: 57.09 MB used, 57.09 MB peak
[2016.02.15-20.14.46:188][  0]LogMemory: Physical Memory: 2641.78 MB used, 7986.05 MB total
[2016.02.15-20.14.46:188][  0]LogMemory: Virtual Memory: 365.38 MB used, 134217728.00 MB total
[2016.02.15-20.14.46:279][  0]LogTextLocalizationManager: No specific translations for ('en-US') exist, so ('en') translations will be used.
[2016.02.15-20.14.47:131][  0]LogD3D11RHI: Found D3D11 adapter 0: Intel(R) HD Graphics 520 (Feature Level 11_0)
[2016.02.15-20.14.47:131][  0]LogD3D11RHI: Adapter has 128MB of dedicated video memory, 0MB of dedicated system memory, and 3993MB of shared system memory, 1 output[s]
[2016.02.15-20.14.47:133][  0]LogD3D11RHI: Found D3D11 adapter 1: Microsoft Basic Render Driver (Feature Level 11_0)
[2016.02.15-20.14.47:133][  0]LogD3D11RHI: Adapter has 0MB of dedicated video memory, 0MB of dedicated system memory, and 3993MB of shared system memory, 0 output[s]
[2016.02.15-20.14.47:133][  0]LogD3D11RHI: Chosen D3D11 Adapter Id = 0
[2016.02.15-20.14.47:138][  0]LogD3D11RHI: !Direct3DDevice
[2016.02.15-20.14.47:138][  0]LogRHI: Texture pool is 1361 MB (70% of 1945 MB)
[2016.02.15-20.14.47:145][  0]LogD3D11RHI: Async texture creation enabled
[2016.02.15-20.14.47:150][  0]LogShaderCompilers: Guid format shader working directory is 15 characters bigger than the processId version (../../../../../../Users/Shaun/Desktop/Unreal Files/CGT445CardinalKings/Cardinal_Kings1/Intermediate/Shaders/WorkingDirectory/7832/).
[2016.02.15-20.14.47:151][  0]LogShaderCompilers: Cleaned the shader compiler working directory '../../../../../../Users/Shaun/Desktop/Unreal Files/CGT445CardinalKings/Cardinal_Kings1/Intermediate/Shaders/tmp/8DA07AAF472447E917BAEAA71E97E385/'.
[2016.02.15-20.14.47:151][  0]LogShaderCompilers:Display: Using Local Shader Compiler.
[2016.02.15-20.14.48:429][  0]LogTemp:Display: Loaded TP AllDesktopTargetPlatform
[2016.02.15-20.14.48:435][  0]LogTemp:Display: Loaded TP WindowsClientTargetPlatform
[2016.02.15-20.14.48:443][  0]LogTemp:Display: Loaded TP WindowsNoEditorTargetPlatform
[2016.02.15-20.14.48:449][  0]LogTemp:Display: Loaded TP WindowsServerTargetPlatform
[2016.02.15-20.14.48:455][  0]LogTemp:Display: Loaded TP WindowsTargetPlatform
[2016.02.15-20.14.48:460][  0]LogTemp:Display: Loaded TP AndroidTargetPlatform
[2016.02.15-20.14.48:464][  0]LogTemp:Display: Loaded TP Android_ASTCTargetPlatform
[2016.02.15-20.14.48:468][  0]LogTemp:Display: Loaded TP Android_ATCTargetPlatform
[2016.02.15-20.14.48:471][  0]LogTemp:Display: Loaded TP Android_DXTTargetPlatform
[2016.02.15-20.14.48:475][  0]LogTemp:Display: Loaded TP Android_ETC1TargetPlatform
[2016.02.15-20.14.48:480][  0]LogTemp:Display: Loaded TP Android_ETC2TargetPlatform
[2016.02.15-20.14.48:484][  0]LogTemp:Display: Loaded TP Android_PVRTCTargetPlatform
[2016.02.15-20.14.48:485][  0]LogTemp:Display: Loaded TP HTML5TargetPlatform
[2016.02.15-20.14.48:503][  0]LogTemp:Display: Loaded TP IOSTargetPlatform
[2016.02.15-20.14.48:507][  0]LogTemp:Display: Loaded TP LinuxNoEditorTargetPlatform
[2016.02.15-20.14.48:511][  0]LogTemp:Display: Loaded TP LinuxServerTargetPlatform
[2016.02.15-20.14.48:515][  0]LogTemp:Display: Loaded TP LinuxTargetPlatform
[2016.02.15-20.14.48:515][  0]LogTargetPlatformManager:Display: Building Assets For Windows
[2016.02.15-20.14.48:620][  0]LogDerivedDataCache:Display: Max Cache Size: 512 MB
[2016.02.15-20.14.49:190][  0]LogDerivedDataCache: Loaded boot cache 0.57s 41MB C:/Users/Shaun/AppData/Local/UnrealEngine/4.9/DerivedDataCache/Boot.ddc.
[2016.02.15-20.14.49:190][  0]LogDerivedDataCache:Display: Loaded Boot cache: C:/Users/Shaun/AppData/Local/UnrealEngine/4.9/DerivedDataCache/Boot.ddc
[2016.02.15-20.14.49:191][  0]LogDerivedDataCache: FDerivedDataBackendGraph:  Pak pak cache file ../../../../../../Users/Shaun/Desktop/Unreal Files/CGT445CardinalKings/Cardinal_Kings1/DerivedDataCache/DDC.ddp not found, will not use a pak cache.
[2016.02.15-20.14.49:191][  0]LogDerivedDataCache: Unable to find inner node Pak for hierarchical cache Hierarchy.
[2016.02.15-20.14.49:191][  0]LogDerivedDataCache: FDerivedDataBackendGraph:  CompressedPak pak cache file ../../../../../../Users/Shaun/Desktop/Unreal Files/CGT445CardinalKings/Cardinal_Kings1/DerivedDataCache/Compressed.ddp not found, will not use a pak cache.
[2016.02.15-20.14.49:191][  0]LogDerivedDataCache: Unable to find inner node CompressedPak for hierarchical cache Hierarchy.
[2016.02.15-20.14.49:451][  0]LogDerivedDataCache:Display: Pak cache opened for reading ../../../Engine/DerivedDataCache/Compressed.ddp.
[2016.02.15-20.14.49:465][  0]LogDerivedDataCache: Using Local data cache path C:/Users/Shaun/AppData/Local/UnrealEngine/Common/DerivedDataCache: Writable
[2016.02.15-20.14.49:757][  0]LogInit: Selected Device Profile: [Windows]
[2016.02.15-20.14.49:761][  0]LogContentStreaming: Texture pool size is 0.000000MB
[2016.02.15-20.14.49:991][  0]LogMeshUtilities: No automatic mesh reduction module available
[2016.02.15-20.14.49:991][  0]LogMeshUtilities: No automatic mesh merging module available
[2016.02.15-20.14.50:355][  0]LogInit: WinSock: version 1.1 (2.2), MaxSocks=32767, MaxUdp=65467
[2016.02.15-20.15.03:146][  0]UdpMessaging: Initializing bridge on interface 0.0.0.0:0 to multicast group 230.0.0.1:6666.
[2016.02.15-20.15.04:891][  0]LogAssetRegistry: FAssetRegistry took 0.0115 seconds to start up
[2016.02.15-20.15.05:297][  0]SourceControl: Info Source control is disabled
[2016.02.15-20.15.05:348][  0]SourceControl: Info Source control is disabled
[2016.02.15-20.15.05:384][  0]SourceControl: Info Source control is disabled
[2016.02.15-20.15.05:431][  0]SourceControl: Info Source control is disabled
[2016.02.15-20.15.06:568][  0]LogLinker:Warning: Asset '../../../Engine/Plugins/Runtime/LeapMotionController/Content/LM_PassthroughMaterial.uasset' has been saved with empty engine version. The asset will be loaded but may be incompatible.
[2016.02.15-20.15.06:684][  0]LogObj: 28361 objects as part of root set at end of initial load.
[2016.02.15-20.15.06:684][  0]LogUObjectAllocator: 6038864 out of 0 bytes used by permanent object pool.
[2016.02.15-20.15.06:780][  0]LogEngine: Initializing Engine...
[2016.02.15-20.15.06:784][  0]LogHMD: Can't find Oculus library dev build: is proper Runtime installed? Version: 0.7.0.0
[2016.02.15-20.15.06:785][  0]LogHMD: SteamVR failed to initialize.  Err: 110
[2016.02.15-20.15.06:973][  0]LogAIModule: Creating AISystem for world NewWorld
[2016.02.15-20.15.06:979][  0]LogInit: XAudio2 using 'Speakers (Realtek High Definition Audio)' : 2 channels at 48 kHz using 32 bits per sample (channel mask 0x3)
[2016.02.15-20.15.07:307][  0]LogInit: FAudioDevice initialized.
[2016.02.15-20.15.07:375][  0]LogDerivedDataCache: Saved boot cache 0.07s 41MB C:/Users/Shaun/AppData/Local/UnrealEngine/4.9/DerivedDataCache/Boot.ddc.
[2016.02.15-20.15.07:382][  0]LogInit: Texture streaming: Enabled
[2016.02.15-20.15.07:400][  0]LogAnalytics: Creating configured Analytics provider AnalyticsET
[2016.02.15-20.15.07:400][  0]LogAnalytics: [UEEditor.Rocket.Release] APIServer = http://et2.epicgames.com/ET2/. AppVersion = 4.9.2-2707645+++depot+UE4-Releases+4.9
[2016.02.15-20.15.07:400][  0]LogAnalytics: [UEEditor.Rocket.Release] SetUserId f6705783460c350a5f8c7aa2db56437e|0c7ed39155914bdd9dfaebe7213c2bfb|bf442abf-a0db-466a-a220-ac4ca1b74ed3
[2016.02.15-20.15.07:400][  0]LogAnalytics: [UEEditor.Rocket.Release] AnalyticsET::StartSession
[2016.02.15-20.15.07:452][  0]LogWindowsTextInputMethodSystem:Display: IME system now deactivated.
[2016.02.15-20.15.07:452][  0]LogWindowsTextInputMethodSystem:Display: IME system now deactivated.
[2016.02.15-20.15.07:512][  0]LogInit: Transaction tracking system initialized
[2016.02.15-20.15.08:140][  0]BlueprintLog: New page: Editor Load
[2016.02.15-20.15.09:555][  0]LocalizationService: Info Localization service is disabled
[2016.02.15-20.15.12:164][  0]LogConsoleResponse:Display: 
[2016.02.15-20.15.16:041][  0]LogCook:Display: Done creating registry. It took  0.00s.
[2016.02.15-20.15.17:725][  0]LogFileCache: Scanning file cache for directory 'C:/Users/Shaun/Desktop/Unreal Files/CGT445CardinalKings/Cardinal_Kings1/Content/' took 0.03s
[2016.02.15-20.15.17:752][  0]SourceControl: Info Source control is disabled
[2016.02.15-20.15.17:752][  0]Cmd: MAP LOAD FILE="../../../../../../Users/Shaun/Desktop/Unreal Files/CGT445CardinalKings/Cardinal_Kings1/Content/Cardinal_Kings1.umap" TEMPLATE=0 SHOWPROGRESS=1 FEATURELEVEL=3
[2016.02.15-20.15.17:825][  0]LightingResults: New page: Lighting Build
[2016.02.15-20.15.17:829][  0]MapCheck: New page: Map Check
[2016.02.15-20.15.17:829][  0]LightingResults: New page: Lighting Build
[2016.02.15-20.15.17:850][  0]LogParticles: Destroying 0 GPU particle simulations for FXSystem 0x00000025D2492160
[2016.02.15-20.15.18:393][  0]LogAIModule: Creating AISystem for world Cardinal_Kings1
[2016.02.15-20.15.18:440][  0]LogEditorServer: Finished looking for orphan Actors (0.000 secs)
[2016.02.15-20.15.18:441][  0]Cmd: MAP CHECKDEP NOCLEARLOG
[2016.02.15-20.15.18:515][  0]MapCheck: Info Map check complete: 0 Error(s), 0 Warning(s), took 73.163ms to complete.
[2016.02.15-20.15.18:515][  0]LogFileHelpers: Loading map 'Cardinal_Kings1' took 0.762
[2016.02.15-20.15.18:825][  0]LogCollectionManager: Loaded 0 collections in 0.003458 seconds
[2016.02.15-20.15.18:868][  0]LogFileCache: Scanning file cache for directory 'C:/Users/Shaun/Desktop/Unreal Files/CGT445CardinalKings/Cardinal_Kings1/Saved/Collections/' took 0.01s
[2016.02.15-20.15.18:868][  0]LogFileCache: Scanning file cache for directory 'C:/Users/Shaun/Desktop/Unreal Files/CGT445CardinalKings/Cardinal_Kings1/Content/Developers/Shaun/Collections/' took 0.01s
[2016.02.15-20.15.18:868][  0]LogFileCache: Scanning file cache for directory 'C:/Users/Shaun/Desktop/Unreal Files/CGT445CardinalKings/Cardinal_Kings1/Content/Collections/' took 0.01s
[2016.02.15-20.15.18:868][  0]LogContentBrowser: Native class hierarchy populated in 0.0083 seconds. Added 1867 classes and 333 folders.
[2016.02.15-20.15.18:874][  0]LogCollectionManager: Rebuilt the GUID cache for 0 collections in 0.000003 seconds
[2016.02.15-20.15.18:885][  0]LogContentBrowser: Native class hierarchy updated for 'WidgetCarousel' in 0.0004 seconds. Added 0 classes and 0 folders.
[2016.02.15-20.15.28:833][  0]LogContentBrowser: Native class hierarchy updated for 'AddContentDialog' in 0.0031 seconds. Added 0 classes and 0 folders.
[2016.02.15-20.15.28:868][  0]LogContentBrowser: Native class hierarchy updated for 'SceneOutliner' in 0.0012 seconds. Added 1 classes and 2 folders.
[2016.02.15-20.15.29:314][  0]LogCrashTracker: Crashtracker disabled due to settings.
[2016.02.15-20.15.29:334][  0]LogUObjectGlobals:Warning: Failed to find object 'Class None.'
[2016.02.15-20.15.29:359][  0]LogLoad: Full Startup: 44.54 seconds (BP compile: 0.09 seconds)
[2016.02.15-20.15.30:104][  0]LogContentStreaming: Texture pool size now 1000 MB
[2016.02.15-20.15.30:289][  0]LogRenderer: Reallocating scene render targets to support 896x488 (Frame:2).
[2016.02.15-20.15.31:315][  5]LogAssetRegistry: Asset discovery search completed in 26.4352 seconds
[2016.02.15-20.15.31:315][  5]LogCollectionManager: Rebuilt the object cache for 0 collections in 0.000001 seconds (found 0 objects)
[2016.02.15-20.15.31:315][  5]LogCollectionManager: Fixed up redirectors for 0 collections in 0.000024 seconds (updated 0 objects)
[2016.02.15-20.15.47:190][916]LogLinker:Warning: Asset '../../../Engine/Content/ArtTools/RenderToTexture/Macros/RenderToTextureMacros.uasset' has been saved with empty engine version. The asset will be loaded but may be incompatible.
[2016.02.15-20.15.47:742][916]LogContentBrowser: Native class hierarchy updated for 'BlueprintGraph' in 0.0008 seconds. Added 107 classes and 0 folders.
[2016.02.15-20.17.49:822][430]LogWindowsTextInputMethodSystem:Display: IME system now deactivated.
[2016.02.15-20.17.49:823][430]LogWindowsTextInputMethodSystem:Display: IME system now deactivated.
[2016.02.15-20.17.50:528][431]Cmd: QUIT_EDITOR
[2016.02.15-20.17.51:017][431]LogExit: Preparing to exit.
[2016.02.15-20.17.51:626][431]LogExit: Editor shut down
[2016.02.15-20.17.51:627][431]LogExit: Transaction tracking system shut down
[2016.02.15-20.17.51:633][431]LogParticles: Destroying 0 GPU particle simulations for FXSystem 0x00000025C45087C0
[2016.02.15-20.17.51:634][431]LogParticles: Destroying 0 GPU particle simulations for FXSystem 0x00000025D84EF880
[2016.02.15-20.17.51:635][431]LogParticles: Destroying 0 GPU particle simulations for FXSystem 0x00000025CDF30F40
[2016.02.15-20.17.51:635][431]LogParticles: Destroying 0 GPU particle simulations for FXSystem 0x00000025ED7F5760
[2016.02.15-20.17.51:637][431]LogParticles: Destroying 0 GPU particle simulations for FXSystem 0x00000025D85A28E0
[2016.02.15-20.17.52:282][431]LogExit: Object subsystem successfully closed.
[2016.02.15-20.17.52:307][431]LogD3D11RHI: Shutdown
[2016.02.15-20.17.52:307][431]LogD3D11RHI: CleanupD3DDevice
[2016.02.15-20.17.52:751][431]LogD3D11RHI: ~FD3D11DynamicRHI
[2016.02.15-20.17.52:811][431]LogModuleManager: Shutting down and abandoning module BlueprintGraph (198)
[2016.02.15-20.17.52:811][431]LogModuleManager: Shutting down and abandoning module CrashTracker (197)
[2016.02.15-20.17.52:811][431]LogModuleManager: Shutting down and abandoning module SceneOutliner (196)
[2016.02.15-20.17.52:811][431]LogModuleManager: Shutting down and abandoning module SuperSearch (195)
[2016.02.15-20.17.52:811][431]LogModuleManager: Shutting down and abandoning module WidgetCarousel (194)
[2016.02.15-20.17.52:811][431]LogModuleManager: Shutting down and abandoning module AddContentDialog (193)
[2016.02.15-20.17.52:813][431]LogModuleManager: Shutting down and abandoning module EditorWidgets (192)
[2016.02.15-20.17.52:813][431]LogModuleManager: Shutting down and abandoning module CollectionManager (191)
[2016.02.15-20.17.52:814][431]LogModuleManager: Shutting down and abandoning module StatsViewer (190)
[2016.02.15-20.17.52:814][431]LogModuleManager: Shutting down and abandoning module FoliageEdit (189)
[2016.02.15-20.17.52:814][431]LogModuleManager: Shutting down and abandoning module LandscapeEditor (188)
[2016.02.15-20.17.52:814][431]LogModuleManager: Shutting down and abandoning module ActorPickerMode (187)
[2016.02.15-20.17.52:814][431]LogModuleManager: Shutting down and abandoning module GeometryMode (186)
[2016.02.15-20.17.52:814][431]LogModuleManager: Shutting down and abandoning module TextureAlignMode (185)
[2016.02.15-20.17.52:814][431]LogModuleManager: Shutting down and abandoning module BspMode (184)
[2016.02.15-20.17.52:814][431]LogModuleManager: Shutting down and abandoning module PlacementMode (183)
[2016.02.15-20.17.52:814][431]LogModuleManager: Shutting down and abandoning module AutomationWorker (182)
[2016.02.15-20.17.52:814][431]LogModuleManager: Shutting down and abandoning module CharacterAI (181)
[2016.02.15-20.17.52:814][431]LogModuleManager: Shutting down and abandoning module SmartSnapping (180)
[2016.02.15-20.17.52:814][431]LogModuleManager: Shutting down and abandoning module ViewportSnapping (179)
[2016.02.15-20.17.52:814][431]LogModuleManager: Shutting down and abandoning module LogVisualizer (178)
[2016.02.15-20.17.52:815][431]LogModuleManager: Shutting down and abandoning module GameProjectGeneration (177)
[2016.02.15-20.17.52:815][431]LogModuleManager: Shutting down and abandoning module IntroTutorials (176)
[2016.02.15-20.17.52:815][431]LogModuleManager: Shutting down and abandoning module EditorLiveStreaming (175)
[2016.02.15-20.17.52:815][431]LogModuleManager: Shutting down and abandoning module IOSPlatformEditor (174)
[2016.02.15-20.17.52:815][431]LogModuleManager: Shutting down and abandoning module HTML5PlatformEditor (173)
[2016.02.15-20.17.52:815][431]LogModuleManager: Shutting down and abandoning module AndroidDeviceDetection (172)
[2016.02.15-20.17.53:006][431]LogModuleManager: Shutting down and abandoning module AndroidPlatformEditor (171)
[2016.02.15-20.17.53:006][431]LogModuleManager: Shutting down and abandoning module IOSRuntimeSettings (170)
[2016.02.15-20.17.53:006][431]LogModuleManager: Shutting down and abandoning module AndroidRuntimeSettings (169)
[2016.02.15-20.17.53:006][431]LogModuleManager: Shutting down and abandoning module MergeActors (168)
[2016.02.15-20.17.53:007][431]LogModuleManager: Shutting down and abandoning module SizeMap (167)
[2016.02.15-20.17.53:007][431]LogModuleManager: Shutting down and abandoning module TreeMap (166)
[2016.02.15-20.17.53:007][431]LogModuleManager: Shutting down and abandoning module ReferenceViewer (165)
[2016.02.15-20.17.53:007][431]LogModuleManager: Shutting down and abandoning module LocalizationService (164)
[2016.02.15-20.17.53:007][431]LogModuleManager: Shutting down and abandoning module LocalizationDashboard (163)
[2016.02.15-20.17.53:007][431]LogModuleManager: Shutting down and abandoning module HardwareTargeting (162)
[2016.02.15-20.17.53:007][431]LogModuleManager: Shutting down and abandoning module DeviceProfileEditor (161)
[2016.02.15-20.17.53:007][431]LogModuleManager: Shutting down and abandoning module UndoHistory (160)
[2016.02.15-20.17.53:007][431]LogModuleManager: Shutting down and abandoning module GameplayTagsEditor (159)
[2016.02.15-20.17.53:007][431]LogModuleManager: Shutting down and abandoning module UserFeedback (158)
[2016.02.15-20.17.53:007][431]LogModuleManager: Shutting down and abandoning module XmlParser (157)
[2016.02.15-20.17.53:008][431]LogModuleManager: Shutting down and abandoning module Blutility (156)
[2016.02.15-20.17.53:008][431]LogModuleManager: Shutting down and abandoning module ProjectTargetPlatformEditor (155)
[2016.02.15-20.17.53:008][431]LogModuleManager: Shutting down and abandoning module ProjectSettingsViewer (154)
[2016.02.15-20.17.53:008][431]LogModuleManager: Shutting down and abandoning module InputBindingEditor (153)
[2016.02.15-20.17.53:009][431]LogModuleManager: Shutting down and abandoning module EditorSettingsViewer (152)
[2016.02.15-20.17.53:009][431]LogModuleManager: Shutting down and abandoning module SettingsEditor (151)
[2016.02.15-20.17.53:009][431]LogModuleManager: Shutting down and abandoning module ProjectLauncher (150)
[2016.02.15-20.17.53:009][431]LogModuleManager: Shutting down and abandoning module SessionFrontend (149)
[2016.02.15-20.17.53:009][431]LogModuleManager: Shutting down and abandoning module ProfilerClient (148)
[2016.02.15-20.17.53:009][431]LogModuleManager: Shutting down and abandoning module TargetDeviceServices (147)
[2016.02.15-20.17.53:009][431]LogModuleManager: Shutting down and abandoning module DeviceManager (146)
[2016.02.15-20.17.53:010][431]LogModuleManager: Shutting down and abandoning module AutomationController (145)
[2016.02.15-20.17.53:010][431]LogModuleManager: Shutting down and abandoning module AutomationWindow (144)
[2016.02.15-20.17.53:010][431]LogModuleManager: Shutting down and abandoning module Layers (143)
[2016.02.15-20.17.53:010][431]LogModuleManager: Shutting down and abandoning module ComponentVisualizers (142)
[2016.02.15-20.17.53:010][431]LogModuleManager: Shutting down and abandoning module DetailCustomizations (141)
[2016.02.15-20.17.53:010][431]LogModuleManager: Shutting down and abandoning module PackagesDialog (140)
[2016.02.15-20.17.53:011][431]LogModuleManager: Shutting down and abandoning module Persona (139)
[2016.02.15-20.17.53:011][431]LogModuleManager: Shutting down and abandoning module Kismet (138)
[2016.02.15-20.17.53:011][431]LogModuleManager: Shutting down and abandoning module GraphEditor (137)
[2016.02.15-20.17.53:011][431]LogModuleManager: Shutting down and abandoning module ClassViewer (136)
[2016.02.15-20.17.53:011][431]LogModuleManager: Shutting down and abandoning module Toolbox (135)
[2016.02.15-20.17.53:011][431]LogModuleManager: Shutting down and abandoning module ModuleUI (134)
[2016.02.15-20.17.53:011][431]LogModuleManager: Shutting down and abandoning module MovieSceneTools (133)
[2016.02.15-20.17.53:011][431]LogModuleManager: Shutting down and abandoning module OutputLog (132)
[2016.02.15-20.17.53:012][431]LogModuleManager: Shutting down and abandoning module GammaUI (131)
[2016.02.15-20.17.53:012][431]LogModuleManager: Shutting down and abandoning module Documentation (130)
[2016.02.15-20.17.53:012][431]LogModuleManager: Shutting down and abandoning module GameLiveStreaming (129)
[2016.02.15-20.17.53:012][431]LogModuleManager: Shutting down and abandoning module StreamingPauseRendering (128)
[2016.02.15-20.17.53:012][431]LogModuleManager: Shutting down and abandoning module AnalyticsET (127)
[2016.02.15-20.17.53:012][431]LogModuleManager: Shutting down and abandoning module Analytics (126)
[2016.02.15-20.17.53:012][431]LogModuleManager: Shutting down and abandoning module AITestSuite (125)
[2016.02.15-20.17.53:012][431]LogModuleManager: Shutting down and abandoning module GameplayDebugger (124)
[2016.02.15-20.17.53:012][431]LogModuleManager: Shutting down and abandoning module AIModule (123)
[2016.02.15-20.17.53:012][431]LogModuleManager: Shutting down and abandoning module ProfilerService (122)
[2016.02.15-20.17.53:108][431]LogModuleManager: Shutting down and abandoning module TaskGraph (121)
[2016.02.15-20.17.53:108][431]LogModuleManager: Shutting down and abandoning module SlateRemote (120)
[2016.02.15-20.17.53:108][431]LogModuleManager: Shutting down and abandoning module SteamVRController (119)
[2016.02.15-20.17.53:108][431]LogModuleManager: Shutting down and abandoning module SteamVR (118)
[2016.02.15-20.17.53:108][431]LogModuleManager: Shutting down and abandoning module ProceduralMeshComponent (117)
[2016.02.15-20.17.53:108][431]LogModuleManager: Shutting down and abandoning module OculusRift (116)
[2016.02.15-20.17.53:108][431]LogModuleManager: Shutting down and abandoning module OculusLibrary (115)
[2016.02.15-20.17.53:108][431]LogModuleManager: Shutting down and abandoning module LeapMotionController (114)
[2016.02.15-20.17.53:207][431]LogModuleManager: Shutting down and abandoning module CustomMeshComponent (113)
[2016.02.15-20.17.53:207][431]LogModuleManager: Shutting down and abandoning module CableComponent (112)
[2016.02.15-20.17.53:208][431]LogModuleManager: Shutting down and abandoning module ArchVisCharacter (111)
[2016.02.15-20.17.53:208][431]LogModuleManager: Shutting down and abandoning module MessagingDebugger (110)
[2016.02.15-20.17.53:208][431]LogModuleManager: Shutting down and abandoning module MediaPlayerEditor (109)
[2016.02.15-20.17.53:208][431]LogModuleManager: Shutting down and abandoning module HTML5Networking (108)
[2016.02.15-20.17.53:208][431]LogModuleManager: Shutting down and abandoning module SpeedTreeImporter (107)
[2016.02.15-20.17.53:208][431]LogModuleManager: Shutting down and abandoning module PluginBrowser (106)
[2016.02.15-20.17.53:208][431]LogModuleManager: Shutting down and abandoning module EpicSurvey (105)
[2016.02.15-20.17.53:208][431]LogModuleManager: Shutting down and abandoning module DesktopPlatform (104)
[2016.02.15-20.17.53:208][431]LogModuleManager: Shutting down and abandoning module VisualStudioSourceCodeAccess (103)
[2016.02.15-20.17.53:208][431]LogModuleManager: Shutting down and abandoning module UObjectPlugin (102)
[2016.02.15-20.17.53:208][431]LogModuleManager: Shutting down and abandoning module SubversionSourceControl (101)
[2016.02.15-20.17.53:209][431]LogModuleManager: Shutting down and abandoning module PerforceSourceControl (100)
[2016.02.15-20.17.53:209][431]LogModuleManager: Shutting down and abandoning module SourceControl (99)
[2016.02.15-20.17.53:209][431]LogModuleManager: Shutting down and abandoning module GitSourceControl (98)
[2016.02.15-20.17.53:209][431]LogModuleManager: Shutting down and abandoning module LightPropagationVolumeEditor (97)
[2016.02.15-20.17.53:209][431]LogModuleManager: Shutting down and abandoning module PaperTiledImporter (96)
[2016.02.15-20.17.53:209][431]LogModuleManager: Shutting down and abandoning module PaperSpriteSheetImporter (95)
[2016.02.15-20.17.53:209][431]LogModuleManager: Shutting down and abandoning module MeshPaint (94)
[2016.02.15-20.17.53:209][431]LogModuleManager: Shutting down and abandoning module SlateReflector (93)
[2016.02.15-20.17.53:209][431]LogModuleManager: Shutting down and abandoning module HotReload (92)
[2016.02.15-20.17.53:209][431]LogModuleManager: Shutting down and abandoning module MainFrame (91)
[2016.02.15-20.17.53:209][431]LogModuleManager: Shutting down and abandoning module LevelEditor (90)
[2016.02.15-20.17.53:214][431]LogModuleManager: Shutting down and abandoning module DirectoryWatcher (89)
[2016.02.15-20.17.53:217][431]LogModuleManager: Shutting down and abandoning module AssetRegistry (88)
[2016.02.15-20.17.53:346][431]LogModuleManager: Shutting down and abandoning module ContentBrowser (87)
[2016.02.15-20.17.53:349][431]LogModuleManager: Shutting down and abandoning module Paper2DEditor (86)
[2016.02.15-20.17.53:349][431]LogModuleManager: Shutting down and abandoning module UdpMessaging (85)
[2016.02.15-20.17.53:450][431]LogModuleManager: Shutting down and abandoning module LightPropagationVolumeRuntime (84)
[2016.02.15-20.17.53:450][431]LogModuleManager: Shutting down and abandoning module Paper2D (83)
[2016.02.15-20.17.53:450][431]LogModuleManager: Shutting down and abandoning module WindowsMoviePlayer (82)
[2016.02.15-20.17.53:462][431]LogModuleManager: Shutting down and abandoning module Media (81)
[2016.02.15-20.17.53:463][431]LogModuleManager: Shutting down and abandoning module WmfMedia (80)
[2016.02.15-20.17.53:463][431]LogModuleManager: Shutting down and abandoning module OnlineBlueprintSupport (79)
[2016.02.15-20.17.53:463][431]LogModuleManager: Shutting down and abandoning module GameplayTasksEditor (78)
[2016.02.15-20.17.53:463][431]LogModuleManager: Shutting down and abandoning module PropertyEditor (77)
[2016.02.15-20.17.53:463][431]LogModuleManager: Shutting down and abandoning module BehaviorTreeEditor (76)
[2016.02.15-20.17.53:463][431]LogModuleManager: Shutting down and abandoning module FunctionalTesting (75)
[2016.02.15-20.17.53:463][431]LogModuleManager: Shutting down and abandoning module CollisionAnalyzer (74)
[2016.02.15-20.17.53:463][431]LogModuleManager: Shutting down and abandoning module WorkspaceMenuStructure (73)
[2016.02.15-20.17.53:463][431]LogModuleManager: Shutting down and abandoning module MessageLog (72)
[2016.02.15-20.17.53:464][431]LogModuleManager: Shutting down and abandoning module Sequencer (71)
[2016.02.15-20.17.53:464][431]LogModuleManager: Shutting down and abandoning module AssetTools (70)
[2016.02.15-20.17.53:464][431]LogModuleManager: Shutting down and abandoning module UMGEditor (69)
[2016.02.15-20.17.53:464][431]LogModuleManager: Shutting down and abandoning module UMG (68)
[2016.02.15-20.17.53:464][431]LogModuleManager: Shutting down and abandoning module Slate (67)
[2016.02.15-20.17.53:464][431]LogModuleManager: Shutting down and abandoning module EditorStyle (66)
[2016.02.15-20.17.53:476][431]LogModuleManager: Shutting down and abandoning module SessionServices (65)
[2016.02.15-20.17.53:476][431]LogModuleManager: Shutting down and abandoning module SourceCodeAccess (64)
[2016.02.15-20.17.53:476][431]LogModuleManager: Shutting down and abandoning module HeadMountedDisplay (63)
[2016.02.15-20.17.53:476][431]LogModuleManager: Shutting down and abandoning module XAudio2 (62)
[2016.02.15-20.17.53:476][431]LogModuleManager: Shutting down and abandoning module Networking (60)
[2016.02.15-20.17.53:476][431]LogModuleManager: Shutting down and abandoning module Core (59)
[2016.02.15-20.17.53:476][431]LogModuleManager: Shutting down and abandoning module KismetCompiler (58)
[2016.02.15-20.17.53:476][431]LogModuleManager: Shutting down and abandoning module PhysXFormats (57)
[2016.02.15-20.17.53:477][431]LogModuleManager: Shutting down and abandoning module MeshUtilities (56)
[2016.02.15-20.17.53:477][431]LogModuleManager: Shutting down and abandoning module CookingStats (55)
[2016.02.15-20.17.53:478][431]LogModuleManager: Shutting down and abandoning module DerivedDataCache (54)
[2016.02.15-20.17.53:543][431]LogDerivedDataCache: Shutdown
[2016.02.15-20.17.53:543][431]LogModuleManager: Shutting down and abandoning module ShaderFormatOpenGL (53)
[2016.02.15-20.17.53:544][431]LogModuleManager: Shutting down and abandoning module ShaderFormatD3D (52)
[2016.02.15-20.17.53:544][431]LogModuleManager: Shutting down and abandoning module MetalShaderFormat (51)
[2016.02.15-20.17.53:544][431]LogModuleManager: Shutting down and abandoning module TextureFormatUncompressed (50)
[2016.02.15-20.17.53:544][431]LogModuleManager: Shutting down and abandoning module TextureFormatPVR (49)
[2016.02.15-20.17.53:544][431]LogModuleManager: Shutting down and abandoning module TextureFormatIntelISPCTexComp (48)
[2016.02.15-20.17.53:544][431]LogModuleManager: Shutting down and abandoning module TextureFormatDXT (47)
[2016.02.15-20.17.53:544][431]LogModuleManager: Shutting down and abandoning module ImageWrapper (46)
[2016.02.15-20.17.53:544][431]LogModuleManager: Shutting down and abandoning module TextureFormatASTC (45)
[2016.02.15-20.17.53:544][431]LogModuleManager: Shutting down and abandoning module TextureFormatAndroid (44)
[2016.02.15-20.17.53:545][431]LogModuleManager: Shutting down and abandoning module AudioFormatOpus (43)
[2016.02.15-20.17.53:545][431]LogModuleManager: Shutting down and abandoning module AudioFormatOgg (42)
[2016.02.15-20.17.53:545][431]LogModuleManager: Shutting down and abandoning module AudioFormatADPCM (41)
[2016.02.15-20.17.53:546][431]LogModuleManager: Shutting down and abandoning module LinuxTargetPlatform (40)
[2016.02.15-20.17.53:547][431]LogModuleManager: Shutting down and abandoning module LinuxServerTargetPlatform (39)
[2016.02.15-20.17.53:547][431]LogModuleManager: Shutting down and abandoning module LinuxNoEditorTargetPlatform (38)
[2016.02.15-20.17.53:547][431]LogModuleManager: Shutting down and abandoning module Messaging (37)
[2016.02.15-20.17.53:547][431]LogModuleManager: Shutting down and abandoning module IOSTargetPlatform (36)
[2016.02.15-20.17.53:547][431]LogModuleManager: Shutting down and abandoning module HTML5TargetPlatform (35)
[2016.02.15-20.17.53:547][431]LogModuleManager: Shutting down and abandoning module Android_PVRTCTargetPlatform (34)
[2016.02.15-20.17.53:547][431]LogModuleManager: Shutting down and abandoning module Android_ETC2TargetPlatform (33)
[2016.02.15-20.17.53:547][431]LogModuleManager: Shutting down and abandoning module Android_ETC1TargetPlatform (32)
[2016.02.15-20.17.53:547][431]LogModuleManager: Shutting down and abandoning module Android_DXTTargetPlatform (31)
[2016.02.15-20.17.53:547][431]LogModuleManager: Shutting down and abandoning module Android_ATCTargetPlatform (30)
[2016.02.15-20.17.53:547][431]LogModuleManager: Shutting down and abandoning module Android_ASTCTargetPlatform (29)
[2016.02.15-20.17.53:547][431]LogModuleManager: Shutting down and abandoning module AndroidTargetPlatform (28)
[2016.02.15-20.17.53:547][431]LogModuleManager: Shutting down and abandoning module WindowsTargetPlatform (27)
[2016.02.15-20.17.53:547][431]LogModuleManager: Shutting down and abandoning module WindowsServerTargetPlatform (26)
[2016.02.15-20.17.53:547][431]LogModuleManager: Shutting down and abandoning module WindowsNoEditorTargetPlatform (25)
[2016.02.15-20.17.53:548][431]LogModuleManager: Shutting down and abandoning module WindowsClientTargetPlatform (24)
[2016.02.15-20.17.53:548][431]LogModuleManager: Shutting down and abandoning module AllDesktopTargetPlatform (23)
[2016.02.15-20.17.53:548][431]LogModuleManager: Shutting down and abandoning module TargetPlatform (22)
[2016.02.15-20.17.53:548][431]LogModuleManager: Shutting down and abandoning module InputCore (21)
[2016.02.15-20.17.53:548][431]LogModuleManager: Shutting down and abandoning module Settings (20)
[2016.02.15-20.17.53:548][431]LogModuleManager: Shutting down and abandoning module OnlineSubsystem (18)
[2016.02.15-20.17.53:548][431]LogModuleManager: Shutting down and abandoning module HTTP (17)
[2016.02.15-20.17.55:557][431]LogModuleManager: Shutting down and abandoning module XMPP (16)
[2016.02.15-20.17.55:558][431]LogModuleManager: Shutting down and abandoning module ExampleDeviceProfileSelector (15)
[2016.02.15-20.17.55:558][431]LogModuleManager: Shutting down and abandoning module TextureCompressor (14)
[2016.02.15-20.17.55:558][431]LogModuleManager: Shutting down and abandoning module ShaderCore (13)
[2016.02.15-20.17.55:558][431]LogModuleManager: Shutting down and abandoning module Landscape (12)
[2016.02.15-20.17.55:559][431]LogModuleManager: Shutting down and abandoning module SlateRHIRenderer (11)
[2016.02.15-20.17.55:566][431]LogModuleManager: Shutting down and abandoning module OpenGLDrv (10)
[2016.02.15-20.17.55:567][431]LogModuleManager: Shutting down and abandoning module D3D11RHI (9)
[2016.02.15-20.17.55:567][431]LogModuleManager: Shutting down and abandoning module AnimGraphRuntime (8)
[2016.02.15-20.17.55:567][431]LogModuleManager: Shutting down and abandoning module Renderer (7)
[2016.02.15-20.17.55:567][431]LogModuleManager: Shutting down and abandoning module Engine (6)
[2016.02.15-20.17.55:567][431]LogModuleManager: Shutting down and abandoning module CoreUObject (5)
[2016.02.15-20.17.55:568][431]LogModuleManager: Shutting down and abandoning module NetworkFile (4)
[2016.02.15-20.17.55:568][431]LogModuleManager: Shutting down and abandoning module StreamingFile (3)
[2016.02.15-20.17.55:568][431]LogModuleManager: Shutting down and abandoning module SandboxFile (2)
[2016.02.15-20.17.55:568][431]LogModuleManager: Shutting down and abandoning module PakFile (1)
[2016.02.15-20.17.55:570][431]LogExit: Exiting.
[2016.02.15-20.17.55:576][431]Log file closed, 02/15/16 15:17:55
