[2016.02.14-01.36.22:251][  0]Log file open, 02/13/16 20:36:22
[2016.02.14-01.36.22:251][  0]LogInit:Display: Running engine for game: Cardinal_Kings
[2016.02.14-01.36.22:251][  0]LogInit:Display: RandInit(-102503002) SRandInit(-102502998).
[2016.02.14-01.36.22:251][  0]LogTaskGraph: Started task graph with 4 named threads and 5 total threads.
[2016.02.14-01.36.22:251][  0]LogStats: Stats thread started at 0.171059
[2016.02.14-01.36.22:251][  0]LogInit: Version: 4.9.2-2707645+++depot+UE4-Releases+4.9
[2016.02.14-01.36.22:251][  0]LogInit: API Version: 2672455
[2016.02.14-01.36.22:251][  0]LogInit: Compiled (64-bit): Sep 28 2015 10:25:44
[2016.02.14-01.36.22:251][  0]LogInit: Compiled with Visual C++: 18.00.21005.01
[2016.02.14-01.36.22:251][  0]LogInit: Build Configuration: Development
[2016.02.14-01.36.22:251][  0]LogInit: Branch Name: ++depot+UE4-Releases+4.9
[2016.02.14-01.36.22:251][  0]LogInit: Command line:  /Temp/Autosaves/Game/UEDPCCardinal_Kings1 -game -PIEVIACONSOLE -ResX=1280 -ResY=720  -Multiprocess 
[2016.02.14-01.36.22:251][  0]LogInit: Base directory: C:/Program Files (x86)/Epic Games/4.9/Engine/Binaries/Win64/
[2016.02.14-01.36.22:251][  0]LogInit: Rocket: 1
[2016.02.14-01.36.22:319][  0]LogInit: Using libcurl 7.41.0
[2016.02.14-01.36.22:319][  0]LogInit:  - built for x86_64-pc-win32
[2016.02.14-01.36.22:319][  0]LogInit:  - supports SSL with WinSSL
[2016.02.14-01.36.22:319][  0]LogInit:  - other features:
[2016.02.14-01.36.22:319][  0]LogInit:      CURL_VERSION_SSL
[2016.02.14-01.36.22:319][  0]LogInit:      CURL_VERSION_IPV6
[2016.02.14-01.36.22:319][  0]LogInit:      CURL_VERSION_ASYNCHDNS
[2016.02.14-01.36.22:319][  0]LogInit:      CURL_VERSION_LARGEFILE
[2016.02.14-01.36.22:319][  0]LogInit:      CURL_VERSION_IDN
[2016.02.14-01.36.22:319][  0]LogInit:  CurlRequestOptions (configurable via config and command line):
[2016.02.14-01.36.22:319][  0]LogInit:  - bVerifyPeer = true  - Libcurl will verify peer certificate
[2016.02.14-01.36.22:319][  0]LogInit:  - bUseHttpProxy = false  - Libcurl will NOT use HTTP proxy
[2016.02.14-01.36.22:319][  0]LogInit:  - bDontReuseConnections = false  - Libcurl will reuse connections
[2016.02.14-01.36.22:319][  0]LogInit:  - CertBundlePath = nullptr  - Libcurl will use whatever was configured at build time.
[2016.02.14-01.36.22:349][  0]LogInit: Presizing for 0 objects not considered by GC, pre-allocating 0 bytes.
[2016.02.14-01.36.22:380][  0]LogInit: Object subsystem initialized
[2016.02.14-01.36.22:385][  0]LogInit: Selected Device Profile: [Windows]
[2016.02.14-01.36.22:385][  0]LogInit: Applying CVar settings loaded from the selected device profile: [Windows]
[2016.02.14-01.36.22:405][  0]LogInit: Computer: DESKTOP-T22LC7G
[2016.02.14-01.36.22:405][  0]LogInit: User: Shaun
[2016.02.14-01.36.22:405][  0]LogInit: CPU Page size=4096, Cores=2
[2016.02.14-01.36.22:405][  0]LogInit: High frequency timer resolution =2.343749 MHz
[2016.02.14-01.36.22:406][  0]LogMemory: Memory total: Physical=7.8GB (8GB approx)
[2016.02.14-01.36.22:406][  0]LogMemory: Platform Memory Stats for Windows
[2016.02.14-01.36.22:406][  0]LogMemory: Process Physical Memory: 53.34 MB used, 53.34 MB peak
[2016.02.14-01.36.22:406][  0]LogMemory: Process Virtual Memory: 57.11 MB used, 57.11 MB peak
[2016.02.14-01.36.22:406][  0]LogMemory: Physical Memory: 5146.88 MB used, 7986.05 MB total
[2016.02.14-01.36.22:406][  0]LogMemory: Virtual Memory: 365.38 MB used, 134217728.00 MB total
[2016.02.14-01.36.22:481][  0]LogTextLocalizationManager: No specific translations for ('en-US') exist, so ('en') translations will be used.
[2016.02.14-01.36.23:910][  0]LogD3D11RHI: Found D3D11 adapter 0: Intel(R) HD Graphics 520 (Feature Level 11_0)
[2016.02.14-01.36.23:911][  0]LogD3D11RHI: Adapter has 128MB of dedicated video memory, 0MB of dedicated system memory, and 3993MB of shared system memory, 1 output[s]
[2016.02.14-01.36.23:916][  0]LogD3D11RHI: Found D3D11 adapter 1: Microsoft Basic Render Driver (Feature Level 11_0)
[2016.02.14-01.36.23:916][  0]LogD3D11RHI: Adapter has 0MB of dedicated video memory, 0MB of dedicated system memory, and 3993MB of shared system memory, 0 output[s]
[2016.02.14-01.36.23:916][  0]LogD3D11RHI: Chosen D3D11 Adapter Id = 0
[2016.02.14-01.36.23:927][  0]LogD3D11RHI: !Direct3DDevice
[2016.02.14-01.36.23:927][  0]LogRHI: Texture pool is 1361 MB (70% of 1945 MB)
[2016.02.14-01.36.23:934][  0]LogD3D11RHI: Async texture creation enabled
[2016.02.14-01.36.23:941][  0]LogShaderCompilers: Guid format shader working directory is 15 characters bigger than the processId version (../../../../../../Users/Shaun/Desktop/Unreal Files/CGT445CardinalKings/Cardinal_Kings1/Intermediate/Shaders/WorkingDirectory/3284/).
[2016.02.14-01.36.23:942][  0]LogShaderCompilers: Cleaned the shader compiler working directory '../../../../../../Users/Shaun/Desktop/Unreal Files/CGT445CardinalKings/Cardinal_Kings1/Intermediate/Shaders/tmp/8E3C41A343E28F930E5447B25DA85BEF/'.
[2016.02.14-01.36.23:942][  0]LogShaderCompilers:Display: Using Local Shader Compiler.
[2016.02.14-01.36.25:398][  0]LogTemp:Display: Loaded TP AllDesktopTargetPlatform
[2016.02.14-01.36.25:405][  0]LogTemp:Display: Loaded TP WindowsClientTargetPlatform
[2016.02.14-01.36.25:413][  0]LogTemp:Display: Loaded TP WindowsNoEditorTargetPlatform
[2016.02.14-01.36.25:420][  0]LogTemp:Display: Loaded TP WindowsServerTargetPlatform
[2016.02.14-01.36.25:427][  0]LogTemp:Display: Loaded TP WindowsTargetPlatform
[2016.02.14-01.36.25:431][  0]LogTemp:Display: Loaded TP AndroidTargetPlatform
[2016.02.14-01.36.25:436][  0]LogTemp:Display: Loaded TP Android_ASTCTargetPlatform
[2016.02.14-01.36.25:440][  0]LogTemp:Display: Loaded TP Android_ATCTargetPlatform
[2016.02.14-01.36.25:446][  0]LogTemp:Display: Loaded TP Android_DXTTargetPlatform
[2016.02.14-01.36.25:450][  0]LogTemp:Display: Loaded TP Android_ETC1TargetPlatform
[2016.02.14-01.36.25:455][  0]LogTemp:Display: Loaded TP Android_ETC2TargetPlatform
[2016.02.14-01.36.25:459][  0]LogTemp:Display: Loaded TP Android_PVRTCTargetPlatform
[2016.02.14-01.36.25:460][  0]LogTemp:Display: Loaded TP HTML5TargetPlatform
[2016.02.14-01.36.25:482][  0]LogTemp:Display: Loaded TP IOSTargetPlatform
[2016.02.14-01.36.25:486][  0]LogTemp:Display: Loaded TP LinuxNoEditorTargetPlatform
[2016.02.14-01.36.25:490][  0]LogTemp:Display: Loaded TP LinuxServerTargetPlatform
[2016.02.14-01.36.25:495][  0]LogTemp:Display: Loaded TP LinuxTargetPlatform
[2016.02.14-01.36.25:495][  0]LogTargetPlatformManager:Display: Building Assets For Windows
[2016.02.14-01.36.25:613][  0]LogDerivedDataCache:Display: Max Cache Size: 512 MB
[2016.02.14-01.36.25:670][  0]LogDerivedDataCache: Loaded boot cache 0.06s 41MB C:/Users/Shaun/AppData/Local/UnrealEngine/4.9/DerivedDataCache/Boot.ddc.
[2016.02.14-01.36.25:670][  0]LogDerivedDataCache:Display: Loaded Boot cache: C:/Users/Shaun/AppData/Local/UnrealEngine/4.9/DerivedDataCache/Boot.ddc
[2016.02.14-01.36.25:670][  0]LogDerivedDataCache: FDerivedDataBackendGraph:  Pak pak cache file ../../../../../../Users/Shaun/Desktop/Unreal Files/CGT445CardinalKings/Cardinal_Kings1/DerivedDataCache/DDC.ddp not found, will not use a pak cache.
[2016.02.14-01.36.25:670][  0]LogDerivedDataCache: Unable to find inner node Pak for hierarchical cache Hierarchy.
[2016.02.14-01.36.25:671][  0]LogDerivedDataCache: FDerivedDataBackendGraph:  CompressedPak pak cache file ../../../../../../Users/Shaun/Desktop/Unreal Files/CGT445CardinalKings/Cardinal_Kings1/DerivedDataCache/Compressed.ddp not found, will not use a pak cache.
[2016.02.14-01.36.25:671][  0]LogDerivedDataCache: Unable to find inner node CompressedPak for hierarchical cache Hierarchy.
[2016.02.14-01.36.25:836][  0]LogDerivedDataCache:Display: Pak cache opened for reading ../../../Engine/DerivedDataCache/Compressed.ddp.
[2016.02.14-01.36.25:848][  0]LogDerivedDataCache: Using Local data cache path C:/Users/Shaun/AppData/Local/UnrealEngine/Common/DerivedDataCache: Writable
[2016.02.14-01.36.26:059][  0]LogInit: Selected Device Profile: [Windows]
[2016.02.14-01.36.26:062][  0]LogContentStreaming: Texture pool size is 1000.000000MB
[2016.02.14-01.36.26:217][  0]LogMeshUtilities: No automatic mesh reduction module available
[2016.02.14-01.36.26:217][  0]LogMeshUtilities: No automatic mesh merging module available
[2016.02.14-01.36.26:518][  0]LogInit: WinSock: version 1.1 (2.2), MaxSocks=32767, MaxUdp=65467
[2016.02.14-01.36.26:801][  0]LogWindowsMoviePlayer: Unable to load movie: ../../../../../../Users/Shaun/Desktop/Unreal Files/CGT445CardinalKings/Cardinal_Kings1/Content/Movies/Default_Startup.mp4
[2016.02.14-01.36.27:021][  0]SourceControl: Info Source control is disabled
[2016.02.14-01.36.27:021][  0]SourceControl: Info Source control is disabled
[2016.02.14-01.36.27:052][  0]SourceControl: Info Source control is disabled
[2016.02.14-01.36.27:227][  0]LogLinker:Warning: Asset '../../../Engine/Plugins/Runtime/LeapMotionController/Content/LM_PassthroughMaterial.uasset' has been saved with empty engine version. The asset will be loaded but may be incompatible.
[2016.02.14-01.36.27:364][  0]LogObj: 27669 objects as part of root set at end of initial load.
[2016.02.14-01.36.27:364][  0]LogUObjectAllocator: 5775704 out of 0 bytes used by permanent object pool.
[2016.02.14-01.36.27:443][  0]LogEngine: Initializing Engine...
[2016.02.14-01.36.27:446][  0]LogHMD: Can't find Oculus library dev build: is proper Runtime installed? Version: 0.7.0.0
[2016.02.14-01.36.27:446][  0]LogHMD: SteamVR failed to initialize.  Err: 110
[2016.02.14-01.36.27:635][  0]LogInit: XAudio2 using 'Speakers (Realtek High Definition Audio)' : 2 channels at 48 kHz using 32 bits per sample (channel mask 0x3)
[2016.02.14-01.36.27:664][  0]LogInit: FAudioDevice initialized.
[2016.02.14-01.36.27:677][  0]LogInit: Texture streaming: Enabled
[2016.02.14-01.36.27:809][  0]LogNet: Browse: /Temp/Autosaves/Game/UEDPCCardinal_Kings1?Name=Player
[2016.02.14-01.36.27:810][  0]LogLoad: LoadMap: /Temp/Autosaves/Game/UEDPCCardinal_Kings1?Name=Player
[2016.02.14-01.36.27:831][  0]LogParticles: Destroying 0 GPU particle simulations for FXSystem 0x0000009BE1AE7560
[2016.02.14-01.36.27:857][  0]LogMemory: Platform Memory Stats for Windows
[2016.02.14-01.36.27:857][  0]LogMemory: Process Physical Memory: 394.15 MB used, 394.15 MB peak
[2016.02.14-01.36.27:857][  0]LogMemory: Process Virtual Memory: 421.01 MB used, 421.01 MB peak
[2016.02.14-01.36.27:857][  0]LogMemory: Physical Memory: 5382.82 MB used, 7986.05 MB total
[2016.02.14-01.36.27:857][  0]LogMemory: Virtual Memory: 999.74 MB used, 134217728.00 MB total
[2016.02.14-01.36.27:857][  0]LogMemory: 
[2016.02.14-01.36.27:857][  0]Allocator Stats for TBB: (not implemented)
[2016.02.14-01.36.28:253][  0]LogAIModule: Creating AISystem for world Cardinal_Kings1
[2016.02.14-01.36.28:260][  0]LogWorld: Game class is 'PaperGameMode_C'
[2016.02.14-01.36.28:300][  0]LogWorld: Bringing World /Temp/Autosaves/Game/UEDPCCardinal_Kings1.Cardinal_Kings1 up for play (max tick rate 0) at 2016.02.13-20.36.28
[2016.02.14-01.36.28:306][  0]LogWorld: Bringing up level for play took: 0.045312
[2016.02.14-01.36.28:309][  0]LogInit:Display: Game Engine Initialized.
[2016.02.14-01.36.28:567][  0]LogLoad: Full Startup: 7.27 seconds (BP compile: 0.06 seconds)
[2016.02.14-01.36.28:585][  0]LogWindowsTextInputMethodSystem:Display: IME system now deactivated.
[2016.02.14-01.36.28:585][  0]LogWindowsTextInputMethodSystem:Display: IME system now deactivated.
[2016.02.14-01.36.28:713][  2]LogRenderer: Reallocating scene render targets to support 1280x720 (Frame:2).
[2016.02.14-01.36.53:136][582]LogCharacterMovement: MyCharacter_C_0 is stuck and failed to move!
[2016.02.14-01.36.53:185][583]LogCharacterMovement: MyCharacter_C_0 is stuck and failed to move!
[2016.02.14-01.36.53:308][584]LogCharacterMovement: MyCharacter_C_0 is stuck and failed to move!
[2016.02.14-01.36.53:342][585]LogCharacterMovement: MyCharacter_C_0 is stuck and failed to move!
[2016.02.14-01.36.53:385][586]LogCharacterMovement: MyCharacter_C_0 is stuck and failed to move!
[2016.02.14-01.36.53:429][587]LogCharacterMovement: MyCharacter_C_0 is stuck and failed to move!
[2016.02.14-01.36.53:670][594]LogCharacterMovement: MyCharacter_C_0 is stuck and failed to move!
[2016.02.14-01.36.53:700][595]LogCharacterMovement: MyCharacter_C_0 is stuck and failed to move!
[2016.02.14-01.36.53:740][596]LogCharacterMovement: MyCharacter_C_0 is stuck and failed to move!
[2016.02.14-01.36.53:779][597]LogCharacterMovement: MyCharacter_C_0 is stuck and failed to move!
[2016.02.14-01.36.53:822][598]LogCharacterMovement: MyCharacter_C_0 is stuck and failed to move!
[2016.02.14-01.36.53:865][599]LogCharacterMovement: MyCharacter_C_0 is stuck and failed to move!
[2016.02.14-01.36.53:910][600]LogCharacterMovement: MyCharacter_C_0 is stuck and failed to move!
[2016.02.14-01.36.53:952][601]LogCharacterMovement: MyCharacter_C_0 is stuck and failed to move!
[2016.02.14-01.36.53:990][602]LogCharacterMovement: MyCharacter_C_0 is stuck and failed to move!
[2016.02.14-01.36.54:159][606]LogCharacterMovement: MyCharacter_C_0 is stuck and failed to move!
[2016.02.14-01.36.54:199][607]LogCharacterMovement: MyCharacter_C_0 is stuck and failed to move!
[2016.02.14-01.36.54:240][608]LogCharacterMovement: MyCharacter_C_0 is stuck and failed to move!
[2016.02.14-01.36.54:285][609]LogCharacterMovement: MyCharacter_C_0 is stuck and failed to move!
[2016.02.14-01.36.54:321][610]LogCharacterMovement: MyCharacter_C_0 is stuck and failed to move!
[2016.02.14-01.36.54:361][611]LogCharacterMovement: MyCharacter_C_0 is stuck and failed to move!
[2016.02.14-01.36.54:404][612]LogCharacterMovement: MyCharacter_C_0 is stuck and failed to move!
[2016.02.14-01.36.54:441][613]LogCharacterMovement: MyCharacter_C_0 is stuck and failed to move!
[2016.02.14-01.36.54:484][614]LogCharacterMovement: MyCharacter_C_0 is stuck and failed to move!
[2016.02.14-01.36.54:526][615]LogCharacterMovement: MyCharacter_C_0 is stuck and failed to move!
[2016.02.14-01.36.54:686][619]LogCharacterMovement: MyCharacter_C_0 is stuck and failed to move!
[2016.02.14-01.36.54:724][620]LogCharacterMovement: MyCharacter_C_0 is stuck and failed to move!
[2016.02.14-01.36.54:767][621]LogCharacterMovement: MyCharacter_C_0 is stuck and failed to move!
[2016.02.14-01.36.54:808][622]LogCharacterMovement: MyCharacter_C_0 is stuck and failed to move!
[2016.02.14-01.36.54:847][623]LogCharacterMovement: MyCharacter_C_0 is stuck and failed to move!
[2016.02.14-01.36.54:896][624]LogCharacterMovement: MyCharacter_C_0 is stuck and failed to move!
[2016.02.14-01.36.54:936][625]LogCharacterMovement: MyCharacter_C_0 is stuck and failed to move!
[2016.02.14-01.36.54:977][626]LogCharacterMovement: MyCharacter_C_0 is stuck and failed to move!
[2016.02.14-01.36.55:017][627]LogCharacterMovement: MyCharacter_C_0 is stuck and failed to move!
[2016.02.14-01.36.55:091][629]LogCharacterMovement: MyCharacter_C_0 is stuck and failed to move!
[2016.02.14-01.36.55:130][630]LogCharacterMovement: MyCharacter_C_0 is stuck and failed to move!
[2016.02.14-01.36.55:167][631]LogCharacterMovement: MyCharacter_C_0 is stuck and failed to move!
[2016.02.14-01.40.52:423][356]LogWindowsTextInputMethodSystem:Display: IME system now deactivated.
[2016.02.14-01.40.52:423][356]LogWindowsTextInputMethodSystem:Display: IME system now deactivated.
[2016.02.14-01.40.52:429][356]LogEngine: All Windows Closed
[2016.02.14-01.40.52:429][356]LogWindows: FPlatformMisc::RequestExit(0)
[2016.02.14-01.40.52:572][357]LogExit: Preparing to exit.
[2016.02.14-01.40.52:700][357]LogExit: Game engine shut down
[2016.02.14-01.40.52:706][357]LogParticles: Destroying 0 GPU particle simulations for FXSystem 0x0000009BDF365A80
[2016.02.14-01.40.53:142][357]LogExit: Object subsystem successfully closed.
[2016.02.14-01.40.53:166][357]LogD3D11RHI: Shutdown
[2016.02.14-01.40.53:166][357]LogD3D11RHI: CleanupD3DDevice
[2016.02.14-01.40.53:601][357]LogD3D11RHI: ~FD3D11DynamicRHI
[2016.02.14-01.40.53:653][357]LogModuleManager: Shutting down and abandoning module AndroidDeviceDetection (115)
[2016.02.14-01.40.53:750][357]LogModuleManager: Shutting down and abandoning module AutomationController (114)
[2016.02.14-01.40.53:751][357]LogModuleManager: Shutting down and abandoning module AutomationWorker (113)
[2016.02.14-01.40.53:751][357]LogModuleManager: Shutting down and abandoning module CharacterAI (112)
[2016.02.14-01.40.53:751][357]LogModuleManager: Shutting down and abandoning module AITestSuite (111)
[2016.02.14-01.40.53:751][357]LogModuleManager: Shutting down and abandoning module GameplayDebugger (110)
[2016.02.14-01.40.53:751][357]LogModuleManager: Shutting down and abandoning module AIModule (109)
[2016.02.14-01.40.53:751][357]LogModuleManager: Shutting down and abandoning module GameLiveStreaming (108)
[2016.02.14-01.40.53:751][357]LogModuleManager: Shutting down and abandoning module StreamingPauseRendering (107)
[2016.02.14-01.40.53:751][357]LogModuleManager: Shutting down and abandoning module ProfilerService (106)
[2016.02.14-01.40.53:939][357]LogModuleManager: Shutting down and abandoning module TaskGraph (105)
[2016.02.14-01.40.53:939][357]LogModuleManager: Shutting down and abandoning module SlateRemote (104)
[2016.02.14-01.40.53:939][357]LogModuleManager: Shutting down and abandoning module SteamVRController (103)
[2016.02.14-01.40.53:939][357]LogModuleManager: Shutting down and abandoning module SteamVR (102)
[2016.02.14-01.40.53:939][357]LogModuleManager: Shutting down and abandoning module ProceduralMeshComponent (101)
[2016.02.14-01.40.53:939][357]LogModuleManager: Shutting down and abandoning module OculusRift (100)
[2016.02.14-01.40.53:939][357]LogModuleManager: Shutting down and abandoning module OculusLibrary (99)
[2016.02.14-01.40.53:939][357]LogModuleManager: Shutting down and abandoning module LeapMotionController (98)
[2016.02.14-01.40.54:030][357]LogModuleManager: Shutting down and abandoning module CustomMeshComponent (97)
[2016.02.14-01.40.54:030][357]LogModuleManager: Shutting down and abandoning module CableComponent (96)
[2016.02.14-01.40.54:030][357]LogModuleManager: Shutting down and abandoning module ArchVisCharacter (95)
[2016.02.14-01.40.54:030][357]LogModuleManager: Shutting down and abandoning module HTML5Networking (94)
[2016.02.14-01.40.54:030][357]LogModuleManager: Shutting down and abandoning module DesktopPlatform (93)
[2016.02.14-01.40.54:030][357]LogModuleManager: Shutting down and abandoning module DirectoryWatcher (92)
[2016.02.14-01.40.54:030][357]LogModuleManager: Shutting down and abandoning module HotReload (91)
[2016.02.14-01.40.54:030][357]LogModuleManager: Shutting down and abandoning module VisualStudioSourceCodeAccess (90)
[2016.02.14-01.40.54:030][357]LogModuleManager: Shutting down and abandoning module UObjectPlugin (89)
[2016.02.14-01.40.54:030][357]LogModuleManager: Shutting down and abandoning module SubversionSourceControl (88)
[2016.02.14-01.40.54:030][357]LogModuleManager: Shutting down and abandoning module SourceControl (87)
[2016.02.14-01.40.54:030][357]LogModuleManager: Shutting down and abandoning module PerforceSourceControl (86)
[2016.02.14-01.40.54:030][357]LogModuleManager: Shutting down and abandoning module UdpMessaging (85)
[2016.02.14-01.40.54:030][357]LogModuleManager: Shutting down and abandoning module LightPropagationVolumeRuntime (84)
[2016.02.14-01.40.54:030][357]LogModuleManager: Shutting down and abandoning module Paper2D (83)
[2016.02.14-01.40.54:030][357]LogModuleManager: Shutting down and abandoning module WindowsMoviePlayer (82)
[2016.02.14-01.40.54:040][357]LogModuleManager: Shutting down and abandoning module Media (81)
[2016.02.14-01.40.54:040][357]LogModuleManager: Shutting down and abandoning module WmfMedia (80)
[2016.02.14-01.40.54:040][357]LogModuleManager: Shutting down and abandoning module OnlineBlueprintSupport (79)
[2016.02.14-01.40.54:040][357]LogModuleManager: Shutting down and abandoning module GameplayTasksEditor (78)
[2016.02.14-01.40.54:040][357]LogModuleManager: Shutting down and abandoning module PropertyEditor (77)
[2016.02.14-01.40.54:040][357]LogModuleManager: Shutting down and abandoning module BehaviorTreeEditor (76)
[2016.02.14-01.40.54:040][357]LogModuleManager: Shutting down and abandoning module FunctionalTesting (75)
[2016.02.14-01.40.54:041][357]LogModuleManager: Shutting down and abandoning module CollisionAnalyzer (74)
[2016.02.14-01.40.54:041][357]LogModuleManager: Shutting down and abandoning module WorkspaceMenuStructure (73)
[2016.02.14-01.40.54:041][357]LogModuleManager: Shutting down and abandoning module MessageLog (72)
[2016.02.14-01.40.54:041][357]LogModuleManager: Shutting down and abandoning module Sequencer (71)
[2016.02.14-01.40.54:041][357]LogModuleManager: Shutting down and abandoning module AssetTools (70)
[2016.02.14-01.40.54:041][357]LogModuleManager: Shutting down and abandoning module UMGEditor (69)
[2016.02.14-01.40.54:041][357]LogModuleManager: Shutting down and abandoning module UMG (68)
[2016.02.14-01.40.54:041][357]LogModuleManager: Shutting down and abandoning module Slate (67)
[2016.02.14-01.40.54:041][357]LogModuleManager: Shutting down and abandoning module EditorStyle (66)
[2016.02.14-01.40.54:046][357]LogModuleManager: Shutting down and abandoning module SessionServices (65)
[2016.02.14-01.40.54:046][357]LogModuleManager: Shutting down and abandoning module SourceCodeAccess (64)
[2016.02.14-01.40.54:046][357]LogModuleManager: Shutting down and abandoning module HeadMountedDisplay (63)
[2016.02.14-01.40.54:046][357]LogModuleManager: Shutting down and abandoning module XAudio2 (62)
[2016.02.14-01.40.54:046][357]LogModuleManager: Shutting down and abandoning module Networking (60)
[2016.02.14-01.40.54:046][357]LogModuleManager: Shutting down and abandoning module Core (59)
[2016.02.14-01.40.54:046][357]LogModuleManager: Shutting down and abandoning module KismetCompiler (58)
[2016.02.14-01.40.54:046][357]LogModuleManager: Shutting down and abandoning module PhysXFormats (57)
[2016.02.14-01.40.54:046][357]LogModuleManager: Shutting down and abandoning module MeshUtilities (56)
[2016.02.14-01.40.54:046][357]LogModuleManager: Shutting down and abandoning module CookingStats (55)
[2016.02.14-01.40.54:047][357]LogModuleManager: Shutting down and abandoning module DerivedDataCache (54)
[2016.02.14-01.40.54:131][357]LogDerivedDataCache: Shutdown
[2016.02.14-01.40.54:131][357]LogModuleManager: Shutting down and abandoning module ShaderFormatOpenGL (53)
[2016.02.14-01.40.54:131][357]LogModuleManager: Shutting down and abandoning module ShaderFormatD3D (52)
[2016.02.14-01.40.54:131][357]LogModuleManager: Shutting down and abandoning module MetalShaderFormat (51)
[2016.02.14-01.40.54:131][357]LogModuleManager: Shutting down and abandoning module TextureFormatUncompressed (50)
[2016.02.14-01.40.54:131][357]LogModuleManager: Shutting down and abandoning module TextureFormatPVR (49)
[2016.02.14-01.40.54:131][357]LogModuleManager: Shutting down and abandoning module TextureFormatIntelISPCTexComp (48)
[2016.02.14-01.40.54:131][357]LogModuleManager: Shutting down and abandoning module TextureFormatDXT (47)
[2016.02.14-01.40.54:131][357]LogModuleManager: Shutting down and abandoning module ImageWrapper (46)
[2016.02.14-01.40.54:131][357]LogModuleManager: Shutting down and abandoning module TextureFormatASTC (45)
[2016.02.14-01.40.54:131][357]LogModuleManager: Shutting down and abandoning module TextureFormatAndroid (44)
[2016.02.14-01.40.54:131][357]LogModuleManager: Shutting down and abandoning module AudioFormatOpus (43)
[2016.02.14-01.40.54:132][357]LogModuleManager: Shutting down and abandoning module AudioFormatOgg (42)
[2016.02.14-01.40.54:132][357]LogModuleManager: Shutting down and abandoning module AudioFormatADPCM (41)
[2016.02.14-01.40.54:132][357]LogModuleManager: Shutting down and abandoning module LinuxTargetPlatform (40)
[2016.02.14-01.40.54:132][357]LogModuleManager: Shutting down and abandoning module LinuxServerTargetPlatform (39)
[2016.02.14-01.40.54:132][357]LogModuleManager: Shutting down and abandoning module LinuxNoEditorTargetPlatform (38)
[2016.02.14-01.40.54:132][357]LogModuleManager: Shutting down and abandoning module Messaging (37)
[2016.02.14-01.40.54:132][357]LogModuleManager: Shutting down and abandoning module IOSTargetPlatform (36)
[2016.02.14-01.40.54:132][357]LogModuleManager: Shutting down and abandoning module HTML5TargetPlatform (35)
[2016.02.14-01.40.54:132][357]LogModuleManager: Shutting down and abandoning module Android_PVRTCTargetPlatform (34)
[2016.02.14-01.40.54:132][357]LogModuleManager: Shutting down and abandoning module Android_ETC2TargetPlatform (33)
[2016.02.14-01.40.54:132][357]LogModuleManager: Shutting down and abandoning module Android_ETC1TargetPlatform (32)
[2016.02.14-01.40.54:132][357]LogModuleManager: Shutting down and abandoning module Android_DXTTargetPlatform (31)
[2016.02.14-01.40.54:132][357]LogModuleManager: Shutting down and abandoning module Android_ATCTargetPlatform (30)
[2016.02.14-01.40.54:132][357]LogModuleManager: Shutting down and abandoning module Android_ASTCTargetPlatform (29)
[2016.02.14-01.40.54:132][357]LogModuleManager: Shutting down and abandoning module AndroidTargetPlatform (28)
[2016.02.14-01.40.54:132][357]LogModuleManager: Shutting down and abandoning module WindowsTargetPlatform (27)
[2016.02.14-01.40.54:132][357]LogModuleManager: Shutting down and abandoning module WindowsServerTargetPlatform (26)
[2016.02.14-01.40.54:132][357]LogModuleManager: Shutting down and abandoning module WindowsNoEditorTargetPlatform (25)
[2016.02.14-01.40.54:132][357]LogModuleManager: Shutting down and abandoning module WindowsClientTargetPlatform (24)
[2016.02.14-01.40.54:132][357]LogModuleManager: Shutting down and abandoning module AllDesktopTargetPlatform (23)
[2016.02.14-01.40.54:132][357]LogModuleManager: Shutting down and abandoning module TargetPlatform (22)
[2016.02.14-01.40.54:132][357]LogModuleManager: Shutting down and abandoning module InputCore (21)
[2016.02.14-01.40.54:132][357]LogModuleManager: Shutting down and abandoning module Settings (20)
[2016.02.14-01.40.54:133][357]LogModuleManager: Shutting down and abandoning module OnlineSubsystem (18)
[2016.02.14-01.40.54:133][357]LogModuleManager: Shutting down and abandoning module HTTP (17)
[2016.02.14-01.40.54:133][357]LogModuleManager: Shutting down and abandoning module XMPP (16)
[2016.02.14-01.40.54:133][357]LogModuleManager: Shutting down and abandoning module ExampleDeviceProfileSelector (15)
[2016.02.14-01.40.54:133][357]LogModuleManager: Shutting down and abandoning module TextureCompressor (14)
[2016.02.14-01.40.54:134][357]LogModuleManager: Shutting down and abandoning module ShaderCore (13)
[2016.02.14-01.40.54:134][357]LogModuleManager: Shutting down and abandoning module Landscape (12)
[2016.02.14-01.40.54:134][357]LogModuleManager: Shutting down and abandoning module SlateRHIRenderer (11)
[2016.02.14-01.40.54:134][357]LogModuleManager: Shutting down and abandoning module OpenGLDrv (10)
[2016.02.14-01.40.54:134][357]LogModuleManager: Shutting down and abandoning module D3D11RHI (9)
[2016.02.14-01.40.54:134][357]LogModuleManager: Shutting down and abandoning module AnimGraphRuntime (8)
[2016.02.14-01.40.54:134][357]LogModuleManager: Shutting down and abandoning module Renderer (7)
[2016.02.14-01.40.54:134][357]LogModuleManager: Shutting down and abandoning module Engine (6)
[2016.02.14-01.40.54:134][357]LogModuleManager: Shutting down and abandoning module CoreUObject (5)
[2016.02.14-01.40.54:134][357]LogModuleManager: Shutting down and abandoning module NetworkFile (4)
[2016.02.14-01.40.54:134][357]LogModuleManager: Shutting down and abandoning module StreamingFile (3)
[2016.02.14-01.40.54:134][357]LogModuleManager: Shutting down and abandoning module SandboxFile (2)
[2016.02.14-01.40.54:134][357]LogModuleManager: Shutting down and abandoning module PakFile (1)
[2016.02.14-01.40.54:135][357]LogExit: Exiting.
[2016.02.14-01.40.54:138][357]Log file closed, 02/13/16 20:40:54
