[2016.02.14-02.22.29:145][  0]Log file open, 02/13/16 21:22:29
[2016.02.14-02.22.29:145][  0]LogInit:Display: Running engine for game: Cardinal_Kings
[2016.02.14-02.22.29:145][  0]LogInit:Display: RandInit(2087684026) SRandInit(2087684027).
[2016.02.14-02.22.29:145][  0]LogTaskGraph: Started task graph with 4 named threads and 5 total threads.
[2016.02.14-02.22.29:145][  0]LogStats: Stats thread started at 0.131382
[2016.02.14-02.22.29:145][  0]LogInit: Version: 4.9.2-2707645+++depot+UE4-Releases+4.9
[2016.02.14-02.22.29:145][  0]LogInit: API Version: 2672455
[2016.02.14-02.22.29:145][  0]LogInit: Compiled (64-bit): Sep 28 2015 10:25:44
[2016.02.14-02.22.29:145][  0]LogInit: Compiled with Visual C++: 18.00.21005.01
[2016.02.14-02.22.29:145][  0]LogInit: Build Configuration: Development
[2016.02.14-02.22.29:145][  0]LogInit: Branch Name: ++depot+UE4-Releases+4.9
[2016.02.14-02.22.29:145][  0]LogInit: Command line:  /Temp/Autosaves/Game/UEDPCCardinal_Kings1 -game -PIEVIACONSOLE -ResX=1280 -ResY=720  -Multiprocess 
[2016.02.14-02.22.29:145][  0]LogInit: Base directory: C:/Program Files (x86)/Epic Games/4.9/Engine/Binaries/Win64/
[2016.02.14-02.22.29:145][  0]LogInit: Rocket: 1
[2016.02.14-02.22.29:242][  0]LogInit: Using libcurl 7.41.0
[2016.02.14-02.22.29:242][  0]LogInit:  - built for x86_64-pc-win32
[2016.02.14-02.22.29:242][  0]LogInit:  - supports SSL with WinSSL
[2016.02.14-02.22.29:242][  0]LogInit:  - other features:
[2016.02.14-02.22.29:242][  0]LogInit:      CURL_VERSION_SSL
[2016.02.14-02.22.29:242][  0]LogInit:      CURL_VERSION_IPV6
[2016.02.14-02.22.29:242][  0]LogInit:      CURL_VERSION_ASYNCHDNS
[2016.02.14-02.22.29:242][  0]LogInit:      CURL_VERSION_LARGEFILE
[2016.02.14-02.22.29:242][  0]LogInit:      CURL_VERSION_IDN
[2016.02.14-02.22.29:242][  0]LogInit:  CurlRequestOptions (configurable via config and command line):
[2016.02.14-02.22.29:242][  0]LogInit:  - bVerifyPeer = true  - Libcurl will verify peer certificate
[2016.02.14-02.22.29:242][  0]LogInit:  - bUseHttpProxy = false  - Libcurl will NOT use HTTP proxy
[2016.02.14-02.22.29:242][  0]LogInit:  - bDontReuseConnections = false  - Libcurl will reuse connections
[2016.02.14-02.22.29:242][  0]LogInit:  - CertBundlePath = nullptr  - Libcurl will use whatever was configured at build time.
[2016.02.14-02.22.29:275][  0]LogInit: Presizing for 0 objects not considered by GC, pre-allocating 0 bytes.
[2016.02.14-02.22.29:311][  0]LogInit: Object subsystem initialized
[2016.02.14-02.22.29:316][  0]LogInit: Selected Device Profile: [Windows]
[2016.02.14-02.22.29:316][  0]LogInit: Applying CVar settings loaded from the selected device profile: [Windows]
[2016.02.14-02.22.29:322][  0]LogInit: Computer: DESKTOP-T22LC7G
[2016.02.14-02.22.29:322][  0]LogInit: User: Shaun
[2016.02.14-02.22.29:322][  0]LogInit: CPU Page size=4096, Cores=2
[2016.02.14-02.22.29:322][  0]LogInit: High frequency timer resolution =2.343749 MHz
[2016.02.14-02.22.29:322][  0]LogMemory: Memory total: Physical=7.8GB (8GB approx)
[2016.02.14-02.22.29:322][  0]LogMemory: Platform Memory Stats for Windows
[2016.02.14-02.22.29:322][  0]LogMemory: Process Physical Memory: 53.38 MB used, 53.38 MB peak
[2016.02.14-02.22.29:322][  0]LogMemory: Process Virtual Memory: 57.11 MB used, 57.11 MB peak
[2016.02.14-02.22.29:322][  0]LogMemory: Physical Memory: 5308.99 MB used, 7986.05 MB total
[2016.02.14-02.22.29:322][  0]LogMemory: Virtual Memory: 365.38 MB used, 134217728.00 MB total
[2016.02.14-02.22.29:412][  0]LogTextLocalizationManager: No specific translations for ('en-US') exist, so ('en') translations will be used.
[2016.02.14-02.22.30:851][  0]LogD3D11RHI: Found D3D11 adapter 0: Intel(R) HD Graphics 520 (Feature Level 11_0)
[2016.02.14-02.22.30:851][  0]LogD3D11RHI: Adapter has 128MB of dedicated video memory, 0MB of dedicated system memory, and 3993MB of shared system memory, 1 output[s]
[2016.02.14-02.22.30:853][  0]LogD3D11RHI: Found D3D11 adapter 1: Microsoft Basic Render Driver (Feature Level 11_0)
[2016.02.14-02.22.30:853][  0]LogD3D11RHI: Adapter has 0MB of dedicated video memory, 0MB of dedicated system memory, and 3993MB of shared system memory, 0 output[s]
[2016.02.14-02.22.30:853][  0]LogD3D11RHI: Chosen D3D11 Adapter Id = 0
[2016.02.14-02.22.30:870][  0]LogD3D11RHI: !Direct3DDevice
[2016.02.14-02.22.30:871][  0]LogRHI: Texture pool is 1361 MB (70% of 1945 MB)
[2016.02.14-02.22.30:890][  0]LogD3D11RHI: Async texture creation enabled
[2016.02.14-02.22.30:909][  0]LogShaderCompilers: Guid format shader working directory is 15 characters bigger than the processId version (../../../../../../Users/Shaun/Desktop/Unreal Files/CGT445CardinalKings/Cardinal_Kings1/Intermediate/Shaders/WorkingDirectory/3208/).
[2016.02.14-02.22.30:909][  0]LogShaderCompilers: Cleaned the shader compiler working directory '../../../../../../Users/Shaun/Desktop/Unreal Files/CGT445CardinalKings/Cardinal_Kings1/Intermediate/Shaders/tmp/C59885AB4B97CBF3816675985B1A10A1/'.
[2016.02.14-02.22.30:909][  0]LogShaderCompilers:Display: Using Local Shader Compiler.
[2016.02.14-02.22.34:373][  0]LogTemp:Display: Loaded TP AllDesktopTargetPlatform
[2016.02.14-02.22.34:388][  0]LogTemp:Display: Loaded TP WindowsClientTargetPlatform
[2016.02.14-02.22.34:401][  0]LogTemp:Display: Loaded TP WindowsNoEditorTargetPlatform
[2016.02.14-02.22.34:416][  0]LogTemp:Display: Loaded TP WindowsServerTargetPlatform
[2016.02.14-02.22.34:429][  0]LogTemp:Display: Loaded TP WindowsTargetPlatform
[2016.02.14-02.22.34:440][  0]LogTemp:Display: Loaded TP AndroidTargetPlatform
[2016.02.14-02.22.34:452][  0]LogTemp:Display: Loaded TP Android_ASTCTargetPlatform
[2016.02.14-02.22.34:459][  0]LogTemp:Display: Loaded TP Android_ATCTargetPlatform
[2016.02.14-02.22.34:477][  0]LogTemp:Display: Loaded TP Android_DXTTargetPlatform
[2016.02.14-02.22.34:491][  0]LogTemp:Display: Loaded TP Android_ETC1TargetPlatform
[2016.02.14-02.22.34:504][  0]LogTemp:Display: Loaded TP Android_ETC2TargetPlatform
[2016.02.14-02.22.34:512][  0]LogTemp:Display: Loaded TP Android_PVRTCTargetPlatform
[2016.02.14-02.22.34:516][  0]LogTemp:Display: Loaded TP HTML5TargetPlatform
[2016.02.14-02.22.34:548][  0]LogTemp:Display: Loaded TP IOSTargetPlatform
[2016.02.14-02.22.34:559][  0]LogTemp:Display: Loaded TP LinuxNoEditorTargetPlatform
[2016.02.14-02.22.34:575][  0]LogTemp:Display: Loaded TP LinuxServerTargetPlatform
[2016.02.14-02.22.34:591][  0]LogTemp:Display: Loaded TP LinuxTargetPlatform
[2016.02.14-02.22.34:591][  0]LogTargetPlatformManager:Display: Building Assets For Windows
[2016.02.14-02.22.34:866][  0]LogDerivedDataCache:Display: Max Cache Size: 512 MB
[2016.02.14-02.22.35:021][  0]LogDerivedDataCache: Loaded boot cache 0.16s 41MB C:/Users/Shaun/AppData/Local/UnrealEngine/4.9/DerivedDataCache/Boot.ddc.
[2016.02.14-02.22.35:022][  0]LogDerivedDataCache:Display: Loaded Boot cache: C:/Users/Shaun/AppData/Local/UnrealEngine/4.9/DerivedDataCache/Boot.ddc
[2016.02.14-02.22.35:022][  0]LogDerivedDataCache: FDerivedDataBackendGraph:  Pak pak cache file ../../../../../../Users/Shaun/Desktop/Unreal Files/CGT445CardinalKings/Cardinal_Kings1/DerivedDataCache/DDC.ddp not found, will not use a pak cache.
[2016.02.14-02.22.35:022][  0]LogDerivedDataCache: Unable to find inner node Pak for hierarchical cache Hierarchy.
[2016.02.14-02.22.35:022][  0]LogDerivedDataCache: FDerivedDataBackendGraph:  CompressedPak pak cache file ../../../../../../Users/Shaun/Desktop/Unreal Files/CGT445CardinalKings/Cardinal_Kings1/DerivedDataCache/Compressed.ddp not found, will not use a pak cache.
[2016.02.14-02.22.35:022][  0]LogDerivedDataCache: Unable to find inner node CompressedPak for hierarchical cache Hierarchy.
[2016.02.14-02.22.35:191][  0]LogDerivedDataCache:Display: Pak cache opened for reading ../../../Engine/DerivedDataCache/Compressed.ddp.
[2016.02.14-02.22.35:203][  0]LogDerivedDataCache: Using Local data cache path C:/Users/Shaun/AppData/Local/UnrealEngine/Common/DerivedDataCache: Writable
[2016.02.14-02.22.35:445][  0]LogInit: Selected Device Profile: [Windows]
[2016.02.14-02.22.35:451][  0]LogContentStreaming: Texture pool size is 1000.000000MB
[2016.02.14-02.22.35:609][  0]LogMeshUtilities: No automatic mesh reduction module available
[2016.02.14-02.22.35:609][  0]LogMeshUtilities: No automatic mesh merging module available
[2016.02.14-02.22.35:906][  0]LogInit: WinSock: version 1.1 (2.2), MaxSocks=32767, MaxUdp=65467
[2016.02.14-02.22.36:158][  0]LogWindowsMoviePlayer: Unable to load movie: ../../../../../../Users/Shaun/Desktop/Unreal Files/CGT445CardinalKings/Cardinal_Kings1/Content/Movies/Default_Startup.mp4
[2016.02.14-02.22.36:451][  0]SourceControl: Info Source control is disabled
[2016.02.14-02.22.36:451][  0]SourceControl: Info Source control is disabled
[2016.02.14-02.22.36:475][  0]SourceControl: Info Source control is disabled
[2016.02.14-02.22.36:609][  0]LogLinker:Warning: Asset '../../../Engine/Plugins/Runtime/LeapMotionController/Content/LM_PassthroughMaterial.uasset' has been saved with empty engine version. The asset will be loaded but may be incompatible.
[2016.02.14-02.22.36:733][  0]LogObj: 27669 objects as part of root set at end of initial load.
[2016.02.14-02.22.36:733][  0]LogUObjectAllocator: 5775704 out of 0 bytes used by permanent object pool.
[2016.02.14-02.22.36:807][  0]LogEngine: Initializing Engine...
[2016.02.14-02.22.36:809][  0]LogHMD: Can't find Oculus library dev build: is proper Runtime installed? Version: 0.7.0.0
[2016.02.14-02.22.36:810][  0]LogHMD: SteamVR failed to initialize.  Err: 110
[2016.02.14-02.22.36:976][  0]LogInit: XAudio2 using 'Speakers (Realtek High Definition Audio)' : 2 channels at 48 kHz using 32 bits per sample (channel mask 0x3)
[2016.02.14-02.22.36:990][  0]LogInit: FAudioDevice initialized.
[2016.02.14-02.22.37:000][  0]LogInit: Texture streaming: Enabled
[2016.02.14-02.22.37:102][  0]LogNet: Browse: /Temp/Autosaves/Game/UEDPCCardinal_Kings1?Name=Player
[2016.02.14-02.22.37:103][  0]LogLoad: LoadMap: /Temp/Autosaves/Game/UEDPCCardinal_Kings1?Name=Player
[2016.02.14-02.22.37:122][  0]LogParticles: Destroying 0 GPU particle simulations for FXSystem 0x0000005C87FB7560
[2016.02.14-02.22.37:149][  0]LogMemory: Platform Memory Stats for Windows
[2016.02.14-02.22.37:149][  0]LogMemory: Process Physical Memory: 394.74 MB used, 394.74 MB peak
[2016.02.14-02.22.37:149][  0]LogMemory: Process Virtual Memory: 421.95 MB used, 421.95 MB peak
[2016.02.14-02.22.37:149][  0]LogMemory: Physical Memory: 5525.32 MB used, 7986.05 MB total
[2016.02.14-02.22.37:149][  0]LogMemory: Virtual Memory: 999.60 MB used, 134217728.00 MB total
[2016.02.14-02.22.37:149][  0]LogMemory: 
[2016.02.14-02.22.37:149][  0]Allocator Stats for TBB: (not implemented)
[2016.02.14-02.22.37:449][  0]LogAIModule: Creating AISystem for world Cardinal_Kings1
[2016.02.14-02.22.37:453][  0]LogWorld: Game class is 'PaperGameMode_C'
[2016.02.14-02.22.37:492][  0]LogWorld: Bringing World /Temp/Autosaves/Game/UEDPCCardinal_Kings1.Cardinal_Kings1 up for play (max tick rate 0) at 2016.02.13-21.22.37
[2016.02.14-02.22.37:495][  0]LogWorld: Bringing up level for play took: 0.041680
[2016.02.14-02.22.37:497][  0]LogInit:Display: Game Engine Initialized.
[2016.02.14-02.22.37:728][  0]LogLoad: Full Startup: 9.39 seconds (BP compile: 0.06 seconds)
[2016.02.14-02.22.37:857][  2]LogRenderer: Reallocating scene render targets to support 1280x720 (Frame:2).
[2016.02.14-02.22.38:352][  2]LogCharacterMovement:Warning: GetSimulationTimeStep() - Max iterations 8 hit while remaining time 0.066088 > MaxSimulationTimeStep (0.050) for 'MyCharacter_C_0'
[2016.02.14-02.22.48:574][279]LogWindowsTextInputMethodSystem:Display: IME system now deactivated.
[2016.02.14-02.22.48:574][279]LogWindowsTextInputMethodSystem:Display: IME system now deactivated.
[2016.02.14-02.22.48:603][279]LogEngine: All Windows Closed
[2016.02.14-02.22.48:603][279]LogWindows: FPlatformMisc::RequestExit(0)
[2016.02.14-02.22.48:864][280]LogExit: Preparing to exit.
[2016.02.14-02.22.48:993][280]LogExit: Game engine shut down
[2016.02.14-02.22.48:995][280]LogParticles: Destroying 0 GPU particle simulations for FXSystem 0x0000005CFC077E20
[2016.02.14-02.22.49:234][280]LogExit: Object subsystem successfully closed.
[2016.02.14-02.22.49:246][280]LogD3D11RHI: Shutdown
[2016.02.14-02.22.49:246][280]LogD3D11RHI: CleanupD3DDevice
[2016.02.14-02.22.49:553][280]LogD3D11RHI: ~FD3D11DynamicRHI
[2016.02.14-02.22.49:592][280]LogModuleManager: Shutting down and abandoning module AndroidDeviceDetection (115)
[2016.02.14-02.22.49:838][280]LogModuleManager: Shutting down and abandoning module AutomationController (114)
[2016.02.14-02.22.49:838][280]LogModuleManager: Shutting down and abandoning module AutomationWorker (113)
[2016.02.14-02.22.49:838][280]LogModuleManager: Shutting down and abandoning module CharacterAI (112)
[2016.02.14-02.22.49:838][280]LogModuleManager: Shutting down and abandoning module AITestSuite (111)
[2016.02.14-02.22.49:838][280]LogModuleManager: Shutting down and abandoning module GameplayDebugger (110)
[2016.02.14-02.22.49:838][280]LogModuleManager: Shutting down and abandoning module AIModule (109)
[2016.02.14-02.22.49:838][280]LogModuleManager: Shutting down and abandoning module GameLiveStreaming (108)
[2016.02.14-02.22.49:838][280]LogModuleManager: Shutting down and abandoning module StreamingPauseRendering (107)
[2016.02.14-02.22.49:838][280]LogModuleManager: Shutting down and abandoning module ProfilerService (106)
[2016.02.14-02.22.50:005][280]LogModuleManager: Shutting down and abandoning module TaskGraph (105)
[2016.02.14-02.22.50:005][280]LogModuleManager: Shutting down and abandoning module SlateRemote (104)
[2016.02.14-02.22.50:005][280]LogModuleManager: Shutting down and abandoning module SteamVRController (103)
[2016.02.14-02.22.50:005][280]LogModuleManager: Shutting down and abandoning module SteamVR (102)
[2016.02.14-02.22.50:005][280]LogModuleManager: Shutting down and abandoning module ProceduralMeshComponent (101)
[2016.02.14-02.22.50:005][280]LogModuleManager: Shutting down and abandoning module OculusRift (100)
[2016.02.14-02.22.50:006][280]LogModuleManager: Shutting down and abandoning module OculusLibrary (99)
[2016.02.14-02.22.50:006][280]LogModuleManager: Shutting down and abandoning module LeapMotionController (98)
[2016.02.14-02.22.50:070][280]LogModuleManager: Shutting down and abandoning module CustomMeshComponent (97)
[2016.02.14-02.22.50:070][280]LogModuleManager: Shutting down and abandoning module CableComponent (96)
[2016.02.14-02.22.50:070][280]LogModuleManager: Shutting down and abandoning module ArchVisCharacter (95)
[2016.02.14-02.22.50:070][280]LogModuleManager: Shutting down and abandoning module HTML5Networking (94)
[2016.02.14-02.22.50:070][280]LogModuleManager: Shutting down and abandoning module DesktopPlatform (93)
[2016.02.14-02.22.50:070][280]LogModuleManager: Shutting down and abandoning module DirectoryWatcher (92)
[2016.02.14-02.22.50:070][280]LogModuleManager: Shutting down and abandoning module HotReload (91)
[2016.02.14-02.22.50:070][280]LogModuleManager: Shutting down and abandoning module VisualStudioSourceCodeAccess (90)
[2016.02.14-02.22.50:070][280]LogModuleManager: Shutting down and abandoning module UObjectPlugin (89)
[2016.02.14-02.22.50:070][280]LogModuleManager: Shutting down and abandoning module SubversionSourceControl (88)
[2016.02.14-02.22.50:070][280]LogModuleManager: Shutting down and abandoning module SourceControl (87)
[2016.02.14-02.22.50:070][280]LogModuleManager: Shutting down and abandoning module PerforceSourceControl (86)
[2016.02.14-02.22.50:070][280]LogModuleManager: Shutting down and abandoning module UdpMessaging (85)
[2016.02.14-02.22.50:070][280]LogModuleManager: Shutting down and abandoning module LightPropagationVolumeRuntime (84)
[2016.02.14-02.22.50:070][280]LogModuleManager: Shutting down and abandoning module Paper2D (83)
[2016.02.14-02.22.50:070][280]LogModuleManager: Shutting down and abandoning module WindowsMoviePlayer (82)
[2016.02.14-02.22.50:078][280]LogModuleManager: Shutting down and abandoning module Media (81)
[2016.02.14-02.22.50:078][280]LogModuleManager: Shutting down and abandoning module WmfMedia (80)
[2016.02.14-02.22.50:078][280]LogModuleManager: Shutting down and abandoning module OnlineBlueprintSupport (79)
[2016.02.14-02.22.50:079][280]LogModuleManager: Shutting down and abandoning module GameplayTasksEditor (78)
[2016.02.14-02.22.50:079][280]LogModuleManager: Shutting down and abandoning module PropertyEditor (77)
[2016.02.14-02.22.50:079][280]LogModuleManager: Shutting down and abandoning module BehaviorTreeEditor (76)
[2016.02.14-02.22.50:079][280]LogModuleManager: Shutting down and abandoning module FunctionalTesting (75)
[2016.02.14-02.22.50:079][280]LogModuleManager: Shutting down and abandoning module CollisionAnalyzer (74)
[2016.02.14-02.22.50:079][280]LogModuleManager: Shutting down and abandoning module WorkspaceMenuStructure (73)
[2016.02.14-02.22.50:079][280]LogModuleManager: Shutting down and abandoning module MessageLog (72)
[2016.02.14-02.22.50:079][280]LogModuleManager: Shutting down and abandoning module Sequencer (71)
[2016.02.14-02.22.50:079][280]LogModuleManager: Shutting down and abandoning module AssetTools (70)
[2016.02.14-02.22.50:079][280]LogModuleManager: Shutting down and abandoning module UMGEditor (69)
[2016.02.14-02.22.50:079][280]LogModuleManager: Shutting down and abandoning module UMG (68)
[2016.02.14-02.22.50:079][280]LogModuleManager: Shutting down and abandoning module Slate (67)
[2016.02.14-02.22.50:079][280]LogModuleManager: Shutting down and abandoning module EditorStyle (66)
[2016.02.14-02.22.50:084][280]LogModuleManager: Shutting down and abandoning module SessionServices (65)
[2016.02.14-02.22.50:084][280]LogModuleManager: Shutting down and abandoning module SourceCodeAccess (64)
[2016.02.14-02.22.50:084][280]LogModuleManager: Shutting down and abandoning module HeadMountedDisplay (63)
[2016.02.14-02.22.50:084][280]LogModuleManager: Shutting down and abandoning module XAudio2 (62)
[2016.02.14-02.22.50:084][280]LogModuleManager: Shutting down and abandoning module Networking (60)
[2016.02.14-02.22.50:084][280]LogModuleManager: Shutting down and abandoning module Core (59)
[2016.02.14-02.22.50:084][280]LogModuleManager: Shutting down and abandoning module KismetCompiler (58)
[2016.02.14-02.22.50:084][280]LogModuleManager: Shutting down and abandoning module PhysXFormats (57)
[2016.02.14-02.22.50:084][280]LogModuleManager: Shutting down and abandoning module MeshUtilities (56)
[2016.02.14-02.22.50:084][280]LogModuleManager: Shutting down and abandoning module CookingStats (55)
[2016.02.14-02.22.50:085][280]LogModuleManager: Shutting down and abandoning module DerivedDataCache (54)
[2016.02.14-02.22.50:505][280]LogDerivedDataCache: Shutdown
[2016.02.14-02.22.50:505][280]LogModuleManager: Shutting down and abandoning module ShaderFormatOpenGL (53)
[2016.02.14-02.22.50:505][280]LogModuleManager: Shutting down and abandoning module ShaderFormatD3D (52)
[2016.02.14-02.22.50:505][280]LogModuleManager: Shutting down and abandoning module MetalShaderFormat (51)
[2016.02.14-02.22.50:505][280]LogModuleManager: Shutting down and abandoning module TextureFormatUncompressed (50)
[2016.02.14-02.22.50:505][280]LogModuleManager: Shutting down and abandoning module TextureFormatPVR (49)
[2016.02.14-02.22.50:505][280]LogModuleManager: Shutting down and abandoning module TextureFormatIntelISPCTexComp (48)
[2016.02.14-02.22.50:505][280]LogModuleManager: Shutting down and abandoning module TextureFormatDXT (47)
[2016.02.14-02.22.50:505][280]LogModuleManager: Shutting down and abandoning module ImageWrapper (46)
[2016.02.14-02.22.50:505][280]LogModuleManager: Shutting down and abandoning module TextureFormatASTC (45)
[2016.02.14-02.22.50:505][280]LogModuleManager: Shutting down and abandoning module TextureFormatAndroid (44)
[2016.02.14-02.22.50:505][280]LogModuleManager: Shutting down and abandoning module AudioFormatOpus (43)
[2016.02.14-02.22.50:505][280]LogModuleManager: Shutting down and abandoning module AudioFormatOgg (42)
[2016.02.14-02.22.50:505][280]LogModuleManager: Shutting down and abandoning module AudioFormatADPCM (41)
[2016.02.14-02.22.50:505][280]LogModuleManager: Shutting down and abandoning module LinuxTargetPlatform (40)
[2016.02.14-02.22.50:506][280]LogModuleManager: Shutting down and abandoning module LinuxServerTargetPlatform (39)
[2016.02.14-02.22.50:506][280]LogModuleManager: Shutting down and abandoning module LinuxNoEditorTargetPlatform (38)
[2016.02.14-02.22.50:506][280]LogModuleManager: Shutting down and abandoning module Messaging (37)
[2016.02.14-02.22.50:506][280]LogModuleManager: Shutting down and abandoning module IOSTargetPlatform (36)
[2016.02.14-02.22.50:506][280]LogModuleManager: Shutting down and abandoning module HTML5TargetPlatform (35)
[2016.02.14-02.22.50:506][280]LogModuleManager: Shutting down and abandoning module Android_PVRTCTargetPlatform (34)
[2016.02.14-02.22.50:506][280]LogModuleManager: Shutting down and abandoning module Android_ETC2TargetPlatform (33)
[2016.02.14-02.22.50:506][280]LogModuleManager: Shutting down and abandoning module Android_ETC1TargetPlatform (32)
[2016.02.14-02.22.50:506][280]LogModuleManager: Shutting down and abandoning module Android_DXTTargetPlatform (31)
[2016.02.14-02.22.50:506][280]LogModuleManager: Shutting down and abandoning module Android_ATCTargetPlatform (30)
[2016.02.14-02.22.50:506][280]LogModuleManager: Shutting down and abandoning module Android_ASTCTargetPlatform (29)
[2016.02.14-02.22.50:506][280]LogModuleManager: Shutting down and abandoning module AndroidTargetPlatform (28)
[2016.02.14-02.22.50:506][280]LogModuleManager: Shutting down and abandoning module WindowsTargetPlatform (27)
[2016.02.14-02.22.50:506][280]LogModuleManager: Shutting down and abandoning module WindowsServerTargetPlatform (26)
[2016.02.14-02.22.50:506][280]LogModuleManager: Shutting down and abandoning module WindowsNoEditorTargetPlatform (25)
[2016.02.14-02.22.50:506][280]LogModuleManager: Shutting down and abandoning module WindowsClientTargetPlatform (24)
[2016.02.14-02.22.50:506][280]LogModuleManager: Shutting down and abandoning module AllDesktopTargetPlatform (23)
[2016.02.14-02.22.50:506][280]LogModuleManager: Shutting down and abandoning module TargetPlatform (22)
[2016.02.14-02.22.50:506][280]LogModuleManager: Shutting down and abandoning module InputCore (21)
[2016.02.14-02.22.50:506][280]LogModuleManager: Shutting down and abandoning module Settings (20)
[2016.02.14-02.22.50:506][280]LogModuleManager: Shutting down and abandoning module OnlineSubsystem (18)
[2016.02.14-02.22.50:506][280]LogModuleManager: Shutting down and abandoning module HTTP (17)
[2016.02.14-02.22.50:507][280]LogModuleManager: Shutting down and abandoning module XMPP (16)
[2016.02.14-02.22.50:507][280]LogModuleManager: Shutting down and abandoning module ExampleDeviceProfileSelector (15)
[2016.02.14-02.22.50:507][280]LogModuleManager: Shutting down and abandoning module TextureCompressor (14)
[2016.02.14-02.22.50:507][280]LogModuleManager: Shutting down and abandoning module ShaderCore (13)
[2016.02.14-02.22.50:507][280]LogModuleManager: Shutting down and abandoning module Landscape (12)
[2016.02.14-02.22.50:507][280]LogModuleManager: Shutting down and abandoning module SlateRHIRenderer (11)
[2016.02.14-02.22.50:507][280]LogModuleManager: Shutting down and abandoning module OpenGLDrv (10)
[2016.02.14-02.22.50:507][280]LogModuleManager: Shutting down and abandoning module D3D11RHI (9)
[2016.02.14-02.22.50:507][280]LogModuleManager: Shutting down and abandoning module AnimGraphRuntime (8)
[2016.02.14-02.22.50:507][280]LogModuleManager: Shutting down and abandoning module Renderer (7)
[2016.02.14-02.22.50:507][280]LogModuleManager: Shutting down and abandoning module Engine (6)
[2016.02.14-02.22.50:507][280]LogModuleManager: Shutting down and abandoning module CoreUObject (5)
[2016.02.14-02.22.50:507][280]LogModuleManager: Shutting down and abandoning module NetworkFile (4)
[2016.02.14-02.22.50:507][280]LogModuleManager: Shutting down and abandoning module StreamingFile (3)
[2016.02.14-02.22.50:507][280]LogModuleManager: Shutting down and abandoning module SandboxFile (2)
[2016.02.14-02.22.50:507][280]LogModuleManager: Shutting down and abandoning module PakFile (1)
[2016.02.14-02.22.50:509][280]LogExit: Exiting.
[2016.02.14-02.22.50:512][280]Log file closed, 02/13/16 21:22:50
