[2016.01.30-19.44.36:999][  0]Log file open, 01/30/16 14:44:36
[2016.01.30-19.44.36:999][  0]LogInit:Display: Running engine for game: Cardinal_Kings
[2016.01.30-19.44.36:999][  0]LogInit:Display: RandInit(2136021112) SRandInit(2136021112).
[2016.01.30-19.44.36:999][  0]LogTaskGraph: Started task graph with 4 named threads and 5 total threads.
[2016.01.30-19.44.36:999][  0]LogStats: Stats thread started at 0.096519
[2016.01.30-19.44.36:999][  0]LogInit: Version: 4.9.2-2707645+++depot+UE4-Releases+4.9
[2016.01.30-19.44.36:999][  0]LogInit: API Version: 2672455
[2016.01.30-19.44.36:999][  0]LogInit: Compiled (64-bit): Sep 28 2015 10:25:44
[2016.01.30-19.44.36:999][  0]LogInit: Compiled with Visual C++: 18.00.21005.01
[2016.01.30-19.44.36:999][  0]LogInit: Build Configuration: Development
[2016.01.30-19.44.36:999][  0]LogInit: Branch Name: ++depot+UE4-Releases+4.9
[2016.01.30-19.44.36:999][  0]LogInit: Command line:  
[2016.01.30-19.44.36:999][  0]LogInit: Base directory: C:/Program Files/Epic Games/4.9/Engine/Binaries/Win64/
[2016.01.30-19.44.36:999][  0]LogInit: Rocket: 1
[2016.01.30-19.44.37:127][  0]LogInit: Using libcurl 7.41.0
[2016.01.30-19.44.37:127][  0]LogInit:  - built for x86_64-pc-win32
[2016.01.30-19.44.37:127][  0]LogInit:  - supports SSL with WinSSL
[2016.01.30-19.44.37:127][  0]LogInit:  - other features:
[2016.01.30-19.44.37:127][  0]LogInit:      CURL_VERSION_SSL
[2016.01.30-19.44.37:128][  0]LogInit:      CURL_VERSION_IPV6
[2016.01.30-19.44.37:128][  0]LogInit:      CURL_VERSION_ASYNCHDNS
[2016.01.30-19.44.37:128][  0]LogInit:      CURL_VERSION_LARGEFILE
[2016.01.30-19.44.37:128][  0]LogInit:      CURL_VERSION_IDN
[2016.01.30-19.44.37:128][  0]LogInit:  CurlRequestOptions (configurable via config and command line):
[2016.01.30-19.44.37:128][  0]LogInit:  - bVerifyPeer = true  - Libcurl will verify peer certificate
[2016.01.30-19.44.37:128][  0]LogInit:  - bUseHttpProxy = false  - Libcurl will NOT use HTTP proxy
[2016.01.30-19.44.37:128][  0]LogInit:  - bDontReuseConnections = false  - Libcurl will reuse connections
[2016.01.30-19.44.37:128][  0]LogInit:  - CertBundlePath = nullptr  - Libcurl will use whatever was configured at build time.
[2016.01.30-19.44.37:155][  0]LogInit: Presizing for 0 objects not considered by GC, pre-allocating 0 bytes.
[2016.01.30-19.44.37:183][  0]LogInit: Object subsystem initialized
[2016.01.30-19.44.37:186][  0]LogInit: Selected Device Profile: [Windows]
[2016.01.30-19.44.37:186][  0]LogInit: Applying CVar settings loaded from the selected device profile: [Windows]
[2016.01.30-19.44.37:286][  0]LogInit: Computer: FOU
[2016.01.30-19.44.37:286][  0]LogInit: User: stupid
[2016.01.30-19.44.37:286][  0]LogInit: CPU Page size=4096, Cores=2
[2016.01.30-19.44.37:286][  0]LogInit: High frequency timer resolution =2.338451 MHz
[2016.01.30-19.44.37:286][  0]LogMemory: Memory total: Physical=7.9GB (8GB approx)
[2016.01.30-19.44.37:286][  0]LogMemory: Platform Memory Stats for Windows
[2016.01.30-19.44.37:286][  0]LogMemory: Process Physical Memory: 52.81 MB used, 52.81 MB peak
[2016.01.30-19.44.37:286][  0]LogMemory: Process Virtual Memory: 55.01 MB used, 55.01 MB peak
[2016.01.30-19.44.37:286][  0]LogMemory: Physical Memory: 4246.91 MB used, 8039.41 MB total
[2016.01.30-19.44.37:286][  0]LogMemory: Virtual Memory: 349.20 MB used, 134217728.00 MB total
[2016.01.30-19.44.37:453][  0]LogTextLocalizationManager: No specific translations for ('en-US') exist, so ('en') translations will be used.
[2016.01.30-19.44.39:316][  0]LogD3D11RHI: Found D3D11 adapter 0: Intel(R) HD Graphics 4000 (Feature Level 11_0)
[2016.01.30-19.44.39:316][  0]LogD3D11RHI: Adapter has 32MB of dedicated video memory, 0MB of dedicated system memory, and 1760MB of shared system memory, 1 output[s]
[2016.01.30-19.44.39:318][  0]LogD3D11RHI: Found D3D11 adapter 1: Microsoft Basic Render Driver (Feature Level 11_0)
[2016.01.30-19.44.39:318][  0]LogD3D11RHI: Adapter has 0MB of dedicated video memory, 0MB of dedicated system memory, and 256MB of shared system memory, 0 output[s]
[2016.01.30-19.44.39:318][  0]LogD3D11RHI: Chosen D3D11 Adapter Id = 0
[2016.01.30-19.44.39:328][  0]LogD3D11RHI: !Direct3DDevice
[2016.01.30-19.44.39:329][  0]LogRHI: Texture pool is 638 MB (70% of 912 MB)
[2016.01.30-19.44.39:334][  0]LogD3D11RHI: Async texture creation enabled
[2016.01.30-19.44.39:340][  0]LogShaderCompilers: Guid format shader working directory is 14 characters bigger than the processId version (../../../../../../Users/stupid/Perforce/somalle_Fou_8865/Individual/somalle/Cardinal_Kings/Intermediate/Shaders/WorkingDirectory/11216/).
[2016.01.30-19.44.39:340][  0]LogShaderCompilers: Cleaned the shader compiler working directory '../../../../../../Users/stupid/Perforce/somalle_Fou_8865/Individual/somalle/Cardinal_Kings/Intermediate/Shaders/tmp/B082E17940C50729839DF58499BBF31E/'.
[2016.01.30-19.44.39:340][  0]LogShaderCompilers:Display: Using Local Shader Compiler.
[2016.01.30-19.44.44:625][  0]LogTemp:Display: Loaded TP AllDesktopTargetPlatform
[2016.01.30-19.44.44:647][  0]LogTemp:Display: Loaded TP WindowsClientTargetPlatform
[2016.01.30-19.44.44:674][  0]LogTemp:Display: Loaded TP WindowsNoEditorTargetPlatform
[2016.01.30-19.44.44:708][  0]LogTemp:Display: Loaded TP WindowsServerTargetPlatform
[2016.01.30-19.44.44:753][  0]LogTemp:Display: Loaded TP WindowsTargetPlatform
[2016.01.30-19.44.44:788][  0]LogTemp:Display: Loaded TP AndroidTargetPlatform
[2016.01.30-19.44.44:823][  0]LogTemp:Display: Loaded TP Android_ASTCTargetPlatform
[2016.01.30-19.44.44:871][  0]LogTemp:Display: Loaded TP Android_ATCTargetPlatform
[2016.01.30-19.44.44:919][  0]LogTemp:Display: Loaded TP Android_DXTTargetPlatform
[2016.01.30-19.44.44:959][  0]LogTemp:Display: Loaded TP Android_ETC1TargetPlatform
[2016.01.30-19.44.45:029][  0]LogTemp:Display: Loaded TP Android_ETC2TargetPlatform
[2016.01.30-19.44.45:081][  0]LogTemp:Display: Loaded TP Android_PVRTCTargetPlatform
[2016.01.30-19.44.45:154][  0]LogTemp:Display: Loaded TP HTML5TargetPlatform
[2016.01.30-19.44.45:255][  0]LogTemp:Display: Loaded TP IOSTargetPlatform
[2016.01.30-19.44.45:295][  0]LogTemp:Display: Loaded TP LinuxNoEditorTargetPlatform
[2016.01.30-19.44.45:335][  0]LogTemp:Display: Loaded TP LinuxServerTargetPlatform
[2016.01.30-19.44.45:370][  0]LogTemp:Display: Loaded TP LinuxTargetPlatform
[2016.01.30-19.44.45:370][  0]LogTargetPlatformManager:Display: Building Assets For Windows
[2016.01.30-19.44.46:439][  0]LogDerivedDataCache:Display: Max Cache Size: 512 MB
[2016.01.30-19.44.47:121][  0]LogDerivedDataCache: Loaded boot cache 0.68s 42MB C:/Users/stupid/AppData/Local/UnrealEngine/4.9/DerivedDataCache/Boot.ddc.
[2016.01.30-19.44.47:122][  0]LogDerivedDataCache:Display: Loaded Boot cache: C:/Users/stupid/AppData/Local/UnrealEngine/4.9/DerivedDataCache/Boot.ddc
[2016.01.30-19.44.47:122][  0]LogDerivedDataCache: FDerivedDataBackendGraph:  Pak pak cache file ../../../../../../Users/stupid/Perforce/somalle_Fou_8865/Individual/somalle/Cardinal_Kings/DerivedDataCache/DDC.ddp not found, will not use a pak cache.
[2016.01.30-19.44.47:122][  0]LogDerivedDataCache: Unable to find inner node Pak for hierarchical cache Hierarchy.
[2016.01.30-19.44.47:122][  0]LogDerivedDataCache: FDerivedDataBackendGraph:  CompressedPak pak cache file ../../../../../../Users/stupid/Perforce/somalle_Fou_8865/Individual/somalle/Cardinal_Kings/DerivedDataCache/Compressed.ddp not found, will not use a pak cache.
[2016.01.30-19.44.47:122][  0]LogDerivedDataCache: Unable to find inner node CompressedPak for hierarchical cache Hierarchy.
[2016.01.30-19.44.47:473][  0]LogDerivedDataCache:Display: Pak cache opened for reading ../../../Engine/DerivedDataCache/Compressed.ddp.
[2016.01.30-19.44.47:489][  0]LogDerivedDataCache: Using Local data cache path C:/Users/stupid/AppData/Local/UnrealEngine/Common/DerivedDataCache: Writable
[2016.01.30-19.44.53:319][  0]LogInit: Selected Device Profile: [Windows]
[2016.01.30-19.44.53:354][  0]LogContentStreaming: Texture pool size is 0.000000MB
[2016.01.30-19.44.54:394][  0]LogMeshUtilities: No automatic mesh reduction module available
[2016.01.30-19.44.54:394][  0]LogMeshUtilities: No automatic mesh merging module available
[2016.01.30-19.44.56:327][  0]LogInit: WinSock: version 1.1 (2.2), MaxSocks=32767, MaxUdp=65467
[2016.01.30-19.45.30:725][  0]UdpMessaging: Initializing bridge on interface 0.0.0.0:0 to multicast group 230.0.0.1:6666.
[2016.01.30-19.45.31:267][  0]LogAssetRegistry: FAssetRegistry took 0.0114 seconds to start up
[2016.01.30-19.45.32:711][  0]SourceControl: Info Source control is disabled
[2016.01.30-19.45.32:763][  0]SourceControl: Info Source control is disabled
[2016.01.30-19.45.32:782][  0]SourceControl: Info Source control is disabled
[2016.01.30-19.45.32:800][  0]SourceControl: Info Source control is disabled
[2016.01.30-19.45.34:297][  0]LogLinker:Warning: Asset '../../../Engine/Plugins/Runtime/LeapMotionController/Content/LM_PassthroughMaterial.uasset' has been saved with empty engine version. The asset will be loaded but may be incompatible.
[2016.01.30-19.45.34:832][  0]LogObj: 28361 objects as part of root set at end of initial load.
[2016.01.30-19.45.34:832][  0]LogUObjectAllocator: 6038864 out of 0 bytes used by permanent object pool.
[2016.01.30-19.45.35:839][  0]LogEngine: Initializing Engine...
[2016.01.30-19.45.35:860][  0]LogHMD: Can't find Oculus library dev build: is proper Runtime installed? Version: 0.7.0.0
[2016.01.30-19.45.35:863][  0]LogHMD: SteamVR failed to initialize.  Err: 110
[2016.01.30-19.45.36:365][  0]LogAIModule: Creating AISystem for world NewWorld
[2016.01.30-19.45.36:459][  0]LogInit: XAudio2 using 'Speakers (High Definition Audio Device)' : 2 channels at 44.1 kHz using 16 bits per sample (channel mask 0x3)
[2016.01.30-19.45.36:478][  0]LogInit: FAudioDevice initialized.
[2016.01.30-19.45.36:518][  0]LogDerivedDataCache: Saved boot cache 0.04s 42MB C:/Users/stupid/AppData/Local/UnrealEngine/4.9/DerivedDataCache/Boot.ddc.
[2016.01.30-19.45.36:525][  0]LogInit: Texture streaming: Enabled
[2016.01.30-19.45.36:702][  0]LogAnalytics: Creating configured Analytics provider AnalyticsET
[2016.01.30-19.45.36:702][  0]LogAnalytics: [UEEditor.Rocket.Release] APIServer = http://et2.epicgames.com/ET2/. AppVersion = 4.9.2-2707645+++depot+UE4-Releases+4.9
[2016.01.30-19.45.36:702][  0]LogAnalytics: [UEEditor.Rocket.Release] SetUserId 5346a6b841e607caf762ab8537e3c84f|0c7ed39155914bdd9dfaebe7213c2bfb|f36b3f47-aa57-414e-ae7a-1d74e7e7136f
[2016.01.30-19.45.36:702][  0]LogAnalytics: [UEEditor.Rocket.Release] AnalyticsET::StartSession
[2016.01.30-19.45.36:998][  0]LogInit: Transaction tracking system initialized
[2016.01.30-19.45.38:847][  0]BlueprintLog: New page: Editor Load
[2016.01.30-19.45.42:920][  0]LocalizationService: Info Localization service is disabled
[2016.01.30-19.45.43:768][  0]LogConsoleResponse:Display: 
[2016.01.30-19.45.45:468][  0]LogFileCache: Scanning file cache for directory 'C:/Users/stupid/Perforce/somalle_Fou_8865/Individual/somalle/Cardinal_Kings/Content/' took 0.02s
[2016.01.30-19.45.45:468][  0]LogCook:Display: Done creating registry. It took  0.00s.
[2016.01.30-19.45.46:733][  0]SourceControl: Info Source control is disabled
[2016.01.30-19.45.46:820][  0]Cmd: MAP LOAD FILE="../../../../../../Users/stupid/Perforce/somalle_Fou_8865/Individual/somalle/Cardinal_Kings/Content/Cardinal_Kings1.umap" TEMPLATE=0 SHOWPROGRESS=1 FEATURELEVEL=3
[2016.01.30-19.45.46:920][  0]LightingResults: New page: Lighting Build
[2016.01.30-19.45.46:993][  0]MapCheck: New page: Map Check
[2016.01.30-19.45.46:994][  0]LightingResults: New page: Lighting Build
[2016.01.30-19.45.47:825][  0]LogParticles: Destroying 0 GPU particle simulations for FXSystem 0x00000097B234E160
[2016.01.30-19.45.54:901][  0]LogAIModule: Creating AISystem for world Cardinal_Kings1
[2016.01.30-19.45.55:008][  0]LogEditorServer: Finished looking for orphan Actors (0.000 secs)
[2016.01.30-19.45.55:077][  0]Cmd: MAP CHECKDEP NOCLEARLOG
[2016.01.30-19.45.55:276][  0]MapCheck: Info Map check complete: 0 Error(s), 0 Warning(s), took 199.47ms to complete.
[2016.01.30-19.45.55:277][  0]LogFileHelpers: Loading map 'Cardinal_Kings1' took 8.501
[2016.01.30-19.45.55:783][  0]LogCollectionManager: Loaded 0 collections in 0.003076 seconds
[2016.01.30-19.45.55:843][  0]LogFileCache: Scanning file cache for directory 'C:/Users/stupid/Perforce/somalle_Fou_8865/Individual/somalle/Cardinal_Kings/Saved/Collections/' took 0.01s
[2016.01.30-19.45.55:843][  0]LogFileCache: Scanning file cache for directory 'C:/Users/stupid/Perforce/somalle_Fou_8865/Individual/somalle/Cardinal_Kings/Content/Developers/stupid/Collections/' took 0.01s
[2016.01.30-19.45.55:843][  0]LogFileCache: Scanning file cache for directory 'C:/Users/stupid/Perforce/somalle_Fou_8865/Individual/somalle/Cardinal_Kings/Content/Collections/' took 0.01s
[2016.01.30-19.45.55:844][  0]LogContentBrowser: Native class hierarchy populated in 0.0212 seconds. Added 1867 classes and 333 folders.
[2016.01.30-19.45.55:851][  0]LogCollectionManager: Rebuilt the GUID cache for 0 collections in 0.000005 seconds
[2016.01.30-19.45.55:866][  0]LogContentBrowser: Native class hierarchy updated for 'WidgetCarousel' in 0.0006 seconds. Added 0 classes and 0 folders.
[2016.01.30-19.45.58:896][  0]LogContentBrowser: Native class hierarchy updated for 'AddContentDialog' in 0.0010 seconds. Added 0 classes and 0 folders.
[2016.01.30-19.45.58:908][  0]LogContentBrowser: Native class hierarchy updated for 'SceneOutliner' in 0.0010 seconds. Added 1 classes and 2 folders.
[2016.01.30-19.45.59:232][  0]LogCrashTracker: Crashtracker disabled due to settings.
[2016.01.30-19.45.59:386][  0]LogUObjectGlobals:Warning: Failed to find object 'Class None.'
[2016.01.30-19.45.59:409][  0]LogLoad: Full Startup: 84.15 seconds (BP compile: 1.05 seconds)
[2016.01.30-19.46.00:310][  0]LogContentStreaming: Texture pool size now 700 MB
[2016.01.30-19.46.00:601][  0]LogRenderer: Reallocating scene render targets to support 736x320 (Frame:2).
[2016.01.30-19.46.02:844][  5]LogAssetRegistry: Asset discovery search completed in 31.5877 seconds
[2016.01.30-19.46.02:844][  5]LogCollectionManager: Rebuilt the object cache for 0 collections in 0.000001 seconds (found 0 objects)
[2016.01.30-19.46.02:903][  5]LogCollectionManager: Fixed up redirectors for 0 collections in 0.058959 seconds (updated 0 objects)
[2016.01.30-19.48.12:656][747]LogEditorViewport: Clicking on Actor (LMB): PaperSpriteActor (Bottom_Border3)
[2016.01.30-19.48.35:939][859]LogEditorViewport: Clicking on Actor (LMB): PaperSpriteActor (Top_Border52)
[2016.01.30-19.48.51:302][664]LogEditorViewport: Clicking on Actor (LMB): PaperSpriteActor (Bottom_Border4)
[2016.01.30-19.48.58:314][  6]LogEditorViewport: Clicking Background
[2016.01.30-19.49.00:758][198]LogEditorViewport: Clicking on Actor (LMB): PaperSpriteActor (Top_Border53)
[2016.01.30-19.49.15:937][919]LogEditorViewport: Clicking on Actor (LMB): PaperSpriteActor (Bottom_Border5)
[2016.01.30-19.49.27:354][529]LogEditorViewport: Clicking on Actor (LMB): PaperSpriteActor (Top_Border54)
[2016.01.30-19.49.38:771][212]LogEditorViewport: Clicking Background
[2016.01.30-19.49.40:388][359]LogEditorViewport: Clicking on Actor (LMB): PaperSpriteActor (2DBackground_Sprite)
[2016.01.30-19.49.41:288][417]LogEditorViewport: Clicking on Actor (LMB): PaperSpriteActor (Bottom_Border6)
[2016.01.30-19.49.47:232][655]LogEditorViewport: Clicking on Actor (LMB): PaperSpriteActor (Top_Border55)
[2016.01.30-19.49.51:560][862]LogEditorViewport: Clicking on Actor (LMB): PaperSpriteActor (Bottom_Border7)
[2016.01.30-19.49.57:666][ 86]LogEditorViewport: Clicking Background
[2016.01.30-19.56.01:092][ 82]LogSavePackage: Save=108.145950ms
[2016.01.30-19.56.01:092][ 82]LogSavePackage: Moving '../../../../../../Users/stupid/Perforce/somalle_Fou_8865/Individual/somalle/Cardinal_Kings/Saved/Cardinal_Kings1_Auto17B2F752B4E1DE88645177AA6ED42F926.tmp' to '../../../../../../Users/stupid/Perforce/somalle_Fou_8865/Individual/somalle/Cardinal_Kings/Saved/Autosaves/Game/Cardinal_Kings1_Auto1.umap'
[2016.01.30-19.56.01:106][ 82]LogSavePackage: Total save time: 594.226692ms
[2016.01.30-19.56.01:106][ 82]LogSavePackage:Warning: Finished SavePackage ../../../../../../Users/stupid/Perforce/somalle_Fou_8865/Individual/somalle/Cardinal_Kings/Saved/Autosaves/Game/Cardinal_Kings1_Auto1.umap
[2016.01.30-19.56.01:153][ 82]LogFileHelpers: Editor autosave (incl. sublevels) for '/Game/Cardinal_Kings1' took 0.798
[2016.01.30-19.56.01:153][ 82]LogFileHelpers: Editor autosave (incl. sublevels) for all levels took 0.798
[2016.01.30-20.31.57:149][771]LogSavePackage: Save=82.815506ms
[2016.01.30-20.31.57:149][771]LogSavePackage: Moving '../../../../../../Users/stupid/Perforce/somalle_Fou_8865/Individual/somalle/Cardinal_Kings/Saved/Cardinal_Kings1A0715ABB4C2C3F40CAE8E3BB10927F3F.tmp' to '../../../../../../Users/stupid/Perforce/somalle_Fou_8865/Individual/somalle/Cardinal_Kings/Content/Cardinal_Kings1.umap'
[2016.01.30-20.31.57:152][771]LogSavePackage: Total save time: 110.119477ms
[2016.01.30-20.31.57:152][771]LogSavePackage:Warning: Finished SavePackage ../../../../../../Users/stupid/Perforce/somalle_Fou_8865/Individual/somalle/Cardinal_Kings/Content/Cardinal_Kings1.umap
[2016.01.30-20.31.57:200][771]LogFileHelpers: Saving map 'Cardinal_Kings1' took 0.278
[2016.01.30-20.31.59:239][876]LogWindowsTextInputMethodSystem:Display: IME system now deactivated.
[2016.01.30-20.31.59:780][877]Cmd: QUIT_EDITOR
[2016.01.30-20.32.00:295][877]LogExit: Preparing to exit.
[2016.01.30-20.32.01:833][877]LogExit: Editor shut down
[2016.01.30-20.32.01:834][877]LogExit: Transaction tracking system shut down
[2016.01.30-20.32.01:839][877]LogParticles: Destroying 0 GPU particle simulations for FXSystem 0x00000097A67B2A20
[2016.01.30-20.32.01:840][877]LogParticles: Destroying 0 GPU particle simulations for FXSystem 0x00000097A3D95620
[2016.01.30-20.32.01:841][877]LogParticles: Destroying 0 GPU particle simulations for FXSystem 0x00000097A3A7A2A0
[2016.01.30-20.32.01:841][877]LogParticles: Destroying 0 GPU particle simulations for FXSystem 0x00000097BDC3F560
[2016.01.30-20.32.02:574][877]LogParticles: Destroying 0 GPU particle simulations for FXSystem 0x00000097BDA9FCE0
[2016.01.30-20.32.02:574][877]LogExit: Object subsystem successfully closed.
[2016.01.30-20.32.02:653][877]LogD3D11RHI: Shutdown
[2016.01.30-20.32.02:653][877]LogD3D11RHI: CleanupD3DDevice
[2016.01.30-20.32.02:745][877]LogD3D11RHI: ~FD3D11DynamicRHI
[2016.01.30-20.32.02:814][877]LogModuleManager: Shutting down and abandoning module CrashTracker (197)
[2016.01.30-20.32.02:814][877]LogModuleManager: Shutting down and abandoning module SceneOutliner (196)
[2016.01.30-20.32.02:814][877]LogModuleManager: Shutting down and abandoning module SuperSearch (195)
[2016.01.30-20.32.02:814][877]LogModuleManager: Shutting down and abandoning module WidgetCarousel (194)
[2016.01.30-20.32.02:814][877]LogModuleManager: Shutting down and abandoning module AddContentDialog (193)
[2016.01.30-20.32.02:818][877]LogModuleManager: Shutting down and abandoning module EditorWidgets (192)
[2016.01.30-20.32.02:818][877]LogModuleManager: Shutting down and abandoning module CollectionManager (191)
[2016.01.30-20.32.02:819][877]LogModuleManager: Shutting down and abandoning module StatsViewer (190)
[2016.01.30-20.32.02:819][877]LogModuleManager: Shutting down and abandoning module FoliageEdit (189)
[2016.01.30-20.32.02:819][877]LogModuleManager: Shutting down and abandoning module LandscapeEditor (188)
[2016.01.30-20.32.02:819][877]LogModuleManager: Shutting down and abandoning module ActorPickerMode (187)
[2016.01.30-20.32.02:819][877]LogModuleManager: Shutting down and abandoning module GeometryMode (186)
[2016.01.30-20.32.02:819][877]LogModuleManager: Shutting down and abandoning module TextureAlignMode (185)
[2016.01.30-20.32.02:819][877]LogModuleManager: Shutting down and abandoning module BspMode (184)
[2016.01.30-20.32.02:819][877]LogModuleManager: Shutting down and abandoning module PlacementMode (183)
[2016.01.30-20.32.02:819][877]LogModuleManager: Shutting down and abandoning module AutomationWorker (182)
[2016.01.30-20.32.02:819][877]LogModuleManager: Shutting down and abandoning module CharacterAI (181)
[2016.01.30-20.32.02:819][877]LogModuleManager: Shutting down and abandoning module SmartSnapping (180)
[2016.01.30-20.32.02:819][877]LogModuleManager: Shutting down and abandoning module ViewportSnapping (179)
[2016.01.30-20.32.02:819][877]LogModuleManager: Shutting down and abandoning module LogVisualizer (178)
[2016.01.30-20.32.02:819][877]LogModuleManager: Shutting down and abandoning module GameProjectGeneration (177)
[2016.01.30-20.32.02:819][877]LogModuleManager: Shutting down and abandoning module IntroTutorials (176)
[2016.01.30-20.32.02:819][877]LogModuleManager: Shutting down and abandoning module EditorLiveStreaming (175)
[2016.01.30-20.32.02:819][877]LogModuleManager: Shutting down and abandoning module IOSPlatformEditor (174)
[2016.01.30-20.32.02:819][877]LogModuleManager: Shutting down and abandoning module HTML5PlatformEditor (173)
[2016.01.30-20.32.02:819][877]LogModuleManager: Shutting down and abandoning module AndroidDeviceDetection (172)
[2016.01.30-20.32.03:688][877]LogModuleManager: Shutting down and abandoning module AndroidPlatformEditor (171)
[2016.01.30-20.32.03:688][877]LogModuleManager: Shutting down and abandoning module IOSRuntimeSettings (170)
[2016.01.30-20.32.03:688][877]LogModuleManager: Shutting down and abandoning module AndroidRuntimeSettings (169)
[2016.01.30-20.32.03:688][877]LogModuleManager: Shutting down and abandoning module MergeActors (168)
[2016.01.30-20.32.03:688][877]LogModuleManager: Shutting down and abandoning module SizeMap (167)
[2016.01.30-20.32.03:688][877]LogModuleManager: Shutting down and abandoning module TreeMap (166)
[2016.01.30-20.32.03:688][877]LogModuleManager: Shutting down and abandoning module ReferenceViewer (165)
[2016.01.30-20.32.03:688][877]LogModuleManager: Shutting down and abandoning module LocalizationService (164)
[2016.01.30-20.32.03:688][877]LogModuleManager: Shutting down and abandoning module LocalizationDashboard (163)
[2016.01.30-20.32.03:688][877]LogModuleManager: Shutting down and abandoning module HardwareTargeting (162)
[2016.01.30-20.32.03:688][877]LogModuleManager: Shutting down and abandoning module DeviceProfileEditor (161)
[2016.01.30-20.32.03:688][877]LogModuleManager: Shutting down and abandoning module UndoHistory (160)
[2016.01.30-20.32.03:688][877]LogModuleManager: Shutting down and abandoning module GameplayTagsEditor (159)
[2016.01.30-20.32.03:688][877]LogModuleManager: Shutting down and abandoning module UserFeedback (158)
[2016.01.30-20.32.03:688][877]LogModuleManager: Shutting down and abandoning module XmlParser (157)
[2016.01.30-20.32.03:688][877]LogModuleManager: Shutting down and abandoning module Blutility (156)
[2016.01.30-20.32.03:688][877]LogModuleManager: Shutting down and abandoning module ProjectTargetPlatformEditor (155)
[2016.01.30-20.32.03:688][877]LogModuleManager: Shutting down and abandoning module ProjectSettingsViewer (154)
[2016.01.30-20.32.03:688][877]LogModuleManager: Shutting down and abandoning module InputBindingEditor (153)
[2016.01.30-20.32.03:688][877]LogModuleManager: Shutting down and abandoning module EditorSettingsViewer (152)
[2016.01.30-20.32.03:688][877]LogModuleManager: Shutting down and abandoning module SettingsEditor (151)
[2016.01.30-20.32.03:689][877]LogModuleManager: Shutting down and abandoning module ProjectLauncher (150)
[2016.01.30-20.32.03:689][877]LogModuleManager: Shutting down and abandoning module SessionFrontend (149)
[2016.01.30-20.32.03:689][877]LogModuleManager: Shutting down and abandoning module ProfilerClient (148)
[2016.01.30-20.32.03:689][877]LogModuleManager: Shutting down and abandoning module TargetDeviceServices (147)
[2016.01.30-20.32.03:689][877]LogModuleManager: Shutting down and abandoning module DeviceManager (146)
[2016.01.30-20.32.03:689][877]LogModuleManager: Shutting down and abandoning module AutomationController (145)
[2016.01.30-20.32.03:689][877]LogModuleManager: Shutting down and abandoning module AutomationWindow (144)
[2016.01.30-20.32.03:689][877]LogModuleManager: Shutting down and abandoning module Layers (143)
[2016.01.30-20.32.03:689][877]LogModuleManager: Shutting down and abandoning module ComponentVisualizers (142)
[2016.01.30-20.32.03:689][877]LogModuleManager: Shutting down and abandoning module DetailCustomizations (141)
[2016.01.30-20.32.03:689][877]LogModuleManager: Shutting down and abandoning module PackagesDialog (140)
[2016.01.30-20.32.03:689][877]LogModuleManager: Shutting down and abandoning module Persona (139)
[2016.01.30-20.32.03:689][877]LogModuleManager: Shutting down and abandoning module Kismet (138)
[2016.01.30-20.32.03:689][877]LogModuleManager: Shutting down and abandoning module GraphEditor (137)
[2016.01.30-20.32.03:689][877]LogModuleManager: Shutting down and abandoning module ClassViewer (136)
[2016.01.30-20.32.03:689][877]LogModuleManager: Shutting down and abandoning module Toolbox (135)
[2016.01.30-20.32.03:689][877]LogModuleManager: Shutting down and abandoning module ModuleUI (134)
[2016.01.30-20.32.03:689][877]LogModuleManager: Shutting down and abandoning module MovieSceneTools (133)
[2016.01.30-20.32.03:689][877]LogModuleManager: Shutting down and abandoning module OutputLog (132)
[2016.01.30-20.32.03:689][877]LogModuleManager: Shutting down and abandoning module GammaUI (131)
[2016.01.30-20.32.03:689][877]LogModuleManager: Shutting down and abandoning module Documentation (130)
[2016.01.30-20.32.03:689][877]LogModuleManager: Shutting down and abandoning module GameLiveStreaming (129)
[2016.01.30-20.32.03:689][877]LogModuleManager: Shutting down and abandoning module StreamingPauseRendering (128)
[2016.01.30-20.32.03:689][877]LogModuleManager: Shutting down and abandoning module AnalyticsET (127)
[2016.01.30-20.32.03:689][877]LogModuleManager: Shutting down and abandoning module Analytics (126)
[2016.01.30-20.32.03:689][877]LogModuleManager: Shutting down and abandoning module AITestSuite (125)
[2016.01.30-20.32.03:689][877]LogModuleManager: Shutting down and abandoning module GameplayDebugger (124)
[2016.01.30-20.32.03:690][877]LogModuleManager: Shutting down and abandoning module AIModule (123)
[2016.01.30-20.32.03:690][877]LogModuleManager: Shutting down and abandoning module ProfilerService (122)
[2016.01.30-20.32.03:854][877]LogModuleManager: Shutting down and abandoning module TaskGraph (121)
[2016.01.30-20.32.03:854][877]LogModuleManager: Shutting down and abandoning module SlateRemote (120)
[2016.01.30-20.32.03:854][877]LogModuleManager: Shutting down and abandoning module SteamVRController (119)
[2016.01.30-20.32.03:854][877]LogModuleManager: Shutting down and abandoning module SteamVR (118)
[2016.01.30-20.32.03:854][877]LogModuleManager: Shutting down and abandoning module ProceduralMeshComponent (117)
[2016.01.30-20.32.03:854][877]LogModuleManager: Shutting down and abandoning module OculusRift (116)
[2016.01.30-20.32.03:854][877]LogModuleManager: Shutting down and abandoning module OculusLibrary (115)
[2016.01.30-20.32.03:854][877]LogModuleManager: Shutting down and abandoning module LeapMotionController (114)
[2016.01.30-20.32.03:929][877]LogModuleManager: Shutting down and abandoning module CustomMeshComponent (113)
[2016.01.30-20.32.03:929][877]LogModuleManager: Shutting down and abandoning module CableComponent (112)
[2016.01.30-20.32.03:929][877]LogModuleManager: Shutting down and abandoning module ArchVisCharacter (111)
[2016.01.30-20.32.03:929][877]LogModuleManager: Shutting down and abandoning module MessagingDebugger (110)
[2016.01.30-20.32.03:929][877]LogModuleManager: Shutting down and abandoning module MediaPlayerEditor (109)
[2016.01.30-20.32.03:930][877]LogModuleManager: Shutting down and abandoning module HTML5Networking (108)
[2016.01.30-20.32.03:930][877]LogModuleManager: Shutting down and abandoning module SpeedTreeImporter (107)
[2016.01.30-20.32.03:930][877]LogModuleManager: Shutting down and abandoning module PluginBrowser (106)
[2016.01.30-20.32.03:930][877]LogModuleManager: Shutting down and abandoning module EpicSurvey (105)
[2016.01.30-20.32.03:930][877]LogModuleManager: Shutting down and abandoning module DesktopPlatform (104)
[2016.01.30-20.32.03:930][877]LogModuleManager: Shutting down and abandoning module VisualStudioSourceCodeAccess (103)
[2016.01.30-20.32.03:930][877]LogModuleManager: Shutting down and abandoning module UObjectPlugin (102)
[2016.01.30-20.32.03:930][877]LogModuleManager: Shutting down and abandoning module SubversionSourceControl (101)
[2016.01.30-20.32.03:930][877]LogModuleManager: Shutting down and abandoning module PerforceSourceControl (100)
[2016.01.30-20.32.03:930][877]LogModuleManager: Shutting down and abandoning module SourceControl (99)
[2016.01.30-20.32.03:930][877]LogModuleManager: Shutting down and abandoning module GitSourceControl (98)
[2016.01.30-20.32.03:930][877]LogModuleManager: Shutting down and abandoning module LightPropagationVolumeEditor (97)
[2016.01.30-20.32.03:930][877]LogModuleManager: Shutting down and abandoning module PaperTiledImporter (96)
[2016.01.30-20.32.03:930][877]LogModuleManager: Shutting down and abandoning module PaperSpriteSheetImporter (95)
[2016.01.30-20.32.03:930][877]LogModuleManager: Shutting down and abandoning module MeshPaint (94)
[2016.01.30-20.32.03:930][877]LogModuleManager: Shutting down and abandoning module SlateReflector (93)
[2016.01.30-20.32.03:930][877]LogModuleManager: Shutting down and abandoning module HotReload (92)
[2016.01.30-20.32.03:930][877]LogModuleManager: Shutting down and abandoning module MainFrame (91)
[2016.01.30-20.32.03:930][877]LogModuleManager: Shutting down and abandoning module LevelEditor (90)
[2016.01.30-20.32.03:932][877]LogModuleManager: Shutting down and abandoning module DirectoryWatcher (89)
[2016.01.30-20.32.03:936][877]LogModuleManager: Shutting down and abandoning module AssetRegistry (88)
[2016.01.30-20.32.04:057][877]LogModuleManager: Shutting down and abandoning module ContentBrowser (87)
[2016.01.30-20.32.04:058][877]LogModuleManager: Shutting down and abandoning module Paper2DEditor (86)
[2016.01.30-20.32.04:058][877]LogModuleManager: Shutting down and abandoning module UdpMessaging (85)
[2016.01.30-20.32.04:158][877]LogModuleManager: Shutting down and abandoning module LightPropagationVolumeRuntime (84)
[2016.01.30-20.32.04:158][877]LogModuleManager: Shutting down and abandoning module Paper2D (83)
[2016.01.30-20.32.04:158][877]LogModuleManager: Shutting down and abandoning module WindowsMoviePlayer (82)
[2016.01.30-20.32.04:161][877]LogModuleManager: Shutting down and abandoning module Media (81)
[2016.01.30-20.32.04:161][877]LogModuleManager: Shutting down and abandoning module WmfMedia (80)
[2016.01.30-20.32.04:161][877]LogModuleManager: Shutting down and abandoning module OnlineBlueprintSupport (79)
[2016.01.30-20.32.04:161][877]LogModuleManager: Shutting down and abandoning module GameplayTasksEditor (78)
[2016.01.30-20.32.04:161][877]LogModuleManager: Shutting down and abandoning module PropertyEditor (77)
[2016.01.30-20.32.04:161][877]LogModuleManager: Shutting down and abandoning module BehaviorTreeEditor (76)
[2016.01.30-20.32.04:161][877]LogModuleManager: Shutting down and abandoning module FunctionalTesting (75)
[2016.01.30-20.32.04:161][877]LogModuleManager: Shutting down and abandoning module CollisionAnalyzer (74)
[2016.01.30-20.32.04:161][877]LogModuleManager: Shutting down and abandoning module WorkspaceMenuStructure (73)
[2016.01.30-20.32.04:161][877]LogModuleManager: Shutting down and abandoning module MessageLog (72)
[2016.01.30-20.32.04:161][877]LogModuleManager: Shutting down and abandoning module Sequencer (71)
[2016.01.30-20.32.04:161][877]LogModuleManager: Shutting down and abandoning module AssetTools (70)
[2016.01.30-20.32.04:162][877]LogModuleManager: Shutting down and abandoning module UMGEditor (69)
[2016.01.30-20.32.04:162][877]LogModuleManager: Shutting down and abandoning module UMG (68)
[2016.01.30-20.32.04:162][877]LogModuleManager: Shutting down and abandoning module Slate (67)
[2016.01.30-20.32.04:162][877]LogModuleManager: Shutting down and abandoning module EditorStyle (66)
[2016.01.30-20.32.04:167][877]LogModuleManager: Shutting down and abandoning module SessionServices (65)
[2016.01.30-20.32.04:167][877]LogModuleManager: Shutting down and abandoning module SourceCodeAccess (64)
[2016.01.30-20.32.04:167][877]LogModuleManager: Shutting down and abandoning module HeadMountedDisplay (63)
[2016.01.30-20.32.04:167][877]LogModuleManager: Shutting down and abandoning module XAudio2 (62)
[2016.01.30-20.32.04:167][877]LogModuleManager: Shutting down and abandoning module Networking (60)
[2016.01.30-20.32.04:167][877]LogModuleManager: Shutting down and abandoning module Core (59)
[2016.01.30-20.32.04:167][877]LogModuleManager: Shutting down and abandoning module KismetCompiler (58)
[2016.01.30-20.32.04:167][877]LogModuleManager: Shutting down and abandoning module PhysXFormats (57)
[2016.01.30-20.32.04:167][877]LogModuleManager: Shutting down and abandoning module MeshUtilities (56)
[2016.01.30-20.32.04:167][877]LogModuleManager: Shutting down and abandoning module CookingStats (55)
[2016.01.30-20.32.04:168][877]LogModuleManager: Shutting down and abandoning module DerivedDataCache (54)
[2016.01.30-20.32.04:235][877]LogDerivedDataCache: Shutdown
[2016.01.30-20.32.04:235][877]LogModuleManager: Shutting down and abandoning module ShaderFormatOpenGL (53)
[2016.01.30-20.32.04:235][877]LogModuleManager: Shutting down and abandoning module ShaderFormatD3D (52)
[2016.01.30-20.32.04:235][877]LogModuleManager: Shutting down and abandoning module MetalShaderFormat (51)
[2016.01.30-20.32.04:235][877]LogModuleManager: Shutting down and abandoning module TextureFormatUncompressed (50)
[2016.01.30-20.32.04:235][877]LogModuleManager: Shutting down and abandoning module TextureFormatPVR (49)
[2016.01.30-20.32.04:235][877]LogModuleManager: Shutting down and abandoning module TextureFormatIntelISPCTexComp (48)
[2016.01.30-20.32.04:235][877]LogModuleManager: Shutting down and abandoning module TextureFormatDXT (47)
[2016.01.30-20.32.04:235][877]LogModuleManager: Shutting down and abandoning module ImageWrapper (46)
[2016.01.30-20.32.04:235][877]LogModuleManager: Shutting down and abandoning module TextureFormatASTC (45)
[2016.01.30-20.32.04:235][877]LogModuleManager: Shutting down and abandoning module TextureFormatAndroid (44)
[2016.01.30-20.32.04:235][877]LogModuleManager: Shutting down and abandoning module AudioFormatOpus (43)
[2016.01.30-20.32.04:235][877]LogModuleManager: Shutting down and abandoning module AudioFormatOgg (42)
[2016.01.30-20.32.04:235][877]LogModuleManager: Shutting down and abandoning module AudioFormatADPCM (41)
[2016.01.30-20.32.04:235][877]LogModuleManager: Shutting down and abandoning module LinuxTargetPlatform (40)
[2016.01.30-20.32.04:235][877]LogModuleManager: Shutting down and abandoning module LinuxServerTargetPlatform (39)
[2016.01.30-20.32.04:235][877]LogModuleManager: Shutting down and abandoning module LinuxNoEditorTargetPlatform (38)
[2016.01.30-20.32.04:235][877]LogModuleManager: Shutting down and abandoning module Messaging (37)
[2016.01.30-20.32.04:235][877]LogModuleManager: Shutting down and abandoning module IOSTargetPlatform (36)
[2016.01.30-20.32.04:235][877]LogModuleManager: Shutting down and abandoning module HTML5TargetPlatform (35)
[2016.01.30-20.32.04:235][877]LogModuleManager: Shutting down and abandoning module Android_PVRTCTargetPlatform (34)
[2016.01.30-20.32.04:235][877]LogModuleManager: Shutting down and abandoning module Android_ETC2TargetPlatform (33)
[2016.01.30-20.32.04:235][877]LogModuleManager: Shutting down and abandoning module Android_ETC1TargetPlatform (32)
[2016.01.30-20.32.04:235][877]LogModuleManager: Shutting down and abandoning module Android_DXTTargetPlatform (31)
[2016.01.30-20.32.04:235][877]LogModuleManager: Shutting down and abandoning module Android_ATCTargetPlatform (30)
[2016.01.30-20.32.04:235][877]LogModuleManager: Shutting down and abandoning module Android_ASTCTargetPlatform (29)
[2016.01.30-20.32.04:235][877]LogModuleManager: Shutting down and abandoning module AndroidTargetPlatform (28)
[2016.01.30-20.32.04:235][877]LogModuleManager: Shutting down and abandoning module WindowsTargetPlatform (27)
[2016.01.30-20.32.04:268][877]LogModuleManager: Shutting down and abandoning module WindowsServerTargetPlatform (26)
[2016.01.30-20.32.04:268][877]LogModuleManager: Shutting down and abandoning module WindowsNoEditorTargetPlatform (25)
[2016.01.30-20.32.04:269][877]LogModuleManager: Shutting down and abandoning module WindowsClientTargetPlatform (24)
[2016.01.30-20.32.04:269][877]LogModuleManager: Shutting down and abandoning module AllDesktopTargetPlatform (23)
[2016.01.30-20.32.04:269][877]LogModuleManager: Shutting down and abandoning module TargetPlatform (22)
[2016.01.30-20.32.04:269][877]LogModuleManager: Shutting down and abandoning module InputCore (21)
[2016.01.30-20.32.04:269][877]LogModuleManager: Shutting down and abandoning module Settings (20)
[2016.01.30-20.32.04:269][877]LogModuleManager: Shutting down and abandoning module OnlineSubsystem (18)
[2016.01.30-20.32.04:269][877]LogModuleManager: Shutting down and abandoning module HTTP (17)
[2016.01.30-20.32.06:275][877]LogModuleManager: Shutting down and abandoning module XMPP (16)
[2016.01.30-20.32.06:275][877]LogModuleManager: Shutting down and abandoning module ExampleDeviceProfileSelector (15)
[2016.01.30-20.32.06:275][877]LogModuleManager: Shutting down and abandoning module TextureCompressor (14)
[2016.01.30-20.32.06:275][877]LogModuleManager: Shutting down and abandoning module ShaderCore (13)
[2016.01.30-20.32.06:275][877]LogModuleManager: Shutting down and abandoning module Landscape (12)
[2016.01.30-20.32.06:275][877]LogModuleManager: Shutting down and abandoning module SlateRHIRenderer (11)
[2016.01.30-20.32.06:287][877]LogModuleManager: Shutting down and abandoning module OpenGLDrv (10)
[2016.01.30-20.32.06:287][877]LogModuleManager: Shutting down and abandoning module D3D11RHI (9)
[2016.01.30-20.32.06:287][877]LogModuleManager: Shutting down and abandoning module AnimGraphRuntime (8)
[2016.01.30-20.32.06:287][877]LogModuleManager: Shutting down and abandoning module Renderer (7)
[2016.01.30-20.32.06:287][877]LogModuleManager: Shutting down and abandoning module Engine (6)
[2016.01.30-20.32.06:287][877]LogModuleManager: Shutting down and abandoning module CoreUObject (5)
[2016.01.30-20.32.06:287][877]LogModuleManager: Shutting down and abandoning module NetworkFile (4)
[2016.01.30-20.32.06:287][877]LogModuleManager: Shutting down and abandoning module StreamingFile (3)
[2016.01.30-20.32.06:287][877]LogModuleManager: Shutting down and abandoning module SandboxFile (2)
[2016.01.30-20.32.06:287][877]LogModuleManager: Shutting down and abandoning module PakFile (1)
[2016.01.30-20.32.06:288][877]LogExit: Exiting.
[2016.01.30-20.32.06:289][877]Log file closed, 01/30/16 15:32:06
