[2016.02.14-02.23.03:847][  0]Log file open, 02/13/16 21:23:03
[2016.02.14-02.23.03:847][  0]LogInit:Display: Running engine for game: Cardinal_Kings
[2016.02.14-02.23.03:847][  0]LogInit:Display: RandInit(-2126025252) SRandInit(-2126025251).
[2016.02.14-02.23.03:847][  0]LogTaskGraph: Started task graph with 4 named threads and 5 total threads.
[2016.02.14-02.23.03:847][  0]LogStats: Stats thread started at 0.121362
[2016.02.14-02.23.03:847][  0]LogInit: Version: 4.9.2-2707645+++depot+UE4-Releases+4.9
[2016.02.14-02.23.03:847][  0]LogInit: API Version: 2672455
[2016.02.14-02.23.03:847][  0]LogInit: Compiled (64-bit): Sep 28 2015 10:25:44
[2016.02.14-02.23.03:847][  0]LogInit: Compiled with Visual C++: 18.00.21005.01
[2016.02.14-02.23.03:847][  0]LogInit: Build Configuration: Development
[2016.02.14-02.23.03:847][  0]LogInit: Branch Name: ++depot+UE4-Releases+4.9
[2016.02.14-02.23.03:847][  0]LogInit: Command line:  /Temp/Autosaves/Game/UEDPCCardinal_Kings1 -game -PIEVIACONSOLE -ResX=1280 -ResY=720  -Multiprocess 
[2016.02.14-02.23.03:847][  0]LogInit: Base directory: C:/Program Files (x86)/Epic Games/4.9/Engine/Binaries/Win64/
[2016.02.14-02.23.03:847][  0]LogInit: Rocket: 1
[2016.02.14-02.23.03:905][  0]LogInit: Using libcurl 7.41.0
[2016.02.14-02.23.03:905][  0]LogInit:  - built for x86_64-pc-win32
[2016.02.14-02.23.03:905][  0]LogInit:  - supports SSL with WinSSL
[2016.02.14-02.23.03:905][  0]LogInit:  - other features:
[2016.02.14-02.23.03:905][  0]LogInit:      CURL_VERSION_SSL
[2016.02.14-02.23.03:905][  0]LogInit:      CURL_VERSION_IPV6
[2016.02.14-02.23.03:905][  0]LogInit:      CURL_VERSION_ASYNCHDNS
[2016.02.14-02.23.03:905][  0]LogInit:      CURL_VERSION_LARGEFILE
[2016.02.14-02.23.03:905][  0]LogInit:      CURL_VERSION_IDN
[2016.02.14-02.23.03:905][  0]LogInit:  CurlRequestOptions (configurable via config and command line):
[2016.02.14-02.23.03:905][  0]LogInit:  - bVerifyPeer = true  - Libcurl will verify peer certificate
[2016.02.14-02.23.03:905][  0]LogInit:  - bUseHttpProxy = false  - Libcurl will NOT use HTTP proxy
[2016.02.14-02.23.03:905][  0]LogInit:  - bDontReuseConnections = false  - Libcurl will reuse connections
[2016.02.14-02.23.03:905][  0]LogInit:  - CertBundlePath = nullptr  - Libcurl will use whatever was configured at build time.
[2016.02.14-02.23.03:943][  0]LogInit: Presizing for 0 objects not considered by GC, pre-allocating 0 bytes.
[2016.02.14-02.23.04:006][  0]LogInit: Object subsystem initialized
[2016.02.14-02.23.04:012][  0]LogInit: Selected Device Profile: [Windows]
[2016.02.14-02.23.04:012][  0]LogInit: Applying CVar settings loaded from the selected device profile: [Windows]
[2016.02.14-02.23.04:024][  0]LogInit: Computer: DESKTOP-T22LC7G
[2016.02.14-02.23.04:024][  0]LogInit: User: Shaun
[2016.02.14-02.23.04:024][  0]LogInit: CPU Page size=4096, Cores=2
[2016.02.14-02.23.04:024][  0]LogInit: High frequency timer resolution =2.343749 MHz
[2016.02.14-02.23.04:025][  0]LogMemory: Memory total: Physical=7.8GB (8GB approx)
[2016.02.14-02.23.04:025][  0]LogMemory: Platform Memory Stats for Windows
[2016.02.14-02.23.04:025][  0]LogMemory: Process Physical Memory: 53.39 MB used, 53.39 MB peak
[2016.02.14-02.23.04:025][  0]LogMemory: Process Virtual Memory: 57.16 MB used, 57.16 MB peak
[2016.02.14-02.23.04:025][  0]LogMemory: Physical Memory: 5248.15 MB used, 7986.05 MB total
[2016.02.14-02.23.04:025][  0]LogMemory: Virtual Memory: 365.38 MB used, 134217728.00 MB total
[2016.02.14-02.23.04:124][  0]LogTextLocalizationManager: No specific translations for ('en-US') exist, so ('en') translations will be used.
[2016.02.14-02.23.05:529][  0]LogD3D11RHI: Found D3D11 adapter 0: Intel(R) HD Graphics 520 (Feature Level 11_0)
[2016.02.14-02.23.05:529][  0]LogD3D11RHI: Adapter has 128MB of dedicated video memory, 0MB of dedicated system memory, and 3993MB of shared system memory, 1 output[s]
[2016.02.14-02.23.05:532][  0]LogD3D11RHI: Found D3D11 adapter 1: Microsoft Basic Render Driver (Feature Level 11_0)
[2016.02.14-02.23.05:532][  0]LogD3D11RHI: Adapter has 0MB of dedicated video memory, 0MB of dedicated system memory, and 3993MB of shared system memory, 0 output[s]
[2016.02.14-02.23.05:533][  0]LogD3D11RHI: Chosen D3D11 Adapter Id = 0
[2016.02.14-02.23.05:547][  0]LogD3D11RHI: !Direct3DDevice
[2016.02.14-02.23.05:547][  0]LogRHI: Texture pool is 1361 MB (70% of 1945 MB)
[2016.02.14-02.23.05:563][  0]LogD3D11RHI: Async texture creation enabled
[2016.02.14-02.23.05:583][  0]LogShaderCompilers: Guid format shader working directory is 15 characters bigger than the processId version (../../../../../../Users/Shaun/Desktop/Unreal Files/CGT445CardinalKings/Cardinal_Kings1/Intermediate/Shaders/WorkingDirectory/8000/).
[2016.02.14-02.23.05:583][  0]LogShaderCompilers: Cleaned the shader compiler working directory '../../../../../../Users/Shaun/Desktop/Unreal Files/CGT445CardinalKings/Cardinal_Kings1/Intermediate/Shaders/tmp/4833F13D416F025CEB5DC2B650E3331F/'.
[2016.02.14-02.23.05:583][  0]LogShaderCompilers:Display: Using Local Shader Compiler.
[2016.02.14-02.23.08:865][  0]LogTemp:Display: Loaded TP AllDesktopTargetPlatform
[2016.02.14-02.23.08:885][  0]LogTemp:Display: Loaded TP WindowsClientTargetPlatform
[2016.02.14-02.23.08:900][  0]LogTemp:Display: Loaded TP WindowsNoEditorTargetPlatform
[2016.02.14-02.23.08:917][  0]LogTemp:Display: Loaded TP WindowsServerTargetPlatform
[2016.02.14-02.23.08:932][  0]LogTemp:Display: Loaded TP WindowsTargetPlatform
[2016.02.14-02.23.08:945][  0]LogTemp:Display: Loaded TP AndroidTargetPlatform
[2016.02.14-02.23.08:955][  0]LogTemp:Display: Loaded TP Android_ASTCTargetPlatform
[2016.02.14-02.23.08:963][  0]LogTemp:Display: Loaded TP Android_ATCTargetPlatform
[2016.02.14-02.23.08:977][  0]LogTemp:Display: Loaded TP Android_DXTTargetPlatform
[2016.02.14-02.23.08:996][  0]LogTemp:Display: Loaded TP Android_ETC1TargetPlatform
[2016.02.14-02.23.09:011][  0]LogTemp:Display: Loaded TP Android_ETC2TargetPlatform
[2016.02.14-02.23.09:020][  0]LogTemp:Display: Loaded TP Android_PVRTCTargetPlatform
[2016.02.14-02.23.09:023][  0]LogTemp:Display: Loaded TP HTML5TargetPlatform
[2016.02.14-02.23.09:052][  0]LogTemp:Display: Loaded TP IOSTargetPlatform
[2016.02.14-02.23.09:062][  0]LogTemp:Display: Loaded TP LinuxNoEditorTargetPlatform
[2016.02.14-02.23.09:073][  0]LogTemp:Display: Loaded TP LinuxServerTargetPlatform
[2016.02.14-02.23.09:085][  0]LogTemp:Display: Loaded TP LinuxTargetPlatform
[2016.02.14-02.23.09:085][  0]LogTargetPlatformManager:Display: Building Assets For Windows
[2016.02.14-02.23.09:372][  0]LogDerivedDataCache:Display: Max Cache Size: 512 MB
[2016.02.14-02.23.09:492][  0]LogDerivedDataCache: Loaded boot cache 0.12s 41MB C:/Users/Shaun/AppData/Local/UnrealEngine/4.9/DerivedDataCache/Boot.ddc.
[2016.02.14-02.23.09:493][  0]LogDerivedDataCache:Display: Loaded Boot cache: C:/Users/Shaun/AppData/Local/UnrealEngine/4.9/DerivedDataCache/Boot.ddc
[2016.02.14-02.23.09:493][  0]LogDerivedDataCache: FDerivedDataBackendGraph:  Pak pak cache file ../../../../../../Users/Shaun/Desktop/Unreal Files/CGT445CardinalKings/Cardinal_Kings1/DerivedDataCache/DDC.ddp not found, will not use a pak cache.
[2016.02.14-02.23.09:493][  0]LogDerivedDataCache: Unable to find inner node Pak for hierarchical cache Hierarchy.
[2016.02.14-02.23.09:493][  0]LogDerivedDataCache: FDerivedDataBackendGraph:  CompressedPak pak cache file ../../../../../../Users/Shaun/Desktop/Unreal Files/CGT445CardinalKings/Cardinal_Kings1/DerivedDataCache/Compressed.ddp not found, will not use a pak cache.
[2016.02.14-02.23.09:493][  0]LogDerivedDataCache: Unable to find inner node CompressedPak for hierarchical cache Hierarchy.
[2016.02.14-02.23.09:761][  0]LogDerivedDataCache:Display: Pak cache opened for reading ../../../Engine/DerivedDataCache/Compressed.ddp.
[2016.02.14-02.23.09:788][  0]LogDerivedDataCache: Using Local data cache path C:/Users/Shaun/AppData/Local/UnrealEngine/Common/DerivedDataCache: Writable
[2016.02.14-02.23.10:344][  0]LogInit: Selected Device Profile: [Windows]
[2016.02.14-02.23.10:352][  0]LogContentStreaming: Texture pool size is 1000.000000MB
[2016.02.14-02.23.10:700][  0]LogMeshUtilities: No automatic mesh reduction module available
[2016.02.14-02.23.10:700][  0]LogMeshUtilities: No automatic mesh merging module available
[2016.02.14-02.23.11:441][  0]LogInit: WinSock: version 1.1 (2.2), MaxSocks=32767, MaxUdp=65467
[2016.02.14-02.23.11:936][  0]LogWindowsMoviePlayer: Unable to load movie: ../../../../../../Users/Shaun/Desktop/Unreal Files/CGT445CardinalKings/Cardinal_Kings1/Content/Movies/Default_Startup.mp4
[2016.02.14-02.23.12:241][  0]SourceControl: Info Source control is disabled
[2016.02.14-02.23.12:241][  0]SourceControl: Info Source control is disabled
[2016.02.14-02.23.12:276][  0]SourceControl: Info Source control is disabled
[2016.02.14-02.23.12:644][  0]LogLinker:Warning: Asset '../../../Engine/Plugins/Runtime/LeapMotionController/Content/LM_PassthroughMaterial.uasset' has been saved with empty engine version. The asset will be loaded but may be incompatible.
[2016.02.14-02.23.12:993][  0]LogObj: 27669 objects as part of root set at end of initial load.
[2016.02.14-02.23.12:993][  0]LogUObjectAllocator: 5775704 out of 0 bytes used by permanent object pool.
[2016.02.14-02.23.13:132][  0]LogEngine: Initializing Engine...
[2016.02.14-02.23.13:142][  0]LogHMD: Can't find Oculus library dev build: is proper Runtime installed? Version: 0.7.0.0
[2016.02.14-02.23.13:143][  0]LogHMD: SteamVR failed to initialize.  Err: 110
[2016.02.14-02.23.13:519][  0]LogInit: XAudio2 using 'Speakers (Realtek High Definition Audio)' : 2 channels at 48 kHz using 32 bits per sample (channel mask 0x3)
[2016.02.14-02.23.13:574][  0]LogInit: FAudioDevice initialized.
[2016.02.14-02.23.13:583][  0]LogInit: Texture streaming: Enabled
[2016.02.14-02.23.13:829][  0]LogNet: Browse: /Temp/Autosaves/Game/UEDPCCardinal_Kings1?Name=Player
[2016.02.14-02.23.13:835][  0]LogLoad: LoadMap: /Temp/Autosaves/Game/UEDPCCardinal_Kings1?Name=Player
[2016.02.14-02.23.13:880][  0]LogParticles: Destroying 0 GPU particle simulations for FXSystem 0x000000A195F13560
[2016.02.14-02.23.13:941][  0]LogMemory: Platform Memory Stats for Windows
[2016.02.14-02.23.13:941][  0]LogMemory: Process Physical Memory: 392.89 MB used, 392.89 MB peak
[2016.02.14-02.23.13:941][  0]LogMemory: Process Virtual Memory: 420.98 MB used, 420.98 MB peak
[2016.02.14-02.23.13:941][  0]LogMemory: Physical Memory: 5490.08 MB used, 7986.05 MB total
[2016.02.14-02.23.13:941][  0]LogMemory: Virtual Memory: 998.60 MB used, 134217728.00 MB total
[2016.02.14-02.23.13:941][  0]LogMemory: 
[2016.02.14-02.23.13:941][  0]Allocator Stats for TBB: (not implemented)
[2016.02.14-02.23.14:845][  0]LogAIModule: Creating AISystem for world Cardinal_Kings1
[2016.02.14-02.23.14:874][  0]LogWorld: Game class is 'PaperGameMode_C'
[2016.02.14-02.23.15:026][  0]LogWorld: Bringing World /Temp/Autosaves/Game/UEDPCCardinal_Kings1.Cardinal_Kings1 up for play (max tick rate 0) at 2016.02.13-21.23.15
[2016.02.14-02.23.15:033][  0]LogWorld: Bringing up level for play took: 0.157726
[2016.02.14-02.23.15:043][  0]LogInit:Display: Game Engine Initialized.
[2016.02.14-02.23.15:312][  0]LogLoad: Full Startup: 12.29 seconds (BP compile: 0.21 seconds)
[2016.02.14-02.23.15:480][  2]LogRenderer: Reallocating scene render targets to support 1280x720 (Frame:2).
[2016.02.14-02.23.16:991][  2]LogCharacterMovement:Warning: GetSimulationTimeStep() - Max iterations 8 hit while remaining time 0.089826 > MaxSimulationTimeStep (0.050) for 'MyCharacter_C_0'
[2016.02.14-02.23.32:500][348]LogWindowsTextInputMethodSystem:Display: IME system now deactivated.
[2016.02.14-02.23.32:500][348]LogWindowsTextInputMethodSystem:Display: IME system now deactivated.
[2016.02.14-02.23.32:505][348]LogEngine: All Windows Closed
[2016.02.14-02.23.32:505][348]LogWindows: FPlatformMisc::RequestExit(0)
[2016.02.14-02.23.33:187][349]LogExit: Preparing to exit.
[2016.02.14-02.23.33:318][349]LogExit: Game engine shut down
[2016.02.14-02.23.33:320][349]LogParticles: Destroying 0 GPU particle simulations for FXSystem 0x000000A191A6B380
[