[2016.02.14-01.46.12:839][  0]Log file open, 02/13/16 20:46:12
[2016.02.14-01.46.12:839][  0]LogInit:Display: Running engine for game: Cardinal_Kings
[2016.02.14-01.46.12:839][  0]LogInit:Display: RandInit(1281798360) SRandInit(1281798361).
[2016.02.14-01.46.12:839][  0]LogTaskGraph: Started task graph with 4 named threads and 5 total threads.
[2016.02.14-01.46.12:839][  0]LogStats: Stats thread started at 0.132265
[2016.02.14-01.46.12:839][  0]LogInit: Version: 4.9.2-2707645+++depot+UE4-Releases+4.9
[2016.02.14-01.46.12:839][  0]LogInit: API Version: 2672455
[2016.02.14-01.46.12:839][  0]LogInit: Compiled (64-bit): Sep 28 2015 10:25:44
[2016.02.14-01.46.12:839][  0]LogInit: Compiled with Visual C++: 18.00.21005.01
[2016.02.14-01.46.12:839][  0]LogInit: Build Configuration: Development
[2016.02.14-01.46.12:839][  0]LogInit: Branch Name: ++depot+UE4-Releases+4.9
[2016.02.14-01.46.12:839][  0]LogInit: Command line:  /Temp/Autosaves/Game/UEDPCCardinal_Kings1 -game -PIEVIACONSOLE -ResX=1280 -ResY=720  -Multiprocess 
[2016.02.14-01.46.12:839][  0]LogInit: Base directory: C:/Program Files (x86)/Epic Games/4.9/Engine/Binaries/Win64/
[2016.02.14-01.46.12:839][  0]LogInit: Rocket: 1
[2016.02.14-01.46.12:891][  0]LogInit: Using libcurl 7.41.0
[2016.02.14-01.46.12:891][  0]LogInit:  - built for x86_64-pc-win32
[2016.02.14-01.46.12:891][  0]LogInit:  - supports SSL with WinSSL
[2016.02.14-01.46.12:891][  0]LogInit:  - other features:
[2016.02.14-01.46.12:891][  0]LogInit:      CURL_VERSION_SSL
[2016.02.14-01.46.12:891][  0]LogInit:      CURL_VERSION_IPV6
[2016.02.14-01.46.12:891][  0]LogInit:      CURL_VERSION_ASYNCHDNS
[2016.02.14-01.46.12:892][  0]LogInit:      CURL_VERSION_LARGEFILE
[2016.02.14-01.46.12:892][  0]LogInit:      CURL_VERSION_IDN
[2016.02.14-01.46.12:892][  0]LogInit:  CurlRequestOptions (configurable via config and command line):
[2016.02.14-01.46.12:892][  0]LogInit:  - bVerifyPeer = true  - Libcurl will verify peer certificate
[2016.02.14-01.46.12:892][  0]LogInit:  - bUseHttpProxy = false  - Libcurl will NOT use HTTP proxy
[2016.02.14-01.46.12:892][  0]LogInit:  - bDontReuseConnections = false  - Libcurl will reuse connections
[2016.02.14-01.46.12:892][  0]LogInit:  - CertBundlePath = nullptr  - Libcurl will use whatever was configured at build time.
[2016.02.14-01.46.12:934][  0]LogInit: Presizing for 0 objects not considered by GC, pre-allocating 0 bytes.
[2016.02.14-01.46.12:960][  0]LogInit: Object subsystem initialized
[2016.02.14-01.46.12:965][  0]LogInit: Selected Device Profile: [Windows]
[2016.02.14-01.46.12:966][  0]LogInit: Applying CVar settings loaded from the selected device profile: [Windows]
[2016.02.14-01.46.12:983][  0]LogInit: Computer: DESKTOP-T22LC7G
[2016.02.14-01.46.12:983][  0]LogInit: User: Shaun
[2016.02.14-01.46.12:983][  0]LogInit: CPU Page size=4096, Cores=2
[2016.02.14-01.46.12:983][  0]LogInit: High frequency timer resolution =2.343749 MHz
[2016.02.14-01.46.12:984][  0]LogMemory: Memory total: Physical=7.8GB (8GB approx)
[2016.02.14-01.46.12:984][  0]LogMemory: Platform Memory Stats for Windows
[2016.02.14-01.46.12:984][  0]LogMemory: Process Physical Memory: 53.44 MB used, 53.44 MB peak
[2016.02.14-01.46.12:984][  0]LogMemory: Process Virtual Memory: 57.20 MB used, 57.20 MB peak
[2016.02.14-01.46.12:984][  0]LogMemory: Physical Memory: 5143.39 MB used, 7986.05 MB total
[2016.02.14-01.46.12:984][  0]LogMemory: Virtual Memory: 365.38 MB used, 134217728.00 MB total
[2016.02.14-01.46.13:098][  0]LogTextLocalizationManager: No specific translations for ('en-US') exist, so ('en') translations will be used.
[2016.02.14-01.46.14:540][  0]LogD3D11RHI: Found D3D11 adapter 0: Intel(R) HD Graphics 520 (Feature Level 11_0)
[2016.02.14-01.46.14:540][  0]LogD3D11RHI: Adapter has 128MB of dedicated video memory, 0MB of dedicated system memory, and 3993MB of shared system memory, 1 output[s]
[2016.02.14-01.46.14:541][  0]LogD3D11RHI: Found D3D11 adapter 1: Microsoft Basic Render Driver (Feature Level 11_0)
[2016.02.14-01.46.14:541][  0]LogD3D11RHI: Adapter has 0MB of dedicated video memory, 0MB of dedicated system memory, and 3993MB of shared system memory, 0 output[s]
[2016.02.14-01.46.14:542][  0]LogD3D11RHI: Chosen D3D11 Adapter Id = 0
[2016.02.14-01.46.14:548][  0]LogD3D11RHI: !Direct3DDevice
[2016.02.14-01.46.14:548][  0]LogRHI: Texture pool is 1361 MB (70% of 1945 MB)
[2016.02.14-01.46.14:556][  0]LogD3D11RHI: Async texture creation enabled
[2016.02.14-01.46.14:563][  0]LogShaderCompilers: Guid format shader working directory is 14 characters bigger than the processId version (../../../../../../Users/Shaun/Desktop/Unreal Files/CGT445CardinalKings/Cardinal_Kings1/Intermediate/Shaders/WorkingDirectory/10232/).
[2016.02.14-01.46.14:563][  0]LogShaderCompilers: Cleaned the shader compiler working directory '../../../../../../Users/Shaun/Desktop/Unreal Files/CGT445CardinalKings/Cardinal_Kings1/Intermediate/Shaders/tmp/5186AEB5468F3D2951609C8E5861D26A/'.
[2016.02.14-01.46.14:563][  0]LogShaderCompilers:Display: Using Local Shader Compiler.
[2016.02.14-01.46.16:056][  0]LogTemp:Display: Loaded TP AllDesktopTargetPlatform
[2016.02.14-01.46.16:062][  0]LogTemp:Display: Loaded TP WindowsClientTargetPlatform
[2016.02.14-01.46.16:071][  0]LogTemp:Display: Loaded TP WindowsNoEditorTargetPlatform
[2016.02.14-01.46.16:080][  0]LogTemp:Display: Loaded TP WindowsServerTargetPlatform
[2016.02.14-01.46.16:086][  0]LogTemp:Display: Loaded TP WindowsTargetPlatform
[2016.02.14-01.46.16:090][  0]LogTemp:Display: Loaded TP AndroidTargetPlatform
[2016.02.14-01.46.16:094][  0]LogTemp:Display: Loaded TP Android_ASTCTargetPlatform
[2016.02.14-01.46.16:098][  0]LogTemp:Display: Loaded TP Android_ATCTargetPlatform
[2016.02.14-01.46.16:103][  0]LogTemp:Display: Loaded TP Android_DXTTargetPlatform
[2016.02.14-01.46.16:107][  0]LogTemp:Display: Loaded TP Android_ETC1TargetPlatform
[2016.02.14-01.46.16:111][  0]LogTemp:Display: Loaded TP Android_ETC2TargetPlatform
[2016.02.14-01.46.16:115][  0]LogTemp:Display: Loaded TP Android_PVRTCTargetPlatform
[2016.02.14-01.46.16:116][  0]LogTemp:Display: Loaded TP HTML5TargetPlatform
[2016.02.14-01.46.16:136][  0]LogTemp:Display: Loaded TP IOSTargetPlatform
[2016.02.14-01.46.16:141][  0]LogTemp:Display: Loaded TP LinuxNoEditorTargetPlatform
[2016.02.14-01.46.16:147][  0]LogTemp:Display: Loaded TP LinuxServerTargetPlatform
[2016.02.14-01.46.16:152][  0]LogTemp:Display: Loaded TP LinuxTargetPlatform
[2016.02.14-01.46.16:152][  0]LogTargetPlatformManager:Display: Building Assets For Windows
[2016.02.14-01.46.16:263][  0]LogDerivedDataCache:Display: Max Cache Size: 512 MB
[2016.02.14-01.46.16:328][  0]LogDerivedDataCache: Loaded boot cache 0.06s 41MB C:/Users/Shaun/AppData/Local/UnrealEngine/4.9/DerivedDataCache/Boot.ddc.
[2016.02.14-01.46.16:328][  0]LogDerivedDataCache:Display: Loaded Boot cache: C:/Users/Shaun/AppData/Local/UnrealEngine/4.9/DerivedDataCache/Boot.ddc
[2016.02.14-01.46.16:328][  0]LogDerivedDataCache: FDerivedDataBackendGraph:  Pak pak cache file ../../../../../../Users/Shaun/Desktop/Unreal Files/CGT445CardinalKings/Cardinal_Kings1/DerivedDataCache/DDC.ddp not found, will not use a pak cache.
[2016.02.14-01.46.16:328][  0]LogDerivedDataCache: Unable to find inner node Pak for hierarchical cache Hierarchy.
[2016.02.14-01.46.16:328][  0]LogDerivedDataCache: FDerivedDataBackendGraph:  CompressedPak pak cache file ../../../../../../Users/Shaun/Desktop/Unreal Files/CGT445CardinalKings/Cardinal_Kings1/DerivedDataCache/Compressed.ddp not found, will not use a pak cache.
[2016.02.14-01.46.16:328][  0]LogDerivedDataCache: Unable to find inner node CompressedPak for hierarchical cache Hierarchy.
[2016.02.14-01.46.16:478][  0]LogDerivedDataCache:Display: Pak cache opened for reading ../../../Engine/DerivedDataCache/Compressed.ddp.
[2016.02.14-01.46.16:491][  0]LogDerivedDataCache: Using Local data cache path C:/Users/Shaun/AppData/Local/UnrealEngine/Common/DerivedDataCache: Writable
[2016.02.14-01.46.16:854][  0]LogInit: Selected Device Profile: [Windows]
[2016.02.14-01.46.16:866][  0]LogContentStreaming: Texture pool size is 1000.000000MB
[2016.02.14-01.46.17:215][  0]LogMeshUtilities: No automatic mesh reduction module available
[2016.02.14-01.46.17:215][  0]LogMeshUtilities: No automatic mesh merging module available
[2016.02.14-01.46.17:822][  0]LogInit: WinSock: version 1.1 (2.2), MaxSocks=32767, MaxUdp=65467
[2016.02.14-01.46.18:306][  0]LogWindowsMoviePlayer: Unable to load movie: ../../../../../../Users/Shaun/Desktop/Unreal Files/CGT445CardinalKings/Cardinal_Kings1/Content/Movies/Default_Startup.mp4
[2016.02.14-01.46.18:465][  0]SourceControl: Info Source control is disabled
[2016.02.14-01.46.18:465][  0]SourceControl: Info Source control is disabled
[2016.02.14-01.46.18:490][  0]SourceControl: Info Source control is disabled
[2016.02.14-01.46.18:654][  0]LogLinker:Warning: Asset '../../../Engine/Plugins/Runtime/LeapMotionController/Content/LM_PassthroughMaterial.uasset' has been saved with empty engine version. The asset will be loaded but may be incompatible.
[2016.02.14-01.46.18:766][  0]LogObj: 27669 objects as part of root set at end of initial load.
[2016.02.14-01.46.18:766][  0]LogUObjectAllocator: 5775704 out of 0 bytes used by permanent object pool.
[2016.02.14-01.46.18:840][  0]LogEngine: Initializing Engine...
[2016.02.14-01.46.18:844][  0]LogHMD: Can't find Oculus library dev build: is proper Runtime installed? Version: 0.7.0.0
[2016.02.14-01.46.18:845][  0]LogHMD: SteamVR failed to initialize.  Err: 110
[2016.02.14-01.46.18:994][  0]LogInit: XAudio2 using 'Speakers (Realtek High Definition Audio)' : 2 channels at 48 kHz using 32 bits per sample (channel mask 0x3)
[2016.02.14-01.46.19:007][  0]LogInit: FAudioDevice initialized.
[2016.02.14-01.46.19:013][  0]LogInit: Texture streaming: Enabled
[2016.02.14-01.46.19:121][  0]LogNet: Browse: /Temp/Autosaves/Game/UEDPCCardinal_Kings1?Name=Player
[2016.02.14-01.46.19:122][  0]LogLoad: LoadMap: /Temp/Autosaves/Game/UEDPCCardinal_Kings1?Name=Player
[2016.02.14-01.46.19:141][  0]LogParticles: Destroying 0 GPU particle simulations for FXSystem 0x0000004025977560
[2016.02.14-01.46.19:165][  0]LogMemory: Platform Memory Stats for Windows
[2016.02.14-01.46.19:165][  0]LogMemory: Process Physical Memory: 394.11 MB used, 394.11 MB peak
[2016.02.14-01.46.19:165][  0]LogMemory: Process Virtual Memory: 420.93 MB used, 420.93 MB peak
[2016.02.14-01.46.19:165][  0]LogMemory: Physical Memory: 5425.02 MB used, 7986.05 MB total
[2016.02.14-01.46.19:165][  0]LogMemory: Virtual Memory: 999.74 MB used, 134217728.00 MB total
[2016.02.14-01.46.19:165][  0]LogMemory: 
[2016.02.14-01.46.19:165][  0]Allocator Stats for TBB: (not implemented)
[2016.02.14-01.46.19:462][  0]LogAIModule: Creating AISystem for world Cardinal_Kings1
[2016.02.14-01.46.19:466][  0]LogWorld: Game class is 'PaperGameMode_C'
[2016.02.14-01.46.19:498][  0]LogWorld: Bringing World /Temp/Autosaves/Game/UEDPCCardinal_Kings1.Cardinal_Kings1 up for play (max tick rate 0) at 2016.02.13-20.46.19
[2016.02.14-01.46.19:502][  0]LogWorld: Bringing up level for play took: 0.034781
[2016.02.14-01.46.19:505][  0]LogInit:Display: Game Engine Initialized.
[2016.02.14-01.46.19:744][  0]LogLoad: Full Startup: 7.77 seconds (BP compile: 0.05 seconds)
[2016.02.14-01.46.19:761][  0]LogWindowsTextInputMethodSystem:Display: IME system now deactivated.
[2016.02.14-01.46.19:761][  0]LogWindowsTextInputMethodSystem:Display: IME system now deactivated.
[2016.02.14-01.46.19:937][  2]LogRenderer: Reallocating scene render targets to support 1280x720 (Frame:2).
[2016.02.14-01.51.46:406][652]LogPackageName: SearchForPackageOnDisk took   0.129s to resolve Cardinal_Kings1.umap.
[2016.02.14-01.51.46:500][653]LogPackageName: SearchForPackageOnDisk took   0.090s to resolve Cardinal_Kings1.umap.
[2016.02.14-01.51.46:500][653]LogNet: Browse: /Game/Cardinal_Kings1
[2016.02.14-01.51.46:500][653]LogLoad: LoadMap: /Game/Cardinal_Kings1
[2016.02.14-01.51.46:537][653]LogParticles: Destroying 0 GPU particle simulations for FXSystem 0x00000040154B60C0
[2016.02.14-01.51.46:555][653]LogMemory: Platform Memory Stats for Windows
[2016.02.14-01.51.46:555][653]LogMemory: Process Physical Memory: 558.39 MB used, 567.40 MB peak
[2016.02.14-01.51.46:555][653]LogMemory: Process Virtual Memory: 604.17 MB used, 606.53 MB peak
[2016.02.14-01.51.46:555][653]LogMemory: Physical Memory: 5257.27 MB used, 7986.05 MB total
[2016.02.14-01.51.46:555][653]LogMemory: Virtual Memory: 1235.50 MB used, 134217728.00 MB total
[2016.02.14-01.51.46:555][653]LogMemory: 
[2016.02.14-01.51.46:555][653]Allocator Stats for TBB: (not implemented)
[2016.02.14-01.51.46:807][653]LogAIModule: Creating AISystem for world Cardinal_Kings1
[2016.02.14-01.51.46:811][653]LogWorld: Game class is 'PaperGameMode_C'
[2016.02.14-01.51.46:848][653]LogWorld: Bringing World /Game/Cardinal_Kings1.Cardinal_Kings1 up for play (max tick rate 0) at 2016.02.13-20.51.46
[2016.02.14-01.51.46:853][653]LogWorld: Bringing up level for play took: 0.041351
[2016.02.14-01.51.58:330][951]LogWindowsTextInputMethodSystem:Display: IME system now deactivated.
[2016.02.14-01.51.58:331][951]LogWindowsTextInputMethodSystem:Display: IME system now deactivated.
[2016.02.14-01.51.58:336][951]LogEngine: All Windows Closed
[2016.02.14-01.51.58:336][951]LogWindows: FPlatformMisc::RequestExit(0)
[2016.02.14-01.51.59:035][952]LogExit: Preparing to exit.
[2016.02.14-01.51.59:157][952]LogExit: Game engine shut down
[2016.02.14-01.51.59:166][952]LogParticles: Destroying 0 GPU particle simulations for FXSystem 0x000000400BDCE340
[2016.02.14-01.51.59:407][952]LogExit: Object subsystem successfully closed.
[2016.02.14-01.51.59:425][952]LogD3D11RHI: Shutdown
[2016.02.14-01.51.59:425][952]LogD3D11RHI: CleanupD3DDevice
[2016.02.14-01.51.59:791][952]LogD3D11RHI: ~FD3D11DynamicRHI
[2016.02.14-01.51.59:829][952]LogModuleManager: Shutting down and abandoning module AndroidDeviceDetection (115)
[2016.02.14-01.52.00:066][952]LogModuleManager: Shutting down and abandoning module AutomationController (114)
[2016.02.14-01.52.00:066][952]LogModuleManager: Shutting down and abandoning module AutomationWorker (113)
[2016.02.14-01.52.00:066][952]LogModuleManager: Shutting down and abandoning module CharacterAI (112)
[2016.02.14-01.52.00:066][952]LogModuleManager: Shutting down and abandoning module AITestSuite (111)
[2016.02.14-01.52.00:066][952]LogModuleManager: Shutting down and abandoning module GameplayDebugger (110)
[2016.02.14-01.52.00:066][952]LogModuleManager: Shutting down and abandoning module AIModule (109)
[2016.02.14-01.52.00:066][952]LogModuleManager: Shutting down and abandoning module GameLiveStreaming (108)
[2016.02.14-01.52.00:066][952]LogModuleManager: Shutting down and abandoning module StreamingPauseRendering (107)
[2016.02.14-01.52.00:066][952]LogModuleManager: Shutting down and abandoning module ProfilerService (106)
[2016.02.14-01.52.00:075][952]LogModuleManager: Shutting down and abandoning module TaskGraph (105)
[2016.02.14-01.52.00:075][952]LogModuleManager: Shutting down and abandoning module SlateRemote (104)
[2016.02.14-01.52.00:075][952]LogModuleManager: Shutting down and abandoning module SteamVRController (103)
[2016.02.14-01.52.00:075][952]LogModuleManager: Shutting down and abandoning module SteamVR (102)
[2016.02.14-01.52.00:075][952]LogModuleManager: Shutting down and abandoning module ProceduralMeshComponent (101)
[2016.02.14-01.52.00:075][952]LogModuleManager: Shutting down and abandoning module OculusRift (100)
[2016.02.14-01.52.00:075][952]LogModuleManager: Shutting down and abandoning module OculusLibrary (99)
[2016.02.14-01.52.00:075][952]LogModuleManager: Shutting down and abandoning module LeapMotionController (98)
[2016.02.14-01.52.00:149][952]LogModuleManager: Shutting down and abandoning module CustomMeshComponent (97)
[2016.02.14-01.52.00:149][952]LogModuleManager: Shutting down and abandoning module CableComponent (96)
[2016.02.14-01.52.00:149][952]LogModuleManager: Shutting down and abandoning module ArchVisCharacter (95)
[2016.02.14-01.52.00:149][952]LogModuleManager: Shutting down and abandoning module HTML5Networking (94)
[2016.02.14-01.52.00:149][952]LogModuleManager: Shutting down and abandoning module DesktopPlatform (93)
[2016.02.14-01.52.00:149][952]LogModuleManager: Shutting down and abandoning module DirectoryWatcher (92)
[2016.02.14-01.52.00:149][952]LogModuleManager: Shutting down and abandoning module HotReload (91)
[2016.02.14-01.52.00:149][952]LogModuleManager: Shutting down and abandoning module VisualStudioSourceCodeAccess (90)
[2016.02.14-01.52.00:149][952]LogModuleManager: Shutting down and abandoning module UObjectPlugin (89)
[2016.02.14-01.52.00:149][952]LogModuleManager: Shutting down and abandoning module SubversionSourceControl (88)
[2016.02.14-01.52.00:149][952]LogModuleManager: Shutting down and abandoning module SourceControl (87)
[2016.02.14-01.52.00:149][952]LogModuleManager: Shutting down and abandoning module PerforceSourceControl (86)
[2016.02.14-01.52.00:149][952]LogModuleManager: Shutting down and abandoning module UdpMessaging (85)
[2016.02.14-01.52.00:149][952]LogModuleManager: Shutting down and abandoning module LightPropagationVolumeRuntime (84)
[2016.02.14-01.52.00:149][952]LogModuleManager: Shutting down and abandoning module Paper2D (83)
[2016.02.14-01.52.00:149][952]LogModuleManager: Shutting down and abandoning module WindowsMoviePlayer (82)
[2016.02.14-01.52.00:152][952]LogModuleManager: Shutting down and abandoning module Media (81)
[2016.02.14-01.52.00:152][952]LogModuleManager: Shutting down and abandoning module WmfMedia (80)
[2016.02.14-01.52.00:152][952]LogModuleManager: Shutting down and abandoning module OnlineBlueprintSupport (79)
[2016.02.14-01.52.00:152][952]LogModuleManager: Shutting down and abandoning module GameplayTasksEditor (78)
[2016.02.14-01.52.00:152][952]LogModuleManager: Shutting down and abandoning module PropertyEditor (77)
[2016.02.14-01.52.00:152][952]LogModuleManager: Shutting down and abandoning module BehaviorTreeEditor (76)
[2016.02.14-01.52.00:152][952]LogModuleManager: Shutting down and abandoning module FunctionalTesting (75)
[2016.02.14-01.52.00:152][952]LogModuleManager: Shutting down and abandoning module CollisionAnalyzer (74)
[2016.02.14-01.52.00:152][952]LogModuleManager: Shutting down and abandoning module WorkspaceMenuStructure (73)
[2016.02.14-01.52.00:152][952]LogModuleManager: Shutting down and abandoning module MessageLog (72)
[2016.02.14-01.52.00:152][952]LogModuleManager: Shutting down and abandoning module Sequencer (71)
[2016.02.14-01.52.00:153][952]LogModuleManager: Shutting down and abandoning module AssetTools (70)
[2016.02.14-01.52.00:153][952]LogModuleManager: Shutting down and abandoning module UMGEditor (69)
[2016.02.14-01.52.00:153][952]LogModuleManager: Shutting down and abandoning module UMG (68)
[2016.02.14-01.52.00:153][952]LogModuleManager: Shutting down and abandoning module Slate (67)
[2016.02.14-01.52.00:153][952]LogModuleManager: Shutting down and abandoning module EditorStyle (66)
[2016.02.14-01.52.00:158][952]LogModuleManager: Shutting down and abandoning module SessionServices (65)
[2016.02.14-01.52.00:158][952]LogModuleManager: Shutting down and abandoning module SourceCodeAccess (64)
[2016.02.14-01.52.00:158][952]LogModuleManager: Shutting down and abandoning module HeadMountedDisplay (63)
[2016.02.14-01.52.00:158][952]LogModuleManager: Shutting down and abandoning module XAudio2 (62)
[2016.02.14-01.52.00:158][952]LogModuleManager: Shutting down and abandoning module Networking (60)
[2016.02.14-01.52.00:158][952]LogModuleManager: Shutting down and abandoning module Core (59)
[2016.02.14-01.52.00:158][952]LogModuleManager: Shutting down and abandoning module KismetCompiler (58)
[2016.02.14-01.52.00:158][952]LogModuleManager: Shutting down and abandoning module PhysXFormats (57)
[2016.02.14-01.52.00:158][952]LogModuleManager: Shutting down and abandoning module MeshUtilities (56)
[2016.02.14-01.52.00:158][952]LogModuleManager: Shutting down and abandoning module CookingStats (55)
[2016.02.14-01.52.00:159][952]LogModuleManager: Shutting down and abandoning module DerivedDataCache (54)
[2016.02.14-01.52.00:218][952]LogDerivedDataCache: Shutdown
[2016.02.14-01.52.00:218][952]LogModuleManager: Shutting down and abandoning module ShaderFormatOpenGL (53)
[2016.02.14-01.52.00:221][952]LogModuleManager: Shutting down and abandoning module ShaderFormatD3D (52)
[2016.02.14-01.52.00:221][952]LogModuleManager: Shutting down and abandoning module MetalShaderFormat (51)
[2016.02.14-01.52.00:221][952]LogModuleManager: Shutting down and abandoning module TextureFormatUncompressed (50)
[2016.02.14-01.52.00:221][952]LogModuleManager: Shutting down and abandoning module TextureFormatPVR (49)
[2016.02.14-01.52.00:222][952]LogModuleManager: Shutting down and abandoning module TextureFormatIntelISPCTexComp (48)
[2016.02.14-01.52.00:222][952]LogModuleManager: Shutting down and abandoning module TextureFormatDXT (47)
[2016.02.14-01.52.00:222][952]LogModuleManager: Shutting down and abandoning module ImageWrapper (46)
[2016.02.14-01.52.00:222][952]LogModuleManager: Shutting down and abandoning module TextureFormatASTC (45)
[2016.02.14-01.52.00:222][952]LogModuleManager: Shutting down and abandoning module TextureFormatAndroid (44)
[2016.02.14-01.52.00:222][952]LogModuleManager: Shutting down and abandoning module AudioFormatOpus (43)
[2016.02.14-01.52.00:222][952]LogModuleManager: Shutting down and abandoning module AudioFormatOgg (42)
[2016.02.14-01.52.00:222][952]LogModuleManager: Shutting down and abandoning module AudioFormatADPCM (41)
[2016.02.14-01.52.00:222][952]LogModuleManager: Shutting down and abandoning module LinuxTargetPlatform (40)
[2016.02.14-01.52.00:222][952]LogModuleManager: Shutting down and abandoning module LinuxServerTargetPlatform (39)
[2016.02.14-01.52.00:222][952]LogModuleManager: Shutting down and abandoning module LinuxNoEditorTargetPlatform (38)
[2016.02.14-01.52.00:222][952]LogModuleManager: Shutting down and abandoning module Messaging (37)
[2016.02.14-01.52.00:222][952]LogModuleManager: Shutting down and abandoning module IOSTargetPlatform (36)
[2016.02.14-01.52.00:222][952]LogModuleManager: Shutting down and abandoning module HTML5TargetPlatform (35)
[2016.02.14-01.52.00:222][952]LogModuleManager: Shutting down and abandoning module Android_PVRTCTargetPlatform (34)
[2016.02.14-01.52.00:222][952]LogModuleManager: Shutting down and abandoning module Android_ETC2TargetPlatform (33)
[2016.02.14-01.52.00:222][952]LogModuleManager: Shutting down and abandoning module Android_ETC1TargetPlatform (32)
[2016.02.14-01.52.00:222][952]LogModuleManager: Shutting down and abandoning module Android_DXTTargetPlatform (31)
[2016.02.14-01.52.00:222][952]LogModuleManager: Shutting down and abandoning module Android_ATCTargetPlatform (30)
[2016.02.14-01.52.00:222][952]LogModuleManager: Shutting down and abandoning module Android_ASTCTargetPlatform (29)
[2016.02.14-01.52.00:222][952]LogModuleManager: Shutting down and abandoning module AndroidTargetPlatform (28)
[2016.02.14-01.52.00:222][952]LogModuleManager: Shutting down and abandoning module WindowsTargetPlatform (27)
[2016.02.14-01.52.00:222][952]LogModuleManager: Shutting down and abandoning module WindowsServerTargetPlatform (26)
[2016.02.14-01.52.00:222][952]LogModuleManager: Shutting down and abandoning module WindowsNoEditorTargetPlatform (25)
[2016.02.14-01.52.00:222][952]LogModuleManager: Shutting down and abandoning module WindowsClientTargetPlatform (24)
[2016.02.14-01.52.00:222][952]LogModuleManager: Shutting down and abandoning module AllDesktopTargetPlatform (23)
[2016.02.14-01.52.00:222][952]LogModuleManager: Shutting down and abandoning module TargetPlatform (22)
[2016.02.14-01.52.00:222][952]LogModuleManager: Shutting down and abandoning module InputCore (21)
[2016.02.14-01.52.00:223][952]LogModuleManager: Shutting down and abandoning module Settings (20)
[2016.02.14-01.52.00:223][952]LogModuleManager: Shutting down and abandoning module OnlineSubsystem (18)
[2016.02.14-01.52.00:223][952]LogModuleManager: Shutting down and abandoning module HTTP (17)
[2016.02.14-01.52.00:226][952]LogModuleManager: Shutting down and abandoning module XMPP (16)
[2016.02.14-01.52.00:226][952]LogModuleManager: Shutting down and abandoning module ExampleDeviceProfileSelector (15)
[2016.02.14-01.52.00:226][952]LogModuleManager: Shutting down and abandoning module TextureCompressor (14)
[2016.02.14-01.52.00:226][952]LogModuleManager: Shutting down and abandoning module ShaderCore (13)
[2016.02.14-01.52.00:226][952]LogModuleManager: Shutting down and abandoning module Landscape (12)
[2016.02.14-01.52.00:226][952]LogModuleManager: Shutting down and abandoning module SlateRHIRenderer (11)
[2016.02.14-01.52.00:226][952]LogModuleManager: Shutting down and abandoning module OpenGLDrv (10)
[2016.02.14-01.52.00:226][952]LogModuleManager: Shutting down and abandoning module D3D11RHI (9)
[2016.02.14-01.52.00:226][952]LogModuleManager: Shutting down and abandoning module AnimGraphRuntime (8)
[2016.02.14-01.52.00:226][952]LogModuleManager: Shutting down and abandoning module Renderer (7)
[2016.02.14-01.52.00:226][952]LogModuleManager: Shutting down and abandoning module Engine (6)
[2016.02.14-01.52.00:226][952]LogModuleManager: Shutting down and abandoning module CoreUObject (5)
[2016.02.14-01.52.00:226][952]LogModuleManager: Shutting down and abandoning module NetworkFile (4)
[2016.02.14-01.52.00:226][952]LogModuleManager: Shutting down and abandoning module StreamingFile (3)
[2016.02.14-01.52.00:226][952]LogModuleManager: Shutting down and abandoning module SandboxFile (2)
[2016.02.14-01.52.00:227][952]LogModuleManager: Shutting down and abandoning module PakFile (1)
[2016.02.14-01.52.00:242][952]LogExit: Exiting.
[2016.02.14-01.52.00:248][952]Log file closed, 02/13/16 20:52:00
