[2016.02.14-01.35.43:773][  0]Log file open, 02/13/16 20:35:43
[2016.02.14-01.35.43:773][  0]LogInit:Display: Running engine for game: Cardinal_Kings
[2016.02.14-01.35.43:773][  0]LogInit:Display: RandInit(-192815110) SRandInit(-192815110).
[2016.02.14-01.35.43:773][  0]LogTaskGraph: Started task graph with 4 named threads and 5 total threads.
[2016.02.14-01.35.43:773][  0]LogStats: Stats thread started at 0.137983
[2016.02.14-01.35.43:773][  0]LogInit: Version: 4.9.2-2707645+++depot+UE4-Releases+4.9
[2016.02.14-01.35.43:773][  0]LogInit: API Version: 2672455
[2016.02.14-01.35.43:773][  0]LogInit: Compiled (64-bit): Sep 28 2015 10:25:44
[2016.02.14-01.35.43:773][  0]LogInit: Compiled with Visual C++: 18.00.21005.01
[2016.02.14-01.35.43:773][  0]LogInit: Build Configuration: Development
[2016.02.14-01.35.43:773][  0]LogInit: Branch Name: ++depot+UE4-Releases+4.9
[2016.02.14-01.35.43:773][  0]LogInit: Command line:  /Temp/Autosaves/Game/UEDPCCardinal_Kings1 -game -PIEVIACONSOLE -ResX=1280 -ResY=720  -Multiprocess 
[2016.02.14-01.35.43:773][  0]LogInit: Base directory: C:/Program Files (x86)/Epic Games/4.9/Engine/Binaries/Win64/
[2016.02.14-01.35.43:773][  0]LogInit: Rocket: 1
[2016.02.14-01.35.43:854][  0]LogInit: Using libcurl 7.41.0
[2016.02.14-01.35.43:854][  0]LogInit:  - built for x86_64-pc-win32
[2016.02.14-01.35.43:854][  0]LogInit:  - supports SSL with WinSSL
[2016.02.14-01.35.43:854][  0]LogInit:  - other features:
[2016.02.14-01.35.43:854][  0]LogInit:      CURL_VERSION_SSL
[2016.02.14-01.35.43:854][  0]LogInit:      CURL_VERSION_IPV6
[2016.02.14-01.35.43:854][  0]LogInit:      CURL_VERSION_ASYNCHDNS
[2016.02.14-01.35.43:854][  0]LogInit:      CURL_VERSION_LARGEFILE
[2016.02.14-01.35.43:854][  0]LogInit:      CURL_VERSION_IDN
[2016.02.14-01.35.43:854][  0]LogInit:  CurlRequestOptions (configurable via config and command line):
[2016.02.14-01.35.43:855][  0]LogInit:  - bVerifyPeer = true  - Libcurl will verify peer certificate
[2016.02.14-01.35.43:855][  0]LogInit:  - bUseHttpProxy = false  - Libcurl will NOT use HTTP proxy
[2016.02.14-01.35.43:855][  0]LogInit:  - bDontReuseConnections = false  - Libcurl will reuse connections
[2016.02.14-01.35.43:855][  0]LogInit:  - CertBundlePath = nullptr  - Libcurl will use whatever was configured at build time.
[2016.02.14-01.35.43:901][  0]LogInit: Presizing for 0 objects not considered by GC, pre-allocating 0 bytes.
[2016.02.14-01.35.43:947][  0]LogInit: Object subsystem initialized
[2016.02.14-01.35.43:952][  0]LogInit: Selected Device Profile: [Windows]
[2016.02.14-01.35.43:952][  0]LogInit: Applying CVar settings loaded from the selected device profile: [Windows]
[2016.02.14-01.35.43:966][  0]LogInit: Computer: DESKTOP-T22LC7G
[2016.02.14-01.35.43:966][  0]LogInit: User: Shaun
[2016.02.14-01.35.43:966][  0]LogInit: CPU Page size=4096, Cores=2
[2016.02.14-01.35.43:966][  0]LogInit: High frequency timer resolution =2.343749 MHz
[2016.02.14-01.35.43:966][  0]LogMemory: Memory total: Physical=7.8GB (8GB approx)
[2016.02.14-01.35.43:966][  0]LogMemory: Platform Memory Stats for Windows
[2016.02.14-01.35.43:966][  0]LogMemory: Process Physical Memory: 53.49 MB used, 53.49 MB peak
[2016.02.14-01.35.43:966][  0]LogMemory: Process Virtual Memory: 57.30 MB used, 57.30 MB peak
[2016.02.14-01.35.43:966][  0]LogMemory: Physical Memory: 5124.10 MB used, 7986.05 MB total
[2016.02.14-01.35.43:966][  0]LogMemory: Virtual Memory: 365.38 MB used, 134217728.00 MB total
[2016.02.14-01.35.44:071][  0]LogTextLocalizationManager: No specific translations for ('en-US') exist, so ('en') translations will be used.
[2016.02.14-01.35.45:509][  0]LogD3D11RHI: Found D3D11 adapter 0: Intel(R) HD Graphics 520 (Feature Level 11_0)
[2016.02.14-01.35.45:509][  0]LogD3D11RHI: Adapter has 128MB of dedicated video memory, 0MB of dedicated system memory, and 3993MB of shared system memory, 1 output[s]
[2016.02.14-01.35.45:511][  0]LogD3D11RHI: Found D3D11 adapter 1: Microsoft Basic Render Driver (Feature Level 11_0)
[2016.02.14-01.35.45:511][  0]LogD3D11RHI: Adapter has 0MB of dedicated video memory, 0MB of dedicated system memory, and 3993MB of shared system memory, 0 output[s]
[2016.02.14-01.35.45:511][  0]LogD3D11RHI: Chosen D3D11 Adapter Id = 0
[2016.02.14-01.35.45:517][  0]LogD3D11RHI: !Direct3DDevice
[2016.02.14-01.35.45:517][  0]LogRHI: Texture pool is 1361 MB (70% of 1945 MB)
[2016.02.14-01.35.45:529][  0]LogD3D11RHI: Async texture creation enabled
[2016.02.14-01.35.45:540][  0]LogShaderCompilers: Guid format shader working directory is 15 characters bigger than the processId version (../../../../../../Users/Shaun/Desktop/Unreal Files/CGT445CardinalKings/Cardinal_Kings1/Intermediate/Shaders/WorkingDirectory/2552/).
[2016.02.14-01.35.45:540][  0]LogShaderCompilers: Cleaned the shader compiler working directory '../../../../../../Users/Shaun/Desktop/Unreal Files/CGT445CardinalKings/Cardinal_Kings1/Intermediate/Shaders/tmp/0D15AB1541A0105C57D7A8985102F6EB/'.
[2016.02.14-01.35.45:540][  0]LogShaderCompilers:Display: Using Local Shader Compiler.
[2016.02.14-01.35.46:908][  0]LogTemp:Display: Loaded TP AllDesktopTargetPlatform
[2016.02.14-01.35.46:915][  0]LogTemp:Display: Loaded TP WindowsClientTargetPlatform
[2016.02.14-01.35.46:923][  0]LogTemp:Display: Loaded TP WindowsNoEditorTargetPlatform
[2016.02.14-01.35.46:929][  0]LogTemp:Display: Loaded TP WindowsServerTargetPlatform
[2016.02.14-01.35.46:936][  0]LogTemp:Display: Loaded TP WindowsTargetPlatform
[2016.02.14-01.35.46:940][  0]LogTemp:Display: Loaded TP AndroidTargetPlatform
[2016.02.14-01.35.46:944][  0]LogTemp:Display: Loaded TP Android_ASTCTargetPlatform
[2016.02.14-01.35.46:949][  0]LogTemp:Display: Loaded TP Android_ATCTargetPlatform
[2016.02.14-01.35.46:954][  0]LogTemp:Display: Loaded TP Android_DXTTargetPlatform
[2016.02.14-01.35.46:958][  0]LogTemp:Display: Loaded TP Android_ETC1TargetPlatform
[2016.02.14-01.35.46:964][  0]LogTemp:Display: Loaded TP Android_ETC2TargetPlatform
[2016.02.14-01.35.46:971][  0]LogTemp:Display: Loaded TP Android_PVRTCTargetPlatform
[2016.02.14-01.35.46:973][  0]LogTemp:Display: Loaded TP HTML5TargetPlatform
[2016.02.14-01.35.46:993][  0]LogTemp:Display: Loaded TP IOSTargetPlatform
[2016.02.14-01.35.46:997][  0]LogTemp:Display: Loaded TP LinuxNoEditorTargetPlatform
[2016.02.14-01.35.47:001][  0]LogTemp:Display: Loaded TP LinuxServerTargetPlatform
[2016.02.14-01.35.47:005][  0]LogTemp:Display: Loaded TP LinuxTargetPlatform
[2016.02.14-01.35.47:005][  0]LogTargetPlatformManager:Display: Building Assets For Windows
[2016.02.14-01.35.47:122][  0]LogDerivedDataCache:Display: Max Cache Size: 512 MB
[2016.02.14-01.35.47:194][  0]LogDerivedDataCache: Loaded boot cache 0.07s 41MB C:/Users/Shaun/AppData/Local/UnrealEngine/4.9/DerivedDataCache/Boot.ddc.
[2016.02.14-01.35.47:194][  0]LogDerivedDataCache:Display: Loaded Boot cache: C:/Users/Shaun/AppData/Local/UnrealEngine/4.9/DerivedDataCache/Boot.ddc
[2016.02.14-01.35.47:194][  0]LogDerivedDataCache: FDerivedDataBackendGraph:  Pak pak cache file ../../../../../../Users/Shaun/Desktop/Unreal Files/CGT445CardinalKings/Cardinal_Kings1/DerivedDataCache/DDC.ddp not found, will not use a pak cache.
[2016.02.14-01.35.47:194][  0]LogDerivedDataCache: Unable to find inner node Pak for hierarchical cache Hierarchy.
[2016.02.14-01.35.47:195][  0]LogDerivedDataCache: FDerivedDataBackendGraph:  CompressedPak pak cache file ../../../../../../Users/Shaun/Desktop/Unreal Files/CGT445CardinalKings/Cardinal_Kings1/DerivedDataCache/Compressed.ddp not found, will not use a pak cache.
[2016.02.14-01.35.47:195][  0]LogDerivedDataCache: Unable to find inner node CompressedPak for hierarchical cache Hierarchy.
[2016.02.14-01.35.47:353][  0]LogDerivedDataCache:Display: Pak cache opened for reading ../../../Engine/DerivedDataCache/Compressed.ddp.
[2016.02.14-01.35.47:365][  0]LogDerivedDataCache: Using Local data cache path C:/Users/Shaun/AppData/Local/UnrealEngine/Common/DerivedDataCache: Writable
[2016.02.14-01.35.47:580][  0]LogInit: Selected Device Profile: [Windows]
[2016.02.14-01.35.47:585][  0]LogContentStreaming: Texture pool size is 1000.000000MB
[2016.02.14-01.35.47:734][  0]LogMeshUtilities: No automatic mesh reduction module available
[2016.02.14-01.35.47:734][  0]LogMeshUtilities: No automatic mesh merging module available
[2016.02.14-01.35.48:046][  0]LogInit: WinSock: version 1.1 (2.2), MaxSocks=32767, MaxUdp=65467
[2016.02.14-01.35.48:286][  0]LogWindowsMoviePlayer: Unable to load movie: ../../../../../../Users/Shaun/Desktop/Unreal Files/CGT445CardinalKings/Cardinal_Kings1/Content/Movies/Default_Startup.mp4
[2016.02.14-01.35.48:493][  0]SourceControl: Info Source control is disabled
[2016.02.14-01.35.48:493][  0]SourceControl: Info Source control is disabled
[2016.02.14-01.35.48:520][  0]SourceControl: Info Source control is disabled
[2016.02.14-01.35.48:692][  0]LogLinker:Warning: Asset '../../../Engine/Plugins/Runtime/LeapMotionController/Content/LM_PassthroughMaterial.uasset' has been saved with empty engine version. The asset will be loaded but may be incompatible.
[2016.02.14-01.35.48:820][  0]LogObj: 27669 objects as part of root set at end of initial load.
[2016.02.14-01.35.48:820][  0]LogUObjectAllocator: 5775704 out of 0 bytes used by permanent object pool.
[2016.02.14-01.35.48:899][  0]LogEngine: Initializing Engine...
[2016.02.14-01.35.48:903][  0]LogHMD: Can't find Oculus library dev build: is proper Runtime installed? Version: 0.7.0.0
[2016.02.14-01.35.48:904][  0]LogHMD: SteamVR failed to initialize.  Err: 110
[2016.02.14-01.35.49:068][  0]LogInit: XAudio2 using 'Speakers (Realtek High Definition Audio)' : 2 channels at 48 kHz using 32 bits per sample (channel mask 0x3)
[2016.02.14-01.35.49:082][  0]LogInit: FAudioDevice initialized.
[2016.02.14-01.35.49:090][  0]LogInit: Texture streaming: Enabled
[2016.02.14-01.35.49:203][  0]LogNet: Browse: /Temp/Autosaves/Game/UEDPCCardinal_Kings1?Name=Player
[2016.02.14-01.35.49:204][  0]LogLoad: LoadMap: /Temp/Autosaves/Game/UEDPCCardinal_Kings1?Name=Player
[2016.02.14-01.35.49:229][  0]LogParticles: Destroying 0 GPU particle simulations for FXSystem 0x0000005F928DF560
[2016.02.14-01.35.49:251][  0]LogMemory: Platform Memory Stats for Windows
[2016.02.14-01.35.49:251][  0]LogMemory: Process Physical Memory: 394.21 MB used, 394.21 MB peak
[2016.02.14-01.35.49:251][  0]LogMemory: Process Virtual Memory: 421.13 MB used, 421.13 MB peak
[2016.02.14-01.35.49:251][  0]LogMemory: Physical Memory: 5373.28 MB used, 7986.05 MB total
[2016.02.14-01.35.49:251][  0]LogMemory: Virtual Memory: 999.74 MB used, 134217728.00 MB total
[2016.02.14-01.35.49:251][  0]LogMemory: 
[2016.02.14-01.35.49:251][  0]Allocator Stats for TBB: (not implemented)
[2016.02.14-01.35.49:581][  0]LogAIModule: Creating AISystem for world Cardinal_Kings1
[2016.02.14-01.35.49:588][  0]LogWorld: Game class is 'PaperGameMode_C'
[2016.02.14-01.35.49:627][  0]LogWorld: Bringing World /Temp/Autosaves/Game/UEDPCCardinal_Kings1.Cardinal_Kings1 up for play (max tick rate 0) at 2016.02.13-20.35.49
[2016.02.14-01.35.49:632][  0]LogWorld: Bringing up level for play took: 0.043444
[2016.02.14-01.35.49:635][  0]LogInit:Display: Game Engine Initialized.
[2016.02.14-01.35.49:876][  0]LogLoad: Full Startup: 7.07 seconds (BP compile: 0.05 seconds)
[2016.02.14-01.35.49:896][  0]LogWindowsTextInputMethodSystem:Display: IME system now deactivated.
[2016.02.14-01.35.49:897][  0]LogWindowsTextInputMethodSystem:Display: IME system now deactivated.
[2016.02.14-01.35.50:082][  2]LogRenderer: Reallocating scene render targets to support 1280x720 (Frame:2).
[2016.02.14-01.36.08:925][446]LogPackageName: SearchForPackageOnDisk took   0.157s to resolve Cardinal_Kings1.umap.
[2016.02.14-01.36.09:029][447]LogPackageName: SearchForPackageOnDisk took   0.102s to resolve Cardinal_Kings1.umap.
[2016.02.14-01.36.09:029][447]LogNet: Browse: /Game/Cardinal_Kings1
[2016.02.14-01.36.09:029][447]LogLoad: LoadMap: /Game/Cardinal_Kings1
[2016.02.14-01.36.09:070][447]LogParticles: Destroying 0 GPU particle simulations for FXSystem 0x0000005F82099620
[2016.02.14-01.36.09:095][447]LogMemory: Platform Memory Stats for Windows
[