[2016.01.21-03.27.17:852][  0]Log file open, 01/20/16 22:27:17
[2016.01.21-03.27.17:852][  0]LogInit:Display: Running engine for game: SideScrollerPractice
[2016.01.21-03.27.17:852][  0]LogInit:Display: RandInit(829045318) SRandInit(829045318).
[2016.01.21-03.27.17:852][  0]LogTaskGraph: Started task graph with 4 named threads and 5 total threads.
[2016.01.21-03.27.17:852][  0]LogStats: Stats thread started at 0.077829
[2016.01.21-03.27.17:852][  0]LogInit: Version: 4.9.2-2707645+++depot+UE4-Releases+4.9
[2016.01.21-03.27.17:852][  0]LogInit: API Version: 2672455
[2016.01.21-03.27.17:852][  0]LogInit: Compiled (64-bit): Sep 28 2015 10:25:44
[2016.01.21-03.27.17:852][  0]LogInit: Compiled with Visual C++: 18.00.21005.01
[2016.01.21-03.27.17:852][  0]LogInit: Build Configuration: Development
[2016.01.21-03.27.17:852][  0]LogInit: Branch Name: ++depot+UE4-Releases+4.9
[2016.01.21-03.27.17:852][  0]LogInit: Command line:  
[2016.01.21-03.27.17:852][  0]LogInit: Base directory: C:/Program Files/Epic Games/4.9/Engine/Binaries/Win64/
[2016.01.21-03.27.17:852][  0]LogInit: Rocket: 1
[2016.01.21-03.27.17:896][  0]LogInit: Using libcurl 7.41.0
[2016.01.21-03.27.17:896][  0]LogInit:  - built for x86_64-pc-win32
[2016.01.21-03.27.17:896][  0]LogInit:  - supports SSL with WinSSL
[2016.01.21-03.27.17:896][  0]LogInit:  - other features:
[2016.01.21-03.27.17:896][  0]LogInit:      CURL_VERSION_SSL
[2016.01.21-03.27.17:896][  0]LogInit:      CURL_VERSION_IPV6
[2016.01.21-03.27.17:896][  0]LogInit:      CURL_VERSION_ASYNCHDNS
[2016.01.21-03.27.17:896][  0]LogInit:      CURL_VERSION_LARGEFILE
[2016.01.21-03.27.17:896][  0]LogInit:      CURL_VERSION_IDN
[2016.01.21-03.27.17:896][  0]LogInit:  CurlRequestOptions (configurable via config and command line):
[2016.01.21-03.27.17:896][  0]LogInit:  - bVerifyPeer = true  - Libcurl will verify peer certificate
[2016.01.21-03.27.17:896][  0]LogInit:  - bUseHttpProxy = false  - Libcurl will NOT use HTTP proxy
[2016.01.21-03.27.17:896][  0]LogInit:  - bDontReuseConnections = false  - Libcurl will reuse connections
[2016.01.21-03.27.17:896][  0]LogInit:  - CertBundlePath = nullptr  - Libcurl will use whatever was configured at build time.
[2016.01.21-03.27.17:916][  0]LogInit: Presizing for 0 objects not considered by GC, pre-allocating 0 bytes.
[2016.01.21-03.27.17:933][  0]LogInit: Object subsystem initialized
[2016.01.21-03.27.17:935][  0]LogInit: Selected Device Profile: [Windows]
[2016.01.21-03.27.17:935][  0]LogInit: Applying CVar settings loaded from the selected device profile: [Windows]
[2016.01.21-03.27.17:992][  0]LogInit: Computer: FOU
[2016.01.21-03.27.17:992][  0]LogInit: User: stupid
[2016.01.21-03.27.17:992][  0]LogInit: CPU Page size=4096, Cores=2
[2016.01.21-03.27.17:992][  0]LogInit: High frequency timer resolution =2.338451 MHz
[2016.01.21-03.27.17:993][  0]LogMemory: Memory total: Physical=7.9GB (8GB approx)
[2016.01.21-03.27.17:993][  0]LogMemory: Platform Memory Stats for Windows
[2016.01.21-03.27.17:993][  0]LogMemory: Process Physical Memory: 52.45 MB used, 52.45 MB peak
[2016.01.21-03.27.17:993][  0]LogMemory: Process Virtual Memory: 54.96 MB used, 54.96 MB peak
[2016.01.21-03.27.17:993][  0]LogMemory: Physical Memory: 5136.77 MB used, 8039.41 MB total
[2016.01.21-03.27.17:993][  0]LogMemory: Virtual Memory: 345.35 MB used, 134217728.00 MB total
[2016.01.21-03.27.18:042][  0]LogTextLocalizationManager: No specific translations for ('en-US') exist, so ('en') translations will be used.
[2016.01.21-03.27.19:515][  0]LogD3D11RHI: Found D3D11 adapter 0: Intel(R) HD Graphics 4000 (Feature Level 11_0)
[2016.01.21-03.27.19:515][  0]LogD3D11RHI: Adapter has 32MB of dedicated video memory, 0MB of dedicated system memory, and 1760MB of shared system memory, 1 output[s]
[2016.01.21-03.27.19:517][  0]LogD3D11RHI: Found D3D11 adapter 1: Microsoft Basic Render Driver (Feature Level 11_0)
[2016.01.21-03.27.19:517][  0]LogD3D11RHI: Adapter has 0MB of dedicated video memory, 0MB of dedicated system memory, and 256MB of shared system memory, 0 output[s]
[2016.01.21-03.27.19:517][  0]LogD3D11RHI: Chosen D3D11 Adapter Id = 0
[2016.01.21-03.27.19:523][  0]LogD3D11RHI: !Direct3DDevice
[2016.01.21-03.27.19:524][  0]LogRHI: Texture pool is 638 MB (70% of 912 MB)
[2016.01.21-03.27.19:529][  0]LogD3D11RHI: Async texture creation enabled
[2016.01.21-03.27.19:535][  0]LogShaderCompilers: Guid format shader working directory is 15 characters bigger than the processId version (../../../../../../Users/stupid/Perforce/somalle_Fou_8865/Individual/somalle/SideScrollerPractice/Intermediate/Shaders/WorkingDirectory/8648/).
[2016.01.21-03.27.19:535][  0]LogShaderCompilers: Cleaned the shader compiler working directory '../../../../../../Users/stupid/Perforce/somalle_Fou_8865/Individual/somalle/SideScrollerPractice/Intermediate/Shaders/tmp/45D5690B4B5829B681AC59BC23BD32AA/'.
[2016.01.21-03.27.19:535][  0]LogShaderCompilers:Display: Using Local Shader Compiler.
[2016.01.21-03.27.21:696][  0]LogTemp:Display: Loaded TP AllDesktopTargetPlatform
[2016.01.21-03.27.21:709][  0]LogTemp:Display: Loaded TP WindowsClientTargetPlatform
[2016.01.21-03.27.21:718][  0]LogTemp:Display: Loaded TP WindowsNoEditorTargetPlatform
[2016.01.21-03.27.21:729][  0]LogTemp:Display: Loaded TP WindowsServerTargetPlatform
[2016.01.21-03.27.21:739][  0]LogTemp:Display: Loaded TP WindowsTargetPlatform
[2016.01.21-03.27.21:746][  0]LogTemp:Display: Loaded TP AndroidTargetPlatform
[2016.01.21-03.27.21:752][  0]LogTemp:Display: Loaded TP Android_ASTCTargetPlatform
[2016.01.21-03.27.21:761][  0]LogTemp:Display: Loaded TP Android_ATCTargetPlatform
[2016.01.21-03.27.21:769][  0]LogTemp:Display: Loaded TP Android_DXTTargetPlatform
[2016.01.21-03.27.21:778][  0]LogTemp:Display: Loaded TP Android_ETC1TargetPlatform
[2016.01.21-03.27.21:785][  0]LogTemp:Display: Loaded TP Android_ETC2TargetPlatform
[2016.01.21-03.27.21:793][  0]LogTemp:Display: Loaded TP Android_PVRTCTargetPlatform
[2016.01.21-03.27.21:795][  0]LogTemp:Display: Loaded TP HTML5TargetPlatform
[2016.01.21-03.27.21:823][  0]LogTemp:Display: Loaded TP IOSTargetPlatform
[2016.01.21-03.27.21:829][  0]LogTemp:Display: Loaded TP LinuxNoEditorTargetPlatform
[2016.01.21-03.27.21:835][  0]LogTemp:Display: Loaded TP LinuxServerTargetPlatform
[2016.01.21-03.27.21:843][  0]LogTemp:Display: Loaded TP LinuxTargetPlatform
[2016.01.21-03.27.21:843][  0]LogTargetPlatformManager:Display: Building Assets For Windows
[2016.01.21-03.27.22:007][  0]LogDerivedDataCache:Display: Max Cache Size: 512 MB
[2016.01.21-03.27.22:652][  0]LogDerivedDataCache: Loaded boot cache 0.65s 41MB C:/Users/stupid/AppData/Local/UnrealEngine/4.9/DerivedDataCache/Boot.ddc.
[2016.01.21-03.27.22:653][  0]LogDerivedDataCache:Display: Loaded Boot cache: C:/Users/stupid/AppData/Local/UnrealEngine/4.9/DerivedDataCache/Boot.ddc
[2016.01.21-03.27.22:653][  0]LogDerivedDataCache: FDerivedDataBackendGraph:  Pak pak cache file ../../../../../../Users/stupid/Perforce/somalle_Fou_8865/Individual/somalle/SideScrollerPractice/DerivedDataCache/DDC.ddp not found, will not use a pak cache.
[2016.01.21-03.27.22:653][  0]LogDerivedDataCache: Unable to find inner node Pak for hierarchical cache Hierarchy.
[2016.01.21-03.27.22:653][  0]LogDerivedDataCache: FDerivedDataBackendGraph:  CompressedPak pak cache file ../../../../../../Users/stupid/Perforce/somalle_Fou_8865/Individual/somalle/SideScrollerPractice/DerivedDataCache/Compressed.ddp not found, will not use a pak cache.
[2016.01.21-03.27.22:653][  0]LogDerivedDataCache: Unable to find inner node CompressedPak for hierarchical cache Hierarchy.
[2016.01.21-03.27.22:909][  0]LogDerivedDataCache:Display: Pak cache opened for reading ../../../Engine/DerivedDataCache/Compressed.ddp.
[2016.01.21-03.27.22:922][  0]LogDerivedDataCache: Using Local data cache path C:/Users/stupid/AppData/Local/UnrealEngine/Common/DerivedDataCache: Writable
[2016.01.21-03.27.23:329][  0]LogInit: Selected Device Profile: [Windows]
[2016.01.21-03.27.23:334][  0]LogContentStreaming: Texture pool size is 0.000000MB
[2016.01.21-03.27.23:642][  0]LogMeshUtilities: No automatic mesh reduction module available
[2016.01.21-03.27.23:642][  0]LogMeshUtilities: No automatic mesh merging module available
[2016.01.21-03.27.24:127][  0]LogInit: WinSock: version 1.1 (2.2), MaxSocks=32767, MaxUdp=65467
[2016.01.21-03.27.25:492][  0]UdpMessaging: Initializing bridge on interface 0.0.0.0:0 to multicast group 230.0.0.1:6666.
[2016.01.21-03.27.25:622][  0]LogAssetRegistry: FAssetRegistry took 0.0116 seconds to start up
[2016.01.21-03.27.26:031][  0]SourceControl: Info Source control is disabled
[2016.01.21-03.27.26:032][  0]SourceControl: Info Source control is disabled
[2016.01.21-03.27.26:059][  0]SourceControl: Info Source control is disabled
[2016.01.21-03.27.26:082][  0]SourceControl: Info Source control is disabled
[2016.01.21-03.27.26:420][  0]LogLinker:Warning: Asset '../../../Engine/Plugins/Runtime/LeapMotionController/Content/LM_PassthroughMaterial.uasset' has been saved with empty engine version. The asset will be loaded but may be incompatible.
[2016.01.21-03.27.26:578][  0]LogObj: 28361 objects as part of root set at end of initial load.
[2016.01.21-03.27.26:578][  0]LogUObjectAllocator: 6038872 out of 0 bytes used by permanent object pool.
[2016.01.21-03.27.26:691][  0]LogEngine: Initializing Engine...
[2016.01.21-03.27.26:697][  0]LogHMD: Can't find Oculus library dev build: is proper Runtime installed? Version: 0.7.0.0
[2016.01.21-03.27.26:698][  0]LogHMD: SteamVR failed to initialize.  Err: 110
[2016.01.21-03.27.26:956][  0]LogAIModule: Creating AISystem for world NewWorld
[2016.01.21-03.27.26:967][  0]LogInit: XAudio2 using 'Speakers (High Definition Audio Device)' : 2 channels at 44.1 kHz using 16 bits per sample (channel mask 0x3)
[2016.01.21-03.27.26:984][  0]LogInit: FAudioDevice initialized.
[2016.01.21-03.27.27:033][  0]LogDerivedDataCache: Saved boot cache 0.05s 41MB C:/Users/stupid/AppData/Local/UnrealEngine/4.9/DerivedDataCache/Boot.ddc.
[2016.01.21-03.27.27:040][  0]LogInit: Texture streaming: Enabled
[2016.01.21-03.27.27:050][  0]LogAnalytics: Creating configured Analytics provider AnalyticsET
[2016.01.21-03.27.27:050][  0]LogAnalytics: [UEEditor.Rocket.Release] APIServer = http://et2.epicgames.com/ET2/. AppVersion = 4.9.2-2707645+++depot+UE4-Releases+4.9
[2016.01.21-03.27.27:050][  0]LogAnalytics: [UEEditor.Rocket.Release] SetUserId 5346a6b841e607caf762ab8537e3c84f|0c7ed39155914bdd9dfaebe7213c2bfb|f36b3f47-aa57-414e-ae7a-1d74e7e7136f
[2016.01.21-03.27.27:050][  0]LogAnalytics: [UEEditor.Rocket.Release] AnalyticsET::StartSession
[2016.01.21-03.27.27:181][  0]LogInit: Transaction tracking system initialized
[2016.01.21-03.27.27:246][  0]BlueprintLog: New page: Editor Load
[2016.01.21-03.27.27:454][  0]LocalizationService: Info Localization service is disabled
[2016.01.21-03.27.27:619][  0]LogConsoleResponse:Display: 
[2016.01.21-03.27.27:996][  0]LogCook:Display: Done creating registry. It took  0.00s.
[2016.01.21-03.27.28:168][  0]LogFileCache: Scanning file cache for directory 'C:/Users/stupid/Perforce/somalle_Fou_8865/Individual/somalle/SideScrollerPractice/Content/' took 0.02s
[2016.01.21-03.27.28:168][  0]SourceControl: Info Source control is disabled
[2016.01.21-03.27.28:168][  0]Cmd: MAP LOAD FILE="../../../../../../Users/stupid/Perforce/somalle_Fou_8865/Individual/somalle/SideScrollerPractice/Content/Paper2D_SideScroller.umap" TEMPLATE=0 SHOWPROGRESS=1 FEATURELEVEL=3
[2016.01.21-03.27.28:272][  0]LightingResults: New page: Lighting Build
[2016.01.21-03.27.28:283][  0]MapCheck: New page: Map Check
[2016.01.21-03.27.28:284][  0]LightingResults: New page: Lighting Build
[2016.01.21-03.27.28:330][  0]LogParticles: Destroying 0 GPU particle simulations for FXSystem 0x000000847733A160
[2016.01.21-03.27.31:736][  0]LogAIModule: Creating AISystem for world Paper2D_SideScroller
[2016.01.21-03.27.31:767][  0]LogEditorServer: Finished looking for orphan Actors (0.000 secs)
[2016.01.21-03.27.31:768][  0]Cmd: MAP CHECKDEP NOCLEARLOG
[2016.01.21-03.27.31:963][  0]MapCheck: Info Map check complete: 0 Error(s), 0 Warning(s), took 193.982ms to complete.
[2016.01.21-03.27.31:963][  0]LogFileHelpers: Loading map 'Paper2D_SideScroller' took 3.795
[2016.01.21-03.27.32:173][  0]LogCollectionManager: Loaded 0 collections in 0.006247 seconds
[2016.01.21-03.27.32:236][  0]LogFileCache: Scanning file cache for directory 'C:/Users/stupid/Perforce/somalle_Fou_8865/Individual/somalle/SideScrollerPractice/Saved/Collections/' took 0.01s
[2016.01.21-03.27.32:236][  0]LogFileCache: Scanning file cache for directory 'C:/Users/stupid/Perforce/somalle_Fou_8865/Individual/somalle/SideScrollerPractice/Content/Developers/stupid/Collections/' took 0.01s
[2016.01.21-03.27.32:236][  0]LogFileCache: Scanning file cache for directory 'C:/Users/stupid/Perforce/somalle_Fou_8865/Individual/somalle/SideScrollerPractice/Content/Collections/' took 0.01s
[2016.01.21-03.27.32:236][  0]LogContentBrowser: Native class hierarchy populated in 0.0249 seconds. Added 1867 classes and 333 folders.
[2016.01.21-03.27.32:255][  0]LogCollectionManager: Rebuilt the GUID cache for 0 collections in 0.000005 seconds
[2016.01.21-03.27.32:277][  0]LogContentBrowser: Native class hierarchy updated for 'WidgetCarousel' in 0.0016 seconds. Added 0 classes and 0 folders.
[2016.01.21-03.27.32:448][  0]LogContentBrowser: Native class hierarchy updated for 'AddContentDialog' in 0.0008 seconds. Added 0 classes and 0 folders.
[2016.01.21-03.27.32:463][  0]LogContentBrowser: Native class hierarchy updated for 'SceneOutliner' in 0.0007 seconds. Added 1 classes and 2 folders.
[2016.01.21-03.27.32:595][  0]LogCrashTracker: Crashtracker disabled due to settings.
[2016.01.21-03.27.32:614][  0]LogUObjectGlobals:Warning: Failed to find object 'Class None.'
[2016.01.21-03.27.32:655][  0]LogLoad: Full Startup: 16.64 seconds (BP compile: 0.36 seconds)
[2016.01.21-03.27.33:288][  0]LogContentStreaming: Texture pool size now 700 MB
[2016.01.21-03.27.34:259][  0]LogRenderer: Reallocating scene render targets to support 956x336 (Frame:2).
[2016.01.21-03.27.37:264][  8]LogAssetRegistry: Asset discovery search completed in 11.6527 seconds
[2016.01.21-03.27.37:264][  8]LogCollectionManager: Rebuilt the object cache for 0 collections in 0.000002 seconds (found 0 objects)
[2016.01.21-03.27.37:264][  8]LogCollectionManager: Fixed up redirectors for 0 collections in 0.000039 seconds (updated 0 objects)
[2016.01.21-03.27.54:768][272]LogEditorViewport: Clicking on Actor (LMB): PaperSpriteActor (Platform3)
[2016.01.21-03.27.58:315][353]Cmd: DELETE
[2016.01.21-03.27.58:315][353]Cmd: ACTOR DELETE
[2016.01.21-03.27.58:322][353]LogEditorActor: Deleted Actor: PaperSpriteActor
[2016.01.21-03.27.58:428][353]LogEditorActor: Deleted 1 Actors (0.113 secs)
[2016.01.21-03.27.59:907][393]LogEditorViewport: Clicking on Actor (LMB): PaperSpriteActor (Platform)
[2016.01.21-03.28.01:314][427]Cmd: DELETE
[2016.01.21-03.28.01:315][427]Cmd: ACTOR DELETE
[2016.01.21-03.28.01:315][427]LogEditorActor: Deleted Actor: PaperSpriteActor
[2016.01.21-03.28.01:361][427]LogEditorActor: Deleted 1 Actors (0.046 secs)
[2016.01.21-03.28.02:477][457]LogEditorViewport: Clicking on Actor (LMB): PaperSpriteActor (2DBackground_Sprite)
[2016.01.21-03.28.03:131][470]LogEditorViewport: Clicking on Actor (LMB): PaperSpriteActor (Platform2)
[2016.01.21-03.28.04:441][503]Cmd: DELETE
[2016.01.21-03.28.04:441][503]Cmd: ACTOR DELETE
[2016.01.21-03.28.04:442][503]LogEditorActor: Deleted Actor: PaperSpriteActor
[2016.01.21-03.28.04:490][503]LogEditorActor: Deleted 1 Actors (0.049 secs)
[2016.01.21-03.28.05:753][538]LogEditorViewport: Clicking on Actor (LMB): 2DLift_C (2DLift)
[2016.01.21-03.28.10:370][650]LogEditorViewport: Clicking on Actor (LMB): PaperSpriteActor (Platform4)
[2016.01.21-03.28.11:935][687]Cmd: DELETE
[2016.01.21-03.28.11:935][687]Cmd: ACTOR DELETE
[2016.01.21-03.28.11:936][687]LogEditorActor: Deleted Actor: PaperSpriteActor
[2016.01.21-03.28.11:983][687]LogEditorActor: Deleted 1 Actors (0.049 secs)
[2016.01.21-03.28.42:625][ 13]LogSavePackage: Save=53.574352ms
[2016.01.21-03.28.42:625][ 13]LogSavePackage: Moving '../../../../../../Users/stupid/Perforce/somalle_Fou_8865/Individual/somalle/SideScrollerPractice/Saved/Paper2D_SideScroller4601D6B6466678AD727EC6915679980B.tmp' to '../../../../../../Users/stupid/Perforce/somalle_Fou_8865/Individual/somalle/SideScrollerPractice/Content/Paper2D_SideScroller.umap'
[2016.01.21-03.28.42:634][ 13]LogSavePackage: Total save time: 241.546649ms
[2016.01.21-03.28.42:634][ 13]LogSavePackage:Warning: Finished SavePackage ../../../../../../Users/stupid/Perforce/somalle_Fou_8865/Individual/somalle/SideScrollerPractice/Content/Paper2D_SideScroller.umap
[2016.01.21-03.29.01:103][176]LogSavePackage: Save=29.581549ms
[2016.01.21-03.29.01:103][176]LogSavePackage: Moving '../../../../../../Users/stupid/Perforce/somalle_Fou_8865/Individual/somalle/SideScrollerPractice/Saved/Cardinal_Kings1B23F61BA4438EF3DD4D35A97B5229DC1.tmp' to '../../../../../../Users/stupid/Perforce/somalle_Fou_8865/Individual/somalle/SideScrollerPractice/Content/Cardinal_Kings1.umap'
[2016.01.21-03.29.01:106][176]LogSavePackage: Total save time: 33.280149ms
[2016.01.21-03.29.01:106][176]LogSavePackage:Warning: Finished SavePackage ../../../../../../Users/stupid/Perforce/somalle_Fou_8865/Individual/somalle/SideScrollerPractice/Content/Cardinal_Kings1.umap
[2016.01.21-03.29.01:187][176]LogFileHelpers: Saving map 'Cardinal_Kings1' took 0.752
[2016.01.21-03.29.16:766][582]LogWindowsTextInputMethodSystem:Display: IME system now deactivated.
[2016.01.21-03.29.17:166][583]Cmd: QUIT_EDITOR
[2016.01.21-03.29.17:690][583]LogExit: Preparing to exit.
[2016.01.21-03.29.18:682][583]LogExit: Editor shut down
[2016.01.21-03.29.18:682][583]LogExit: Transaction tracking system shut down
[2016.01.21-03.29.18:686][583]LogParticles: Destroying 0 GPU particle simulations for FXSystem 0x000000846B5DE3E0
[2016.01.21-03.29.18:687][583]LogParticles: Destroying 0 GPU particle simulations for FXSystem 0x000000846A472A20
[2016.01.21-03.29.18:687][583]LogParticles: Destroying 0 GPU particle simulations for FXSystem 0x000000846A31FF60
[2016.01.21-03.29.18:687][583]LogParticles: Destroying 0 GPU particle simulations for FXSystem 0x0000008407D019E0
[2016.01.21-03.29.18:902][583]LogExit: Object subsystem successfully closed.
[2016.01.21-03.29.18:913][583]LogD3D11RHI: Shutdown
[2016.01.21-03.29.18:913][583]LogD3D11RHI: CleanupD3DDevice
[2016.01.21-03.29.18:998][583]LogD3D11RHI: ~FD3D11DynamicRHI
[2016.01.21-03.29.19:048][583]LogModuleManager: Shutting down and abandoning module CrashTracker (197)
[2016.01.21-03.29.19:048][583]LogModuleManager: Shutting down and abandoning module SceneOutliner (196)
[2016.01.21-03.29.19:048][583]LogModuleManager: Shutting down and abandoning module SuperSearch (195)
[2016.01.21-03.29.19:048][583]LogModuleManager: Shutting down and abandoning module WidgetCarousel (194)
[2016.01.21-03.29.19:048][583]LogModuleManager: Shutting down and abandoning module AddContentDialog (193)
[2016.01.21-03.29.19:051][583]LogModuleManager: Shutting down and abandoning module EditorWidgets (192)
[2016.01.21-03.29.19:051][583]LogModuleManager: Shutting down and abandoning module CollectionManager (191)
[2016.01.21-03.29.19:053][583]LogModuleManager: Shutting down and abandoning module StatsViewer (190)
[2016.01.21-03.29.19:053][583]LogModuleManager: Shutting down and abandoning module FoliageEdit (189)
[2016.01.21-03.29.19:053][583]LogModuleManager: Shutting down and abandoning module LandscapeEditor (188)
[2016.01.21-03.29.19:054][583]LogModuleManager: Shutting down and abandoning module ActorPickerMode (187)
[2016.01.21-03.29.19:054][583]LogModuleManager: Shutting down and abandoning module GeometryMode (186)
[2016.01.21-03.29.19:054][583]LogModuleManager: Shutting down and abandoning module TextureAlignMode (185)
[2016.01.21-03.29.19:054][583]LogModuleManager: Shutting down and abandoning module BspMode (184)
[2016.01.21-03.29.19:054][583]LogModuleManager: Shutting down and abandoning module PlacementMode (183)
[2016.01.21-03.29.19:054][583]LogModuleManager: Shutting down and abandoning module AutomationWorker (182)
[2016.01.21-03.29.19:054][583]LogModuleManager: Shutting down and abandoning module CharacterAI (181)
[2016.01.21-03.29.19:054][583]LogModuleManager: Shutting down and abandoning module SmartSnapping (180)
[2016.01.21-03.29.19:054][583]LogModuleManager: Shutting down and abandoning module ViewportSnapping (179)
[2016.01.21-03.29.19:054][583]LogModuleManager: Shutting down and abandoning module LogVisualizer (178)
[2016.01.21-03.29.19:055][583]LogModuleManager: Shutting down and abandoning module GameProjectGeneration (177)
[2016.01.21-03.29.19:055][583]LogModuleManager: Shutting down and abandoning module IntroTutorials (176)
[2016.01.21-03.29.19:055][583]LogModuleManager: Shutting down and abandoning module EditorLiveStreaming (175)
[2016.01.21-03.29.19:055][583]LogModuleManager: Shutting down and abandoning module IOSPlatformEditor (174)
[2016.01.21-03.29.19:055][583]LogModuleManager: Shutting down and abandoning module HTML5PlatformEditor (173)
[2016.01.21-03.29.19:055][583]LogModuleManager: Shutting down and abandoning module AndroidDeviceDetection (172)
[2016.01.21-03.29.19:656][583]LogModuleManager: Shutting down and abandoning module AndroidPlatformEditor (171)
[2016.01.21-03.29.19:656][583]LogModuleManager: Shutting down and abandoning module IOSRuntimeSettings (170)
[2016.01.21-03.29.19:656][583]LogModuleManager: Shutting down and abandoning module AndroidRuntimeSettings (169)
[2016.01.21-03.29.19:656][583]LogModuleManager: Shutting down and abandoning module MergeActors (168)
[2016.01.21-03.29.19:656][583]LogModuleManager: Shutting down and abandoning module SizeMap (167)
[2016.01.21-03.29.19:656][583]LogModuleManager: Shutting down and abandoning module TreeMap (166)
[2016.01.21-03.29.19:656][583]LogModuleManager: Shutting down and abandoning module ReferenceViewer (165)
[2016.01.21-03.29.19:657][583]LogModuleManager: Shutting down and abandoning module LocalizationService (164)
[2016.01.21-03.29.19:657][583]LogModuleManager: Shutting down and abandoning module LocalizationDashboard (163)
[2016.01.21-03.29.19:657][583]LogModuleManager: Shutting down and abandoning module HardwareTargeting (162)
[2016.01.21-03.29.19:657][583]LogModuleManager: Shutting down and abandoning module DeviceProfileEditor (161)
[2016.01.21-03.29.19:657][583]LogModuleManager: Shutting down and abandoning module UndoHistory (160)
[2016.01.21-03.29.19:657][583]LogModuleManager: Shutting down and abandoning module GameplayTagsEditor (159)
[2016.01.21-03.29.19:657][583]LogModuleManager: Shutting down and abandoning module UserFeedback (158)
[2016.01.21-03.29.19:657][583]LogModuleManager: Shutting down and abandoning module XmlParser (157)
[2016.01.21-03.29.19:657][583]LogModuleManager: Shutting down and abandoning module Blutility (156)
[2016.01.21-03.29.19:657][583]LogModuleManager: Shutting down and abandoning module ProjectTargetPlatformEditor (155)
[2016.01.21-03.29.19:657][583]LogModuleManager: Shutting down and abandoning module ProjectSettingsViewer (154)
[2016.01.21-03.29.19:657][583]LogModuleManager: Shutting down and abandoning module InputBindingEditor (153)
[2016.01.21-03.29.19:657][583]LogModuleManager: Shutting down and abandoning module EditorSettingsViewer (152)
[2016.01.21-03.29.19:658][583]LogModuleManager: Shutting down and abandoning module SettingsEditor (151)
[2016.01.21-03.29.19:658][583]LogModuleManager: Shutting down and abandoning module ProjectLauncher (150)
[2016.01.21-03.29.19:658][583]LogModuleManager: Shutting down and abandoning module SessionFrontend (149)
[2016.01.21-03.29.19:658][583]LogModuleManager: Shutting down and abandoning module ProfilerClient (148)
[2016.01.21-03.29.19:658][583]LogModuleManager: Shutting down and abandoning module TargetDeviceServices (147)
[2016.01.21-03.29.19:658][583]LogModuleManager: Shutting down and abandoning module DeviceManager (146)
[2016.01.21-03.29.19:658][583]LogModuleManager: Shutting down and abandoning module AutomationController (145)
[2016.01.21-03.29.19:658][583]LogModuleManager: Shutting down and abandoning module AutomationWindow (144)
[2016.01.21-03.29.19:658][583]LogModuleManager: Shutting down and abandoning module Layers (143)
[2016.01.21-03.29.19:658][583]LogModuleManager: Shutting down and abandoning module ComponentVisualizers (142)
[2016.01.21-03.29.19:658][583]LogModuleManager: Shutting down and abandoning module DetailCustomizations (141)
[2016.01.21-03.29.19:658][583]LogModuleManager: Shutting down and abandoning module PackagesDialog (140)
[2016.01.21-03.29.19:659][583]LogModuleManager: Shutting down and abandoning module Persona (139)
[2016.01.21-03.29.19:659][583]LogModuleManager: Shutting down and abandoning module Kismet (138)
[2016.01.21-03.29.19:659][583]LogModuleManager: Shutting down and abandoning module GraphEditor (137)
[2016.01.21-03.29.19:659][583]LogModuleManager: Shutting down and abandoning module ClassViewer (136)
[2016.01.21-03.29.19:659][583]LogModuleManager: Shutting down and abandoning module Toolbox (135)
[2016.01.21-03.29.19:659][583]LogModuleManager: Shutting down and abandoning module ModuleUI (134)
[2016.01.21-03.29.19:659][583]LogModuleManager: Shutting down and abandoning module MovieSceneTools (133)
[2016.01.21-03.29.19:659][583]LogModuleManager: Shutting down and abandoning module OutputLog (132)
[2016.01.21-03.29.19:659][583]LogModuleManager: Shutting down and abandoning module GammaUI (131)
[2016.01.21-03.29.19:659][583]LogModuleManager: Shutting down and abandoning module Documentation (130)
[2016.01.21-03.29.19:659][583]LogModuleManager: Shutting down and abandoning module GameLiveStreaming (129)
[2016.01.21-03.29.19:660][583]LogModuleManager: Shutting down and abandoning module StreamingPauseRendering (128)
[2016.01.21-03.29.19:660][583]LogModuleManager: Shutting down and abandoning module AnalyticsET (127)
[2016.01.21-03.29.19:660][583]LogModuleManager: Shutting down and abandoning module Analytics (126)
[2016.01.21-03.29.19:660][583]LogModuleManager: Shutting down and abandoning module AITestSuite (125)
[2016.01.21-03.29.19:660][583]LogModuleManager: Shutting down and abandoning module GameplayDebugger (124)
[2016.01.21-03.29.19:660][583]LogModuleManager: Shutting down and abandoning module AIModule (123)
[2016.01.21-03.29.19:660][583]LogModuleManager: Shutting down and abandoning module ProfilerService (122)
[2016.01.21-03.29.19:891][583]LogModuleManager: Shutting down and abandoning module TaskGraph (121)
[2016.01.21-03.29.19:891][583]LogModuleManager: Shutting down and abandoning module SlateRemote (120)
[2016.01.21-03.29.19:891][583]LogModuleManager: Shutting down and abandoning module SteamVRController (119)
[2016.01.21-03.29.19:891][583]LogModuleManager: Shutting down and abandoning module SteamVR (118)
[2016.01.21-03.29.19:891][583]LogModuleManager: Shutting down and abandoning module ProceduralMeshComponent (117)
[2016.01.21-03.29.19:891][583]LogModuleManager: Shutting down and abandoning module OculusRift (116)
[2016.01.21-03.29.19:891][583]LogModuleManager: Shutting down and abandoning module OculusLibrary (115)
[2016.01.21-03.29.19:891][583]LogModuleManager: Shutting down and abandoning module LeapMotionController (114)
[2016.01.21-03.29.19:947][583]LogModuleManager: Shutting down and abandoning module CustomMeshComponent (113)
[2016.01.21-03.29.19:947][583]LogModuleManager: Shutting down and abandoning module CableComponent (112)
[2016.01.21-03.29.19:947][583]LogModuleManager: Shutting down and abandoning module ArchVisCharacter (111)
[2016.01.21-03.29.19:947][583]LogModuleManager: Shutting down and abandoning module MessagingDebugger (110)
[2016.01.21-03.29.19:948][583]LogModuleManager: Shutting down and abandoning module MediaPlayerEditor (109)
[2016.01.21-03.29.19:948][583]LogModuleManager: Shutting down and abandoning module HTML5Networking (108)
[2016.01.21-03.29.19:948][583]LogModuleManager: Shutting down and abandoning module SpeedTreeImporter (107)
[2016.01.21-03.29.19:948][583]LogModuleManager: Shutting down and abandoning module PluginBrowser (106)
[2016.01.21-03.29.19:948][583]LogModuleManager: Shutting down and abandoning module EpicSurvey (105)
[2016.01.21-03.29.19:948][583]LogModuleManager: Shutting down and abandoning module DesktopPlatform (104)
[2016.01.21-03.29.19:948][583]LogModuleManager: Shutting down and abandoning module VisualStudioSourceCodeAccess (103)
[2016.01.21-03.29.19:948][583]LogModuleManager: Shutting down and abandoning module UObjectPlugin (102)
[2016.01.21-03.29.19:948][583]LogModuleManager: Shutting down and abandoning module SubversionSourceControl (101)
[2016.01.21-03.29.19:948][583]LogModuleManager: Shutting down and abandoning module PerforceSourceControl (100)
[2016.01.21-03.29.19:948][583]LogModuleManager: Shutting down and abandoning module SourceControl (99)
[2016.01.21-03.29.19:948][583]LogModuleManager: Shutting down and abandoning module GitSourceControl (98)
[2016.01.21-03.29.19:948][583]LogModuleManager: Shutting down and abandoning module LightPropagationVolumeEditor (97)
[2016.01.21-03.29.19:948][583]LogModuleManager: Shutting down and abandoning module PaperTiledImporter (96)
[2016.01.21-03.29.19:948][583]LogModuleManager: Shutting down and abandoning module PaperSpriteSheetImporter (95)
[2016.01.21-03.29.19:948][583]LogModuleManager: Shutting down and abandoning module MeshPaint (94)
[2016.01.21-03.29.19:948][583]LogModuleManager: Shutting down and abandoning module SlateReflector (93)
[2016.01.21-03.29.19:948][583]LogModuleManager: Shutting down and abandoning module HotReload (92)
[2016.01.21-03.29.19:948][583]LogModuleManager: Shutting down and abandoning module MainFrame (91)
[2016.01.21-03.29.19:949][583]LogModuleManager: Shutting down and abandoning module LevelEditor (90)
[2016.01.21-03.29.19:950][583]LogModuleManager: Shutting down and abandoning module DirectoryWatcher (89)
[2016.01.21-03.29.19:951][583]LogModuleManager: Shutting down and abandoning module AssetRegistry (88)
[2016.01.21-03.29.20:083][583]LogModuleManager: Shutting down and abandoning module ContentBrowser (87)
[2016.01.21-03.29.20:085][583]LogModuleManager: Shutting down and abandoning module Paper2DEditor (86)
[2016.01.21-03.29.20:085][583]LogModuleManager: Shutting down and abandoning module UdpMessaging (85)
[2016.01.21-03.29.20:185][583]LogModuleManager: Shutting down and abandoning module LightPropagationVolumeRuntime (84)
[2016.01.21-03.29.20:185][583]LogModuleManager: Shutting down and abandoning module Paper2D (83)
[2016.01.21-03.29.20:185][583]LogModuleManager: Shutting down and abandoning module WindowsMoviePlayer (82)
[2016.01.21-03.29.20:188][583]LogModuleManager: Shutting down and abandoning module Media (81)
[2016.01.21-03.29.20:188][583]LogModuleManager: Shutting down and abandoning module WmfMedia (80)
[2016.01.21-03.29.20:188][583]LogModuleManager: Shutting down and abandoning module OnlineBlueprintSupport (79)
[2016.01.21-03.29.20:188][583]LogModuleManager: Shutting down and abandoning module GameplayTasksEditor (78)
[2016.01.21-03.29.20:188][583]LogModuleManager: Shutting down and abandoning module PropertyEditor (77)
[2016.01.21-03.29.20:188][583]LogModuleManager: Shutting down and abandoning module BehaviorTreeEditor (76)
[2016.01.21-03.29.20:188][583]LogModuleManager: Shutting down and abandoning module FunctionalTesting (75)
[2016.01.21-03.29.20:188][583]LogModuleManager: Shutting down and abandoning module CollisionAnalyzer (74)
[2016.01.21-03.29.20:188][583]LogModuleManager: Shutting down and abandoning module WorkspaceMenuStructure (73)
[2016.01.21-03.29.20:188][583]LogModuleManager: Shutting down and abandoning module MessageLog (72)
[2016.01.21-03.29.20:188][583]LogModuleManager: Shutting down and abandoning module Sequencer (71)
[2016.01.21-03.29.20:188][583]LogModuleManager: Shutting down and abandoning module AssetTools (70)
[2016.01.21-03.29.20:188][583]LogModuleManager: Shutting down and abandoning module UMGEditor (69)
[2016.01.21-03.29.20:189][583]LogModuleManager: Shutting down and abandoning module UMG (68)
[2016.01.21-03.29.20:189][583]LogModuleManager: Shutting down and abandoning module Slate (67)
[2016.01.21-03.29.20:189][583]LogModuleManager: Shutting down and abandoning module EditorStyle (66)
[2016.01.21-03.29.20:192][583]LogModuleManager: Shutting down and abandoning module SessionServices (65)
[2016.01.21-03.29.20:192][583]LogModuleManager: Shutting down and abandoning module SourceCodeAccess (64)
[2016.01.21-03.29.20:192][583]LogModuleManager: Shutting down and abandoning module HeadMountedDisplay (63)
[2016.01.21-03.29.20:192][583]LogModuleManager: Shutting down and abandoning module XAudio2 (62)
[2016.01.21-03.29.20:192][583]LogModuleManager: Shutting down and abandoning module Networking (60)
[2016.01.21-03.29.20:192][583]LogModuleManager: Shutting down and abandoning module Core (59)
[2016.01.21-03.29.20:192][583]LogModuleManager: Shutting down and abandoning module KismetCompiler (58)
[2016.01.21-03.29.20:192][583]LogModuleManager: Shutting down and abandoning module PhysXFormats (57)
[2016.01.21-03.29.20:192][583]LogModuleManager: Shutting down and abandoning module MeshUtilities (56)
[2016.01.21-03.29.20:192][583]LogModuleManager: Shutting down and abandoning module CookingStats (55)
[2016.01.21-03.29.20:193][583]LogModuleManager: Shutting down and abandoning module DerivedDataCache (54)
[2016.01.21-03.29.20:389][583]LogDerivedDataCache: Shutdown
[2016.01.21-03.29.20:389][583]LogModuleManager: Shutting down and abandoning module ShaderFormatOpenGL (53)
[2016.01.21-03.29.20:389][583]LogModuleManager: Shutting down and abandoning module ShaderFormatD3D (52)
[2016.01.21-03.29.20:389][583]LogModuleManager: Shutting down and abandoning module MetalShaderFormat (51)
[2016.01.21-03.29.20:389][583]LogModuleManager: Shutting down and abandoning module TextureFormatUncompressed (50)
[2016.01.21-03.29.20:389][583]LogModuleManager: Shutting down and abandoning module TextureFormatPVR (49)
[2016.01.21-03.29.20:390][583]LogModuleManager: Shutting down and abandoning module TextureFormatIntelISPCTexComp (48)
[2016.01.21-03.29.20:390][583]LogModuleManager: Shutting down and abandoning module TextureFormatDXT (47)
[2016.01.21-03.29.20:390][583]LogModuleManager: Shutting down and abandoning module ImageWrapper (46)
[2016.01.21-03.29.20:390][583]LogModuleManager: Shutting down and abandoning module TextureFormatASTC (45)
[2016.01.21-03.29.20:390][583]LogModuleManager: Shutting down and abandoning module TextureFormatAndroid (44)
[2016.01.21-03.29.20:390][583]LogModuleManager: Shutting down and abandoning module AudioFormatOpus (43)
[2016.01.21-03.29.20:390][583]LogModuleManager: Shutting down and abandoning module AudioFormatOgg (42)
[2016.01.21-03.29.20:390][583]LogModuleManager: Shutting down and abandoning module AudioFormatADPCM (41)
[2016.01.21-03.29.20:390][583]LogModuleManager: Shutting down and abandoning module LinuxTargetPlatform (40)
[2016.01.21-03.29.20:390][583]LogModuleManager: Shutting down and abandoning module LinuxServerTargetPlatform (39)
[2016.01.21-03.29.20:390][583]LogModuleManager: Shutting down and abandoning module LinuxNoEditorTargetPlatform (38)
[2016.01.21-03.29.20:390][583]LogModuleManager: Shutting down and abandoning module Messaging (37)
[2016.01.21-03.29.20:390][583]LogModuleManager: Shutting down and abandoning module IOSTargetPlatform (36)
[2016.01.21-03.29.20:390][583]LogModuleManager: Shutting down and abandoning module HTML5TargetPlatform (35)
[2016.01.21-03.29.20:390][583]LogModuleManager: Shutting down and abandoning module Android_PVRTCTargetPlatform (34)
[2016.01.21-03.29.20:390][583]LogModuleManager: Shutting down and abandoning module Android_ETC2TargetPlatform (33)
[2016.01.21-03.29.20:390][583]LogModuleManager: Shutting down and abandoning module Android_ETC1TargetPlatform (32)
[2016.01.21-03.29.20:390][583]LogModuleManager: Shutting down and abandoning module Android_DXTTargetPlatform (31)
[2016.01.21-03.29.20:390][583]LogModuleManager: Shutting down and abandoning module Android_ATCTargetPlatform (30)
[2016.01.21-03.29.20:390][583]LogModuleManager: Shutting down and abandoning module Android_ASTCTargetPlatform (29)
[2016.01.21-03.29.20:390][583]LogModuleManager: Shutting down and abandoning module AndroidTargetPlatform (28)
[2016.01.21-03.29.20:390][583]LogModuleManager: Shutting down and abandoning module WindowsTargetPlatform (27)
[2016.01.21-03.29.20:390][583]LogModuleManager: Shutting down and abandoning module WindowsServerTargetPlatform (26)
[2016.01.21-03.29.20:390][583]LogModuleManager: Shutting down and abandoning module WindowsNoEditorTargetPlatform (25)
[2016.01.21-03.29.20:390][583]LogModuleManager: Shutting down and abandoning module WindowsClientTargetPlatform (24)
[2016.01.21-03.29.20:390][583]LogModuleManager: Shutting down and abandoning module AllDesktopTargetPlatform (23)
[2016.01.21-03.29.20:390][583]LogModuleManager: Shutting down and abandoning module TargetPlatform (22)
[2016.01.21-03.29.20:390][583]LogModuleManager: Shutting down and abandoning module InputCore (21)
[2016.01.21-03.29.20:390][583]LogModuleManager: Shutting down and abandoning module Settings (20)
[2016.01.21-03.29.20:390][583]LogModuleManager: Shutting down and abandoning module OnlineSubsystem (18)
[2016.01.21-03.29.20:390][583]LogModuleManager: Shutting down and abandoning module HTTP (17)
[2016.01.21-03.29.21:393][583]LogModuleManager: Shutting down and abandoning module XMPP (16)
[2016.01.21-03.29.21:393][583]LogModuleManager: Shutting down and abandoning module ExampleDeviceProfileSelector (15)
[2016.01.21-03.29.21:393][583]LogModuleManager: Shutting down and abandoning module TextureCompressor (14)
[2016.01.21-03.29.21:393][583]LogModuleManager: Shutting down and abandoning module ShaderCore (13)
[2016.01.21-03.29.21:393][583]LogModuleManager: Shutting down and abandoning module Landscape (12)
[2016.01.21-03.29.21:393][583]LogModuleManager: Shutting down and abandoning module SlateRHIRenderer (11)
[2016.01.21-03.29.21:395][583]LogModuleManager: Shutting down and abandoning module OpenGLDrv (10)
[2016.01.21-03.29.21:396][583]LogModuleManager: Shutting down and abandoning module D3D11RHI (9)
[2016.01.21-03.29.21:396][583]LogModuleManager: Shutting down and abandoning module AnimGraphRuntime (8)
[2016.01.21-03.29.21:396][583]LogModuleManager: Shutting down and abandoning module Renderer (7)
[2016.01.21-03.29.21:396][583]LogModuleManager: Shutting down and abandoning module Engine (6)
[2016.01.21-03.29.21:396][583]LogModuleManager: Shutting down and abandoning module CoreUObject (5)
[2016.01.21-03.29.21:396][583]LogModuleManager: Shutting down and abandoning module NetworkFile (4)
[2016.01.21-03.29.21:396][583]LogModuleManager: Shutting down and abandoning module StreamingFile (3)
[2016.01.21-03.29.21:396][583]LogModuleManager: Shutting down and abandoning module SandboxFile (2)
[2016.01.21-03.29.21:396][583]LogModuleManager: Shutting down and abandoning module PakFile (1)
[2016.01.21-03.29.21:397][583]LogExit: Exiting.
[2016.01.21-03.29.21:400][583]Log file closed, 01/20/16 22:29:21
